ERROR - 2022-08-11 07:09:40 --> Table 'produksiku.asesi' doesn't exist
CRITICAL - 2022-08-11 07:09:40 --> Table 'produksiku.asesi' doesn't exist
#0 /var/www/html/produksiku/system/Database/MySQLi/Connection.php(280): mysqli->query()
#1 /var/www/html/produksiku/system/Database/BaseConnection.php(663): CodeIgniter\Database\MySQLi\Connection->execute()
#2 /var/www/html/produksiku/system/Database/BaseConnection.php(591): CodeIgniter\Database\BaseConnection->simpleQuery()
#3 /var/www/html/produksiku/system/Database/BaseBuilder.php(1428): CodeIgniter\Database\BaseConnection->query()
#4 /var/www/html/produksiku/app/Controllers/Admin.php(44): CodeIgniter\Database\BaseBuilder->get()
#5 /var/www/html/produksiku/system/CodeIgniter.php(802): App\Controllers\Admin->edit_asesi()
#6 /var/www/html/produksiku/system/CodeIgniter.php(399): CodeIgniter\CodeIgniter->runController()
#7 /var/www/html/produksiku/system/CodeIgniter.php(317): CodeIgniter\CodeIgniter->handleRequest()
#8 /var/www/html/produksiku/public/index.php(36): CodeIgniter\CodeIgniter->run()
#9 {main}
ERROR - 2022-08-11 14:20:13 --> Table 'produksiku.asesi' doesn't exist
CRITICAL - 2022-08-11 14:20:13 --> Table 'produksiku.asesi' doesn't exist
#0 /var/www/html/produksiku/system/Database/MySQLi/Connection.php(280): mysqli->query()
#1 /var/www/html/produksiku/system/Database/BaseConnection.php(663): CodeIgniter\Database\MySQLi\Connection->execute()
#2 /var/www/html/produksiku/system/Database/BaseConnection.php(591): CodeIgniter\Database\BaseConnection->simpleQuery()
#3 /var/www/html/produksiku/system/Database/BaseBuilder.php(1428): CodeIgniter\Database\BaseConnection->query()
#4 /var/www/html/produksiku/app/Controllers/Admin.php(44): CodeIgniter\Database\BaseBuilder->get()
#5 /var/www/html/produksiku/system/CodeIgniter.php(802): App\Controllers\Admin->edit_asesi()
#6 /var/www/html/produksiku/system/CodeIgniter.php(399): CodeIgniter\CodeIgniter->runController()
#7 /var/www/html/produksiku/system/CodeIgniter.php(317): CodeIgniter\CodeIgniter->handleRequest()
#8 /var/www/html/produksiku/public/index.php(36): CodeIgniter\CodeIgniter->run()
#9 {main}
CRITICAL - 2022-08-11 14:21:14 --> Trying to access array offset on value of type null
#0 /var/www/html/produksiku/app/Helpers/my_helper.php(173): CodeIgniter\Debug\Exceptions->errorHandler()
#1 /var/www/html/produksiku/app/Views/admin/tambah_lhp.php(35): cek_lhp()
#2 /var/www/html/produksiku/system/View/View.php(214): include('/var/www/html/p...')
#3 /var/www/html/produksiku/system/View/View.php(217): CodeIgniter\View\View->CodeIgniter\View\{closure}()
#4 /var/www/html/produksiku/system/Common.php(1092): CodeIgniter\View\View->render()
#5 /var/www/html/produksiku/app/Controllers/Admin.php(198): view()
#6 /var/www/html/produksiku/system/CodeIgniter.php(802): App\Controllers\Admin->tambah_lhp()
#7 /var/www/html/produksiku/system/CodeIgniter.php(399): CodeIgniter\CodeIgniter->runController()
#8 /var/www/html/produksiku/system/CodeIgniter.php(317): CodeIgniter\CodeIgniter->handleRequest()
#9 /var/www/html/produksiku/public/index.php(36): CodeIgniter\CodeIgniter->run()
#10 {main}
ERROR - 2022-08-11 14:21:36 --> Table 'produksiku.asesi' doesn't exist
CRITICAL - 2022-08-11 14:21:36 --> Table 'produksiku.asesi' doesn't exist
#0 /var/www/html/produksiku/system/Database/MySQLi/Connection.php(280): mysqli->query()
#1 /var/www/html/produksiku/system/Database/BaseConnection.php(663): CodeIgniter\Database\MySQLi\Connection->execute()
#2 /var/www/html/produksiku/system/Database/BaseConnection.php(591): CodeIgniter\Database\BaseConnection->simpleQuery()
#3 /var/www/html/produksiku/system/Database/BaseBuilder.php(1428): CodeIgniter\Database\BaseConnection->query()
#4 /var/www/html/produksiku/app/Controllers/Admin.php(44): CodeIgniter\Database\BaseBuilder->get()
#5 /var/www/html/produksiku/system/CodeIgniter.php(802): App\Controllers\Admin->edit_asesi()
#6 /var/www/html/produksiku/system/CodeIgniter.php(399): CodeIgniter\CodeIgniter->runController()
#7 /var/www/html/produksiku/system/CodeIgniter.php(317): CodeIgniter\CodeIgniter->handleRequest()
#8 /var/www/html/produksiku/public/index.php(36): CodeIgniter\CodeIgniter->run()
#9 {main}
CRITICAL - 2022-08-11 14:21:39 --> Trying to access array offset on value of type null
#0 /var/www/html/produksiku/app/Helpers/my_helper.php(173): CodeIgniter\Debug\Exceptions->errorHandler()
#1 /var/www/html/produksiku/app/Views/admin/tambah_lhp.php(35): cek_lhp()
#2 /var/www/html/produksiku/system/View/View.php(214): include('/var/www/html/p...')
#3 /var/www/html/produksiku/system/View/View.php(217): CodeIgniter\View\View->CodeIgniter\View\{closure}()
#4 /var/www/html/produksiku/system/Common.php(1092): CodeIgniter\View\View->render()
#5 /var/www/html/produksiku/app/Controllers/Admin.php(198): view()
#6 /var/www/html/produksiku/system/CodeIgniter.php(802): App\Controllers\Admin->tambah_lhp()
#7 /var/www/html/produksiku/system/CodeIgniter.php(399): CodeIgniter\CodeIgniter->runController()
#8 /var/www/html/produksiku/system/CodeIgniter.php(317): CodeIgniter\CodeIgniter->handleRequest()
#9 /var/www/html/produksiku/public/index.php(36): CodeIgniter\CodeIgniter->run()
#10 {main}
CRITICAL - 2022-08-11 14:23:11 --> Trying to access array offset on value of type null
#0 /var/www/html/produksiku/app/Helpers/my_helper.php(173): CodeIgniter\Debug\Exceptions->errorHandler()
#1 /var/www/html/produksiku/app/Views/admin/tambah_lhp.php(35): cek_lhp()
#2 /var/www/html/produksiku/system/View/View.php(214): include('/var/www/html/p...')
#3 /var/www/html/produksiku/system/View/View.php(217): CodeIgniter\View\View->CodeIgniter\View\{closure}()
#4 /var/www/html/produksiku/system/Common.php(1092): CodeIgniter\View\View->render()
#5 /var/www/html/produksiku/app/Controllers/Admin.php(198): view()
#6 /var/www/html/produksiku/system/CodeIgniter.php(802): App\Controllers\Admin->tambah_lhp()
#7 /var/www/html/produksiku/system/CodeIgniter.php(399): CodeIgniter\CodeIgniter->runController()
#8 /var/www/html/produksiku/system/CodeIgniter.php(317): CodeIgniter\CodeIgniter->handleRequest()
#9 /var/www/html/produksiku/public/index.php(36): CodeIgniter\CodeIgniter->run()
#10 {main}
CRITICAL - 2022-08-11 14:23:12 --> Trying to access array offset on value of type null
#0 /var/www/html/produksiku/app/Helpers/my_helper.php(173): CodeIgniter\Debug\Exceptions->errorHandler()
#1 /var/www/html/produksiku/app/Views/admin/tambah_lhp.php(35): cek_lhp()
#2 /var/www/html/produksiku/system/View/View.php(214): include('/var/www/html/p...')
#3 /var/www/html/produksiku/system/View/View.php(217): CodeIgniter\View\View->CodeIgniter\View\{closure}()
#4 /var/www/html/produksiku/system/Common.php(1092): CodeIgniter\View\View->render()
#5 /var/www/html/produksiku/app/Controllers/Admin.php(198): view()
#6 /var/www/html/produksiku/system/CodeIgniter.php(802): App\Controllers\Admin->tambah_lhp()
#7 /var/www/html/produksiku/system/CodeIgniter.php(399): CodeIgniter\CodeIgniter->runController()
#8 /var/www/html/produksiku/system/CodeIgniter.php(317): CodeIgniter\CodeIgniter->handleRequest()
#9 /var/www/html/produksiku/public/index.php(36): CodeIgniter\CodeIgniter->run()
#10 {main}
CRITICAL - 2022-08-11 14:23:13 --> Trying to access array offset on value of type null
#0 /var/www/html/produksiku/app/Helpers/my_helper.php(173): CodeIgniter\Debug\Exceptions->errorHandler()
#1 /var/www/html/produksiku/app/Views/admin/tambah_lhp.php(35): cek_lhp()
#2 /var/www/html/produksiku/system/View/View.php(214): include('/var/www/html/p...')
#3 /var/www/html/produksiku/system/View/View.php(217): CodeIgniter\View\View->CodeIgniter\View\{closure}()
#4 /var/www/html/produksiku/system/Common.php(1092): CodeIgniter\View\View->render()
#5 /var/www/html/produksiku/app/Controllers/Admin.php(198): view()
#6 /var/www/html/produksiku/system/CodeIgniter.php(802): App\Controllers\Admin->tambah_lhp()
#7 /var/www/html/produksiku/system/CodeIgniter.php(399): CodeIgniter\CodeIgniter->runController()
#8 /var/www/html/produksiku/system/CodeIgniter.php(317): CodeIgniter\CodeIgniter->handleRequest()
#9 /var/www/html/produksiku/public/index.php(36): CodeIgniter\CodeIgniter->run()
#10 {main}
CRITICAL - 2022-08-11 14:23:14 --> Trying to access array offset on value of type null
#0 /var/www/html/produksiku/app/Helpers/my_helper.php(173): CodeIgniter\Debug\Exceptions->errorHandler()
#1 /var/www/html/produksiku/app/Views/admin/tambah_lhp.php(35): cek_lhp()
#2 /var/www/html/produksiku/system/View/View.php(214): include('/var/www/html/p...')
#3 /var/www/html/produksiku/system/View/View.php(217): CodeIgniter\View\View->CodeIgniter\View\{closure}()
#4 /var/www/html/produksiku/system/Common.php(1092): CodeIgniter\View\View->render()
#5 /var/www/html/produksiku/app/Controllers/Admin.php(198): view()
#6 /var/www/html/produksiku/system/CodeIgniter.php(802): App\Controllers\Admin->tambah_lhp()
#7 /var/www/html/produksiku/system/CodeIgniter.php(399): CodeIgniter\CodeIgniter->runController()
#8 /var/www/html/produksiku/system/CodeIgniter.php(317): CodeIgniter\CodeIgniter->handleRequest()
#9 /var/www/html/produksiku/public/index.php(36): CodeIgniter\CodeIgniter->run()
#10 {main}
CRITICAL - 2022-08-11 14:23:17 --> Trying to access array offset on value of type null
#0 /var/www/html/produksiku/app/Helpers/my_helper.php(173): CodeIgniter\Debug\Exceptions->errorHandler()
#1 /var/www/html/produksiku/app/Views/admin/tambah_lhp.php(35): cek_lhp()
#2 /var/www/html/produksiku/system/View/View.php(214): include('/var/www/html/p...')
#3 /var/www/html/produksiku/system/View/View.php(217): CodeIgniter\View\View->CodeIgniter\View\{closure}()
#4 /var/www/html/produksiku/system/Common.php(1092): CodeIgniter\View\View->render()
#5 /var/www/html/produksiku/app/Controllers/Admin.php(198): view()
#6 /var/www/html/produksiku/system/CodeIgniter.php(802): App\Controllers\Admin->tambah_lhp()
#7 /var/www/html/produksiku/system/CodeIgniter.php(399): CodeIgniter\CodeIgniter->runController()
#8 /var/www/html/produksiku/system/CodeIgniter.php(317): CodeIgniter\CodeIgniter->handleRequest()
#9 /var/www/html/produksiku/public/index.php(36): CodeIgniter\CodeIgniter->run()
#10 {main}
CRITICAL - 2022-08-11 14:23:21 --> Undefined variable: sisa
#0 /var/www/html/produksiku/app/Helpers/my_helper.php(177): CodeIgniter\Debug\Exceptions->errorHandler()
#1 /var/www/html/produksiku/app/Views/admin/tambah_lhp.php(35): cek_lhp()
#2 /var/www/html/produksiku/system/View/View.php(214): include('/var/www/html/p...')
#3 /var/www/html/produksiku/system/View/View.php(217): CodeIgniter\View\View->CodeIgniter\View\{closure}()
#4 /var/www/html/produksiku/system/Common.php(1092): CodeIgniter\View\View->render()
#5 /var/www/html/produksiku/app/Controllers/Admin.php(198): view()
#6 /var/www/html/produksiku/system/CodeIgniter.php(802): App\Controllers\Admin->tambah_lhp()
#7 /var/www/html/produksiku/system/CodeIgniter.php(399): CodeIgniter\CodeIgniter->runController()
#8 /var/www/html/produksiku/system/CodeIgniter.php(317): CodeIgniter\CodeIgniter->handleRequest()
#9 /var/www/html/produksiku/public/index.php(36): CodeIgniter\CodeIgniter->run()
#10 {main}
CRITICAL - 2022-08-11 14:24:18 --> Undefined variable: pilihan
#0 /var/www/html/produksiku/app/Helpers/my_helper.php(184): CodeIgniter\Debug\Exceptions->errorHandler()
#1 /var/www/html/produksiku/app/Views/admin/tambah_lhp.php(35): cek_lhp()
#2 /var/www/html/produksiku/system/View/View.php(214): include('/var/www/html/p...')
#3 /var/www/html/produksiku/system/View/View.php(217): CodeIgniter\View\View->CodeIgniter\View\{closure}()
#4 /var/www/html/produksiku/system/Common.php(1092): CodeIgniter\View\View->render()
#5 /var/www/html/produksiku/app/Controllers/Admin.php(198): view()
#6 /var/www/html/produksiku/system/CodeIgniter.php(802): App\Controllers\Admin->tambah_lhp()
#7 /var/www/html/produksiku/system/CodeIgniter.php(399): CodeIgniter\CodeIgniter->runController()
#8 /var/www/html/produksiku/system/CodeIgniter.php(317): CodeIgniter\CodeIgniter->handleRequest()
#9 /var/www/html/produksiku/public/index.php(36): CodeIgniter\CodeIgniter->run()
#10 {main}
CRITICAL - 2022-08-11 14:24:20 --> Undefined variable: pilihan
#0 /var/www/html/produksiku/app/Helpers/my_helper.php(184): CodeIgniter\Debug\Exceptions->errorHandler()
#1 /var/www/html/produksiku/app/Views/admin/tambah_lhp.php(35): cek_lhp()
#2 /var/www/html/produksiku/system/View/View.php(214): include('/var/www/html/p...')
#3 /var/www/html/produksiku/system/View/View.php(217): CodeIgniter\View\View->CodeIgniter\View\{closure}()
#4 /var/www/html/produksiku/system/Common.php(1092): CodeIgniter\View\View->render()
#5 /var/www/html/produksiku/app/Controllers/Admin.php(198): view()
#6 /var/www/html/produksiku/system/CodeIgniter.php(802): App\Controllers\Admin->tambah_lhp()
#7 /var/www/html/produksiku/system/CodeIgniter.php(399): CodeIgniter\CodeIgniter->runController()
#8 /var/www/html/produksiku/system/CodeIgniter.php(317): CodeIgniter\CodeIgniter->handleRequest()
#9 /var/www/html/produksiku/public/index.php(36): CodeIgniter\CodeIgniter->run()
#10 {main}
