CRITICAL - 2022-05-26 15:39:26 --> Undefined variable: kategori
#0 /var/www/html/land/app/Views/header.php(382): CodeIgniter\Debug\Exceptions->errorHandler()
#1 /var/www/html/land/system/View/View.php(214): include('/var/www/html/l...')
#2 /var/www/html/land/system/View/View.php(217): CodeIgniter\View\View->CodeIgniter\View\{closure}()
#3 /var/www/html/land/system/Common.php(1092): CodeIgniter\View\View->render()
#4 /var/www/html/land/app/Controllers/Home.php(24): view()
#5 /var/www/html/land/system/CodeIgniter.php(802): App\Controllers\Home->index()
#6 /var/www/html/land/system/CodeIgniter.php(399): CodeIgniter\CodeIgniter->runController()
#7 /var/www/html/land/system/CodeIgniter.php(317): CodeIgniter\CodeIgniter->handleRequest()
#8 /var/www/html/land/public/index.php(36): CodeIgniter\CodeIgniter->run()
#9 {main}
CRITICAL - 2022-05-26 15:39:45 --> Undefined variable: kategori
#0 /var/www/html/land/app/Views/header.php(382): CodeIgniter\Debug\Exceptions->errorHandler()
#1 /var/www/html/land/system/View/View.php(214): include('/var/www/html/l...')
#2 /var/www/html/land/system/View/View.php(217): CodeIgniter\View\View->CodeIgniter\View\{closure}()
#3 /var/www/html/land/system/Common.php(1092): CodeIgniter\View\View->render()
#4 /var/www/html/land/app/Controllers/Home.php(24): view()
#5 /var/www/html/land/system/CodeIgniter.php(802): App\Controllers\Home->index()
#6 /var/www/html/land/system/CodeIgniter.php(399): CodeIgniter\CodeIgniter->runController()
#7 /var/www/html/land/system/CodeIgniter.php(317): CodeIgniter\CodeIgniter->handleRequest()
#8 /var/www/html/land/public/index.php(36): CodeIgniter\CodeIgniter->run()
#9 {main}
CRITICAL - 2022-05-26 15:39:50 --> Undefined variable: kategori
#0 /var/www/html/land/app/Views/header.php(382): CodeIgniter\Debug\Exceptions->errorHandler()
#1 /var/www/html/land/system/View/View.php(214): include('/var/www/html/l...')
#2 /var/www/html/land/system/View/View.php(217): CodeIgniter\View\View->CodeIgniter\View\{closure}()
#3 /var/www/html/land/system/Common.php(1092): CodeIgniter\View\View->render()
#4 /var/www/html/land/app/Controllers/Home.php(24): view()
#5 /var/www/html/land/system/CodeIgniter.php(802): App\Controllers\Home->index()
#6 /var/www/html/land/system/CodeIgniter.php(399): CodeIgniter\CodeIgniter->runController()
#7 /var/www/html/land/system/CodeIgniter.php(317): CodeIgniter\CodeIgniter->handleRequest()
#8 /var/www/html/land/public/index.php(36): CodeIgniter\CodeIgniter->run()
#9 {main}
CRITICAL - 2022-05-26 15:39:52 --> Undefined variable: kategori
#0 /var/www/html/land/app/Views/header.php(382): CodeIgniter\Debug\Exceptions->errorHandler()
#1 /var/www/html/land/system/View/View.php(214): include('/var/www/html/l...')
#2 /var/www/html/land/system/View/View.php(217): CodeIgniter\View\View->CodeIgniter\View\{closure}()
#3 /var/www/html/land/system/Common.php(1092): CodeIgniter\View\View->render()
#4 /var/www/html/land/app/Controllers/Home.php(24): view()
#5 /var/www/html/land/system/CodeIgniter.php(802): App\Controllers\Home->index()
#6 /var/www/html/land/system/CodeIgniter.php(399): CodeIgniter\CodeIgniter->runController()
#7 /var/www/html/land/system/CodeIgniter.php(317): CodeIgniter\CodeIgniter->handleRequest()
#8 /var/www/html/land/public/index.php(36): CodeIgniter\CodeIgniter->run()
#9 {main}
CRITICAL - 2022-05-26 15:39:55 --> Undefined variable: kategori
#0 /var/www/html/land/app/Views/header.php(382): CodeIgniter\Debug\Exceptions->errorHandler()
#1 /var/www/html/land/system/View/View.php(214): include('/var/www/html/l...')
#2 /var/www/html/land/system/View/View.php(217): CodeIgniter\View\View->CodeIgniter\View\{closure}()
#3 /var/www/html/land/system/Common.php(1092): CodeIgniter\View\View->render()
#4 /var/www/html/land/app/Controllers/Home.php(24): view()
#5 /var/www/html/land/system/CodeIgniter.php(802): App\Controllers\Home->index()
#6 /var/www/html/land/system/CodeIgniter.php(399): CodeIgniter\CodeIgniter->runController()
#7 /var/www/html/land/system/CodeIgniter.php(317): CodeIgniter\CodeIgniter->handleRequest()
#8 /var/www/html/land/public/index.php(36): CodeIgniter\CodeIgniter->run()
#9 {main}
