CRITICAL - 2021-06-21 12:43:06 --> syntax error, unexpected '<'
#0 C:\xampp\htdocs\jdih\vendor\codeigniter4\framework\system\View\View.php(222): CodeIgniter\View\View->CodeIgniter\View\{closure}()
#1 C:\xampp\htdocs\jdih\vendor\codeigniter4\framework\system\Common.php(1217): CodeIgniter\View\View->render('produk_hukum/pr...', Array, true)
#2 C:\xampp\htdocs\jdih\app\Controllers\Produk_hukum.php(31): view('produk_hukum/pr...', Array)
#3 C:\xampp\htdocs\jdih\vendor\codeigniter4\framework\system\CodeIgniter.php(936): App\Controllers\Produk_hukum->index()
#4 C:\xampp\htdocs\jdih\vendor\codeigniter4\framework\system\CodeIgniter.php(432): CodeIgniter\CodeIgniter->runController(Object(App\Controllers\Produk_hukum))
#5 C:\xampp\htdocs\jdih\vendor\codeigniter4\framework\system\CodeIgniter.php(333): CodeIgniter\CodeIgniter->handleRequest(NULL, Object(Config\Cache), false)
#6 C:\xampp\htdocs\jdih\public\index.php(45): CodeIgniter\CodeIgniter->run()
#7 C:\xampp\htdocs\jdih\vendor\codeigniter4\framework\system\Commands\Server\rewrite.php(45): require_once('C:\\xampp\\htdocs...')
#8 {main}
CRITICAL - 2021-06-21 12:43:56 --> syntax error, unexpected '<'
#0 C:\xampp\htdocs\jdih\vendor\codeigniter4\framework\system\View\View.php(222): CodeIgniter\View\View->CodeIgniter\View\{closure}()
#1 C:\xampp\htdocs\jdih\vendor\codeigniter4\framework\system\Common.php(1217): CodeIgniter\View\View->render('produk_hukum/pr...', Array, true)
#2 C:\xampp\htdocs\jdih\app\Controllers\Produk_hukum.php(31): view('produk_hukum/pr...', Array)
#3 C:\xampp\htdocs\jdih\vendor\codeigniter4\framework\system\CodeIgniter.php(936): App\Controllers\Produk_hukum->index()
#4 C:\xampp\htdocs\jdih\vendor\codeigniter4\framework\system\CodeIgniter.php(432): CodeIgniter\CodeIgniter->runController(Object(App\Controllers\Produk_hukum))
#5 C:\xampp\htdocs\jdih\vendor\codeigniter4\framework\system\CodeIgniter.php(333): CodeIgniter\CodeIgniter->handleRequest(NULL, Object(Config\Cache), false)
#6 C:\xampp\htdocs\jdih\public\index.php(45): CodeIgniter\CodeIgniter->run()
#7 C:\xampp\htdocs\jdih\vendor\codeigniter4\framework\system\Commands\Server\rewrite.php(45): require_once('C:\\xampp\\htdocs...')
#8 {main}
