CRITICAL - 2021-02-24 01:24:52 --> Invalid file: berita/tambah.php
#0 C:\xampp\htdocs\jdih\vendor\codeigniter4\framework\system\View\View.php(228): CodeIgniter\Exceptions\FrameworkException::forInvalidFile('berita/tambah.p...')
#1 C:\xampp\htdocs\jdih\vendor\codeigniter4\framework\system\Common.php(1119): CodeIgniter\View\View->render('berita/tambah', Array, true)
#2 C:\xampp\htdocs\jdih\app\Controllers\Berita.php(35): view('berita/tambah', Array)
#3 C:\xampp\htdocs\jdih\vendor\codeigniter4\framework\system\CodeIgniter.php(918): App\Controllers\Berita->input()
#4 C:\xampp\htdocs\jdih\vendor\codeigniter4\framework\system\CodeIgniter.php(404): CodeIgniter\CodeIgniter->runController(Object(App\Controllers\Berita))
#5 C:\xampp\htdocs\jdih\vendor\codeigniter4\framework\system\CodeIgniter.php(312): CodeIgniter\CodeIgniter->handleRequest(NULL, Object(Config\Cache), false)
#6 C:\xampp\htdocs\jdih\public\index.php(45): CodeIgniter\CodeIgniter->run()
#7 C:\xampp\htdocs\jdih\vendor\codeigniter4\framework\system\Commands\Server\rewrite.php(34): require_once('C:\\xampp\\htdocs...')
#8 {main}
CRITICAL - 2021-02-24 21:37:19 --> Trying to access array offset on value of type null
#0 C:\xampp\htdocs\jdih\app\Views\produk_hukum\tampil.php(38): CodeIgniter\Debug\Exceptions->errorHandler(8, 'Trying to acces...', 'C:\\xampp\\htdocs...', 38, Array)
#1 C:\xampp\htdocs\jdih\vendor\codeigniter4\framework\system\View\View.php(246): include('C:\\xampp\\htdocs...')
#2 C:\xampp\htdocs\jdih\vendor\codeigniter4\framework\system\Common.php(1119): CodeIgniter\View\View->render('produk_hukum/ta...', Array, true)
#3 C:\xampp\htdocs\jdih\app\Controllers\Produk_hukum.php(26): view('produk_hukum/ta...', Array)
#4 C:\xampp\htdocs\jdih\vendor\codeigniter4\framework\system\CodeIgniter.php(918): App\Controllers\Produk_hukum->tampil()
#5 C:\xampp\htdocs\jdih\vendor\codeigniter4\framework\system\CodeIgniter.php(404): CodeIgniter\CodeIgniter->runController(Object(App\Controllers\Produk_hukum))
#6 C:\xampp\htdocs\jdih\vendor\codeigniter4\framework\system\CodeIgniter.php(312): CodeIgniter\CodeIgniter->handleRequest(NULL, Object(Config\Cache), false)
#7 C:\xampp\htdocs\jdih\public\index.php(45): CodeIgniter\CodeIgniter->run()
#8 C:\xampp\htdocs\jdih\vendor\codeigniter4\framework\system\Commands\Server\rewrite.php(34): require_once('C:\\xampp\\htdocs...')
#9 {main}
CRITICAL - 2021-02-24 21:37:55 --> Invalid argument supplied for foreach()
#0 C:\xampp\htdocs\jdih\app\Views\produk_hukum\tampil.php(35): CodeIgniter\Debug\Exceptions->errorHandler(2, 'Invalid argumen...', 'C:\\xampp\\htdocs...', 35, Array)
#1 C:\xampp\htdocs\jdih\vendor\codeigniter4\framework\system\View\View.php(246): include('C:\\xampp\\htdocs...')
#2 C:\xampp\htdocs\jdih\vendor\codeigniter4\framework\system\Common.php(1119): CodeIgniter\View\View->render('produk_hukum/ta...', Array, true)
#3 C:\xampp\htdocs\jdih\app\Controllers\Produk_hukum.php(26): view('produk_hukum/ta...', Array)
#4 C:\xampp\htdocs\jdih\vendor\codeigniter4\framework\system\CodeIgniter.php(918): App\Controllers\Produk_hukum->tampil()
#5 C:\xampp\htdocs\jdih\vendor\codeigniter4\framework\system\CodeIgniter.php(404): CodeIgniter\CodeIgniter->runController(Object(App\Controllers\Produk_hukum))
#6 C:\xampp\htdocs\jdih\vendor\codeigniter4\framework\system\CodeIgniter.php(312): CodeIgniter\CodeIgniter->handleRequest(NULL, Object(Config\Cache), false)
#7 C:\xampp\htdocs\jdih\public\index.php(45): CodeIgniter\CodeIgniter->run()
#8 C:\xampp\htdocs\jdih\vendor\codeigniter4\framework\system\Commands\Server\rewrite.php(34): require_once('C:\\xampp\\htdocs...')
#9 {main}
CRITICAL - 2021-02-24 21:37:56 --> Invalid argument supplied for foreach()
#0 C:\xampp\htdocs\jdih\app\Views\produk_hukum\tampil.php(35): CodeIgniter\Debug\Exceptions->errorHandler(2, 'Invalid argumen...', 'C:\\xampp\\htdocs...', 35, Array)
#1 C:\xampp\htdocs\jdih\vendor\codeigniter4\framework\system\View\View.php(246): include('C:\\xampp\\htdocs...')
#2 C:\xampp\htdocs\jdih\vendor\codeigniter4\framework\system\Common.php(1119): CodeIgniter\View\View->render('produk_hukum/ta...', Array, true)
#3 C:\xampp\htdocs\jdih\app\Controllers\Produk_hukum.php(26): view('produk_hukum/ta...', Array)
#4 C:\xampp\htdocs\jdih\vendor\codeigniter4\framework\system\CodeIgniter.php(918): App\Controllers\Produk_hukum->tampil()
#5 C:\xampp\htdocs\jdih\vendor\codeigniter4\framework\system\CodeIgniter.php(404): CodeIgniter\CodeIgniter->runController(Object(App\Controllers\Produk_hukum))
#6 C:\xampp\htdocs\jdih\vendor\codeigniter4\framework\system\CodeIgniter.php(312): CodeIgniter\CodeIgniter->handleRequest(NULL, Object(Config\Cache), false)
#7 C:\xampp\htdocs\jdih\public\index.php(45): CodeIgniter\CodeIgniter->run()
#8 C:\xampp\htdocs\jdih\vendor\codeigniter4\framework\system\Commands\Server\rewrite.php(34): require_once('C:\\xampp\\htdocs...')
#9 {main}
