CRITICAL - 2022-09-15 13:11:28 --> syntax error, unexpected '$html' (T_VARIABLE)
#0 /var/www/html/produksiku/system/Router/Router.php(160): CodeIgniter\Router\Router->autoRoute()
#1 /var/www/html/produksiku/system/CodeIgniter.php(702): CodeIgniter\Router\Router->handle()
#2 /var/www/html/produksiku/system/CodeIgniter.php(358): CodeIgniter\CodeIgniter->tryToRouteIt()
#3 /var/www/html/produksiku/system/CodeIgniter.php(317): CodeIgniter\CodeIgniter->handleRequest()
#4 /var/www/html/produksiku/public/index.php(36): CodeIgniter\CodeIgniter->run()
#5 {main}
CRITICAL - 2022-09-15 13:11:36 --> Undefined variable: awal
#0 /var/www/html/produksiku/app/Controllers/Admin.php(371): CodeIgniter\Debug\Exceptions->errorHandler()
#1 /var/www/html/produksiku/system/CodeIgniter.php(802): App\Controllers\Admin->print_det_pmo()
#2 /var/www/html/produksiku/system/CodeIgniter.php(399): CodeIgniter\CodeIgniter->runController()
#3 /var/www/html/produksiku/system/CodeIgniter.php(317): CodeIgniter\CodeIgniter->handleRequest()
#4 /var/www/html/produksiku/public/index.php(36): CodeIgniter\CodeIgniter->run()
#5 {main}
CRITICAL - 2022-09-15 13:11:38 --> Undefined variable: awal
#0 /var/www/html/produksiku/app/Controllers/Admin.php(371): CodeIgniter\Debug\Exceptions->errorHandler()
#1 /var/www/html/produksiku/system/CodeIgniter.php(802): App\Controllers\Admin->print_det_pmo()
#2 /var/www/html/produksiku/system/CodeIgniter.php(399): CodeIgniter\CodeIgniter->runController()
#3 /var/www/html/produksiku/system/CodeIgniter.php(317): CodeIgniter\CodeIgniter->handleRequest()
#4 /var/www/html/produksiku/public/index.php(36): CodeIgniter\CodeIgniter->run()
#5 {main}
ERROR - 2022-09-15 13:14:44 --> Column 'id' in where clause is ambiguous
CRITICAL - 2022-09-15 13:14:44 --> Column 'id' in where clause is ambiguous
#0 /var/www/html/produksiku/system/Database/MySQLi/Connection.php(280): mysqli->query()
#1 /var/www/html/produksiku/system/Database/BaseConnection.php(663): CodeIgniter\Database\MySQLi\Connection->execute()
#2 /var/www/html/produksiku/system/Database/BaseConnection.php(591): CodeIgniter\Database\BaseConnection->simpleQuery()
#3 /var/www/html/produksiku/system/Database/BaseBuilder.php(1428): CodeIgniter\Database\BaseConnection->query()
#4 /var/www/html/produksiku/app/Controllers/Admin.php(364): CodeIgniter\Database\BaseBuilder->get()
#5 /var/www/html/produksiku/system/CodeIgniter.php(802): App\Controllers\Admin->print_det_pmo()
#6 /var/www/html/produksiku/system/CodeIgniter.php(399): CodeIgniter\CodeIgniter->runController()
#7 /var/www/html/produksiku/system/CodeIgniter.php(317): CodeIgniter\CodeIgniter->handleRequest()
#8 /var/www/html/produksiku/public/index.php(36): CodeIgniter\CodeIgniter->run()
#9 {main}
ERROR - 2022-09-15 13:14:59 --> Column 'id' in where clause is ambiguous
CRITICAL - 2022-09-15 13:14:59 --> Column 'id' in where clause is ambiguous
#0 /var/www/html/produksiku/system/Database/MySQLi/Connection.php(280): mysqli->query()
#1 /var/www/html/produksiku/system/Database/BaseConnection.php(663): CodeIgniter\Database\MySQLi\Connection->execute()
#2 /var/www/html/produksiku/system/Database/BaseConnection.php(591): CodeIgniter\Database\BaseConnection->simpleQuery()
#3 /var/www/html/produksiku/system/Database/BaseBuilder.php(1428): CodeIgniter\Database\BaseConnection->query()
#4 /var/www/html/produksiku/app/Controllers/Admin.php(364): CodeIgniter\Database\BaseBuilder->get()
#5 /var/www/html/produksiku/system/CodeIgniter.php(802): App\Controllers\Admin->print_det_pmo()
#6 /var/www/html/produksiku/system/CodeIgniter.php(399): CodeIgniter\CodeIgniter->runController()
#7 /var/www/html/produksiku/system/CodeIgniter.php(317): CodeIgniter\CodeIgniter->handleRequest()
#8 /var/www/html/produksiku/public/index.php(36): CodeIgniter\CodeIgniter->run()
#9 {main}
CRITICAL - 2022-09-15 13:25:38 --> Illegal string offset 'tgl_pmo'
#0 /var/www/html/produksiku/app/Views/admin/print_det_pmo.php(69): CodeIgniter\Debug\Exceptions->errorHandler()
#1 /var/www/html/produksiku/system/View/View.php(214): include('/var/www/html/p...')
#2 /var/www/html/produksiku/system/View/View.php(217): CodeIgniter\View\View->CodeIgniter\View\{closure}()
#3 /var/www/html/produksiku/system/Common.php(1092): CodeIgniter\View\View->render()
#4 /var/www/html/produksiku/app/Controllers/Admin.php(369): view()
#5 /var/www/html/produksiku/system/CodeIgniter.php(802): App\Controllers\Admin->print_det_pmo()
#6 /var/www/html/produksiku/system/CodeIgniter.php(399): CodeIgniter\CodeIgniter->runController()
#7 /var/www/html/produksiku/system/CodeIgniter.php(317): CodeIgniter\CodeIgniter->handleRequest()
#8 /var/www/html/produksiku/public/index.php(36): CodeIgniter\CodeIgniter->run()
#9 {main}
CRITICAL - 2022-09-15 13:48:53 --> Unsupported operand types
#0 /var/www/html/produksiku/system/View/View.php(214): include()
#1 /var/www/html/produksiku/system/View/View.php(217): CodeIgniter\View\View->CodeIgniter\View\{closure}()
#2 /var/www/html/produksiku/system/Common.php(1092): CodeIgniter\View\View->render()
#3 /var/www/html/produksiku/app/Controllers/Admin.php(369): view()
#4 /var/www/html/produksiku/system/CodeIgniter.php(802): App\Controllers\Admin->print_det_pmo()
#5 /var/www/html/produksiku/system/CodeIgniter.php(399): CodeIgniter\CodeIgniter->runController()
#6 /var/www/html/produksiku/system/CodeIgniter.php(317): CodeIgniter\CodeIgniter->handleRequest()
#7 /var/www/html/produksiku/public/index.php(36): CodeIgniter\CodeIgniter->run()
#8 {main}
CRITICAL - 2022-09-15 13:48:55 --> Unsupported operand types
#0 /var/www/html/produksiku/system/View/View.php(214): include()
#1 /var/www/html/produksiku/system/View/View.php(217): CodeIgniter\View\View->CodeIgniter\View\{closure}()
#2 /var/www/html/produksiku/system/Common.php(1092): CodeIgniter\View\View->render()
#3 /var/www/html/produksiku/app/Controllers/Admin.php(369): view()
#4 /var/www/html/produksiku/system/CodeIgniter.php(802): App\Controllers\Admin->print_det_pmo()
#5 /var/www/html/produksiku/system/CodeIgniter.php(399): CodeIgniter\CodeIgniter->runController()
#6 /var/www/html/produksiku/system/CodeIgniter.php(317): CodeIgniter\CodeIgniter->handleRequest()
#7 /var/www/html/produksiku/public/index.php(36): CodeIgniter\CodeIgniter->run()
#8 {main}
CRITICAL - 2022-09-15 14:23:25 --> syntax error, unexpected ')'
#0 /var/www/html/produksiku/system/View/View.php(217): CodeIgniter\View\View->CodeIgniter\View\{closure}()
#1 /var/www/html/produksiku/system/Common.php(1092): CodeIgniter\View\View->render()
#2 /var/www/html/produksiku/app/Controllers/Admin.php(213): view()
#3 /var/www/html/produksiku/system/CodeIgniter.php(802): App\Controllers\Admin->detail_pmo()
#4 /var/www/html/produksiku/system/CodeIgniter.php(399): CodeIgniter\CodeIgniter->runController()
#5 /var/www/html/produksiku/system/CodeIgniter.php(317): CodeIgniter\CodeIgniter->handleRequest()
#6 /var/www/html/produksiku/public/index.php(36): CodeIgniter\CodeIgniter->run()
#7 {main}
