CRITICAL - 2022-08-15 08:15:04 --> Undefined variable: pmo
#0 /var/www/html/produksiku/app/Controllers/Admin.php(212): CodeIgniter\Debug\Exceptions->errorHandler()
#1 /var/www/html/produksiku/system/CodeIgniter.php(802): App\Controllers\Admin->lap_pmo()
#2 /var/www/html/produksiku/system/CodeIgniter.php(399): CodeIgniter\CodeIgniter->runController()
#3 /var/www/html/produksiku/system/CodeIgniter.php(317): CodeIgniter\CodeIgniter->handleRequest()
#4 /var/www/html/produksiku/public/index.php(36): CodeIgniter\CodeIgniter->run()
#5 {main}
CRITICAL - 2022-08-15 08:23:41 --> Undefined variable: awal
#0 /var/www/html/produksiku/app/Controllers/Admin.php(225): CodeIgniter\Debug\Exceptions->errorHandler()
#1 /var/www/html/produksiku/system/CodeIgniter.php(802): App\Controllers\Admin->lap_lhp()
#2 /var/www/html/produksiku/system/CodeIgniter.php(399): CodeIgniter\CodeIgniter->runController()
#3 /var/www/html/produksiku/system/CodeIgniter.php(317): CodeIgniter\CodeIgniter->handleRequest()
#4 /var/www/html/produksiku/public/index.php(36): CodeIgniter\CodeIgniter->run()
#5 {main}
CRITICAL - 2022-08-15 08:23:45 --> Undefined variable: awal
#0 /var/www/html/produksiku/app/Controllers/Admin.php(225): CodeIgniter\Debug\Exceptions->errorHandler()
#1 /var/www/html/produksiku/system/CodeIgniter.php(802): App\Controllers\Admin->lap_lhp()
#2 /var/www/html/produksiku/system/CodeIgniter.php(399): CodeIgniter\CodeIgniter->runController()
#3 /var/www/html/produksiku/system/CodeIgniter.php(317): CodeIgniter\CodeIgniter->handleRequest()
#4 /var/www/html/produksiku/public/index.php(36): CodeIgniter\CodeIgniter->run()
#5 {main}
CRITICAL - 2022-08-15 08:23:46 --> Undefined variable: awal
#0 /var/www/html/produksiku/app/Controllers/Admin.php(225): CodeIgniter\Debug\Exceptions->errorHandler()
#1 /var/www/html/produksiku/system/CodeIgniter.php(802): App\Controllers\Admin->lap_lhp()
#2 /var/www/html/produksiku/system/CodeIgniter.php(399): CodeIgniter\CodeIgniter->runController()
#3 /var/www/html/produksiku/system/CodeIgniter.php(317): CodeIgniter\CodeIgniter->handleRequest()
#4 /var/www/html/produksiku/public/index.php(36): CodeIgniter\CodeIgniter->run()
#5 {main}
CRITICAL - 2022-08-15 08:23:48 --> Undefined variable: awal
#0 /var/www/html/produksiku/app/Controllers/Admin.php(225): CodeIgniter\Debug\Exceptions->errorHandler()
#1 /var/www/html/produksiku/system/CodeIgniter.php(802): App\Controllers\Admin->lap_lhp()
#2 /var/www/html/produksiku/system/CodeIgniter.php(399): CodeIgniter\CodeIgniter->runController()
#3 /var/www/html/produksiku/system/CodeIgniter.php(317): CodeIgniter\CodeIgniter->handleRequest()
#4 /var/www/html/produksiku/public/index.php(36): CodeIgniter\CodeIgniter->run()
#5 {main}
ERROR - 2022-08-15 13:58:55 --> Table 'produksiku.asesi' doesn't exist
CRITICAL - 2022-08-15 13:58:55 --> Table 'produksiku.asesi' doesn't exist
#0 /var/www/html/produksiku/system/Database/MySQLi/Connection.php(280): mysqli->query()
#1 /var/www/html/produksiku/system/Database/BaseConnection.php(663): CodeIgniter\Database\MySQLi\Connection->execute()
#2 /var/www/html/produksiku/system/Database/BaseConnection.php(591): CodeIgniter\Database\BaseConnection->simpleQuery()
#3 /var/www/html/produksiku/system/Database/BaseBuilder.php(1428): CodeIgniter\Database\BaseConnection->query()
#4 /var/www/html/produksiku/app/Controllers/Admin.php(44): CodeIgniter\Database\BaseBuilder->get()
#5 /var/www/html/produksiku/system/CodeIgniter.php(802): App\Controllers\Admin->edit_asesi()
#6 /var/www/html/produksiku/system/CodeIgniter.php(399): CodeIgniter\CodeIgniter->runController()
#7 /var/www/html/produksiku/system/CodeIgniter.php(317): CodeIgniter\CodeIgniter->handleRequest()
#8 /var/www/html/produksiku/public/index.php(36): CodeIgniter\CodeIgniter->run()
#9 {main}
CRITICAL - 2022-08-15 14:23:04 --> Invalid file: admin/edit_asesi.php
#0 /var/www/html/produksiku/system/View/View.php(198): CodeIgniter\Exceptions\FrameworkException::forInvalidFile()
#1 /var/www/html/produksiku/system/Common.php(1092): CodeIgniter\View\View->render()
#2 /var/www/html/produksiku/app/Controllers/Admin.php(66): view()
#3 /var/www/html/produksiku/system/CodeIgniter.php(802): App\Controllers\Admin->edit_user()
#4 /var/www/html/produksiku/system/CodeIgniter.php(399): CodeIgniter\CodeIgniter->runController()
#5 /var/www/html/produksiku/system/CodeIgniter.php(317): CodeIgniter\CodeIgniter->handleRequest()
#6 /var/www/html/produksiku/public/index.php(36): CodeIgniter\CodeIgniter->run()
#7 {main}
CRITICAL - 2022-08-15 14:23:35 --> Invalid file: admin/edit_user.php
#0 /var/www/html/produksiku/system/View/View.php(198): CodeIgniter\Exceptions\FrameworkException::forInvalidFile()
#1 /var/www/html/produksiku/system/Common.php(1092): CodeIgniter\View\View->render()
#2 /var/www/html/produksiku/app/Controllers/Admin.php(66): view()
#3 /var/www/html/produksiku/system/CodeIgniter.php(802): App\Controllers\Admin->edit_user()
#4 /var/www/html/produksiku/system/CodeIgniter.php(399): CodeIgniter\CodeIgniter->runController()
#5 /var/www/html/produksiku/system/CodeIgniter.php(317): CodeIgniter\CodeIgniter->handleRequest()
#6 /var/www/html/produksiku/public/index.php(36): CodeIgniter\CodeIgniter->run()
#7 {main}
CRITICAL - 2022-08-15 14:23:36 --> Invalid file: admin/edit_user.php
#0 /var/www/html/produksiku/system/View/View.php(198): CodeIgniter\Exceptions\FrameworkException::forInvalidFile()
#1 /var/www/html/produksiku/system/Common.php(1092): CodeIgniter\View\View->render()
#2 /var/www/html/produksiku/app/Controllers/Admin.php(66): view()
#3 /var/www/html/produksiku/system/CodeIgniter.php(802): App\Controllers\Admin->edit_user()
#4 /var/www/html/produksiku/system/CodeIgniter.php(399): CodeIgniter\CodeIgniter->runController()
#5 /var/www/html/produksiku/system/CodeIgniter.php(317): CodeIgniter\CodeIgniter->handleRequest()
#6 /var/www/html/produksiku/public/index.php(36): CodeIgniter\CodeIgniter->run()
#7 {main}
