CRITICAL - 2022-07-26 08:16:59 --> Invalid file: admin/tambah_asesmen.php
#0 /var/www/html/asesiku/system/View/View.php(198): CodeIgniter\Exceptions\FrameworkException::forInvalidFile()
#1 /var/www/html/asesiku/system/Common.php(1092): CodeIgniter\View\View->render()
#2 /var/www/html/asesiku/app/Controllers/Admin.php(142): view()
#3 /var/www/html/asesiku/system/CodeIgniter.php(802): App\Controllers\Admin->tambah_asesmen()
#4 /var/www/html/asesiku/system/CodeIgniter.php(399): CodeIgniter\CodeIgniter->runController()
#5 /var/www/html/asesiku/system/CodeIgniter.php(317): CodeIgniter\CodeIgniter->handleRequest()
#6 /var/www/html/asesiku/public/index.php(36): CodeIgniter\CodeIgniter->run()
#7 {main}
ERROR - 2022-07-26 09:26:38 --> Unknown column 'id_asesor' in 'field list'
CRITICAL - 2022-07-26 09:26:38 --> Unknown column 'id_asesor' in 'field list'
#0 /var/www/html/asesiku/system/Database/MySQLi/Connection.php(280): mysqli->query()
#1 /var/www/html/asesiku/system/Database/BaseConnection.php(663): CodeIgniter\Database\MySQLi\Connection->execute()
#2 /var/www/html/asesiku/system/Database/BaseConnection.php(591): CodeIgniter\Database\BaseConnection->simpleQuery()
#3 /var/www/html/asesiku/system/Database/BaseBuilder.php(1733): CodeIgniter\Database\BaseConnection->query()
#4 /var/www/html/asesiku/app/Controllers/Admin.php(142): CodeIgniter\Database\BaseBuilder->insert()
#5 /var/www/html/asesiku/system/CodeIgniter.php(802): App\Controllers\Admin->tambah_asesmen()
#6 /var/www/html/asesiku/system/CodeIgniter.php(399): CodeIgniter\CodeIgniter->runController()
#7 /var/www/html/asesiku/system/CodeIgniter.php(317): CodeIgniter\CodeIgniter->handleRequest()
#8 /var/www/html/asesiku/public/index.php(36): CodeIgniter\CodeIgniter->run()
#9 {main}
CRITICAL - 2022-07-26 09:27:22 --> Undefined index: nama
#0 /var/www/html/asesiku/app/Views/admin/asesmen.php(62): CodeIgniter\Debug\Exceptions->errorHandler()
#1 /var/www/html/asesiku/system/View/View.php(214): include('/var/www/html/a...')
#2 /var/www/html/asesiku/system/View/View.php(217): CodeIgniter\View\View->CodeIgniter\View\{closure}()
#3 /var/www/html/asesiku/system/Common.php(1092): CodeIgniter\View\View->render()
#4 /var/www/html/asesiku/app/Controllers/Admin.php(120): view()
#5 /var/www/html/asesiku/system/CodeIgniter.php(802): App\Controllers\Admin->asesmen()
#6 /var/www/html/asesiku/system/CodeIgniter.php(399): CodeIgniter\CodeIgniter->runController()
#7 /var/www/html/asesiku/system/CodeIgniter.php(317): CodeIgniter\CodeIgniter->handleRequest()
#8 /var/www/html/asesiku/public/index.php(36): CodeIgniter\CodeIgniter->run()
#9 {main}
CRITICAL - 2022-07-26 10:23:54 --> Invalid file: admin/edit_asesmen.php
#0 /var/www/html/asesiku/system/View/View.php(198): CodeIgniter\Exceptions\FrameworkException::forInvalidFile()
#1 /var/www/html/asesiku/system/Common.php(1092): CodeIgniter\View\View->render()
#2 /var/www/html/asesiku/app/Controllers/Admin.php(177): view()
#3 /var/www/html/asesiku/system/CodeIgniter.php(802): App\Controllers\Admin->edit_asesmen()
#4 /var/www/html/asesiku/system/CodeIgniter.php(399): CodeIgniter\CodeIgniter->runController()
#5 /var/www/html/asesiku/system/CodeIgniter.php(317): CodeIgniter\CodeIgniter->handleRequest()
#6 /var/www/html/asesiku/public/index.php(36): CodeIgniter\CodeIgniter->run()
#7 {main}
CRITICAL - 2022-07-26 10:30:13 --> Too few arguments to function App\Controllers\Admin::edit_asesmen(), 0 passed in /var/www/html/asesiku/system/CodeIgniter.php on line 802 and exactly 1 expected
#0 /var/www/html/asesiku/system/CodeIgniter.php(802): App\Controllers\Admin->edit_asesmen()
#1 /var/www/html/asesiku/system/CodeIgniter.php(399): CodeIgniter\CodeIgniter->runController()
#2 /var/www/html/asesiku/system/CodeIgniter.php(317): CodeIgniter\CodeIgniter->handleRequest()
#3 /var/www/html/asesiku/public/index.php(36): CodeIgniter\CodeIgniter->run()
#4 {main}
CRITICAL - 2022-07-26 10:30:56 --> Too few arguments to function App\Controllers\Admin::edit_asesmen(), 0 passed in /var/www/html/asesiku/system/CodeIgniter.php on line 802 and exactly 1 expected
#0 /var/www/html/asesiku/system/CodeIgniter.php(802): App\Controllers\Admin->edit_asesmen()
#1 /var/www/html/asesiku/system/CodeIgniter.php(399): CodeIgniter\CodeIgniter->runController()
#2 /var/www/html/asesiku/system/CodeIgniter.php(317): CodeIgniter\CodeIgniter->handleRequest()
#3 /var/www/html/asesiku/public/index.php(36): CodeIgniter\CodeIgniter->run()
#4 {main}
CRITICAL - 2022-07-26 13:50:50 --> Invalid file: admin/skk.php
#0 /var/www/html/asesiku/system/View/View.php(198): CodeIgniter\Exceptions\FrameworkException::forInvalidFile()
#1 /var/www/html/asesiku/system/Common.php(1092): CodeIgniter\View\View->render()
#2 /var/www/html/asesiku/app/Controllers/Admin.php(191): view()
#3 /var/www/html/asesiku/system/CodeIgniter.php(802): App\Controllers\Admin->skk()
#4 /var/www/html/asesiku/system/CodeIgniter.php(399): CodeIgniter\CodeIgniter->runController()
#5 /var/www/html/asesiku/system/CodeIgniter.php(317): CodeIgniter\CodeIgniter->handleRequest()
#6 /var/www/html/asesiku/public/index.php(36): CodeIgniter\CodeIgniter->run()
#7 {main}
CRITICAL - 2022-07-26 13:52:34 --> Invalid file: admin/skk.php
#0 /var/www/html/asesiku/system/View/View.php(198): CodeIgniter\Exceptions\FrameworkException::forInvalidFile()
#1 /var/www/html/asesiku/system/Common.php(1092): CodeIgniter\View\View->render()
#2 /var/www/html/asesiku/app/Controllers/Admin.php(191): view()
#3 /var/www/html/asesiku/system/CodeIgniter.php(802): App\Controllers\Admin->skk()
#4 /var/www/html/asesiku/system/CodeIgniter.php(399): CodeIgniter\CodeIgniter->runController()
#5 /var/www/html/asesiku/system/CodeIgniter.php(317): CodeIgniter\CodeIgniter->handleRequest()
#6 /var/www/html/asesiku/public/index.php(36): CodeIgniter\CodeIgniter->run()
#7 {main}
ERROR - 2022-07-26 14:32:14 --> Unknown column 'alamat_perusahaan' in 'field list'
CRITICAL - 2022-07-26 14:32:14 --> Unknown column 'alamat_perusahaan' in 'field list'
#0 /var/www/html/asesiku/system/Database/MySQLi/Connection.php(280): mysqli->query()
#1 /var/www/html/asesiku/system/Database/BaseConnection.php(663): CodeIgniter\Database\MySQLi\Connection->execute()
#2 /var/www/html/asesiku/system/Database/BaseConnection.php(591): CodeIgniter\Database\BaseConnection->simpleQuery()
#3 /var/www/html/asesiku/system/Database/BaseBuilder.php(1733): CodeIgniter\Database\BaseConnection->query()
#4 /var/www/html/asesiku/app/Controllers/Admin.php(214): CodeIgniter\Database\BaseBuilder->insert()
#5 /var/www/html/asesiku/system/CodeIgniter.php(802): App\Controllers\Admin->tambah_skk()
#6 /var/www/html/asesiku/system/CodeIgniter.php(399): CodeIgniter\CodeIgniter->runController()
#7 /var/www/html/asesiku/system/CodeIgniter.php(317): CodeIgniter\CodeIgniter->handleRequest()
#8 /var/www/html/asesiku/public/index.php(36): CodeIgniter\CodeIgniter->run()
#9 {main}
ERROR - 2022-07-26 14:33:27 --> Unknown column 'alamat_perusahaan' in 'field list'
CRITICAL - 2022-07-26 14:33:27 --> Unknown column 'alamat_perusahaan' in 'field list'
#0 /var/www/html/asesiku/system/Database/MySQLi/Connection.php(280): mysqli->query()
#1 /var/www/html/asesiku/system/Database/BaseConnection.php(663): CodeIgniter\Database\MySQLi\Connection->execute()
#2 /var/www/html/asesiku/system/Database/BaseConnection.php(591): CodeIgniter\Database\BaseConnection->simpleQuery()
#3 /var/www/html/asesiku/system/Database/BaseBuilder.php(1733): CodeIgniter\Database\BaseConnection->query()
#4 /var/www/html/asesiku/app/Controllers/Admin.php(214): CodeIgniter\Database\BaseBuilder->insert()
#5 /var/www/html/asesiku/system/CodeIgniter.php(802): App\Controllers\Admin->tambah_skk()
#6 /var/www/html/asesiku/system/CodeIgniter.php(399): CodeIgniter\CodeIgniter->runController()
#7 /var/www/html/asesiku/system/CodeIgniter.php(317): CodeIgniter\CodeIgniter->handleRequest()
#8 /var/www/html/asesiku/public/index.php(36): CodeIgniter\CodeIgniter->run()
#9 {main}
CRITICAL - 2022-07-26 14:34:09 --> Undefined index: nama_asesor
#0 /var/www/html/asesiku/app/Views/admin/skk.php(62): CodeIgniter\Debug\Exceptions->errorHandler()
#1 /var/www/html/asesiku/system/View/View.php(214): include('/var/www/html/a...')
#2 /var/www/html/asesiku/system/View/View.php(217): CodeIgniter\View\View->CodeIgniter\View\{closure}()
#3 /var/www/html/asesiku/system/Common.php(1092): CodeIgniter\View\View->render()
#4 /var/www/html/asesiku/app/Controllers/Admin.php(191): view()
#5 /var/www/html/asesiku/system/CodeIgniter.php(802): App\Controllers\Admin->skk()
#6 /var/www/html/asesiku/system/CodeIgniter.php(399): CodeIgniter\CodeIgniter->runController()
#7 /var/www/html/asesiku/system/CodeIgniter.php(317): CodeIgniter\CodeIgniter->handleRequest()
#8 /var/www/html/asesiku/public/index.php(36): CodeIgniter\CodeIgniter->run()
#9 {main}
