CRITICAL - 2021-03-08 08:09:36 --> date() expects parameter 2 to be int, string given
#0 [internal function]: CodeIgniter\Debug\Exceptions->errorHandler(2, 'date() expects ...', 'C:\\xampp\\htdocs...', 65, Array)
#1 C:\xampp\htdocs\jdih\app\Views\produk_hukum\tampil.php(65): date('d/m/Y', '')
#2 C:\xampp\htdocs\jdih\vendor\codeigniter4\framework\system\View\View.php(220): include('C:\\xampp\\htdocs...')
#3 C:\xampp\htdocs\jdih\vendor\codeigniter4\framework\system\View\View.php(222): CodeIgniter\View\View->CodeIgniter\View\{closure}()
#4 C:\xampp\htdocs\jdih\vendor\codeigniter4\framework\system\Common.php(1217): CodeIgniter\View\View->render('produk_hukum/ta...', Array, true)
#5 C:\xampp\htdocs\jdih\app\Controllers\Produk_hukum.php(33): view('produk_hukum/ta...', Array)
#6 C:\xampp\htdocs\jdih\vendor\codeigniter4\framework\system\CodeIgniter.php(936): App\Controllers\Produk_hukum->tampil()
#7 C:\xampp\htdocs\jdih\vendor\codeigniter4\framework\system\CodeIgniter.php(432): CodeIgniter\CodeIgniter->runController(Object(App\Controllers\Produk_hukum))
#8 C:\xampp\htdocs\jdih\vendor\codeigniter4\framework\system\CodeIgniter.php(333): CodeIgniter\CodeIgniter->handleRequest(NULL, Object(Config\Cache), false)
#9 C:\xampp\htdocs\jdih\public\index.php(45): CodeIgniter\CodeIgniter->run()
#10 C:\xampp\htdocs\jdih\vendor\codeigniter4\framework\system\Commands\Server\rewrite.php(45): require_once('C:\\xampp\\htdocs...')
#11 {main}
CRITICAL - 2021-03-08 08:23:42 --> Undefined variable: berita
#0 C:\xampp\htdocs\jdih\app\Views\admin\body.php(54): CodeIgniter\Debug\Exceptions->errorHandler(8, 'Undefined varia...', 'C:\\xampp\\htdocs...', 54, Array)
#1 C:\xampp\htdocs\jdih\vendor\codeigniter4\framework\system\View\View.php(220): include('C:\\xampp\\htdocs...')
#2 C:\xampp\htdocs\jdih\vendor\codeigniter4\framework\system\View\View.php(222): CodeIgniter\View\View->CodeIgniter\View\{closure}()
#3 C:\xampp\htdocs\jdih\vendor\codeigniter4\framework\system\Common.php(1217): CodeIgniter\View\View->render('admin/body', Array, true)
#4 C:\xampp\htdocs\jdih\app\Controllers\Admin.php(19): view('admin/body')
#5 C:\xampp\htdocs\jdih\vendor\codeigniter4\framework\system\CodeIgniter.php(936): App\Controllers\Admin->index()
#6 C:\xampp\htdocs\jdih\vendor\codeigniter4\framework\system\CodeIgniter.php(432): CodeIgniter\CodeIgniter->runController(Object(App\Controllers\Admin))
#7 C:\xampp\htdocs\jdih\vendor\codeigniter4\framework\system\CodeIgniter.php(333): CodeIgniter\CodeIgniter->handleRequest(NULL, Object(Config\Cache), false)
#8 C:\xampp\htdocs\jdih\public\index.php(45): CodeIgniter\CodeIgniter->run()
#9 C:\xampp\htdocs\jdih\vendor\codeigniter4\framework\system\Commands\Server\rewrite.php(45): require_once('C:\\xampp\\htdocs...')
#10 {main}
CRITICAL - 2021-03-08 08:24:22 --> Undefined variable: berita
#0 C:\xampp\htdocs\jdih\app\Views\admin\body.php(54): CodeIgniter\Debug\Exceptions->errorHandler(8, 'Undefined varia...', 'C:\\xampp\\htdocs...', 54, Array)
#1 C:\xampp\htdocs\jdih\vendor\codeigniter4\framework\system\View\View.php(220): include('C:\\xampp\\htdocs...')
#2 C:\xampp\htdocs\jdih\vendor\codeigniter4\framework\system\View\View.php(222): CodeIgniter\View\View->CodeIgniter\View\{closure}()
#3 C:\xampp\htdocs\jdih\vendor\codeigniter4\framework\system\Common.php(1217): CodeIgniter\View\View->render('admin/body', Array, true)
#4 C:\xampp\htdocs\jdih\app\Controllers\Admin.php(19): view('admin/body')
#5 C:\xampp\htdocs\jdih\vendor\codeigniter4\framework\system\CodeIgniter.php(936): App\Controllers\Admin->index()
#6 C:\xampp\htdocs\jdih\vendor\codeigniter4\framework\system\CodeIgniter.php(432): CodeIgniter\CodeIgniter->runController(Object(App\Controllers\Admin))
#7 C:\xampp\htdocs\jdih\vendor\codeigniter4\framework\system\CodeIgniter.php(333): CodeIgniter\CodeIgniter->handleRequest(NULL, Object(Config\Cache), false)
#8 C:\xampp\htdocs\jdih\public\index.php(45): CodeIgniter\CodeIgniter->run()
#9 C:\xampp\htdocs\jdih\vendor\codeigniter4\framework\system\Commands\Server\rewrite.php(45): require_once('C:\\xampp\\htdocs...')
#10 {main}
CRITICAL - 2021-03-08 08:27:21 --> Undefined variable: berita
#0 C:\xampp\htdocs\jdih\app\Views\admin\body.php(54): CodeIgniter\Debug\Exceptions->errorHandler(8, 'Undefined varia...', 'C:\\xampp\\htdocs...', 54, Array)
#1 C:\xampp\htdocs\jdih\vendor\codeigniter4\framework\system\View\View.php(220): include('C:\\xampp\\htdocs...')
#2 C:\xampp\htdocs\jdih\vendor\codeigniter4\framework\system\View\View.php(222): CodeIgniter\View\View->CodeIgniter\View\{closure}()
#3 C:\xampp\htdocs\jdih\vendor\codeigniter4\framework\system\Common.php(1217): CodeIgniter\View\View->render('admin/body', Array, true)
#4 C:\xampp\htdocs\jdih\app\Controllers\Admin.php(19): view('admin/body')
#5 C:\xampp\htdocs\jdih\vendor\codeigniter4\framework\system\CodeIgniter.php(936): App\Controllers\Admin->index()
#6 C:\xampp\htdocs\jdih\vendor\codeigniter4\framework\system\CodeIgniter.php(432): CodeIgniter\CodeIgniter->runController(Object(App\Controllers\Admin))
#7 C:\xampp\htdocs\jdih\vendor\codeigniter4\framework\system\CodeIgniter.php(333): CodeIgniter\CodeIgniter->handleRequest(NULL, Object(Config\Cache), false)
#8 C:\xampp\htdocs\jdih\public\index.php(45): CodeIgniter\CodeIgniter->run()
#9 C:\xampp\htdocs\jdih\vendor\codeigniter4\framework\system\Commands\Server\rewrite.php(45): require_once('C:\\xampp\\htdocs...')
#10 {main}
CRITICAL - 2021-03-08 08:27:43 --> Undefined variable: ph
#0 C:\xampp\htdocs\jdih\app\Views\admin\body.php(54): CodeIgniter\Debug\Exceptions->errorHandler(8, 'Undefined varia...', 'C:\\xampp\\htdocs...', 54, Array)
#1 C:\xampp\htdocs\jdih\vendor\codeigniter4\framework\system\View\View.php(220): include('C:\\xampp\\htdocs...')
#2 C:\xampp\htdocs\jdih\vendor\codeigniter4\framework\system\View\View.php(222): CodeIgniter\View\View->CodeIgniter\View\{closure}()
#3 C:\xampp\htdocs\jdih\vendor\codeigniter4\framework\system\Common.php(1217): CodeIgniter\View\View->render('admin/body', Array, true)
#4 C:\xampp\htdocs\jdih\app\Controllers\Admin.php(19): view('admin/body')
#5 C:\xampp\htdocs\jdih\vendor\codeigniter4\framework\system\CodeIgniter.php(936): App\Controllers\Admin->index()
#6 C:\xampp\htdocs\jdih\vendor\codeigniter4\framework\system\CodeIgniter.php(432): CodeIgniter\CodeIgniter->runController(Object(App\Controllers\Admin))
#7 C:\xampp\htdocs\jdih\vendor\codeigniter4\framework\system\CodeIgniter.php(333): CodeIgniter\CodeIgniter->handleRequest(NULL, Object(Config\Cache), false)
#8 C:\xampp\htdocs\jdih\public\index.php(45): CodeIgniter\CodeIgniter->run()
#9 C:\xampp\htdocs\jdih\vendor\codeigniter4\framework\system\Commands\Server\rewrite.php(45): require_once('C:\\xampp\\htdocs...')
#10 {main}
CRITICAL - 2021-03-08 08:29:39 --> Undefined variable: ph
#0 C:\xampp\htdocs\jdih\app\Views\admin\body.php(54): CodeIgniter\Debug\Exceptions->errorHandler(8, 'Undefined varia...', 'C:\\xampp\\htdocs...', 54, Array)
#1 C:\xampp\htdocs\jdih\vendor\codeigniter4\framework\system\View\View.php(220): include('C:\\xampp\\htdocs...')
#2 C:\xampp\htdocs\jdih\vendor\codeigniter4\framework\system\View\View.php(222): CodeIgniter\View\View->CodeIgniter\View\{closure}()
#3 C:\xampp\htdocs\jdih\vendor\codeigniter4\framework\system\Common.php(1217): CodeIgniter\View\View->render('admin/body', Array, true)
#4 C:\xampp\htdocs\jdih\app\Controllers\Admin.php(19): view('admin/body')
#5 C:\xampp\htdocs\jdih\vendor\codeigniter4\framework\system\CodeIgniter.php(936): App\Controllers\Admin->index()
#6 C:\xampp\htdocs\jdih\vendor\codeigniter4\framework\system\CodeIgniter.php(432): CodeIgniter\CodeIgniter->runController(Object(App\Controllers\Admin))
#7 C:\xampp\htdocs\jdih\vendor\codeigniter4\framework\system\CodeIgniter.php(333): CodeIgniter\CodeIgniter->handleRequest(NULL, Object(Config\Cache), false)
#8 C:\xampp\htdocs\jdih\public\index.php(45): CodeIgniter\CodeIgniter->run()
#9 C:\xampp\htdocs\jdih\vendor\codeigniter4\framework\system\Commands\Server\rewrite.php(45): require_once('C:\\xampp\\htdocs...')
#10 {main}
CRITICAL - 2021-03-08 08:29:41 --> Undefined variable: ph
#0 C:\xampp\htdocs\jdih\app\Views\admin\body.php(54): CodeIgniter\Debug\Exceptions->errorHandler(8, 'Undefined varia...', 'C:\\xampp\\htdocs...', 54, Array)
#1 C:\xampp\htdocs\jdih\vendor\codeigniter4\framework\system\View\View.php(220): include('C:\\xampp\\htdocs...')
#2 C:\xampp\htdocs\jdih\vendor\codeigniter4\framework\system\View\View.php(222): CodeIgniter\View\View->CodeIgniter\View\{closure}()
#3 C:\xampp\htdocs\jdih\vendor\codeigniter4\framework\system\Common.php(1217): CodeIgniter\View\View->render('admin/body', Array, true)
#4 C:\xampp\htdocs\jdih\app\Controllers\Admin.php(19): view('admin/body')
#5 C:\xampp\htdocs\jdih\vendor\codeigniter4\framework\system\CodeIgniter.php(936): App\Controllers\Admin->index()
#6 C:\xampp\htdocs\jdih\vendor\codeigniter4\framework\system\CodeIgniter.php(432): CodeIgniter\CodeIgniter->runController(Object(App\Controllers\Admin))
#7 C:\xampp\htdocs\jdih\vendor\codeigniter4\framework\system\CodeIgniter.php(333): CodeIgniter\CodeIgniter->handleRequest(NULL, Object(Config\Cache), false)
#8 C:\xampp\htdocs\jdih\public\index.php(45): CodeIgniter\CodeIgniter->run()
#9 C:\xampp\htdocs\jdih\vendor\codeigniter4\framework\system\Commands\Server\rewrite.php(45): require_once('C:\\xampp\\htdocs...')
#10 {main}
CRITICAL - 2021-03-08 08:29:47 --> Undefined variable: ph
#0 C:\xampp\htdocs\jdih\app\Views\admin\body.php(54): CodeIgniter\Debug\Exceptions->errorHandler(8, 'Undefined varia...', 'C:\\xampp\\htdocs...', 54, Array)
#1 C:\xampp\htdocs\jdih\vendor\codeigniter4\framework\system\View\View.php(220): include('C:\\xampp\\htdocs...')
#2 C:\xampp\htdocs\jdih\vendor\codeigniter4\framework\system\View\View.php(222): CodeIgniter\View\View->CodeIgniter\View\{closure}()
#3 C:\xampp\htdocs\jdih\vendor\codeigniter4\framework\system\Common.php(1217): CodeIgniter\View\View->render('admin/body', Array, true)
#4 C:\xampp\htdocs\jdih\app\Controllers\Admin.php(19): view('admin/body')
#5 C:\xampp\htdocs\jdih\vendor\codeigniter4\framework\system\CodeIgniter.php(936): App\Controllers\Admin->index()
#6 C:\xampp\htdocs\jdih\vendor\codeigniter4\framework\system\CodeIgniter.php(432): CodeIgniter\CodeIgniter->runController(Object(App\Controllers\Admin))
#7 C:\xampp\htdocs\jdih\vendor\codeigniter4\framework\system\CodeIgniter.php(333): CodeIgniter\CodeIgniter->handleRequest(NULL, Object(Config\Cache), false)
#8 C:\xampp\htdocs\jdih\public\index.php(45): CodeIgniter\CodeIgniter->run()
#9 C:\xampp\htdocs\jdih\vendor\codeigniter4\framework\system\Commands\Server\rewrite.php(45): require_once('C:\\xampp\\htdocs...')
#10 {main}
CRITICAL - 2021-03-08 09:45:19 --> Call to undefined method CodeIgniter\Database\MySQLi\Result::num_rows()
#0 C:\xampp\htdocs\jdih\app\Controllers\Dashboard.php(16): App\Models\PeraturanModel->peraturandaerah()
#1 C:\xampp\htdocs\jdih\vendor\codeigniter4\framework\system\CodeIgniter.php(936): App\Controllers\Dashboard->index()
#2 C:\xampp\htdocs\jdih\vendor\codeigniter4\framework\system\CodeIgniter.php(432): CodeIgniter\CodeIgniter->runController(Object(App\Controllers\Dashboard))
#3 C:\xampp\htdocs\jdih\vendor\codeigniter4\framework\system\CodeIgniter.php(333): CodeIgniter\CodeIgniter->handleRequest(NULL, Object(Config\Cache), false)
#4 C:\xampp\htdocs\jdih\public\index.php(45): CodeIgniter\CodeIgniter->run()
#5 C:\xampp\htdocs\jdih\vendor\codeigniter4\framework\system\Commands\Server\rewrite.php(45): require_once('C:\\xampp\\htdocs...')
#6 {main}
CRITICAL - 2021-03-08 09:45:20 --> Call to undefined method CodeIgniter\Database\MySQLi\Result::num_rows()
#0 C:\xampp\htdocs\jdih\app\Controllers\Dashboard.php(16): App\Models\PeraturanModel->peraturandaerah()
#1 C:\xampp\htdocs\jdih\vendor\codeigniter4\framework\system\CodeIgniter.php(936): App\Controllers\Dashboard->index()
#2 C:\xampp\htdocs\jdih\vendor\codeigniter4\framework\system\CodeIgniter.php(432): CodeIgniter\CodeIgniter->runController(Object(App\Controllers\Dashboard))
#3 C:\xampp\htdocs\jdih\vendor\codeigniter4\framework\system\CodeIgniter.php(333): CodeIgniter\CodeIgniter->handleRequest(NULL, Object(Config\Cache), false)
#4 C:\xampp\htdocs\jdih\public\index.php(45): CodeIgniter\CodeIgniter->run()
#5 C:\xampp\htdocs\jdih\vendor\codeigniter4\framework\system\Commands\Server\rewrite.php(45): require_once('C:\\xampp\\htdocs...')
#6 {main}
CRITICAL - 2021-03-08 09:59:14 --> Undefined variable: ph
#0 C:\xampp\htdocs\jdih\app\Views\admin\body.php(19): CodeIgniter\Debug\Exceptions->errorHandler(8, 'Undefined varia...', 'C:\\xampp\\htdocs...', 19, Array)
#1 C:\xampp\htdocs\jdih\vendor\codeigniter4\framework\system\View\View.php(220): include('C:\\xampp\\htdocs...')
#2 C:\xampp\htdocs\jdih\vendor\codeigniter4\framework\system\View\View.php(222): CodeIgniter\View\View->CodeIgniter\View\{closure}()
#3 C:\xampp\htdocs\jdih\vendor\codeigniter4\framework\system\Common.php(1217): CodeIgniter\View\View->render('admin/body', Array, true)
#4 C:\xampp\htdocs\jdih\app\Controllers\Admin.php(19): view('admin/body')
#5 C:\xampp\htdocs\jdih\vendor\codeigniter4\framework\system\CodeIgniter.php(936): App\Controllers\Admin->index()
#6 C:\xampp\htdocs\jdih\vendor\codeigniter4\framework\system\CodeIgniter.php(432): CodeIgniter\CodeIgniter->runController(Object(App\Controllers\Admin))
#7 C:\xampp\htdocs\jdih\vendor\codeigniter4\framework\system\CodeIgniter.php(333): CodeIgniter\CodeIgniter->handleRequest(NULL, Object(Config\Cache), false)
#8 C:\xampp\htdocs\jdih\public\index.php(45): CodeIgniter\CodeIgniter->run()
#9 C:\xampp\htdocs\jdih\vendor\codeigniter4\framework\system\Commands\Server\rewrite.php(45): require_once('C:\\xampp\\htdocs...')
#10 {main}
CRITICAL - 2021-03-08 09:59:34 --> Undefined variable: ph
#0 C:\xampp\htdocs\jdih\app\Views\admin\body.php(19): CodeIgniter\Debug\Exceptions->errorHandler(8, 'Undefined varia...', 'C:\\xampp\\htdocs...', 19, Array)
#1 C:\xampp\htdocs\jdih\vendor\codeigniter4\framework\system\View\View.php(220): include('C:\\xampp\\htdocs...')
#2 C:\xampp\htdocs\jdih\vendor\codeigniter4\framework\system\View\View.php(222): CodeIgniter\View\View->CodeIgniter\View\{closure}()
#3 C:\xampp\htdocs\jdih\vendor\codeigniter4\framework\system\Common.php(1217): CodeIgniter\View\View->render('admin/body', Array, true)
#4 C:\xampp\htdocs\jdih\app\Controllers\Admin.php(19): view('admin/body')
#5 C:\xampp\htdocs\jdih\vendor\codeigniter4\framework\system\CodeIgniter.php(936): App\Controllers\Admin->index()
#6 C:\xampp\htdocs\jdih\vendor\codeigniter4\framework\system\CodeIgniter.php(432): CodeIgniter\CodeIgniter->runController(Object(App\Controllers\Admin))
#7 C:\xampp\htdocs\jdih\vendor\codeigniter4\framework\system\CodeIgniter.php(333): CodeIgniter\CodeIgniter->handleRequest(NULL, Object(Config\Cache), false)
#8 C:\xampp\htdocs\jdih\public\index.php(45): CodeIgniter\CodeIgniter->run()
#9 C:\xampp\htdocs\jdih\vendor\codeigniter4\framework\system\Commands\Server\rewrite.php(45): require_once('C:\\xampp\\htdocs...')
#10 {main}
CRITICAL - 2021-03-08 10:22:59 --> Trying to access array offset on value of type null
#0 C:\xampp\htdocs\jdih\app\Views\berita\detail.php(16): CodeIgniter\Debug\Exceptions->errorHandler(8, 'Trying to acces...', 'C:\\xampp\\htdocs...', 16, Array)
#1 C:\xampp\htdocs\jdih\vendor\codeigniter4\framework\system\View\View.php(220): include('C:\\xampp\\htdocs...')
#2 C:\xampp\htdocs\jdih\vendor\codeigniter4\framework\system\View\View.php(222): CodeIgniter\View\View->CodeIgniter\View\{closure}()
#3 C:\xampp\htdocs\jdih\vendor\codeigniter4\framework\system\Common.php(1217): CodeIgniter\View\View->render('berita/detail', Array, true)
#4 C:\xampp\htdocs\jdih\app\Controllers\Berita.php(26): view('berita/detail', Array)
#5 C:\xampp\htdocs\jdih\vendor\codeigniter4\framework\system\CodeIgniter.php(936): App\Controllers\Berita->detail('assets', 'img', 'blog-1.jpg')
#6 C:\xampp\htdocs\jdih\vendor\codeigniter4\framework\system\CodeIgniter.php(432): CodeIgniter\CodeIgniter->runController(Object(App\Controllers\Berita))
#7 C:\xampp\htdocs\jdih\vendor\codeigniter4\framework\system\CodeIgniter.php(333): CodeIgniter\CodeIgniter->handleRequest(NULL, Object(Config\Cache), false)
#8 C:\xampp\htdocs\jdih\public\index.php(45): CodeIgniter\CodeIgniter->run()
#9 C:\xampp\htdocs\jdih\vendor\codeigniter4\framework\system\Commands\Server\rewrite.php(45): require_once('C:\\xampp\\htdocs...')
#10 {main}
CRITICAL - 2021-03-08 10:22:59 --> Trying to access array offset on value of type null
#0 C:\xampp\htdocs\jdih\app\Views\berita\detail.php(16): CodeIgniter\Debug\Exceptions->errorHandler(8, 'Trying to acces...', 'C:\\xampp\\htdocs...', 16, Array)
#1 C:\xampp\htdocs\jdih\vendor\codeigniter4\framework\system\View\View.php(220): include('C:\\xampp\\htdocs...')
#2 C:\xampp\htdocs\jdih\vendor\codeigniter4\framework\system\View\View.php(222): CodeIgniter\View\View->CodeIgniter\View\{closure}()
#3 C:\xampp\htdocs\jdih\vendor\codeigniter4\framework\system\Common.php(1217): CodeIgniter\View\View->render('berita/detail', Array, true)
#4 C:\xampp\htdocs\jdih\app\Controllers\Berita.php(26): view('berita/detail', Array)
#5 C:\xampp\htdocs\jdih\vendor\codeigniter4\framework\system\CodeIgniter.php(936): App\Controllers\Berita->detail('img', 'logofix.png')
#6 C:\xampp\htdocs\jdih\vendor\codeigniter4\framework\system\CodeIgniter.php(432): CodeIgniter\CodeIgniter->runController(Object(App\Controllers\Berita))
#7 C:\xampp\htdocs\jdih\vendor\codeigniter4\framework\system\CodeIgniter.php(333): CodeIgniter\CodeIgniter->handleRequest(NULL, Object(Config\Cache), false)
#8 C:\xampp\htdocs\jdih\public\index.php(45): CodeIgniter\CodeIgniter->run()
#9 C:\xampp\htdocs\jdih\vendor\codeigniter4\framework\system\Commands\Server\rewrite.php(45): require_once('C:\\xampp\\htdocs...')
#10 {main}
CRITICAL - 2021-03-08 10:22:59 --> Trying to access array offset on value of type null
#0 C:\xampp\htdocs\jdih\app\Views\berita\detail.php(16): CodeIgniter\Debug\Exceptions->errorHandler(8, 'Trying to acces...', 'C:\\xampp\\htdocs...', 16, Array)
#1 C:\xampp\htdocs\jdih\vendor\codeigniter4\framework\system\View\View.php(220): include('C:\\xampp\\htdocs...')
#2 C:\xampp\htdocs\jdih\vendor\codeigniter4\framework\system\View\View.php(222): CodeIgniter\View\View->CodeIgniter\View\{closure}()
#3 C:\xampp\htdocs\jdih\vendor\codeigniter4\framework\system\Common.php(1217): CodeIgniter\View\View->render('berita/detail', Array, true)
#4 C:\xampp\htdocs\jdih\app\Controllers\Berita.php(26): view('berita/detail', Array)
#5 C:\xampp\htdocs\jdih\vendor\codeigniter4\framework\system\CodeIgniter.php(936): App\Controllers\Berita->detail('img', 'logokp.png')
#6 C:\xampp\htdocs\jdih\vendor\codeigniter4\framework\system\CodeIgniter.php(432): CodeIgniter\CodeIgniter->runController(Object(App\Controllers\Berita))
#7 C:\xampp\htdocs\jdih\vendor\codeigniter4\framework\system\CodeIgniter.php(333): CodeIgniter\CodeIgniter->handleRequest(NULL, Object(Config\Cache), false)
#8 C:\xampp\htdocs\jdih\public\index.php(45): CodeIgniter\CodeIgniter->run()
#9 C:\xampp\htdocs\jdih\vendor\codeigniter4\framework\system\Commands\Server\rewrite.php(45): require_once('C:\\xampp\\htdocs...')
#10 {main}
CRITICAL - 2021-03-08 10:37:27 --> Undefined variable: query
#0 C:\xampp\htdocs\jdih\app\Models\BeritaModel.php(24): CodeIgniter\Debug\Exceptions->errorHandler(8, 'Undefined varia...', 'C:\\xampp\\htdocs...', 24, Array)
#1 C:\xampp\htdocs\jdih\app\Controllers\Berita.php(14): App\Models\BeritaModel->berita()
#2 C:\xampp\htdocs\jdih\vendor\codeigniter4\framework\system\CodeIgniter.php(936): App\Controllers\Berita->index()
#3 C:\xampp\htdocs\jdih\vendor\codeigniter4\framework\system\CodeIgniter.php(432): CodeIgniter\CodeIgniter->runController(Object(App\Controllers\Berita))
#4 C:\xampp\htdocs\jdih\vendor\codeigniter4\framework\system\CodeIgniter.php(333): CodeIgniter\CodeIgniter->handleRequest(NULL, Object(Config\Cache), false)
#5 C:\xampp\htdocs\jdih\public\index.php(45): CodeIgniter\CodeIgniter->run()
#6 C:\xampp\htdocs\jdih\vendor\codeigniter4\framework\system\Commands\Server\rewrite.php(45): require_once('C:\\xampp\\htdocs...')
#7 {main}
CRITICAL - 2021-03-08 10:37:45 --> Cannot use object of type stdClass as array
#0 C:\xampp\htdocs\jdih\vendor\codeigniter4\framework\system\View\View.php(220): include()
#1 C:\xampp\htdocs\jdih\vendor\codeigniter4\framework\system\View\View.php(222): CodeIgniter\View\View->CodeIgniter\View\{closure}()
#2 C:\xampp\htdocs\jdih\vendor\codeigniter4\framework\system\Common.php(1217): CodeIgniter\View\View->render('berita/berita', Array, true)
#3 C:\xampp\htdocs\jdih\app\Controllers\Berita.php(18): view('berita/berita', Array)
#4 C:\xampp\htdocs\jdih\vendor\codeigniter4\framework\system\CodeIgniter.php(936): App\Controllers\Berita->index()
#5 C:\xampp\htdocs\jdih\vendor\codeigniter4\framework\system\CodeIgniter.php(432): CodeIgniter\CodeIgniter->runController(Object(App\Controllers\Berita))
#6 C:\xampp\htdocs\jdih\vendor\codeigniter4\framework\system\CodeIgniter.php(333): CodeIgniter\CodeIgniter->handleRequest(NULL, Object(Config\Cache), false)
#7 C:\xampp\htdocs\jdih\public\index.php(45): CodeIgniter\CodeIgniter->run()
#8 C:\xampp\htdocs\jdih\vendor\codeigniter4\framework\system\Commands\Server\rewrite.php(45): require_once('C:\\xampp\\htdocs...')
#9 {main}
CRITICAL - 2021-03-08 10:38:23 --> Call to undefined method CodeIgniter\Database\MySQLi\Result::getArray()
#0 C:\xampp\htdocs\jdih\app\Controllers\Berita.php(14): App\Models\BeritaModel->berita()
#1 C:\xampp\htdocs\jdih\vendor\codeigniter4\framework\system\CodeIgniter.php(936): App\Controllers\Berita->index()
#2 C:\xampp\htdocs\jdih\vendor\codeigniter4\framework\system\CodeIgniter.php(432): CodeIgniter\CodeIgniter->runController(Object(App\Controllers\Berita))
#3 C:\xampp\htdocs\jdih\vendor\codeigniter4\framework\system\CodeIgniter.php(333): CodeIgniter\CodeIgniter->handleRequest(NULL, Object(Config\Cache), false)
#4 C:\xampp\htdocs\jdih\public\index.php(45): CodeIgniter\CodeIgniter->run()
#5 C:\xampp\htdocs\jdih\vendor\codeigniter4\framework\system\Commands\Server\rewrite.php(45): require_once('C:\\xampp\\htdocs...')
#6 {main}
CRITICAL - 2021-03-08 10:38:37 --> Call to undefined method CodeIgniter\Database\MySQLi\Result::find()
#0 C:\xampp\htdocs\jdih\app\Controllers\Berita.php(14): App\Models\BeritaModel->berita()
#1 C:\xampp\htdocs\jdih\vendor\codeigniter4\framework\system\CodeIgniter.php(936): App\Controllers\Berita->index()
#2 C:\xampp\htdocs\jdih\vendor\codeigniter4\framework\system\CodeIgniter.php(432): CodeIgniter\CodeIgniter->runController(Object(App\Controllers\Berita))
#3 C:\xampp\htdocs\jdih\vendor\codeigniter4\framework\system\CodeIgniter.php(333): CodeIgniter\CodeIgniter->handleRequest(NULL, Object(Config\Cache), false)
#4 C:\xampp\htdocs\jdih\public\index.php(45): CodeIgniter\CodeIgniter->run()
#5 C:\xampp\htdocs\jdih\vendor\codeigniter4\framework\system\Commands\Server\rewrite.php(45): require_once('C:\\xampp\\htdocs...')
#6 {main}
CRITICAL - 2021-03-08 10:38:50 --> Call to undefined method CodeIgniter\Database\MySQLi\Result::first()
#0 C:\xampp\htdocs\jdih\app\Controllers\Berita.php(14): App\Models\BeritaModel->berita()
#1 C:\xampp\htdocs\jdih\vendor\codeigniter4\framework\system\CodeIgniter.php(936): App\Controllers\Berita->index()
#2 C:\xampp\htdocs\jdih\vendor\codeigniter4\framework\system\CodeIgniter.php(432): CodeIgniter\CodeIgniter->runController(Object(App\Controllers\Berita))
#3 C:\xampp\htdocs\jdih\vendor\codeigniter4\framework\system\CodeIgniter.php(333): CodeIgniter\CodeIgniter->handleRequest(NULL, Object(Config\Cache), false)
#4 C:\xampp\htdocs\jdih\public\index.php(45): CodeIgniter\CodeIgniter->run()
#5 C:\xampp\htdocs\jdih\vendor\codeigniter4\framework\system\Commands\Server\rewrite.php(45): require_once('C:\\xampp\\htdocs...')
#6 {main}
CRITICAL - 2021-03-08 10:39:16 --> Call to undefined method CodeIgniter\Database\MySQLi\Result::first()
#0 C:\xampp\htdocs\jdih\app\Controllers\Berita.php(14): App\Models\BeritaModel->berita()
#1 C:\xampp\htdocs\jdih\vendor\codeigniter4\framework\system\CodeIgniter.php(936): App\Controllers\Berita->index()
#2 C:\xampp\htdocs\jdih\vendor\codeigniter4\framework\system\CodeIgniter.php(432): CodeIgniter\CodeIgniter->runController(Object(App\Controllers\Berita))
#3 C:\xampp\htdocs\jdih\vendor\codeigniter4\framework\system\CodeIgniter.php(333): CodeIgniter\CodeIgniter->handleRequest(NULL, Object(Config\Cache), false)
#4 C:\xampp\htdocs\jdih\public\index.php(45): CodeIgniter\CodeIgniter->run()
#5 C:\xampp\htdocs\jdih\vendor\codeigniter4\framework\system\Commands\Server\rewrite.php(45): require_once('C:\\xampp\\htdocs...')
#6 {main}
CRITICAL - 2021-03-08 10:40:43 --> Call to undefined method CodeIgniter\Database\MySQLi\Result::result_array()
#0 C:\xampp\htdocs\jdih\app\Controllers\Berita.php(14): App\Models\BeritaModel->berita()
#1 C:\xampp\htdocs\jdih\vendor\codeigniter4\framework\system\CodeIgniter.php(936): App\Controllers\Berita->index()
#2 C:\xampp\htdocs\jdih\vendor\codeigniter4\framework\system\CodeIgniter.php(432): CodeIgniter\CodeIgniter->runController(Object(App\Controllers\Berita))
#3 C:\xampp\htdocs\jdih\vendor\codeigniter4\framework\system\CodeIgniter.php(333): CodeIgniter\CodeIgniter->handleRequest(NULL, Object(Config\Cache), false)
#4 C:\xampp\htdocs\jdih\public\index.php(45): CodeIgniter\CodeIgniter->run()
#5 C:\xampp\htdocs\jdih\vendor\codeigniter4\framework\system\Commands\Server\rewrite.php(45): require_once('C:\\xampp\\htdocs...')
#6 {main}
CRITICAL - 2021-03-08 10:41:45 --> Call to undefined method CodeIgniter\Database\MySQLi\Result::result()
#0 C:\xampp\htdocs\jdih\app\Controllers\Berita.php(14): App\Models\BeritaModel->berita()
#1 C:\xampp\htdocs\jdih\vendor\codeigniter4\framework\system\CodeIgniter.php(936): App\Controllers\Berita->index()
#2 C:\xampp\htdocs\jdih\vendor\codeigniter4\framework\system\CodeIgniter.php(432): CodeIgniter\CodeIgniter->runController(Object(App\Controllers\Berita))
#3 C:\xampp\htdocs\jdih\vendor\codeigniter4\framework\system\CodeIgniter.php(333): CodeIgniter\CodeIgniter->handleRequest(NULL, Object(Config\Cache), false)
#4 C:\xampp\htdocs\jdih\public\index.php(45): CodeIgniter\CodeIgniter->run()
#5 C:\xampp\htdocs\jdih\vendor\codeigniter4\framework\system\Commands\Server\rewrite.php(45): require_once('C:\\xampp\\htdocs...')
#6 {main}
CRITICAL - 2021-03-08 10:43:15 --> Undefined property: CodeIgniter\Database\MySQLi\Result::$row_array
#0 C:\xampp\htdocs\jdih\app\Models\BeritaModel.php(24): CodeIgniter\Debug\Exceptions->errorHandler(8, 'Undefined prope...', 'C:\\xampp\\htdocs...', 24, Array)
#1 C:\xampp\htdocs\jdih\app\Controllers\Berita.php(14): App\Models\BeritaModel->berita()
#2 C:\xampp\htdocs\jdih\vendor\codeigniter4\framework\system\CodeIgniter.php(936): App\Controllers\Berita->index()
#3 C:\xampp\htdocs\jdih\vendor\codeigniter4\framework\system\CodeIgniter.php(432): CodeIgniter\CodeIgniter->runController(Object(App\Controllers\Berita))
#4 C:\xampp\htdocs\jdih\vendor\codeigniter4\framework\system\CodeIgniter.php(333): CodeIgniter\CodeIgniter->handleRequest(NULL, Object(Config\Cache), false)
#5 C:\xampp\htdocs\jdih\public\index.php(45): CodeIgniter\CodeIgniter->run()
#6 C:\xampp\htdocs\jdih\vendor\codeigniter4\framework\system\Commands\Server\rewrite.php(45): require_once('C:\\xampp\\htdocs...')
#7 {main}
CRITICAL - 2021-03-08 11:16:20 --> syntax error, unexpected '}', expecting ';' or ','
#0 C:\xampp\htdocs\jdih\vendor\codeigniter4\framework\system\View\View.php(222): CodeIgniter\View\View->CodeIgniter\View\{closure}()
#1 C:\xampp\htdocs\jdih\vendor\codeigniter4\framework\system\Common.php(1217): CodeIgniter\View\View->render('berita/tampil', Array, true)
#2 C:\xampp\htdocs\jdih\app\Controllers\Berita.php(123): view('berita/tampil', Array)
#3 C:\xampp\htdocs\jdih\vendor\codeigniter4\framework\system\CodeIgniter.php(936): App\Controllers\Berita->tampil()
#4 C:\xampp\htdocs\jdih\vendor\codeigniter4\framework\system\CodeIgniter.php(432): CodeIgniter\CodeIgniter->runController(Object(App\Controllers\Berita))
#5 C:\xampp\htdocs\jdih\vendor\codeigniter4\framework\system\CodeIgniter.php(333): CodeIgniter\CodeIgniter->handleRequest(NULL, Object(Config\Cache), false)
#6 C:\xampp\htdocs\jdih\public\index.php(45): CodeIgniter\CodeIgniter->run()
#7 C:\xampp\htdocs\jdih\vendor\codeigniter4\framework\system\Commands\Server\rewrite.php(45): require_once('C:\\xampp\\htdocs...')
#8 {main}
CRITICAL - 2021-03-08 11:21:04 --> Undefined variable: data
#0 C:\xampp\htdocs\jdih\app\Controllers\Berita.php(164): CodeIgniter\Debug\Exceptions->errorHandler(8, 'Undefined varia...', 'C:\\xampp\\htdocs...', 164, Array)
#1 C:\xampp\htdocs\jdih\vendor\codeigniter4\framework\system\CodeIgniter.php(936): App\Controllers\Berita->publikasi('1100')
#2 C:\xampp\htdocs\jdih\vendor\codeigniter4\framework\system\CodeIgniter.php(432): CodeIgniter\CodeIgniter->runController(Object(App\Controllers\Berita))
#3 C:\xampp\htdocs\jdih\vendor\codeigniter4\framework\system\CodeIgniter.php(333): CodeIgniter\CodeIgniter->handleRequest(NULL, Object(Config\Cache), false)
#4 C:\xampp\htdocs\jdih\public\index.php(45): CodeIgniter\CodeIgniter->run()
#5 C:\xampp\htdocs\jdih\vendor\codeigniter4\framework\system\Commands\Server\rewrite.php(45): require_once('C:\\xampp\\htdocs...')
#6 {main}
CRITICAL - 2021-03-08 11:43:16 --> syntax error, unexpected '=>' (T_DOUBLE_ARROW), expecting ']'
#0 C:\xampp\htdocs\jdih\vendor\codeigniter4\framework\system\Autoloader\Autoloader.php(265): CodeIgniter\Autoloader\Autoloader->includeFile('C:\\xampp\\htdocs...')
#1 C:\xampp\htdocs\jdih\vendor\codeigniter4\framework\system\Autoloader\Autoloader.php(228): CodeIgniter\Autoloader\Autoloader->loadInNamespace('App\\Controllers...')
#2 [internal function]: CodeIgniter\Autoloader\Autoloader->loadClass('App\\Controllers...')
#3 [internal function]: spl_autoload_call('App\\Controllers...')
#4 C:\xampp\htdocs\jdih\vendor\codeigniter4\framework\system\CodeIgniter.php(893): class_exists('\\App\\Controller...', true)
#5 C:\xampp\htdocs\jdih\vendor\codeigniter4\framework\system\CodeIgniter.php(417): CodeIgniter\CodeIgniter->startController()
#6 C:\xampp\htdocs\jdih\vendor\codeigniter4\framework\system\CodeIgniter.php(333): CodeIgniter\CodeIgniter->handleRequest(NULL, Object(Config\Cache), false)
#7 C:\xampp\htdocs\jdih\public\index.php(45): CodeIgniter\CodeIgniter->run()
#8 C:\xampp\htdocs\jdih\vendor\codeigniter4\framework\system\Commands\Server\rewrite.php(45): require_once('C:\\xampp\\htdocs...')
#9 {main}
CRITICAL - 2021-03-08 11:43:24 --> syntax error, unexpected '=>' (T_DOUBLE_ARROW), expecting ']'
#0 C:\xampp\htdocs\jdih\vendor\codeigniter4\framework\system\Autoloader\Autoloader.php(265): CodeIgniter\Autoloader\Autoloader->includeFile('C:\\xampp\\htdocs...')
#1 C:\xampp\htdocs\jdih\vendor\codeigniter4\framework\system\Autoloader\Autoloader.php(228): CodeIgniter\Autoloader\Autoloader->loadInNamespace('App\\Controllers...')
#2 [internal function]: CodeIgniter\Autoloader\Autoloader->loadClass('App\\Controllers...')
#3 [internal function]: spl_autoload_call('App\\Controllers...')
#4 C:\xampp\htdocs\jdih\vendor\codeigniter4\framework\system\CodeIgniter.php(893): class_exists('\\App\\Controller...', true)
#5 C:\xampp\htdocs\jdih\vendor\codeigniter4\framework\system\CodeIgniter.php(417): CodeIgniter\CodeIgniter->startController()
#6 C:\xampp\htdocs\jdih\vendor\codeigniter4\framework\system\CodeIgniter.php(333): CodeIgniter\CodeIgniter->handleRequest(NULL, Object(Config\Cache), false)
#7 C:\xampp\htdocs\jdih\public\index.php(45): CodeIgniter\CodeIgniter->run()
#8 C:\xampp\htdocs\jdih\vendor\codeigniter4\framework\system\Commands\Server\rewrite.php(45): require_once('C:\\xampp\\htdocs...')
#9 {main}
CRITICAL - 2021-03-08 11:47:51 --> Undefined variable: data
#0 C:\xampp\htdocs\jdih\app\Controllers\Berita.php(170): CodeIgniter\Debug\Exceptions->errorHandler(8, 'Undefined varia...', 'C:\\xampp\\htdocs...', 170, Array)
#1 C:\xampp\htdocs\jdih\vendor\codeigniter4\framework\system\CodeIgniter.php(936): App\Controllers\Berita->publikasi('1108')
#2 C:\xampp\htdocs\jdih\vendor\codeigniter4\framework\system\CodeIgniter.php(432): CodeIgniter\CodeIgniter->runController(Object(App\Controllers\Berita))
#3 C:\xampp\htdocs\jdih\vendor\codeigniter4\framework\system\CodeIgniter.php(333): CodeIgniter\CodeIgniter->handleRequest(NULL, Object(Config\Cache), false)
#4 C:\xampp\htdocs\jdih\public\index.php(45): CodeIgniter\CodeIgniter->run()
#5 C:\xampp\htdocs\jdih\vendor\codeigniter4\framework\system\Commands\Server\rewrite.php(45): require_once('C:\\xampp\\htdocs...')
#6 {main}
CRITICAL - 2021-03-08 11:48:30 --> Undefined variable: berita
#0 C:\xampp\htdocs\jdih\app\Views\berita\tampil.php(47): CodeIgniter\Debug\Exceptions->errorHandler(8, 'Undefined varia...', 'C:\\xampp\\htdocs...', 47, Array)
#1 C:\xampp\htdocs\jdih\vendor\codeigniter4\framework\system\View\View.php(220): include('C:\\xampp\\htdocs...')
#2 C:\xampp\htdocs\jdih\vendor\codeigniter4\framework\system\View\View.php(222): CodeIgniter\View\View->CodeIgniter\View\{closure}()
#3 C:\xampp\htdocs\jdih\vendor\codeigniter4\framework\system\Common.php(1217): CodeIgniter\View\View->render('berita/tampil', Array, true)
#4 C:\xampp\htdocs\jdih\app\Controllers\Berita.php(170): view('berita/tampil')
#5 C:\xampp\htdocs\jdih\vendor\codeigniter4\framework\system\CodeIgniter.php(936): App\Controllers\Berita->publikasi('1108')
#6 C:\xampp\htdocs\jdih\vendor\codeigniter4\framework\system\CodeIgniter.php(432): CodeIgniter\CodeIgniter->runController(Object(App\Controllers\Berita))
#7 C:\xampp\htdocs\jdih\vendor\codeigniter4\framework\system\CodeIgniter.php(333): CodeIgniter\CodeIgniter->handleRequest(NULL, Object(Config\Cache), false)
#8 C:\xampp\htdocs\jdih\public\index.php(45): CodeIgniter\CodeIgniter->run()
#9 C:\xampp\htdocs\jdih\vendor\codeigniter4\framework\system\Commands\Server\rewrite.php(45): require_once('C:\\xampp\\htdocs...')
#10 {main}
CRITICAL - 2021-03-08 11:49:42 --> Trying to access array offset on value of type null
#0 C:\xampp\htdocs\jdih\app\Views\berita\detail.php(16): CodeIgniter\Debug\Exceptions->errorHandler(8, 'Trying to acces...', 'C:\\xampp\\htdocs...', 16, Array)
#1 C:\xampp\htdocs\jdih\vendor\codeigniter4\framework\system\View\View.php(220): include('C:\\xampp\\htdocs...')
#2 C:\xampp\htdocs\jdih\vendor\codeigniter4\framework\system\View\View.php(222): CodeIgniter\View\View->CodeIgniter\View\{closure}()
#3 C:\xampp\htdocs\jdih\vendor\codeigniter4\framework\system\Common.php(1217): CodeIgniter\View\View->render('berita/detail', Array, true)
#4 C:\xampp\htdocs\jdih\app\Controllers\Berita.php(26): view('berita/detail', Array)
#5 C:\xampp\htdocs\jdih\vendor\codeigniter4\framework\system\CodeIgniter.php(936): App\Controllers\Berita->detail('img', 'logofix.png')
#6 C:\xampp\htdocs\jdih\vendor\codeigniter4\framework\system\CodeIgniter.php(432): CodeIgniter\CodeIgniter->runController(Object(App\Controllers\Berita))
#7 C:\xampp\htdocs\jdih\vendor\codeigniter4\framework\system\CodeIgniter.php(333): CodeIgniter\CodeIgniter->handleRequest(NULL, Object(Config\Cache), false)
#8 C:\xampp\htdocs\jdih\public\index.php(45): CodeIgniter\CodeIgniter->run()
#9 C:\xampp\htdocs\jdih\vendor\codeigniter4\framework\system\Commands\Server\rewrite.php(45): require_once('C:\\xampp\\htdocs...')
#10 {main}
CRITICAL - 2021-03-08 11:49:42 --> Trying to access array offset on value of type null
#0 C:\xampp\htdocs\jdih\app\Views\berita\detail.php(16): CodeIgniter\Debug\Exceptions->errorHandler(8, 'Trying to acces...', 'C:\\xampp\\htdocs...', 16, Array)
#1 C:\xampp\htdocs\jdih\vendor\codeigniter4\framework\system\View\View.php(220): include('C:\\xampp\\htdocs...')
#2 C:\xampp\htdocs\jdih\vendor\codeigniter4\framework\system\View\View.php(222): CodeIgniter\View\View->CodeIgniter\View\{closure}()
#3 C:\xampp\htdocs\jdih\vendor\codeigniter4\framework\system\Common.php(1217): CodeIgniter\View\View->render('berita/detail', Array, true)
#4 C:\xampp\htdocs\jdih\app\Controllers\Berita.php(26): view('berita/detail', Array)
#5 C:\xampp\htdocs\jdih\vendor\codeigniter4\framework\system\CodeIgniter.php(936): App\Controllers\Berita->detail('assets', 'img', 'blog-1.jpg')
#6 C:\xampp\htdocs\jdih\vendor\codeigniter4\framework\system\CodeIgniter.php(432): CodeIgniter\CodeIgniter->runController(Object(App\Controllers\Berita))
#7 C:\xampp\htdocs\jdih\vendor\codeigniter4\framework\system\CodeIgniter.php(333): CodeIgniter\CodeIgniter->handleRequest(NULL, Object(Config\Cache), false)
#8 C:\xampp\htdocs\jdih\public\index.php(45): CodeIgniter\CodeIgniter->run()
#9 C:\xampp\htdocs\jdih\vendor\codeigniter4\framework\system\Commands\Server\rewrite.php(45): require_once('C:\\xampp\\htdocs...')
#10 {main}
CRITICAL - 2021-03-08 11:49:43 --> Trying to access array offset on value of type null
#0 C:\xampp\htdocs\jdih\app\Views\berita\detail.php(16): CodeIgniter\Debug\Exceptions->errorHandler(8, 'Trying to acces...', 'C:\\xampp\\htdocs...', 16, Array)
#1 C:\xampp\htdocs\jdih\vendor\codeigniter4\framework\system\View\View.php(220): include('C:\\xampp\\htdocs...')
#2 C:\xampp\htdocs\jdih\vendor\codeigniter4\framework\system\View\View.php(222): CodeIgniter\View\View->CodeIgniter\View\{closure}()
#3 C:\xampp\htdocs\jdih\vendor\codeigniter4\framework\system\Common.php(1217): CodeIgniter\View\View->render('berita/detail', Array, true)
#4 C:\xampp\htdocs\jdih\app\Controllers\Berita.php(26): view('berita/detail', Array)
#5 C:\xampp\htdocs\jdih\vendor\codeigniter4\framework\system\CodeIgniter.php(936): App\Controllers\Berita->detail('img', 'logokp.png')
#6 C:\xampp\htdocs\jdih\vendor\codeigniter4\framework\system\CodeIgniter.php(432): CodeIgniter\CodeIgniter->runController(Object(App\Controllers\Berita))
#7 C:\xampp\htdocs\jdih\vendor\codeigniter4\framework\system\CodeIgniter.php(333): CodeIgniter\CodeIgniter->handleRequest(NULL, Object(Config\Cache), false)
#8 C:\xampp\htdocs\jdih\public\index.php(45): CodeIgniter\CodeIgniter->run()
#9 C:\xampp\htdocs\jdih\vendor\codeigniter4\framework\system\Commands\Server\rewrite.php(45): require_once('C:\\xampp\\htdocs...')
#10 {main}
CRITICAL - 2021-03-08 11:49:48 --> Trying to access array offset on value of type null
#0 C:\xampp\htdocs\jdih\app\Views\berita\detail.php(16): CodeIgniter\Debug\Exceptions->errorHandler(8, 'Trying to acces...', 'C:\\xampp\\htdocs...', 16, Array)
#1 C:\xampp\htdocs\jdih\vendor\codeigniter4\framework\system\View\View.php(220): include('C:\\xampp\\htdocs...')
#2 C:\xampp\htdocs\jdih\vendor\codeigniter4\framework\system\View\View.php(222): CodeIgniter\View\View->CodeIgniter\View\{closure}()
#3 C:\xampp\htdocs\jdih\vendor\codeigniter4\framework\system\Common.php(1217): CodeIgniter\View\View->render('berita/detail', Array, true)
#4 C:\xampp\htdocs\jdih\app\Controllers\Berita.php(26): view('berita/detail', Array)
#5 C:\xampp\htdocs\jdih\vendor\codeigniter4\framework\system\CodeIgniter.php(936): App\Controllers\Berita->detail('img', 'logofix.png')
#6 C:\xampp\htdocs\jdih\vendor\codeigniter4\framework\system\CodeIgniter.php(432): CodeIgniter\CodeIgniter->runController(Object(App\Controllers\Berita))
#7 C:\xampp\htdocs\jdih\vendor\codeigniter4\framework\system\CodeIgniter.php(333): CodeIgniter\CodeIgniter->handleRequest(NULL, Object(Config\Cache), false)
#8 C:\xampp\htdocs\jdih\public\index.php(45): CodeIgniter\CodeIgniter->run()
#9 C:\xampp\htdocs\jdih\vendor\codeigniter4\framework\system\Commands\Server\rewrite.php(45): require_once('C:\\xampp\\htdocs...')
#10 {main}
CRITICAL - 2021-03-08 11:49:48 --> Trying to access array offset on value of type null
#0 C:\xampp\htdocs\jdih\app\Views\berita\detail.php(16): CodeIgniter\Debug\Exceptions->errorHandler(8, 'Trying to acces...', 'C:\\xampp\\htdocs...', 16, Array)
#1 C:\xampp\htdocs\jdih\vendor\codeigniter4\framework\system\View\View.php(220): include('C:\\xampp\\htdocs...')
#2 C:\xampp\htdocs\jdih\vendor\codeigniter4\framework\system\View\View.php(222): CodeIgniter\View\View->CodeIgniter\View\{closure}()
#3 C:\xampp\htdocs\jdih\vendor\codeigniter4\framework\system\Common.php(1217): CodeIgniter\View\View->render('berita/detail', Array, true)
#4 C:\xampp\htdocs\jdih\app\Controllers\Berita.php(26): view('berita/detail', Array)
#5 C:\xampp\htdocs\jdih\vendor\codeigniter4\framework\system\CodeIgniter.php(936): App\Controllers\Berita->detail('assets', 'img', 'blog-1.jpg')
#6 C:\xampp\htdocs\jdih\vendor\codeigniter4\framework\system\CodeIgniter.php(432): CodeIgniter\CodeIgniter->runController(Object(App\Controllers\Berita))
#7 C:\xampp\htdocs\jdih\vendor\codeigniter4\framework\system\CodeIgniter.php(333): CodeIgniter\CodeIgniter->handleRequest(NULL, Object(Config\Cache), false)
#8 C:\xampp\htdocs\jdih\public\index.php(45): CodeIgniter\CodeIgniter->run()
#9 C:\xampp\htdocs\jdih\vendor\codeigniter4\framework\system\Commands\Server\rewrite.php(45): require_once('C:\\xampp\\htdocs...')
#10 {main}
CRITICAL - 2021-03-08 11:49:49 --> Trying to access array offset on value of type null
#0 C:\xampp\htdocs\jdih\app\Views\berita\detail.php(16): CodeIgniter\Debug\Exceptions->errorHandler(8, 'Trying to acces...', 'C:\\xampp\\htdocs...', 16, Array)
#1 C:\xampp\htdocs\jdih\vendor\codeigniter4\framework\system\View\View.php(220): include('C:\\xampp\\htdocs...')
#2 C:\xampp\htdocs\jdih\vendor\codeigniter4\framework\system\View\View.php(222): CodeIgniter\View\View->CodeIgniter\View\{closure}()
#3 C:\xampp\htdocs\jdih\vendor\codeigniter4\framework\system\Common.php(1217): CodeIgniter\View\View->render('berita/detail', Array, true)
#4 C:\xampp\htdocs\jdih\app\Controllers\Berita.php(26): view('berita/detail', Array)
#5 C:\xampp\htdocs\jdih\vendor\codeigniter4\framework\system\CodeIgniter.php(936): App\Controllers\Berita->detail('img', 'logokp.png')
#6 C:\xampp\htdocs\jdih\vendor\codeigniter4\framework\system\CodeIgniter.php(432): CodeIgniter\CodeIgniter->runController(Object(App\Controllers\Berita))
#7 C:\xampp\htdocs\jdih\vendor\codeigniter4\framework\system\CodeIgniter.php(333): CodeIgniter\CodeIgniter->handleRequest(NULL, Object(Config\Cache), false)
#8 C:\xampp\htdocs\jdih\public\index.php(45): CodeIgniter\CodeIgniter->run()
#9 C:\xampp\htdocs\jdih\vendor\codeigniter4\framework\system\Commands\Server\rewrite.php(45): require_once('C:\\xampp\\htdocs...')
#10 {main}
CRITICAL - 2021-03-08 12:27:39 --> Trying to access array offset on value of type null
#0 C:\xampp\htdocs\jdih\app\Views\berita\detail.php(16): CodeIgniter\Debug\Exceptions->errorHandler(8, 'Trying to acces...', 'C:\\xampp\\htdocs...', 16, Array)
#1 C:\xampp\htdocs\jdih\vendor\codeigniter4\framework\system\View\View.php(220): include('C:\\xampp\\htdocs...')
#2 C:\xampp\htdocs\jdih\vendor\codeigniter4\framework\system\View\View.php(222): CodeIgniter\View\View->CodeIgniter\View\{closure}()
#3 C:\xampp\htdocs\jdih\vendor\codeigniter4\framework\system\Common.php(1217): CodeIgniter\View\View->render('berita/detail', Array, true)
#4 C:\xampp\htdocs\jdih\app\Controllers\Berita.php(26): view('berita/detail', Array)
#5 C:\xampp\htdocs\jdih\vendor\codeigniter4\framework\system\CodeIgniter.php(936): App\Controllers\Berita->detail('tampil')
#6 C:\xampp\htdocs\jdih\vendor\codeigniter4\framework\system\CodeIgniter.php(432): CodeIgniter\CodeIgniter->runController(Object(App\Controllers\Berita))
#7 C:\xampp\htdocs\jdih\vendor\codeigniter4\framework\system\CodeIgniter.php(333): CodeIgniter\CodeIgniter->handleRequest(NULL, Object(Config\Cache), false)
#8 C:\xampp\htdocs\jdih\public\index.php(45): CodeIgniter\CodeIgniter->run()
#9 C:\xampp\htdocs\jdih\vendor\codeigniter4\framework\system\Commands\Server\rewrite.php(45): require_once('C:\\xampp\\htdocs...')
#10 {main}
CRITICAL - 2021-03-08 12:30:29 --> Trying to access array offset on value of type null
#0 C:\xampp\htdocs\jdih\app\Views\berita\detail.php(16): CodeIgniter\Debug\Exceptions->errorHandler(8, 'Trying to acces...', 'C:\\xampp\\htdocs...', 16, Array)
#1 C:\xampp\htdocs\jdih\vendor\codeigniter4\framework\system\View\View.php(220): include('C:\\xampp\\htdocs...')
#2 C:\xampp\htdocs\jdih\vendor\codeigniter4\framework\system\View\View.php(222): CodeIgniter\View\View->CodeIgniter\View\{closure}()
#3 C:\xampp\htdocs\jdih\vendor\codeigniter4\framework\system\Common.php(1217): CodeIgniter\View\View->render('berita/detail', Array, true)
#4 C:\xampp\htdocs\jdih\app\Controllers\Berita.php(26): view('berita/detail', Array)
#5 C:\xampp\htdocs\jdih\vendor\codeigniter4\framework\system\CodeIgniter.php(936): App\Controllers\Berita->detail('add')
#6 C:\xampp\htdocs\jdih\vendor\codeigniter4\framework\system\CodeIgniter.php(432): CodeIgniter\CodeIgniter->runController(Object(App\Controllers\Berita))
#7 C:\xampp\htdocs\jdih\vendor\codeigniter4\framework\system\CodeIgniter.php(333): CodeIgniter\CodeIgniter->handleRequest(NULL, Object(Config\Cache), false)
#8 C:\xampp\htdocs\jdih\public\index.php(45): CodeIgniter\CodeIgniter->run()
#9 C:\xampp\htdocs\jdih\vendor\codeigniter4\framework\system\Commands\Server\rewrite.php(45): require_once('C:\\xampp\\htdocs...')
#10 {main}
CRITICAL - 2021-03-08 12:34:04 --> Trying to access array offset on value of type null
#0 C:\xampp\htdocs\jdih\app\Views\berita\detail.php(16): CodeIgniter\Debug\Exceptions->errorHandler(8, 'Trying to acces...', 'C:\\xampp\\htdocs...', 16, Array)
#1 C:\xampp\htdocs\jdih\vendor\codeigniter4\framework\system\View\View.php(220): include('C:\\xampp\\htdocs...')
#2 C:\xampp\htdocs\jdih\vendor\codeigniter4\framework\system\View\View.php(222): CodeIgniter\View\View->CodeIgniter\View\{closure}()
#3 C:\xampp\htdocs\jdih\vendor\codeigniter4\framework\system\Common.php(1217): CodeIgniter\View\View->render('berita/detail', Array, true)
#4 C:\xampp\htdocs\jdih\app\Controllers\Berita.php(26): view('berita/detail', Array)
#5 C:\xampp\htdocs\jdih\vendor\codeigniter4\framework\system\CodeIgniter.php(936): App\Controllers\Berita->detail('add')
#6 C:\xampp\htdocs\jdih\vendor\codeigniter4\framework\system\CodeIgniter.php(432): CodeIgniter\CodeIgniter->runController(Object(App\Controllers\Berita))
#7 C:\xampp\htdocs\jdih\vendor\codeigniter4\framework\system\CodeIgniter.php(333): CodeIgniter\CodeIgniter->handleRequest(NULL, Object(Config\Cache), false)
#8 C:\xampp\htdocs\jdih\public\index.php(45): CodeIgniter\CodeIgniter->run()
#9 C:\xampp\htdocs\jdih\vendor\codeigniter4\framework\system\Commands\Server\rewrite.php(45): require_once('C:\\xampp\\htdocs...')
#10 {main}
CRITICAL - 2021-03-08 12:36:13 --> Trying to access array offset on value of type null
#0 C:\xampp\htdocs\jdih\app\Views\berita\detail.php(16): CodeIgniter\Debug\Exceptions->errorHandler(8, 'Trying to acces...', 'C:\\xampp\\htdocs...', 16, Array)
#1 C:\xampp\htdocs\jdih\vendor\codeigniter4\framework\system\View\View.php(220): include('C:\\xampp\\htdocs...')
#2 C:\xampp\htdocs\jdih\vendor\codeigniter4\framework\system\View\View.php(222): CodeIgniter\View\View->CodeIgniter\View\{closure}()
#3 C:\xampp\htdocs\jdih\vendor\codeigniter4\framework\system\Common.php(1217): CodeIgniter\View\View->render('berita/detail', Array, true)
#4 C:\xampp\htdocs\jdih\app\Controllers\Berita.php(26): view('berita/detail', Array)
#5 C:\xampp\htdocs\jdih\vendor\codeigniter4\framework\system\CodeIgniter.php(936): App\Controllers\Berita->detail('tampil')
#6 C:\xampp\htdocs\jdih\vendor\codeigniter4\framework\system\CodeIgniter.php(432): CodeIgniter\CodeIgniter->runController(Object(App\Controllers\Berita))
#7 C:\xampp\htdocs\jdih\vendor\codeigniter4\framework\system\CodeIgniter.php(333): CodeIgniter\CodeIgniter->handleRequest(NULL, Object(Config\Cache), false)
#8 C:\xampp\htdocs\jdih\public\index.php(45): CodeIgniter\CodeIgniter->run()
#9 C:\xampp\htdocs\jdih\vendor\codeigniter4\framework\system\Commands\Server\rewrite.php(45): require_once('C:\\xampp\\htdocs...')
#10 {main}
CRITICAL - 2021-03-08 12:37:03 --> Trying to access array offset on value of type null
#0 C:\xampp\htdocs\jdih\app\Views\berita\detail.php(16): CodeIgniter\Debug\Exceptions->errorHandler(8, 'Trying to acces...', 'C:\\xampp\\htdocs...', 16, Array)
#1 C:\xampp\htdocs\jdih\vendor\codeigniter4\framework\system\View\View.php(220): include('C:\\xampp\\htdocs...')
#2 C:\xampp\htdocs\jdih\vendor\codeigniter4\framework\system\View\View.php(222): CodeIgniter\View\View->CodeIgniter\View\{closure}()
#3 C:\xampp\htdocs\jdih\vendor\codeigniter4\framework\system\Common.php(1217): CodeIgniter\View\View->render('berita/detail', Array, true)
#4 C:\xampp\htdocs\jdih\app\Controllers\Berita.php(26): view('berita/detail', Array)
#5 C:\xampp\htdocs\jdih\vendor\codeigniter4\framework\system\CodeIgniter.php(936): App\Controllers\Berita->detail('add')
#6 C:\xampp\htdocs\jdih\vendor\codeigniter4\framework\system\CodeIgniter.php(432): CodeIgniter\CodeIgniter->runController(Object(App\Controllers\Berita))
#7 C:\xampp\htdocs\jdih\vendor\codeigniter4\framework\system\CodeIgniter.php(333): CodeIgniter\CodeIgniter->handleRequest(NULL, Object(Config\Cache), false)
#8 C:\xampp\htdocs\jdih\public\index.php(45): CodeIgniter\CodeIgniter->run()
#9 C:\xampp\htdocs\jdih\vendor\codeigniter4\framework\system\Commands\Server\rewrite.php(45): require_once('C:\\xampp\\htdocs...')
#10 {main}
CRITICAL - 2021-03-08 12:40:15 --> Trying to access array offset on value of type null
#0 C:\xampp\htdocs\jdih\app\Views\berita\detail.php(16): CodeIgniter\Debug\Exceptions->errorHandler(8, 'Trying to acces...', 'C:\\xampp\\htdocs...', 16, Array)
#1 C:\xampp\htdocs\jdih\vendor\codeigniter4\framework\system\View\View.php(220): include('C:\\xampp\\htdocs...')
#2 C:\xampp\htdocs\jdih\vendor\codeigniter4\framework\system\View\View.php(222): CodeIgniter\View\View->CodeIgniter\View\{closure}()
#3 C:\xampp\htdocs\jdih\vendor\codeigniter4\framework\system\Common.php(1217): CodeIgniter\View\View->render('berita/detail', Array, true)
#4 C:\xampp\htdocs\jdih\app\Controllers\Berita.php(26): view('berita/detail', Array)
#5 C:\xampp\htdocs\jdih\vendor\codeigniter4\framework\system\CodeIgniter.php(936): App\Controllers\Berita->detail('tampil')
#6 C:\xampp\htdocs\jdih\vendor\codeigniter4\framework\system\CodeIgniter.php(432): CodeIgniter\CodeIgniter->runController(Object(App\Controllers\Berita))
#7 C:\xampp\htdocs\jdih\vendor\codeigniter4\framework\system\CodeIgniter.php(333): CodeIgniter\CodeIgniter->handleRequest(NULL, Object(Config\Cache), false)
#8 C:\xampp\htdocs\jdih\public\index.php(45): CodeIgniter\CodeIgniter->run()
#9 C:\xampp\htdocs\jdih\vendor\codeigniter4\framework\system\Commands\Server\rewrite.php(45): require_once('C:\\xampp\\htdocs...')
#10 {main}
CRITICAL - 2021-03-08 12:55:05 --> Invalid file: admin/berita/tampil.php
#0 C:\xampp\htdocs\jdih\vendor\codeigniter4\framework\system\View\View.php(203): CodeIgniter\Exceptions\FrameworkException::forInvalidFile('admin/berita/ta...')
#1 C:\xampp\htdocs\jdih\vendor\codeigniter4\framework\system\Common.php(1217): CodeIgniter\View\View->render('admin/berita/ta...', Array, true)
#2 C:\xampp\htdocs\jdih\app\Controllers\Berita.php(174): view('admin/berita/ta...', Array)
#3 C:\xampp\htdocs\jdih\vendor\codeigniter4\framework\system\CodeIgniter.php(936): App\Controllers\Berita->publikasi('1110')
#4 C:\xampp\htdocs\jdih\vendor\codeigniter4\framework\system\CodeIgniter.php(432): CodeIgniter\CodeIgniter->runController(Object(App\Controllers\Berita))
#5 C:\xampp\htdocs\jdih\vendor\codeigniter4\framework\system\CodeIgniter.php(333): CodeIgniter\CodeIgniter->handleRequest(NULL, Object(Config\Cache), false)
#6 C:\xampp\htdocs\jdih\public\index.php(45): CodeIgniter\CodeIgniter->run()
#7 C:\xampp\htdocs\jdih\vendor\codeigniter4\framework\system\Commands\Server\rewrite.php(45): require_once('C:\\xampp\\htdocs...')
#8 {main}
CRITICAL - 2021-03-08 13:00:55 --> Invalid file: admin/berita/tampil.php
#0 C:\xampp\htdocs\jdih\vendor\codeigniter4\framework\system\View\View.php(203): CodeIgniter\Exceptions\FrameworkException::forInvalidFile('admin/berita/ta...')
#1 C:\xampp\htdocs\jdih\vendor\codeigniter4\framework\system\Common.php(1217): CodeIgniter\View\View->render('admin/berita/ta...', Array, true)
#2 C:\xampp\htdocs\jdih\app\Controllers\Berita.php(174): view('admin/berita/ta...', Array)
#3 C:\xampp\htdocs\jdih\vendor\codeigniter4\framework\system\CodeIgniter.php(936): App\Controllers\Berita->publikasi('1110')
#4 C:\xampp\htdocs\jdih\vendor\codeigniter4\framework\system\CodeIgniter.php(432): CodeIgniter\CodeIgniter->runController(Object(App\Controllers\Berita))
#5 C:\xampp\htdocs\jdih\vendor\codeigniter4\framework\system\CodeIgniter.php(333): CodeIgniter\CodeIgniter->handleRequest(NULL, Object(Config\Cache), false)
#6 C:\xampp\htdocs\jdih\public\index.php(45): CodeIgniter\CodeIgniter->run()
#7 C:\xampp\htdocs\jdih\vendor\codeigniter4\framework\system\Commands\Server\rewrite.php(45): require_once('C:\\xampp\\htdocs...')
#8 {main}
CRITICAL - 2021-03-08 13:12:55 --> Argument 2 passed to CodeIgniter\HTTP\RedirectResponse::to() must be of the type int or null, array given, called in C:\xampp\htdocs\jdih\app\Controllers\Berita.php on line 174
#0 C:\xampp\htdocs\jdih\app\Controllers\Berita.php(174): CodeIgniter\HTTP\RedirectResponse->to('berita/tampil', Array)
#1 C:\xampp\htdocs\jdih\vendor\codeigniter4\framework\system\CodeIgniter.php(936): App\Controllers\Berita->publikasi('1110')
#2 C:\xampp\htdocs\jdih\vendor\codeigniter4\framework\system\CodeIgniter.php(432): CodeIgniter\CodeIgniter->runController(Object(App\Controllers\Berita))
#3 C:\xampp\htdocs\jdih\vendor\codeigniter4\framework\system\CodeIgniter.php(333): CodeIgniter\CodeIgniter->handleRequest(NULL, Object(Config\Cache), false)
#4 C:\xampp\htdocs\jdih\public\index.php(45): CodeIgniter\CodeIgniter->run()
#5 C:\xampp\htdocs\jdih\vendor\codeigniter4\framework\system\Commands\Server\rewrite.php(45): require_once('C:\\xampp\\htdocs...')
#6 {main}
CRITICAL - 2021-03-08 13:13:55 --> Trying to access array offset on value of type null
#0 C:\xampp\htdocs\jdih\app\Views\berita\detail.php(16): CodeIgniter\Debug\Exceptions->errorHandler(8, 'Trying to acces...', 'C:\\xampp\\htdocs...', 16, Array)
#1 C:\xampp\htdocs\jdih\vendor\codeigniter4\framework\system\View\View.php(220): include('C:\\xampp\\htdocs...')
#2 C:\xampp\htdocs\jdih\vendor\codeigniter4\framework\system\View\View.php(222): CodeIgniter\View\View->CodeIgniter\View\{closure}()
#3 C:\xampp\htdocs\jdih\vendor\codeigniter4\framework\system\Common.php(1217): CodeIgniter\View\View->render('berita/detail', Array, true)
#4 C:\xampp\htdocs\jdih\app\Controllers\Berita.php(26): view('berita/detail', Array)
#5 C:\xampp\htdocs\jdih\vendor\codeigniter4\framework\system\CodeIgniter.php(936): App\Controllers\Berita->detail('publikasi', 'berita', 'tampil')
#6 C:\xampp\htdocs\jdih\vendor\codeigniter4\framework\system\CodeIgniter.php(432): CodeIgniter\CodeIgniter->runController(Object(App\Controllers\Berita))
#7 C:\xampp\htdocs\jdih\vendor\codeigniter4\framework\system\CodeIgniter.php(333): CodeIgniter\CodeIgniter->handleRequest(NULL, Object(Config\Cache), false)
#8 C:\xampp\htdocs\jdih\public\index.php(45): CodeIgniter\CodeIgniter->run()
#9 C:\xampp\htdocs\jdih\vendor\codeigniter4\framework\system\Commands\Server\rewrite.php(45): require_once('C:\\xampp\\htdocs...')
#10 {main}
CRITICAL - 2021-03-08 13:47:56 --> Undefined variable: id
#0 C:\xampp\htdocs\jdih\app\Views\perdes\edit.php(41): CodeIgniter\Debug\Exceptions->errorHandler(8, 'Undefined varia...', 'C:\\xampp\\htdocs...', 41, Array)
#1 C:\xampp\htdocs\jdih\vendor\codeigniter4\framework\system\View\View.php(220): include('C:\\xampp\\htdocs...')
#2 C:\xampp\htdocs\jdih\vendor\codeigniter4\framework\system\View\View.php(222): CodeIgniter\View\View->CodeIgniter\View\{closure}()
#3 C:\xampp\htdocs\jdih\vendor\codeigniter4\framework\system\Common.php(1217): CodeIgniter\View\View->render('perdes/edit', Array, true)
#4 C:\xampp\htdocs\jdih\app\Controllers\Perdes.php(102): view('perdes/edit', Array)
#5 C:\xampp\htdocs\jdih\vendor\codeigniter4\framework\system\CodeIgniter.php(936): App\Controllers\Perdes->edit('1479')
#6 C:\xampp\htdocs\jdih\vendor\codeigniter4\framework\system\CodeIgniter.php(432): CodeIgniter\CodeIgniter->runController(Object(App\Controllers\Perdes))
#7 C:\xampp\htdocs\jdih\vendor\codeigniter4\framework\system\CodeIgniter.php(333): CodeIgniter\CodeIgniter->handleRequest(NULL, Object(Config\Cache), false)
#8 C:\xampp\htdocs\jdih\public\index.php(45): CodeIgniter\CodeIgniter->run()
#9 C:\xampp\htdocs\jdih\vendor\codeigniter4\framework\system\Commands\Server\rewrite.php(45): require_once('C:\\xampp\\htdocs...')
#10 {main}
CRITICAL - 2021-03-08 13:48:08 --> Undefined variable: varrek2
#0 C:\xampp\htdocs\jdih\app\Views\perdes\edit.php(54): CodeIgniter\Debug\Exceptions->errorHandler(8, 'Undefined varia...', 'C:\\xampp\\htdocs...', 54, Array)
#1 C:\xampp\htdocs\jdih\vendor\codeigniter4\framework\system\View\View.php(220): include('C:\\xampp\\htdocs...')
#2 C:\xampp\htdocs\jdih\vendor\codeigniter4\framework\system\View\View.php(222): CodeIgniter\View\View->CodeIgniter\View\{closure}()
#3 C:\xampp\htdocs\jdih\vendor\codeigniter4\framework\system\Common.php(1217): CodeIgniter\View\View->render('perdes/edit', Array, true)
#4 C:\xampp\htdocs\jdih\app\Controllers\Perdes.php(102): view('perdes/edit', Array)
#5 C:\xampp\htdocs\jdih\vendor\codeigniter4\framework\system\CodeIgniter.php(936): App\Controllers\Perdes->edit('1479')
#6 C:\xampp\htdocs\jdih\vendor\codeigniter4\framework\system\CodeIgniter.php(432): CodeIgniter\CodeIgniter->runController(Object(App\Controllers\Perdes))
#7 C:\xampp\htdocs\jdih\vendor\codeigniter4\framework\system\CodeIgniter.php(333): CodeIgniter\CodeIgniter->handleRequest(NULL, Object(Config\Cache), false)
#8 C:\xampp\htdocs\jdih\public\index.php(45): CodeIgniter\CodeIgniter->run()
#9 C:\xampp\htdocs\jdih\vendor\codeigniter4\framework\system\Commands\Server\rewrite.php(45): require_once('C:\\xampp\\htdocs...')
#10 {main}
CRITICAL - 2021-03-08 13:48:23 --> Undefined variable: varrek2
#0 C:\xampp\htdocs\jdih\app\Views\perdes\edit.php(54): CodeIgniter\Debug\Exceptions->errorHandler(8, 'Undefined varia...', 'C:\\xampp\\htdocs...', 54, Array)
#1 C:\xampp\htdocs\jdih\vendor\codeigniter4\framework\system\View\View.php(220): include('C:\\xampp\\htdocs...')
#2 C:\xampp\htdocs\jdih\vendor\codeigniter4\framework\system\View\View.php(222): CodeIgniter\View\View->CodeIgniter\View\{closure}()
#3 C:\xampp\htdocs\jdih\vendor\codeigniter4\framework\system\Common.php(1217): CodeIgniter\View\View->render('perdes/edit', Array, true)
#4 C:\xampp\htdocs\jdih\app\Controllers\Perdes.php(102): view('perdes/edit', Array)
#5 C:\xampp\htdocs\jdih\vendor\codeigniter4\framework\system\CodeIgniter.php(936): App\Controllers\Perdes->edit('1479')
#6 C:\xampp\htdocs\jdih\vendor\codeigniter4\framework\system\CodeIgniter.php(432): CodeIgniter\CodeIgniter->runController(Object(App\Controllers\Perdes))
#7 C:\xampp\htdocs\jdih\vendor\codeigniter4\framework\system\CodeIgniter.php(333): CodeIgniter\CodeIgniter->handleRequest(NULL, Object(Config\Cache), false)
#8 C:\xampp\htdocs\jdih\public\index.php(45): CodeIgniter\CodeIgniter->run()
#9 C:\xampp\htdocs\jdih\vendor\codeigniter4\framework\system\Commands\Server\rewrite.php(45): require_once('C:\\xampp\\htdocs...')
#10 {main}
CRITICAL - 2021-03-08 13:55:03 --> Use of undefined constant id_desa - assumed 'id_desa' (this will throw an Error in a future version of PHP)
#0 C:\xampp\htdocs\jdih\app\Views\perdes\edit.php(39): CodeIgniter\Debug\Exceptions->errorHandler(2, 'Use of undefine...', 'C:\\xampp\\htdocs...', 39, Array)
#1 C:\xampp\htdocs\jdih\vendor\codeigniter4\framework\system\View\View.php(220): include('C:\\xampp\\htdocs...')
#2 C:\xampp\htdocs\jdih\vendor\codeigniter4\framework\system\View\View.php(222): CodeIgniter\View\View->CodeIgniter\View\{closure}()
#3 C:\xampp\htdocs\jdih\vendor\codeigniter4\framework\system\Common.php(1217): CodeIgniter\View\View->render('perdes/edit', Array, true)
#4 C:\xampp\htdocs\jdih\app\Controllers\Perdes.php(102): view('perdes/edit', Array)
#5 C:\xampp\htdocs\jdih\vendor\codeigniter4\framework\system\CodeIgniter.php(936): App\Controllers\Perdes->edit('1479')
#6 C:\xampp\htdocs\jdih\vendor\codeigniter4\framework\system\CodeIgniter.php(432): CodeIgniter\CodeIgniter->runController(Object(App\Controllers\Perdes))
#7 C:\xampp\htdocs\jdih\vendor\codeigniter4\framework\system\CodeIgniter.php(333): CodeIgniter\CodeIgniter->handleRequest(NULL, Object(Config\Cache), false)
#8 C:\xampp\htdocs\jdih\public\index.php(45): CodeIgniter\CodeIgniter->run()
#9 C:\xampp\htdocs\jdih\vendor\codeigniter4\framework\system\Commands\Server\rewrite.php(45): require_once('C:\\xampp\\htdocs...')
#10 {main}
CRITICAL - 2021-03-08 13:55:42 --> Use of undefined constant id_desa - assumed 'id_desa' (this will throw an Error in a future version of PHP)
#0 C:\xampp\htdocs\jdih\app\Views\perdes\edit.php(39): CodeIgniter\Debug\Exceptions->errorHandler(2, 'Use of undefine...', 'C:\\xampp\\htdocs...', 39, Array)
#1 C:\xampp\htdocs\jdih\vendor\codeigniter4\framework\system\View\View.php(220): include('C:\\xampp\\htdocs...')
#2 C:\xampp\htdocs\jdih\vendor\codeigniter4\framework\system\View\View.php(222): CodeIgniter\View\View->CodeIgniter\View\{closure}()
#3 C:\xampp\htdocs\jdih\vendor\codeigniter4\framework\system\Common.php(1217): CodeIgniter\View\View->render('perdes/edit', Array, true)
#4 C:\xampp\htdocs\jdih\app\Controllers\Perdes.php(102): view('perdes/edit', Array)
#5 C:\xampp\htdocs\jdih\vendor\codeigniter4\framework\system\CodeIgniter.php(936): App\Controllers\Perdes->edit('1479')
#6 C:\xampp\htdocs\jdih\vendor\codeigniter4\framework\system\CodeIgniter.php(432): CodeIgniter\CodeIgniter->runController(Object(App\Controllers\Perdes))
#7 C:\xampp\htdocs\jdih\vendor\codeigniter4\framework\system\CodeIgniter.php(333): CodeIgniter\CodeIgniter->handleRequest(NULL, Object(Config\Cache), false)
#8 C:\xampp\htdocs\jdih\public\index.php(45): CodeIgniter\CodeIgniter->run()
#9 C:\xampp\htdocs\jdih\vendor\codeigniter4\framework\system\Commands\Server\rewrite.php(45): require_once('C:\\xampp\\htdocs...')
#10 {main}
CRITICAL - 2021-03-08 13:56:43 --> Use of undefined constant id_desa - assumed 'id_desa' (this will throw an Error in a future version of PHP)
#0 C:\xampp\htdocs\jdih\app\Views\perdes\edit.php(39): CodeIgniter\Debug\Exceptions->errorHandler(2, 'Use of undefine...', 'C:\\xampp\\htdocs...', 39, Array)
#1 C:\xampp\htdocs\jdih\vendor\codeigniter4\framework\system\View\View.php(220): include('C:\\xampp\\htdocs...')
#2 C:\xampp\htdocs\jdih\vendor\codeigniter4\framework\system\View\View.php(222): CodeIgniter\View\View->CodeIgniter\View\{closure}()
#3 C:\xampp\htdocs\jdih\vendor\codeigniter4\framework\system\Common.php(1217): CodeIgniter\View\View->render('perdes/edit', Array, true)
#4 C:\xampp\htdocs\jdih\app\Controllers\Perdes.php(102): view('perdes/edit', Array)
#5 C:\xampp\htdocs\jdih\vendor\codeigniter4\framework\system\CodeIgniter.php(936): App\Controllers\Perdes->edit('1479')
#6 C:\xampp\htdocs\jdih\vendor\codeigniter4\framework\system\CodeIgniter.php(432): CodeIgniter\CodeIgniter->runController(Object(App\Controllers\Perdes))
#7 C:\xampp\htdocs\jdih\vendor\codeigniter4\framework\system\CodeIgniter.php(333): CodeIgniter\CodeIgniter->handleRequest(NULL, Object(Config\Cache), false)
#8 C:\xampp\htdocs\jdih\public\index.php(45): CodeIgniter\CodeIgniter->run()
#9 C:\xampp\htdocs\jdih\vendor\codeigniter4\framework\system\Commands\Server\rewrite.php(45): require_once('C:\\xampp\\htdocs...')
#10 {main}
CRITICAL - 2021-03-08 14:18:20 --> Call to a member function paginate() on null
#0 C:\xampp\htdocs\jdih\vendor\codeigniter4\framework\system\CodeIgniter.php(936): App\Controllers\Dashboard->index()
#1 C:\xampp\htdocs\jdih\vendor\codeigniter4\framework\system\CodeIgniter.php(432): CodeIgniter\CodeIgniter->runController(Object(App\Controllers\Dashboard))
#2 C:\xampp\htdocs\jdih\vendor\codeigniter4\framework\system\CodeIgniter.php(333): CodeIgniter\CodeIgniter->handleRequest(NULL, Object(Config\Cache), false)
#3 C:\xampp\htdocs\jdih\public\index.php(45): CodeIgniter\CodeIgniter->run()
#4 C:\xampp\htdocs\jdih\vendor\codeigniter4\framework\system\Commands\Server\rewrite.php(45): require_once('C:\\xampp\\htdocs...')
#5 {main}
CRITICAL - 2021-03-08 14:19:58 --> Call to a member function paginate() on null
#0 C:\xampp\htdocs\jdih\vendor\codeigniter4\framework\system\CodeIgniter.php(936): App\Controllers\Dashboard->index()
#1 C:\xampp\htdocs\jdih\vendor\codeigniter4\framework\system\CodeIgniter.php(432): CodeIgniter\CodeIgniter->runController(Object(App\Controllers\Dashboard))
#2 C:\xampp\htdocs\jdih\vendor\codeigniter4\framework\system\CodeIgniter.php(333): CodeIgniter\CodeIgniter->handleRequest(NULL, Object(Config\Cache), false)
#3 C:\xampp\htdocs\jdih\public\index.php(45): CodeIgniter\CodeIgniter->run()
#4 C:\xampp\htdocs\jdih\vendor\codeigniter4\framework\system\Commands\Server\rewrite.php(45): require_once('C:\\xampp\\htdocs...')
#5 {main}
CRITICAL - 2021-03-08 15:41:34 --> Trying to access array offset on value of type null
#0 C:\xampp\htdocs\jdih\app\Views\berita\detail.php(16): CodeIgniter\Debug\Exceptions->errorHandler(8, 'Trying to acces...', 'C:\\xampp\\htdocs...', 16, Array)
#1 C:\xampp\htdocs\jdih\vendor\codeigniter4\framework\system\View\View.php(220): include('C:\\xampp\\htdocs...')
#2 C:\xampp\htdocs\jdih\vendor\codeigniter4\framework\system\View\View.php(222): CodeIgniter\View\View->CodeIgniter\View\{closure}()
#3 C:\xampp\htdocs\jdih\vendor\codeigniter4\framework\system\Common.php(1217): CodeIgniter\View\View->render('berita/detail', Array, true)
#4 C:\xampp\htdocs\jdih\app\Controllers\Berita.php(27): view('berita/detail', Array)
#5 C:\xampp\htdocs\jdih\vendor\codeigniter4\framework\system\CodeIgniter.php(936): App\Controllers\Berita->detail('img', 'logofix.png')
#6 C:\xampp\htdocs\jdih\vendor\codeigniter4\framework\system\CodeIgniter.php(432): CodeIgniter\CodeIgniter->runController(Object(App\Controllers\Berita))
#7 C:\xampp\htdocs\jdih\vendor\codeigniter4\framework\system\CodeIgniter.php(333): CodeIgniter\CodeIgniter->handleRequest(NULL, Object(Config\Cache), false)
#8 C:\xampp\htdocs\jdih\public\index.php(45): CodeIgniter\CodeIgniter->run()
#9 C:\xampp\htdocs\jdih\vendor\codeigniter4\framework\system\Commands\Server\rewrite.php(45): require_once('C:\\xampp\\htdocs...')
#10 {main}
CRITICAL - 2021-03-08 15:41:34 --> Trying to access array offset on value of type null
#0 C:\xampp\htdocs\jdih\app\Views\berita\detail.php(16): CodeIgniter\Debug\Exceptions->errorHandler(8, 'Trying to acces...', 'C:\\xampp\\htdocs...', 16, Array)
#1 C:\xampp\htdocs\jdih\vendor\codeigniter4\framework\system\View\View.php(220): include('C:\\xampp\\htdocs...')
#2 C:\xampp\htdocs\jdih\vendor\codeigniter4\framework\system\View\View.php(222): CodeIgniter\View\View->CodeIgniter\View\{closure}()
#3 C:\xampp\htdocs\jdih\vendor\codeigniter4\framework\system\Common.php(1217): CodeIgniter\View\View->render('berita/detail', Array, true)
#4 C:\xampp\htdocs\jdih\app\Controllers\Berita.php(27): view('berita/detail', Array)
#5 C:\xampp\htdocs\jdih\vendor\codeigniter4\framework\system\CodeIgniter.php(936): App\Controllers\Berita->detail('assets', 'img', 'blog-1.jpg')
#6 C:\xampp\htdocs\jdih\vendor\codeigniter4\framework\system\CodeIgniter.php(432): CodeIgniter\CodeIgniter->runController(Object(App\Controllers\Berita))
#7 C:\xampp\htdocs\jdih\vendor\codeigniter4\framework\system\CodeIgniter.php(333): CodeIgniter\CodeIgniter->handleRequest(NULL, Object(Config\Cache), false)
#8 C:\xampp\htdocs\jdih\public\index.php(45): CodeIgniter\CodeIgniter->run()
#9 C:\xampp\htdocs\jdih\vendor\codeigniter4\framework\system\Commands\Server\rewrite.php(45): require_once('C:\\xampp\\htdocs...')
#10 {main}
CRITICAL - 2021-03-08 15:41:34 --> Trying to access array offset on value of type null
#0 C:\xampp\htdocs\jdih\app\Views\berita\detail.php(16): CodeIgniter\Debug\Exceptions->errorHandler(8, 'Trying to acces...', 'C:\\xampp\\htdocs...', 16, Array)
#1 C:\xampp\htdocs\jdih\vendor\codeigniter4\framework\system\View\View.php(220): include('C:\\xampp\\htdocs...')
#2 C:\xampp\htdocs\jdih\vendor\codeigniter4\framework\system\View\View.php(222): CodeIgniter\View\View->CodeIgniter\View\{closure}()
#3 C:\xampp\htdocs\jdih\vendor\codeigniter4\framework\system\Common.php(1217): CodeIgniter\View\View->render('berita/detail', Array, true)
#4 C:\xampp\htdocs\jdih\app\Controllers\Berita.php(27): view('berita/detail', Array)
#5 C:\xampp\htdocs\jdih\vendor\codeigniter4\framework\system\CodeIgniter.php(936): App\Controllers\Berita->detail('img', 'logokp.png')
#6 C:\xampp\htdocs\jdih\vendor\codeigniter4\framework\system\CodeIgniter.php(432): CodeIgniter\CodeIgniter->runController(Object(App\Controllers\Berita))
#7 C:\xampp\htdocs\jdih\vendor\codeigniter4\framework\system\CodeIgniter.php(333): CodeIgniter\CodeIgniter->handleRequest(NULL, Object(Config\Cache), false)
#8 C:\xampp\htdocs\jdih\public\index.php(45): CodeIgniter\CodeIgniter->run()
#9 C:\xampp\htdocs\jdih\vendor\codeigniter4\framework\system\Commands\Server\rewrite.php(45): require_once('C:\\xampp\\htdocs...')
#10 {main}
CRITICAL - 2021-03-08 15:43:45 --> Trying to access array offset on value of type null
#0 C:\xampp\htdocs\jdih\app\Views\berita\detail.php(16): CodeIgniter\Debug\Exceptions->errorHandler(8, 'Trying to acces...', 'C:\\xampp\\htdocs...', 16, Array)
#1 C:\xampp\htdocs\jdih\vendor\codeigniter4\framework\system\View\View.php(220): include('C:\\xampp\\htdocs...')
#2 C:\xampp\htdocs\jdih\vendor\codeigniter4\framework\system\View\View.php(222): CodeIgniter\View\View->CodeIgniter\View\{closure}()
#3 C:\xampp\htdocs\jdih\vendor\codeigniter4\framework\system\Common.php(1217): CodeIgniter\View\View->render('berita/detail', Array, true)
#4 C:\xampp\htdocs\jdih\app\Controllers\Berita.php(27): view('berita/detail', Array)
#5 C:\xampp\htdocs\jdih\vendor\codeigniter4\framework\system\CodeIgniter.php(936): App\Controllers\Berita->detail('assets', 'img', 'blog-1.jpg')
#6 C:\xampp\htdocs\jdih\vendor\codeigniter4\framework\system\CodeIgniter.php(432): CodeIgniter\CodeIgniter->runController(Object(App\Controllers\Berita))
#7 C:\xampp\htdocs\jdih\vendor\codeigniter4\framework\system\CodeIgniter.php(333): CodeIgniter\CodeIgniter->handleRequest(NULL, Object(Config\Cache), false)
#8 C:\xampp\htdocs\jdih\public\index.php(45): CodeIgniter\CodeIgniter->run()
#9 C:\xampp\htdocs\jdih\vendor\codeigniter4\framework\system\Commands\Server\rewrite.php(45): require_once('C:\\xampp\\htdocs...')
#10 {main}
CRITICAL - 2021-03-08 15:43:45 --> Trying to access array offset on value of type null
#0 C:\xampp\htdocs\jdih\app\Views\berita\detail.php(16): CodeIgniter\Debug\Exceptions->errorHandler(8, 'Trying to acces...', 'C:\\xampp\\htdocs...', 16, Array)
#1 C:\xampp\htdocs\jdih\vendor\codeigniter4\framework\system\View\View.php(220): include('C:\\xampp\\htdocs...')
#2 C:\xampp\htdocs\jdih\vendor\codeigniter4\framework\system\View\View.php(222): CodeIgniter\View\View->CodeIgniter\View\{closure}()
#3 C:\xampp\htdocs\jdih\vendor\codeigniter4\framework\system\Common.php(1217): CodeIgniter\View\View->render('berita/detail', Array, true)
#4 C:\xampp\htdocs\jdih\app\Controllers\Berita.php(27): view('berita/detail', Array)
#5 C:\xampp\htdocs\jdih\vendor\codeigniter4\framework\system\CodeIgniter.php(936): App\Controllers\Berita->detail('img', 'logofix.png')
#6 C:\xampp\htdocs\jdih\vendor\codeigniter4\framework\system\CodeIgniter.php(432): CodeIgniter\CodeIgniter->runController(Object(App\Controllers\Berita))
#7 C:\xampp\htdocs\jdih\vendor\codeigniter4\framework\system\CodeIgniter.php(333): CodeIgniter\CodeIgniter->handleRequest(NULL, Object(Config\Cache), false)
#8 C:\xampp\htdocs\jdih\public\index.php(45): CodeIgniter\CodeIgniter->run()
#9 C:\xampp\htdocs\jdih\vendor\codeigniter4\framework\system\Commands\Server\rewrite.php(45): require_once('C:\\xampp\\htdocs...')
#10 {main}
CRITICAL - 2021-03-08 15:43:46 --> Trying to access array offset on value of type null
#0 C:\xampp\htdocs\jdih\app\Views\berita\detail.php(16): CodeIgniter\Debug\Exceptions->errorHandler(8, 'Trying to acces...', 'C:\\xampp\\htdocs...', 16, Array)
#1 C:\xampp\htdocs\jdih\vendor\codeigniter4\framework\system\View\View.php(220): include('C:\\xampp\\htdocs...')
#2 C:\xampp\htdocs\jdih\vendor\codeigniter4\framework\system\View\View.php(222): CodeIgniter\View\View->CodeIgniter\View\{closure}()
#3 C:\xampp\htdocs\jdih\vendor\codeigniter4\framework\system\Common.php(1217): CodeIgniter\View\View->render('berita/detail', Array, true)
#4 C:\xampp\htdocs\jdih\app\Controllers\Berita.php(27): view('berita/detail', Array)
#5 C:\xampp\htdocs\jdih\vendor\codeigniter4\framework\system\CodeIgniter.php(936): App\Controllers\Berita->detail('img', 'logokp.png')
#6 C:\xampp\htdocs\jdih\vendor\codeigniter4\framework\system\CodeIgniter.php(432): CodeIgniter\CodeIgniter->runController(Object(App\Controllers\Berita))
#7 C:\xampp\htdocs\jdih\vendor\codeigniter4\framework\system\CodeIgniter.php(333): CodeIgniter\CodeIgniter->handleRequest(NULL, Object(Config\Cache), false)
#8 C:\xampp\htdocs\jdih\public\index.php(45): CodeIgniter\CodeIgniter->run()
#9 C:\xampp\htdocs\jdih\vendor\codeigniter4\framework\system\Commands\Server\rewrite.php(45): require_once('C:\\xampp\\htdocs...')
#10 {main}
CRITICAL - 2021-03-08 15:43:53 --> Trying to access array offset on value of type null
#0 C:\xampp\htdocs\jdih\app\Views\berita\detail.php(16): CodeIgniter\Debug\Exceptions->errorHandler(8, 'Trying to acces...', 'C:\\xampp\\htdocs...', 16, Array)
#1 C:\xampp\htdocs\jdih\vendor\codeigniter4\framework\system\View\View.php(220): include('C:\\xampp\\htdocs...')
#2 C:\xampp\htdocs\jdih\vendor\codeigniter4\framework\system\View\View.php(222): CodeIgniter\View\View->CodeIgniter\View\{closure}()
#3 C:\xampp\htdocs\jdih\vendor\codeigniter4\framework\system\Common.php(1217): CodeIgniter\View\View->render('berita/detail', Array, true)
#4 C:\xampp\htdocs\jdih\app\Controllers\Berita.php(27): view('berita/detail', Array)
#5 C:\xampp\htdocs\jdih\vendor\codeigniter4\framework\system\CodeIgniter.php(936): App\Controllers\Berita->detail('assets', 'img', 'blog-1.jpg')
#6 C:\xampp\htdocs\jdih\vendor\codeigniter4\framework\system\CodeIgniter.php(432): CodeIgniter\CodeIgniter->runController(Object(App\Controllers\Berita))
#7 C:\xampp\htdocs\jdih\vendor\codeigniter4\framework\system\CodeIgniter.php(333): CodeIgniter\CodeIgniter->handleRequest(NULL, Object(Config\Cache), false)
#8 C:\xampp\htdocs\jdih\public\index.php(45): CodeIgniter\CodeIgniter->run()
#9 C:\xampp\htdocs\jdih\vendor\codeigniter4\framework\system\Commands\Server\rewrite.php(45): require_once('C:\\xampp\\htdocs...')
#10 {main}
CRITICAL - 2021-03-08 15:43:53 --> Trying to access array offset on value of type null
#0 C:\xampp\htdocs\jdih\app\Views\berita\detail.php(16): CodeIgniter\Debug\Exceptions->errorHandler(8, 'Trying to acces...', 'C:\\xampp\\htdocs...', 16, Array)
#1 C:\xampp\htdocs\jdih\vendor\codeigniter4\framework\system\View\View.php(220): include('C:\\xampp\\htdocs...')
#2 C:\xampp\htdocs\jdih\vendor\codeigniter4\framework\system\View\View.php(222): CodeIgniter\View\View->CodeIgniter\View\{closure}()
#3 C:\xampp\htdocs\jdih\vendor\codeigniter4\framework\system\Common.php(1217): CodeIgniter\View\View->render('berita/detail', Array, true)
#4 C:\xampp\htdocs\jdih\app\Controllers\Berita.php(27): view('berita/detail', Array)
#5 C:\xampp\htdocs\jdih\vendor\codeigniter4\framework\system\CodeIgniter.php(936): App\Controllers\Berita->detail('img', 'logofix.png')
#6 C:\xampp\htdocs\jdih\vendor\codeigniter4\framework\system\CodeIgniter.php(432): CodeIgniter\CodeIgniter->runController(Object(App\Controllers\Berita))
#7 C:\xampp\htdocs\jdih\vendor\codeigniter4\framework\system\CodeIgniter.php(333): CodeIgniter\CodeIgniter->handleRequest(NULL, Object(Config\Cache), false)
#8 C:\xampp\htdocs\jdih\public\index.php(45): CodeIgniter\CodeIgniter->run()
#9 C:\xampp\htdocs\jdih\vendor\codeigniter4\framework\system\Commands\Server\rewrite.php(45): require_once('C:\\xampp\\htdocs...')
#10 {main}
CRITICAL - 2021-03-08 15:43:53 --> Trying to access array offset on value of type null
#0 C:\xampp\htdocs\jdih\app\Views\berita\detail.php(16): CodeIgniter\Debug\Exceptions->errorHandler(8, 'Trying to acces...', 'C:\\xampp\\htdocs...', 16, Array)
#1 C:\xampp\htdocs\jdih\vendor\codeigniter4\framework\system\View\View.php(220): include('C:\\xampp\\htdocs...')
#2 C:\xampp\htdocs\jdih\vendor\codeigniter4\framework\system\View\View.php(222): CodeIgniter\View\View->CodeIgniter\View\{closure}()
#3 C:\xampp\htdocs\jdih\vendor\codeigniter4\framework\system\Common.php(1217): CodeIgniter\View\View->render('berita/detail', Array, true)
#4 C:\xampp\htdocs\jdih\app\Controllers\Berita.php(27): view('berita/detail', Array)
#5 C:\xampp\htdocs\jdih\vendor\codeigniter4\framework\system\CodeIgniter.php(936): App\Controllers\Berita->detail('img', 'logokp.png')
#6 C:\xampp\htdocs\jdih\vendor\codeigniter4\framework\system\CodeIgniter.php(432): CodeIgniter\CodeIgniter->runController(Object(App\Controllers\Berita))
#7 C:\xampp\htdocs\jdih\vendor\codeigniter4\framework\system\CodeIgniter.php(333): CodeIgniter\CodeIgniter->handleRequest(NULL, Object(Config\Cache), false)
#8 C:\xampp\htdocs\jdih\public\index.php(45): CodeIgniter\CodeIgniter->run()
#9 C:\xampp\htdocs\jdih\vendor\codeigniter4\framework\system\Commands\Server\rewrite.php(45): require_once('C:\\xampp\\htdocs...')
#10 {main}
