CRITICAL - 2022-08-17 00:10:12 --> Undefined variable: label
#0 /var/www/html/produksiku/app/Views/admin/body.php(96): CodeIgniter\Debug\Exceptions->errorHandler()
#1 /var/www/html/produksiku/system/View/View.php(214): include('/var/www/html/p...')
#2 /var/www/html/produksiku/system/View/View.php(217): CodeIgniter\View\View->CodeIgniter\View\{closure}()
#3 /var/www/html/produksiku/system/Common.php(1092): CodeIgniter\View\View->render()
#4 /var/www/html/produksiku/app/Controllers/Admin.php(11): view()
#5 /var/www/html/produksiku/system/CodeIgniter.php(802): App\Controllers\Admin->index()
#6 /var/www/html/produksiku/system/CodeIgniter.php(399): CodeIgniter\CodeIgniter->runController()
#7 /var/www/html/produksiku/system/CodeIgniter.php(317): CodeIgniter\CodeIgniter->handleRequest()
#8 /var/www/html/produksiku/public/index.php(36): CodeIgniter\CodeIgniter->run()
#9 {main}
CRITICAL - 2022-08-17 13:19:27 --> Call to undefined function App\Controllers\month()
#0 /var/www/html/produksiku/system/CodeIgniter.php(802): App\Controllers\Admin->index()
#1 /var/www/html/produksiku/system/CodeIgniter.php(399): CodeIgniter\CodeIgniter->runController()
#2 /var/www/html/produksiku/system/CodeIgniter.php(317): CodeIgniter\CodeIgniter->handleRequest()
#3 /var/www/html/produksiku/public/index.php(36): CodeIgniter\CodeIgniter->run()
#4 {main}
CRITICAL - 2022-08-17 13:20:12 --> Call to undefined function App\Controllers\MONTH()
#0 /var/www/html/produksiku/system/CodeIgniter.php(802): App\Controllers\Admin->index()
#1 /var/www/html/produksiku/system/CodeIgniter.php(399): CodeIgniter\CodeIgniter->runController()
#2 /var/www/html/produksiku/system/CodeIgniter.php(317): CodeIgniter\CodeIgniter->handleRequest()
#3 /var/www/html/produksiku/public/index.php(36): CodeIgniter\CodeIgniter->run()
#4 {main}
CRITICAL - 2022-08-17 13:20:13 --> Call to undefined function App\Controllers\MONTH()
#0 /var/www/html/produksiku/system/CodeIgniter.php(802): App\Controllers\Admin->index()
#1 /var/www/html/produksiku/system/CodeIgniter.php(399): CodeIgniter\CodeIgniter->runController()
#2 /var/www/html/produksiku/system/CodeIgniter.php(317): CodeIgniter\CodeIgniter->handleRequest()
#3 /var/www/html/produksiku/public/index.php(36): CodeIgniter\CodeIgniter->run()
#4 {main}
CRITICAL - 2022-08-17 13:27:27 --> A non well formed numeric value encountered
#0 [internal function]: CodeIgniter\Debug\Exceptions->errorHandler()
#1 /var/www/html/produksiku/app/Views/admin/body.php(46): date()
#2 /var/www/html/produksiku/system/View/View.php(214): include('/var/www/html/p...')
#3 /var/www/html/produksiku/system/View/View.php(217): CodeIgniter\View\View->CodeIgniter\View\{closure}()
#4 /var/www/html/produksiku/system/Common.php(1092): CodeIgniter\View\View->render()
#5 /var/www/html/produksiku/app/Controllers/Admin.php(18): view()
#6 /var/www/html/produksiku/system/CodeIgniter.php(802): App\Controllers\Admin->index()
#7 /var/www/html/produksiku/system/CodeIgniter.php(399): CodeIgniter\CodeIgniter->runController()
#8 /var/www/html/produksiku/system/CodeIgniter.php(317): CodeIgniter\CodeIgniter->handleRequest()
#9 /var/www/html/produksiku/public/index.php(36): CodeIgniter\CodeIgniter->run()
#10 {main}
CRITICAL - 2022-08-17 13:30:25 --> A non well formed numeric value encountered
#0 [internal function]: CodeIgniter\Debug\Exceptions->errorHandler()
#1 /var/www/html/produksiku/app/Views/admin/body.php(46): date()
#2 /var/www/html/produksiku/system/View/View.php(214): include('/var/www/html/p...')
#3 /var/www/html/produksiku/system/View/View.php(217): CodeIgniter\View\View->CodeIgniter\View\{closure}()
#4 /var/www/html/produksiku/system/Common.php(1092): CodeIgniter\View\View->render()
#5 /var/www/html/produksiku/app/Controllers/Admin.php(18): view()
#6 /var/www/html/produksiku/system/CodeIgniter.php(802): App\Controllers\Admin->index()
#7 /var/www/html/produksiku/system/CodeIgniter.php(399): CodeIgniter\CodeIgniter->runController()
#8 /var/www/html/produksiku/system/CodeIgniter.php(317): CodeIgniter\CodeIgniter->handleRequest()
#9 /var/www/html/produksiku/public/index.php(36): CodeIgniter\CodeIgniter->run()
#10 {main}
CRITICAL - 2022-08-17 13:31:17 --> A non well formed numeric value encountered
#0 [internal function]: CodeIgniter\Debug\Exceptions->errorHandler()
#1 /var/www/html/produksiku/app/Views/admin/body.php(47): date()
#2 /var/www/html/produksiku/system/View/View.php(214): include('/var/www/html/p...')
#3 /var/www/html/produksiku/system/View/View.php(217): CodeIgniter\View\View->CodeIgniter\View\{closure}()
#4 /var/www/html/produksiku/system/Common.php(1092): CodeIgniter\View\View->render()
#5 /var/www/html/produksiku/app/Controllers/Admin.php(18): view()
#6 /var/www/html/produksiku/system/CodeIgniter.php(802): App\Controllers\Admin->index()
#7 /var/www/html/produksiku/system/CodeIgniter.php(399): CodeIgniter\CodeIgniter->runController()
#8 /var/www/html/produksiku/system/CodeIgniter.php(317): CodeIgniter\CodeIgniter->handleRequest()
#9 /var/www/html/produksiku/public/index.php(36): CodeIgniter\CodeIgniter->run()
#10 {main}
