CRITICAL - 2021-02-15 19:08:40 --> Call to undefined function word_limiter()
#0 C:\xampp\htdocs\jdih\vendor\codeigniter4\framework\system\View\View.php(246): include()
#1 C:\xampp\htdocs\jdih\vendor\codeigniter4\framework\system\Common.php(1119): CodeIgniter\View\View->render('berita', Array, true)
#2 C:\xampp\htdocs\jdih\app\Controllers\Berita.php(17): view('berita', Array)
#3 C:\xampp\htdocs\jdih\vendor\codeigniter4\framework\system\CodeIgniter.php(918): App\Controllers\Berita->index()
#4 C:\xampp\htdocs\jdih\vendor\codeigniter4\framework\system\CodeIgniter.php(404): CodeIgniter\CodeIgniter->runController(Object(App\Controllers\Berita))
#5 C:\xampp\htdocs\jdih\vendor\codeigniter4\framework\system\CodeIgniter.php(312): CodeIgniter\CodeIgniter->handleRequest(NULL, Object(Config\Cache), false)
#6 C:\xampp\htdocs\jdih\public\index.php(45): CodeIgniter\CodeIgniter->run()
#7 C:\xampp\htdocs\jdih\vendor\codeigniter4\framework\system\Commands\Server\rewrite.php(34): require_once('C:\\xampp\\htdocs...')
#8 {main}
CRITICAL - 2021-02-15 19:49:52 --> Call to undefined function character_limiter()
#0 C:\xampp\htdocs\jdih\vendor\codeigniter4\framework\system\View\View.php(246): include()
#1 C:\xampp\htdocs\jdih\vendor\codeigniter4\framework\system\Common.php(1119): CodeIgniter\View\View->render('berita', Array, true)
#2 C:\xampp\htdocs\jdih\app\Controllers\Berita.php(17): view('berita', Array)
#3 C:\xampp\htdocs\jdih\vendor\codeigniter4\framework\system\CodeIgniter.php(918): App\Controllers\Berita->index()
#4 C:\xampp\htdocs\jdih\vendor\codeigniter4\framework\system\CodeIgniter.php(404): CodeIgniter\CodeIgniter->runController(Object(App\Controllers\Berita))
#5 C:\xampp\htdocs\jdih\vendor\codeigniter4\framework\system\CodeIgniter.php(312): CodeIgniter\CodeIgniter->handleRequest(NULL, Object(Config\Cache), false)
#6 C:\xampp\htdocs\jdih\public\index.php(45): CodeIgniter\CodeIgniter->run()
#7 C:\xampp\htdocs\jdih\vendor\codeigniter4\framework\system\Commands\Server\rewrite.php(34): require_once('C:\\xampp\\htdocs...')
#8 {main}
CRITICAL - 2021-02-15 19:52:54 --> Class 'App\Models\ArtikelModel' not found
#0 C:\xampp\htdocs\jdih\vendor\codeigniter4\framework\system\CodeIgniter.php(891): App\Controllers\BaseController->initController(Object(CodeIgniter\HTTP\IncomingRequest), Object(CodeIgniter\HTTP\Response), Object(CodeIgniter\Log\Logger))
#1 C:\xampp\htdocs\jdih\vendor\codeigniter4\framework\system\CodeIgniter.php(399): CodeIgniter\CodeIgniter->createController()
#2 C:\xampp\htdocs\jdih\vendor\codeigniter4\framework\system\CodeIgniter.php(312): CodeIgniter\CodeIgniter->handleRequest(NULL, Object(Config\Cache), false)
#3 C:\xampp\htdocs\jdih\public\index.php(45): CodeIgniter\CodeIgniter->run()
#4 C:\xampp\htdocs\jdih\vendor\codeigniter4\framework\system\Commands\Server\rewrite.php(34): require_once('C:\\xampp\\htdocs...')
#5 {main}
CRITICAL - 2021-02-15 19:52:59 --> Class 'App\Models\ArtikelModel' not found
#0 C:\xampp\htdocs\jdih\vendor\codeigniter4\framework\system\CodeIgniter.php(891): App\Controllers\BaseController->initController(Object(CodeIgniter\HTTP\IncomingRequest), Object(CodeIgniter\HTTP\Response), Object(CodeIgniter\Log\Logger))
#1 C:\xampp\htdocs\jdih\vendor\codeigniter4\framework\system\CodeIgniter.php(399): CodeIgniter\CodeIgniter->createController()
#2 C:\xampp\htdocs\jdih\vendor\codeigniter4\framework\system\CodeIgniter.php(312): CodeIgniter\CodeIgniter->handleRequest(NULL, Object(Config\Cache), false)
#3 C:\xampp\htdocs\jdih\public\index.php(45): CodeIgniter\CodeIgniter->run()
#4 C:\xampp\htdocs\jdih\vendor\codeigniter4\framework\system\Commands\Server\rewrite.php(34): require_once('C:\\xampp\\htdocs...')
#5 {main}
CRITICAL - 2021-02-15 19:53:28 --> Call to undefined function character_limiter()
#0 C:\xampp\htdocs\jdih\vendor\codeigniter4\framework\system\View\View.php(246): include()
#1 C:\xampp\htdocs\jdih\vendor\codeigniter4\framework\system\Common.php(1119): CodeIgniter\View\View->render('berita', Array, true)
#2 C:\xampp\htdocs\jdih\app\Controllers\Berita.php(17): view('berita', Array)
#3 C:\xampp\htdocs\jdih\vendor\codeigniter4\framework\system\CodeIgniter.php(918): App\Controllers\Berita->index()
#4 C:\xampp\htdocs\jdih\vendor\codeigniter4\framework\system\CodeIgniter.php(404): CodeIgniter\CodeIgniter->runController(Object(App\Controllers\Berita))
#5 C:\xampp\htdocs\jdih\vendor\codeigniter4\framework\system\CodeIgniter.php(312): CodeIgniter\CodeIgniter->handleRequest(NULL, Object(Config\Cache), false)
#6 C:\xampp\htdocs\jdih\public\index.php(45): CodeIgniter\CodeIgniter->run()
#7 C:\xampp\htdocs\jdih\vendor\codeigniter4\framework\system\Commands\Server\rewrite.php(34): require_once('C:\\xampp\\htdocs...')
#8 {main}
CRITICAL - 2021-02-15 19:55:31 --> Undefined property: App\Controllers\Berita::$load
#0 C:\xampp\htdocs\jdih\app\Controllers\Berita.php(11): CodeIgniter\Debug\Exceptions->errorHandler(8, 'Undefined prope...', 'C:\\xampp\\htdocs...', 11, Array)
#1 C:\xampp\htdocs\jdih\vendor\codeigniter4\framework\system\CodeIgniter.php(918): App\Controllers\Berita->index()
#2 C:\xampp\htdocs\jdih\vendor\codeigniter4\framework\system\CodeIgniter.php(404): CodeIgniter\CodeIgniter->runController(Object(App\Controllers\Berita))
#3 C:\xampp\htdocs\jdih\vendor\codeigniter4\framework\system\CodeIgniter.php(312): CodeIgniter\CodeIgniter->handleRequest(NULL, Object(Config\Cache), false)
#4 C:\xampp\htdocs\jdih\public\index.php(45): CodeIgniter\CodeIgniter->run()
#5 C:\xampp\htdocs\jdih\vendor\codeigniter4\framework\system\Commands\Server\rewrite.php(34): require_once('C:\\xampp\\htdocs...')
#6 {main}
CRITICAL - 2021-02-15 19:55:46 --> Call to undefined function character_limiter()
#0 C:\xampp\htdocs\jdih\vendor\codeigniter4\framework\system\View\View.php(246): include()
#1 C:\xampp\htdocs\jdih\vendor\codeigniter4\framework\system\Common.php(1119): CodeIgniter\View\View->render('berita', Array, true)
#2 C:\xampp\htdocs\jdih\app\Controllers\Berita.php(18): view('berita', Array)
#3 C:\xampp\htdocs\jdih\vendor\codeigniter4\framework\system\CodeIgniter.php(918): App\Controllers\Berita->index()
#4 C:\xampp\htdocs\jdih\vendor\codeigniter4\framework\system\CodeIgniter.php(404): CodeIgniter\CodeIgniter->runController(Object(App\Controllers\Berita))
#5 C:\xampp\htdocs\jdih\vendor\codeigniter4\framework\system\CodeIgniter.php(312): CodeIgniter\CodeIgniter->handleRequest(NULL, Object(Config\Cache), false)
#6 C:\xampp\htdocs\jdih\public\index.php(45): CodeIgniter\CodeIgniter->run()
#7 C:\xampp\htdocs\jdih\vendor\codeigniter4\framework\system\Commands\Server\rewrite.php(34): require_once('C:\\xampp\\htdocs...')
#8 {main}
CRITICAL - 2021-02-15 19:57:07 --> Cannot call constructor
#0 C:\xampp\htdocs\jdih\vendor\codeigniter4\framework\system\CodeIgniter.php(890): App\Controllers\Berita->__construct()
#1 C:\xampp\htdocs\jdih\vendor\codeigniter4\framework\system\CodeIgniter.php(399): CodeIgniter\CodeIgniter->createController()
#2 C:\xampp\htdocs\jdih\vendor\codeigniter4\framework\system\CodeIgniter.php(312): CodeIgniter\CodeIgniter->handleRequest(NULL, Object(Config\Cache), false)
#3 C:\xampp\htdocs\jdih\public\index.php(45): CodeIgniter\CodeIgniter->run()
#4 C:\xampp\htdocs\jdih\vendor\codeigniter4\framework\system\Commands\Server\rewrite.php(34): require_once('C:\\xampp\\htdocs...')
#5 {main}
CRITICAL - 2021-02-15 19:57:25 --> Undefined property: App\Controllers\Berita::$load
#0 C:\xampp\htdocs\jdih\app\Controllers\Berita.php(12): CodeIgniter\Debug\Exceptions->errorHandler(8, 'Undefined prope...', 'C:\\xampp\\htdocs...', 12, Array)
#1 C:\xampp\htdocs\jdih\vendor\codeigniter4\framework\system\CodeIgniter.php(890): App\Controllers\Berita->__construct()
#2 C:\xampp\htdocs\jdih\vendor\codeigniter4\framework\system\CodeIgniter.php(399): CodeIgniter\CodeIgniter->createController()
#3 C:\xampp\htdocs\jdih\vendor\codeigniter4\framework\system\CodeIgniter.php(312): CodeIgniter\CodeIgniter->handleRequest(NULL, Object(Config\Cache), false)
#4 C:\xampp\htdocs\jdih\public\index.php(45): CodeIgniter\CodeIgniter->run()
#5 C:\xampp\htdocs\jdih\vendor\codeigniter4\framework\system\Commands\Server\rewrite.php(34): require_once('C:\\xampp\\htdocs...')
#6 {main}
CRITICAL - 2021-02-15 19:58:28 --> Undefined property: App\Controllers\Berita::$BeritaModel
#0 C:\xampp\htdocs\jdih\app\Controllers\Berita.php(12): CodeIgniter\Debug\Exceptions->errorHandler(8, 'Undefined prope...', 'C:\\xampp\\htdocs...', 12, Array)
#1 C:\xampp\htdocs\jdih\vendor\codeigniter4\framework\system\CodeIgniter.php(890): App\Controllers\Berita->__construct()
#2 C:\xampp\htdocs\jdih\vendor\codeigniter4\framework\system\CodeIgniter.php(399): CodeIgniter\CodeIgniter->createController()
#3 C:\xampp\htdocs\jdih\vendor\codeigniter4\framework\system\CodeIgniter.php(312): CodeIgniter\CodeIgniter->handleRequest(NULL, Object(Config\Cache), false)
#4 C:\xampp\htdocs\jdih\public\index.php(45): CodeIgniter\CodeIgniter->run()
#5 C:\xampp\htdocs\jdih\vendor\codeigniter4\framework\system\Commands\Server\rewrite.php(34): require_once('C:\\xampp\\htdocs...')
#6 {main}
CRITICAL - 2021-02-15 20:09:29 --> Call to undefined function App\Controllers\word_limiter()
#0 C:\xampp\htdocs\jdih\vendor\codeigniter4\framework\system\CodeIgniter.php(918): App\Controllers\Berita->index()
#1 C:\xampp\htdocs\jdih\vendor\codeigniter4\framework\system\CodeIgniter.php(404): CodeIgniter\CodeIgniter->runController(Object(App\Controllers\Berita))
#2 C:\xampp\htdocs\jdih\vendor\codeigniter4\framework\system\CodeIgniter.php(312): CodeIgniter\CodeIgniter->handleRequest(NULL, Object(Config\Cache), false)
#3 C:\xampp\htdocs\jdih\public\index.php(45): CodeIgniter\CodeIgniter->run()
#4 C:\xampp\htdocs\jdih\vendor\codeigniter4\framework\system\Commands\Server\rewrite.php(34): require_once('C:\\xampp\\htdocs...')
#5 {main}
CRITICAL - 2021-02-15 20:09:49 --> Call to undefined function App\Controllers\word_limiter()
#0 C:\xampp\htdocs\jdih\vendor\codeigniter4\framework\system\CodeIgniter.php(918): App\Controllers\Berita->index()
#1 C:\xampp\htdocs\jdih\vendor\codeigniter4\framework\system\CodeIgniter.php(404): CodeIgniter\CodeIgniter->runController(Object(App\Controllers\Berita))
#2 C:\xampp\htdocs\jdih\vendor\codeigniter4\framework\system\CodeIgniter.php(312): CodeIgniter\CodeIgniter->handleRequest(NULL, Object(Config\Cache), false)
#3 C:\xampp\htdocs\jdih\public\index.php(45): CodeIgniter\CodeIgniter->run()
#4 C:\xampp\htdocs\jdih\vendor\codeigniter4\framework\system\Commands\Server\rewrite.php(34): require_once('C:\\xampp\\htdocs...')
#5 {main}
CRITICAL - 2021-02-15 20:11:22 --> syntax error, unexpected '$this' (T_VARIABLE), expecting function (T_FUNCTION) or const (T_CONST)
#0 C:\xampp\htdocs\jdih\vendor\codeigniter4\framework\system\Autoloader\Autoloader.php(296): CodeIgniter\Autoloader\Autoloader->requireFile('C:\\xampp\\htdocs...')
#1 C:\xampp\htdocs\jdih\vendor\codeigniter4\framework\system\Autoloader\Autoloader.php(258): CodeIgniter\Autoloader\Autoloader->loadInNamespace('App\\Controllers...')
#2 [internal function]: CodeIgniter\Autoloader\Autoloader->loadClass('App\\Controllers...')
#3 [internal function]: spl_autoload_call('App\\Controllers...')
#4 C:\xampp\htdocs\jdih\vendor\codeigniter4\framework\system\CodeIgniter.php(869): class_exists('\\App\\Controller...', true)
#5 C:\xampp\htdocs\jdih\vendor\codeigniter4\framework\system\CodeIgniter.php(394): CodeIgniter\CodeIgniter->startController()
#6 C:\xampp\htdocs\jdih\vendor\codeigniter4\framework\system\CodeIgniter.php(312): CodeIgniter\CodeIgniter->handleRequest(NULL, Object(Config\Cache), false)
#7 C:\xampp\htdocs\jdih\public\index.php(45): CodeIgniter\CodeIgniter->run()
#8 C:\xampp\htdocs\jdih\vendor\codeigniter4\framework\system\Commands\Server\rewrite.php(34): require_once('C:\\xampp\\htdocs...')
#9 {main}
CRITICAL - 2021-02-15 20:35:47 --> Undefined index: slug
#0 C:\xampp\htdocs\jdih\app\Views\berita.php(47): CodeIgniter\Debug\Exceptions->errorHandler(8, 'Undefined index...', 'C:\\xampp\\htdocs...', 47, Array)
#1 C:\xampp\htdocs\jdih\vendor\codeigniter4\framework\system\View\View.php(246): include('C:\\xampp\\htdocs...')
#2 C:\xampp\htdocs\jdih\vendor\codeigniter4\framework\system\Common.php(1119): CodeIgniter\View\View->render('berita', Array, true)
#3 C:\xampp\htdocs\jdih\app\Controllers\Berita.php(17): view('berita', Array)
#4 C:\xampp\htdocs\jdih\vendor\codeigniter4\framework\system\CodeIgniter.php(918): App\Controllers\Berita->index()
#5 C:\xampp\htdocs\jdih\vendor\codeigniter4\framework\system\CodeIgniter.php(404): CodeIgniter\CodeIgniter->runController(Object(App\Controllers\Berita))
#6 C:\xampp\htdocs\jdih\vendor\codeigniter4\framework\system\CodeIgniter.php(312): CodeIgniter\CodeIgniter->handleRequest(NULL, Object(Config\Cache), false)
#7 C:\xampp\htdocs\jdih\public\index.php(45): CodeIgniter\CodeIgniter->run()
#8 C:\xampp\htdocs\jdih\vendor\codeigniter4\framework\system\Commands\Server\rewrite.php(34): require_once('C:\\xampp\\htdocs...')
#9 {main}
CRITICAL - 2021-02-15 20:37:41 --> Undefined index: slug
#0 C:\xampp\htdocs\jdih\app\Views\berita.php(47): CodeIgniter\Debug\Exceptions->errorHandler(8, 'Undefined index...', 'C:\\xampp\\htdocs...', 47, Array)
#1 C:\xampp\htdocs\jdih\vendor\codeigniter4\framework\system\View\View.php(246): include('C:\\xampp\\htdocs...')
#2 C:\xampp\htdocs\jdih\vendor\codeigniter4\framework\system\Common.php(1119): CodeIgniter\View\View->render('berita', Array, true)
#3 C:\xampp\htdocs\jdih\app\Controllers\Berita.php(17): view('berita', Array)
#4 C:\xampp\htdocs\jdih\vendor\codeigniter4\framework\system\CodeIgniter.php(918): App\Controllers\Berita->index()
#5 C:\xampp\htdocs\jdih\vendor\codeigniter4\framework\system\CodeIgniter.php(404): CodeIgniter\CodeIgniter->runController(Object(App\Controllers\Berita))
#6 C:\xampp\htdocs\jdih\vendor\codeigniter4\framework\system\CodeIgniter.php(312): CodeIgniter\CodeIgniter->handleRequest(NULL, Object(Config\Cache), false)
#7 C:\xampp\htdocs\jdih\public\index.php(45): CodeIgniter\CodeIgniter->run()
#8 C:\xampp\htdocs\jdih\vendor\codeigniter4\framework\system\Commands\Server\rewrite.php(34): require_once('C:\\xampp\\htdocs...')
#9 {main}
CRITICAL - 2021-02-15 20:55:25 --> Use of undefined constant flase - assumed 'flase' (this will throw an Error in a future version of PHP)
#0 C:\xampp\htdocs\jdih\app\Models\BeritaModel.php(11): CodeIgniter\Debug\Exceptions->errorHandler(2, 'Use of undefine...', 'C:\\xampp\\htdocs...', 11, Array)
#1 C:\xampp\htdocs\jdih\app\Controllers\Berita.php(14): App\Models\BeritaModel->getBerita()
#2 C:\xampp\htdocs\jdih\vendor\codeigniter4\framework\system\CodeIgniter.php(918): App\Controllers\Berita->index()
#3 C:\xampp\htdocs\jdih\vendor\codeigniter4\framework\system\CodeIgniter.php(404): CodeIgniter\CodeIgniter->runController(Object(App\Controllers\Berita))
#4 C:\xampp\htdocs\jdih\vendor\codeigniter4\framework\system\CodeIgniter.php(312): CodeIgniter\CodeIgniter->handleRequest(NULL, Object(Config\Cache), false)
#5 C:\xampp\htdocs\jdih\public\index.php(45): CodeIgniter\CodeIgniter->run()
#6 C:\xampp\htdocs\jdih\vendor\codeigniter4\framework\system\Commands\Server\rewrite.php(34): require_once('C:\\xampp\\htdocs...')
#7 {main}
CRITICAL - 2021-02-15 20:55:58 --> Use of undefined constant flase - assumed 'flase' (this will throw an Error in a future version of PHP)
#0 C:\xampp\htdocs\jdih\app\Models\BeritaModel.php(11): CodeIgniter\Debug\Exceptions->errorHandler(2, 'Use of undefine...', 'C:\\xampp\\htdocs...', 11, Array)
#1 C:\xampp\htdocs\jdih\app\Controllers\Berita.php(14): App\Models\BeritaModel->getBerita()
#2 C:\xampp\htdocs\jdih\vendor\codeigniter4\framework\system\CodeIgniter.php(918): App\Controllers\Berita->index()
#3 C:\xampp\htdocs\jdih\vendor\codeigniter4\framework\system\CodeIgniter.php(404): CodeIgniter\CodeIgniter->runController(Object(App\Controllers\Berita))
#4 C:\xampp\htdocs\jdih\vendor\codeigniter4\framework\system\CodeIgniter.php(312): CodeIgniter\CodeIgniter->handleRequest(NULL, Object(Config\Cache), false)
#5 C:\xampp\htdocs\jdih\public\index.php(45): CodeIgniter\CodeIgniter->run()
#6 C:\xampp\htdocs\jdih\vendor\codeigniter4\framework\system\Commands\Server\rewrite.php(34): require_once('C:\\xampp\\htdocs...')
#7 {main}
CRITICAL - 2021-02-15 20:56:37 --> Use of undefined constant flase - assumed 'flase' (this will throw an Error in a future version of PHP)
#0 C:\xampp\htdocs\jdih\app\Models\BeritaModel.php(11): CodeIgniter\Debug\Exceptions->errorHandler(2, 'Use of undefine...', 'C:\\xampp\\htdocs...', 11, Array)
#1 C:\xampp\htdocs\jdih\app\Controllers\Berita.php(14): App\Models\BeritaModel->getBerita()
#2 C:\xampp\htdocs\jdih\vendor\codeigniter4\framework\system\CodeIgniter.php(918): App\Controllers\Berita->index()
#3 C:\xampp\htdocs\jdih\vendor\codeigniter4\framework\system\CodeIgniter.php(404): CodeIgniter\CodeIgniter->runController(Object(App\Controllers\Berita))
#4 C:\xampp\htdocs\jdih\vendor\codeigniter4\framework\system\CodeIgniter.php(312): CodeIgniter\CodeIgniter->handleRequest(NULL, Object(Config\Cache), false)
#5 C:\xampp\htdocs\jdih\public\index.php(45): CodeIgniter\CodeIgniter->run()
#6 C:\xampp\htdocs\jdih\vendor\codeigniter4\framework\system\Commands\Server\rewrite.php(34): require_once('C:\\xampp\\htdocs...')
#7 {main}
CRITICAL - 2021-02-15 20:57:13 --> Use of undefined constant flase - assumed 'flase' (this will throw an Error in a future version of PHP)
#0 C:\xampp\htdocs\jdih\app\Models\BeritaModel.php(11): CodeIgniter\Debug\Exceptions->errorHandler(2, 'Use of undefine...', 'C:\\xampp\\htdocs...', 11, Array)
#1 C:\xampp\htdocs\jdih\app\Controllers\Berita.php(14): App\Models\BeritaModel->getBerita()
#2 C:\xampp\htdocs\jdih\vendor\codeigniter4\framework\system\CodeIgniter.php(918): App\Controllers\Berita->index()
#3 C:\xampp\htdocs\jdih\vendor\codeigniter4\framework\system\CodeIgniter.php(404): CodeIgniter\CodeIgniter->runController(Object(App\Controllers\Berita))
#4 C:\xampp\htdocs\jdih\vendor\codeigniter4\framework\system\CodeIgniter.php(312): CodeIgniter\CodeIgniter->handleRequest(NULL, Object(Config\Cache), false)
#5 C:\xampp\htdocs\jdih\public\index.php(45): CodeIgniter\CodeIgniter->run()
#6 C:\xampp\htdocs\jdih\vendor\codeigniter4\framework\system\Commands\Server\rewrite.php(34): require_once('C:\\xampp\\htdocs...')
#7 {main}
CRITICAL - 2021-02-15 21:07:29 --> Undefined variable: artikel
#0 C:\xampp\htdocs\jdih\app\Views\berita\berita.php(24): CodeIgniter\Debug\Exceptions->errorHandler(8, 'Undefined varia...', 'C:\\xampp\\htdocs...', 24, Array)
#1 C:\xampp\htdocs\jdih\vendor\codeigniter4\framework\system\View\View.php(246): include('C:\\xampp\\htdocs...')
#2 C:\xampp\htdocs\jdih\vendor\codeigniter4\framework\system\Common.php(1119): CodeIgniter\View\View->render('berita/berita', Array, true)
#3 C:\xampp\htdocs\jdih\app\Controllers\Berita.php(17): view('berita/berita', Array)
#4 C:\xampp\htdocs\jdih\vendor\codeigniter4\framework\system\CodeIgniter.php(918): App\Controllers\Berita->index()
#5 C:\xampp\htdocs\jdih\vendor\codeigniter4\framework\system\CodeIgniter.php(404): CodeIgniter\CodeIgniter->runController(Object(App\Controllers\Berita))
#6 C:\xampp\htdocs\jdih\vendor\codeigniter4\framework\system\CodeIgniter.php(312): CodeIgniter\CodeIgniter->handleRequest(NULL, Object(Config\Cache), false)
#7 C:\xampp\htdocs\jdih\public\index.php(45): CodeIgniter\CodeIgniter->run()
#8 C:\xampp\htdocs\jdih\vendor\codeigniter4\framework\system\Commands\Server\rewrite.php(34): require_once('C:\\xampp\\htdocs...')
#9 {main}
CRITICAL - 2021-02-15 21:09:41 --> Undefined variable: a
#0 C:\xampp\htdocs\jdih\app\Views\berita\detail.php(23): CodeIgniter\Debug\Exceptions->errorHandler(8, 'Undefined varia...', 'C:\\xampp\\htdocs...', 23, Array)
#1 C:\xampp\htdocs\jdih\vendor\codeigniter4\framework\system\View\View.php(246): include('C:\\xampp\\htdocs...')
#2 C:\xampp\htdocs\jdih\vendor\codeigniter4\framework\system\Common.php(1119): CodeIgniter\View\View->render('berita/detail', Array, true)
#3 C:\xampp\htdocs\jdih\app\Controllers\Berita.php(25): view('berita/detail', Array)
#4 C:\xampp\htdocs\jdih\vendor\codeigniter4\framework\system\CodeIgniter.php(918): App\Controllers\Berita->detail('MULAI JUNI PEMK...')
#5 C:\xampp\htdocs\jdih\vendor\codeigniter4\framework\system\CodeIgniter.php(404): CodeIgniter\CodeIgniter->runController(Object(App\Controllers\Berita))
#6 C:\xampp\htdocs\jdih\vendor\codeigniter4\framework\system\CodeIgniter.php(312): CodeIgniter\CodeIgniter->handleRequest(NULL, Object(Config\Cache), false)
#7 C:\xampp\htdocs\jdih\public\index.php(45): CodeIgniter\CodeIgniter->run()
#8 C:\xampp\htdocs\jdih\vendor\codeigniter4\framework\system\Commands\Server\rewrite.php(34): require_once('C:\\xampp\\htdocs...')
#9 {main}
CRITICAL - 2021-02-15 21:25:13 --> Undefined index: judul
#0 C:\xampp\htdocs\jdih\app\Views\berita\detail.php(16): CodeIgniter\Debug\Exceptions->errorHandler(8, 'Undefined index...', 'C:\\xampp\\htdocs...', 16, Array)
#1 C:\xampp\htdocs\jdih\vendor\codeigniter4\framework\system\View\View.php(246): include('C:\\xampp\\htdocs...')
#2 C:\xampp\htdocs\jdih\vendor\codeigniter4\framework\system\Common.php(1119): CodeIgniter\View\View->render('berita/detail', Array, true)
#3 C:\xampp\htdocs\jdih\app\Controllers\Berita.php(17): view('berita/detail', Array)
#4 C:\xampp\htdocs\jdih\vendor\codeigniter4\framework\system\CodeIgniter.php(918): App\Controllers\Berita->index()
#5 C:\xampp\htdocs\jdih\vendor\codeigniter4\framework\system\CodeIgniter.php(404): CodeIgniter\CodeIgniter->runController(Object(App\Controllers\Berita))
#6 C:\xampp\htdocs\jdih\vendor\codeigniter4\framework\system\CodeIgniter.php(312): CodeIgniter\CodeIgniter->handleRequest(NULL, Object(Config\Cache), false)
#7 C:\xampp\htdocs\jdih\public\index.php(45): CodeIgniter\CodeIgniter->run()
#8 C:\xampp\htdocs\jdih\vendor\codeigniter4\framework\system\Commands\Server\rewrite.php(34): require_once('C:\\xampp\\htdocs...')
#9 {main}
CRITICAL - 2021-02-15 21:34:21 --> Invalid file: front/header/.php
#0 C:\xampp\htdocs\jdih\vendor\codeigniter4\framework\system\View\View.php(228): CodeIgniter\Exceptions\FrameworkException::forInvalidFile('front/header/.p...')
#1 C:\xampp\htdocs\jdih\vendor\codeigniter4\framework\system\View\View.php(525): CodeIgniter\View\View->render('front/header/', NULL, true)
#2 C:\xampp\htdocs\jdih\app\Views\berita\detail.php(1): CodeIgniter\View\View->include('front/header/')
#3 C:\xampp\htdocs\jdih\vendor\codeigniter4\framework\system\View\View.php(246): include('C:\\xampp\\htdocs...')
#4 C:\xampp\htdocs\jdih\vendor\codeigniter4\framework\system\Common.php(1119): CodeIgniter\View\View->render('berita/detail', Array, true)
#5 C:\xampp\htdocs\jdih\app\Controllers\Berita.php(25): view('berita/detail', Array)
#6 C:\xampp\htdocs\jdih\vendor\codeigniter4\framework\system\CodeIgniter.php(918): App\Controllers\Berita->detail('PEMBERITAHUAN')
#7 C:\xampp\htdocs\jdih\vendor\codeigniter4\framework\system\CodeIgniter.php(404): CodeIgniter\CodeIgniter->runController(Object(App\Controllers\Berita))
#8 C:\xampp\htdocs\jdih\vendor\codeigniter4\framework\system\CodeIgniter.php(312): CodeIgniter\CodeIgniter->handleRequest(NULL, Object(Config\Cache), false)
#9 C:\xampp\htdocs\jdih\public\index.php(45): CodeIgniter\CodeIgniter->run()
#10 C:\xampp\htdocs\jdih\vendor\codeigniter4\framework\system\Commands\Server\rewrite.php(34): require_once('C:\\xampp\\htdocs...')
#11 {main}
CRITICAL - 2021-02-15 21:47:30 --> Invalid file: ../front/header.php
#0 C:\xampp\htdocs\jdih\vendor\codeigniter4\framework\system\View\View.php(228): CodeIgniter\Exceptions\FrameworkException::forInvalidFile('../front/header...')
#1 C:\xampp\htdocs\jdih\vendor\codeigniter4\framework\system\View\View.php(525): CodeIgniter\View\View->render('../front/header', NULL, true)
#2 C:\xampp\htdocs\jdih\app\Views\berita\detail.php(1): CodeIgniter\View\View->include('../front/header')
#3 C:\xampp\htdocs\jdih\vendor\codeigniter4\framework\system\View\View.php(246): include('C:\\xampp\\htdocs...')
#4 C:\xampp\htdocs\jdih\vendor\codeigniter4\framework\system\Common.php(1119): CodeIgniter\View\View->render('berita/detail', Array, true)
#5 C:\xampp\htdocs\jdih\app\Controllers\Berita.php(25): view('berita/detail', Array)
#6 C:\xampp\htdocs\jdih\vendor\codeigniter4\framework\system\CodeIgniter.php(918): App\Controllers\Berita->detail('KONSULTASI PUBL...')
#7 C:\xampp\htdocs\jdih\vendor\codeigniter4\framework\system\CodeIgniter.php(404): CodeIgniter\CodeIgniter->runController(Object(App\Controllers\Berita))
#8 C:\xampp\htdocs\jdih\vendor\codeigniter4\framework\system\CodeIgniter.php(312): CodeIgniter\CodeIgniter->handleRequest(NULL, Object(Config\Cache), false)
#9 C:\xampp\htdocs\jdih\public\index.php(45): CodeIgniter\CodeIgniter->run()
#10 C:\xampp\htdocs\jdih\vendor\codeigniter4\framework\system\Commands\Server\rewrite.php(34): require_once('C:\\xampp\\htdocs...')
#11 {main}
