CRITICAL - 2021-03-04 08:34:43 --> Cannot call constructor
#0 C:\xampp\htdocs\jdih\vendor\codeigniter4\framework\system\CodeIgniter.php(890): App\Controllers\Berita->__construct()
#1 C:\xampp\htdocs\jdih\vendor\codeigniter4\framework\system\CodeIgniter.php(399): CodeIgniter\CodeIgniter->createController()
#2 C:\xampp\htdocs\jdih\vendor\codeigniter4\framework\system\CodeIgniter.php(312): CodeIgniter\CodeIgniter->handleRequest(NULL, Object(Config\Cache), false)
#3 C:\xampp\htdocs\jdih\public\index.php(45): CodeIgniter\CodeIgniter->run()
#4 C:\xampp\htdocs\jdih\vendor\codeigniter4\framework\system\Commands\Server\rewrite.php(34): require_once('C:\\xampp\\htdocs...')
#5 {main}
CRITICAL - 2021-03-04 08:35:04 --> Cannot call constructor
#0 C:\xampp\htdocs\jdih\vendor\codeigniter4\framework\system\CodeIgniter.php(890): App\Controllers\Berita->__construct()
#1 C:\xampp\htdocs\jdih\vendor\codeigniter4\framework\system\CodeIgniter.php(399): CodeIgniter\CodeIgniter->createController()
#2 C:\xampp\htdocs\jdih\vendor\codeigniter4\framework\system\CodeIgniter.php(312): CodeIgniter\CodeIgniter->handleRequest(NULL, Object(Config\Cache), false)
#3 C:\xampp\htdocs\jdih\public\index.php(45): CodeIgniter\CodeIgniter->run()
#4 C:\xampp\htdocs\jdih\vendor\codeigniter4\framework\system\Commands\Server\rewrite.php(34): require_once('C:\\xampp\\htdocs...')
#5 {main}
CRITICAL - 2021-03-04 08:35:32 --> Cannot call constructor
#0 C:\xampp\htdocs\jdih\vendor\codeigniter4\framework\system\CodeIgniter.php(890): App\Controllers\Berita->__construct()
#1 C:\xampp\htdocs\jdih\vendor\codeigniter4\framework\system\CodeIgniter.php(399): CodeIgniter\CodeIgniter->createController()
#2 C:\xampp\htdocs\jdih\vendor\codeigniter4\framework\system\CodeIgniter.php(312): CodeIgniter\CodeIgniter->handleRequest(NULL, Object(Config\Cache), false)
#3 C:\xampp\htdocs\jdih\public\index.php(45): CodeIgniter\CodeIgniter->run()
#4 C:\xampp\htdocs\jdih\vendor\codeigniter4\framework\system\Commands\Server\rewrite.php(34): require_once('C:\\xampp\\htdocs...')
#5 {main}
CRITICAL - 2021-03-04 08:36:01 --> Undefined property: App\Controllers\Berita::$load
#0 C:\xampp\htdocs\jdih\app\Controllers\Berita.php(11): CodeIgniter\Debug\Exceptions->errorHandler(8, 'Undefined prope...', 'C:\\xampp\\htdocs...', 11, Array)
#1 C:\xampp\htdocs\jdih\vendor\codeigniter4\framework\system\CodeIgniter.php(918): App\Controllers\Berita->index()
#2 C:\xampp\htdocs\jdih\vendor\codeigniter4\framework\system\CodeIgniter.php(404): CodeIgniter\CodeIgniter->runController(Object(App\Controllers\Berita))
#3 C:\xampp\htdocs\jdih\vendor\codeigniter4\framework\system\CodeIgniter.php(312): CodeIgniter\CodeIgniter->handleRequest(NULL, Object(Config\Cache), false)
#4 C:\xampp\htdocs\jdih\public\index.php(45): CodeIgniter\CodeIgniter->run()
#5 C:\xampp\htdocs\jdih\vendor\codeigniter4\framework\system\Commands\Server\rewrite.php(34): require_once('C:\\xampp\\htdocs...')
#6 {main}
CRITICAL - 2021-03-04 08:36:31 --> Call to undefined function longdate_indo()
#0 C:\xampp\htdocs\jdih\vendor\codeigniter4\framework\system\View\View.php(246): include()
#1 C:\xampp\htdocs\jdih\vendor\codeigniter4\framework\system\Common.php(1119): CodeIgniter\View\View->render('berita/berita', Array, true)
#2 C:\xampp\htdocs\jdih\app\Controllers\Berita.php(17): view('berita/berita', Array)
#3 C:\xampp\htdocs\jdih\vendor\codeigniter4\framework\system\CodeIgniter.php(918): App\Controllers\Berita->index()
#4 C:\xampp\htdocs\jdih\vendor\codeigniter4\framework\system\CodeIgniter.php(404): CodeIgniter\CodeIgniter->runController(Object(App\Controllers\Berita))
#5 C:\xampp\htdocs\jdih\vendor\codeigniter4\framework\system\CodeIgniter.php(312): CodeIgniter\CodeIgniter->handleRequest(NULL, Object(Config\Cache), false)
#6 C:\xampp\htdocs\jdih\public\index.php(45): CodeIgniter\CodeIgniter->run()
#7 C:\xampp\htdocs\jdih\vendor\codeigniter4\framework\system\Commands\Server\rewrite.php(34): require_once('C:\\xampp\\htdocs...')
#8 {main}
CRITICAL - 2021-03-04 08:46:31 --> Undefined property: App\Controllers\Berita::$beritaMoel
#0 C:\xampp\htdocs\jdih\app\Controllers\Berita.php(15): CodeIgniter\Debug\Exceptions->errorHandler(8, 'Undefined prope...', 'C:\\xampp\\htdocs...', 15, Array)
#1 C:\xampp\htdocs\jdih\vendor\codeigniter4\framework\system\CodeIgniter.php(918): App\Controllers\Berita->index()
#2 C:\xampp\htdocs\jdih\vendor\codeigniter4\framework\system\CodeIgniter.php(404): CodeIgniter\CodeIgniter->runController(Object(App\Controllers\Berita))
#3 C:\xampp\htdocs\jdih\vendor\codeigniter4\framework\system\CodeIgniter.php(312): CodeIgniter\CodeIgniter->handleRequest(NULL, Object(Config\Cache), false)
#4 C:\xampp\htdocs\jdih\public\index.php(45): CodeIgniter\CodeIgniter->run()
#5 C:\xampp\htdocs\jdih\vendor\codeigniter4\framework\system\Commands\Server\rewrite.php(34): require_once('C:\\xampp\\htdocs...')
#6 {main}
CRITICAL - 2021-03-04 09:15:33 --> produk_hukum_pagination is not a valid Pager template.
#0 C:\xampp\htdocs\jdih\vendor\codeigniter4\framework\system\Pager\Pager.php(182): CodeIgniter\Pager\Exceptions\PagerException::forInvalidTemplate('produk_hukum_pa...')
#1 C:\xampp\htdocs\jdih\vendor\codeigniter4\framework\system\Pager\Pager.php(121): CodeIgniter\Pager\Pager->displayLinks('peraturan', 'produk_hukum_pa...')
#2 C:\xampp\htdocs\jdih\app\Views\produk_hukum\produk_hukum.php(101): CodeIgniter\Pager\Pager->links('peraturan', 'produk_hukum_pa...')
#3 C:\xampp\htdocs\jdih\vendor\codeigniter4\framework\system\View\View.php(246): include('C:\\xampp\\htdocs...')
#4 C:\xampp\htdocs\jdih\vendor\codeigniter4\framework\system\Common.php(1119): CodeIgniter\View\View->render('produk_hukum/pr...', Array, true)
#5 C:\xampp\htdocs\jdih\app\Controllers\Produk_hukum.php(17): view('produk_hukum/pr...', Array)
#6 C:\xampp\htdocs\jdih\vendor\codeigniter4\framework\system\CodeIgniter.php(918): App\Controllers\Produk_hukum->index()
#7 C:\xampp\htdocs\jdih\vendor\codeigniter4\framework\system\CodeIgniter.php(404): CodeIgniter\CodeIgniter->runController(Object(App\Controllers\Produk_hukum))
#8 C:\xampp\htdocs\jdih\vendor\codeigniter4\framework\system\CodeIgniter.php(312): CodeIgniter\CodeIgniter->handleRequest(NULL, Object(Config\Cache), false)
#9 C:\xampp\htdocs\jdih\public\index.php(45): CodeIgniter\CodeIgniter->run()
#10 C:\xampp\htdocs\jdih\vendor\codeigniter4\framework\system\Commands\Server\rewrite.php(34): require_once('C:\\xampp\\htdocs...')
#11 {main}
CRITICAL - 2021-03-04 10:44:33 --> Call to undefined method App\Models\PeraturanModel::num_rows
#0 C:\xampp\htdocs\jdih\app\Controllers\Dashboard.php(16): CodeIgniter\Model->__call('num_rows', Array)
#1 C:\xampp\htdocs\jdih\vendor\codeigniter4\framework\system\CodeIgniter.php(918): App\Controllers\Dashboard->index()
#2 C:\xampp\htdocs\jdih\vendor\codeigniter4\framework\system\CodeIgniter.php(404): CodeIgniter\CodeIgniter->runController(Object(App\Controllers\Dashboard))
#3 C:\xampp\htdocs\jdih\vendor\codeigniter4\framework\system\CodeIgniter.php(312): CodeIgniter\CodeIgniter->handleRequest(NULL, Object(Config\Cache), false)
#4 C:\xampp\htdocs\jdih\public\index.php(45): CodeIgniter\CodeIgniter->run()
#5 C:\xampp\htdocs\jdih\vendor\codeigniter4\framework\system\Commands\Server\rewrite.php(34): require_once('C:\\xampp\\htdocs...')
#6 {main}
CRITICAL - 2021-03-04 10:44:51 --> Call to undefined method App\Models\PeraturanModel::count
#0 C:\xampp\htdocs\jdih\app\Controllers\Dashboard.php(16): CodeIgniter\Model->__call('count', Array)
#1 C:\xampp\htdocs\jdih\vendor\codeigniter4\framework\system\CodeIgniter.php(918): App\Controllers\Dashboard->index()
#2 C:\xampp\htdocs\jdih\vendor\codeigniter4\framework\system\CodeIgniter.php(404): CodeIgniter\CodeIgniter->runController(Object(App\Controllers\Dashboard))
#3 C:\xampp\htdocs\jdih\vendor\codeigniter4\framework\system\CodeIgniter.php(312): CodeIgniter\CodeIgniter->handleRequest(NULL, Object(Config\Cache), false)
#4 C:\xampp\htdocs\jdih\public\index.php(45): CodeIgniter\CodeIgniter->run()
#5 C:\xampp\htdocs\jdih\vendor\codeigniter4\framework\system\Commands\Server\rewrite.php(34): require_once('C:\\xampp\\htdocs...')
#6 {main}
CRITICAL - 2021-03-04 10:46:02 --> Call to undefined method App\Models\PeraturanModel::result
#0 C:\xampp\htdocs\jdih\app\Controllers\Dashboard.php(16): CodeIgniter\Model->__call('result', Array)
#1 C:\xampp\htdocs\jdih\vendor\codeigniter4\framework\system\CodeIgniter.php(918): App\Controllers\Dashboard->index()
#2 C:\xampp\htdocs\jdih\vendor\codeigniter4\framework\system\CodeIgniter.php(404): CodeIgniter\CodeIgniter->runController(Object(App\Controllers\Dashboard))
#3 C:\xampp\htdocs\jdih\vendor\codeigniter4\framework\system\CodeIgniter.php(312): CodeIgniter\CodeIgniter->handleRequest(NULL, Object(Config\Cache), false)
#4 C:\xampp\htdocs\jdih\public\index.php(45): CodeIgniter\CodeIgniter->run()
#5 C:\xampp\htdocs\jdih\vendor\codeigniter4\framework\system\Commands\Server\rewrite.php(34): require_once('C:\\xampp\\htdocs...')
#6 {main}
CRITICAL - 2021-03-04 10:51:31 --> Call to undefined method App\Models\PeraturanModel::getNumRows
#0 C:\xampp\htdocs\jdih\app\Controllers\Dashboard.php(16): CodeIgniter\Model->__call('getNumRows', Array)
#1 C:\xampp\htdocs\jdih\vendor\codeigniter4\framework\system\CodeIgniter.php(918): App\Controllers\Dashboard->index()
#2 C:\xampp\htdocs\jdih\vendor\codeigniter4\framework\system\CodeIgniter.php(404): CodeIgniter\CodeIgniter->runController(Object(App\Controllers\Dashboard))
#3 C:\xampp\htdocs\jdih\vendor\codeigniter4\framework\system\CodeIgniter.php(312): CodeIgniter\CodeIgniter->handleRequest(NULL, Object(Config\Cache), false)
#4 C:\xampp\htdocs\jdih\public\index.php(45): CodeIgniter\CodeIgniter->run()
#5 C:\xampp\htdocs\jdih\vendor\codeigniter4\framework\system\Commands\Server\rewrite.php(34): require_once('C:\\xampp\\htdocs...')
#6 {main}
CRITICAL - 2021-03-04 10:54:31 --> Call to undefined method App\Models\PeraturanModel::getRow
#0 C:\xampp\htdocs\jdih\app\Controllers\Dashboard.php(16): CodeIgniter\Model->__call('getRow', Array)
#1 C:\xampp\htdocs\jdih\vendor\codeigniter4\framework\system\CodeIgniter.php(918): App\Controllers\Dashboard->index()
#2 C:\xampp\htdocs\jdih\vendor\codeigniter4\framework\system\CodeIgniter.php(404): CodeIgniter\CodeIgniter->runController(Object(App\Controllers\Dashboard))
#3 C:\xampp\htdocs\jdih\vendor\codeigniter4\framework\system\CodeIgniter.php(312): CodeIgniter\CodeIgniter->handleRequest(NULL, Object(Config\Cache), false)
#4 C:\xampp\htdocs\jdih\public\index.php(45): CodeIgniter\CodeIgniter->run()
#5 C:\xampp\htdocs\jdih\vendor\codeigniter4\framework\system\Commands\Server\rewrite.php(34): require_once('C:\\xampp\\htdocs...')
#6 {main}
CRITICAL - 2021-03-04 10:54:52 --> Call to undefined method App\Models\PeraturanModel::countRow
#0 C:\xampp\htdocs\jdih\app\Controllers\Dashboard.php(16): CodeIgniter\Model->__call('countRow', Array)
#1 C:\xampp\htdocs\jdih\vendor\codeigniter4\framework\system\CodeIgniter.php(918): App\Controllers\Dashboard->index()
#2 C:\xampp\htdocs\jdih\vendor\codeigniter4\framework\system\CodeIgniter.php(404): CodeIgniter\CodeIgniter->runController(Object(App\Controllers\Dashboard))
#3 C:\xampp\htdocs\jdih\vendor\codeigniter4\framework\system\CodeIgniter.php(312): CodeIgniter\CodeIgniter->handleRequest(NULL, Object(Config\Cache), false)
#4 C:\xampp\htdocs\jdih\public\index.php(45): CodeIgniter\CodeIgniter->run()
#5 C:\xampp\htdocs\jdih\vendor\codeigniter4\framework\system\Commands\Server\rewrite.php(34): require_once('C:\\xampp\\htdocs...')
#6 {main}
CRITICAL - 2021-03-04 10:55:01 --> Call to undefined method App\Models\PeraturanModel::countRows
#0 C:\xampp\htdocs\jdih\app\Controllers\Dashboard.php(16): CodeIgniter\Model->__call('countRows', Array)
#1 C:\xampp\htdocs\jdih\vendor\codeigniter4\framework\system\CodeIgniter.php(918): App\Controllers\Dashboard->index()
#2 C:\xampp\htdocs\jdih\vendor\codeigniter4\framework\system\CodeIgniter.php(404): CodeIgniter\CodeIgniter->runController(Object(App\Controllers\Dashboard))
#3 C:\xampp\htdocs\jdih\vendor\codeigniter4\framework\system\CodeIgniter.php(312): CodeIgniter\CodeIgniter->handleRequest(NULL, Object(Config\Cache), false)
#4 C:\xampp\htdocs\jdih\public\index.php(45): CodeIgniter\CodeIgniter->run()
#5 C:\xampp\htdocs\jdih\vendor\codeigniter4\framework\system\Commands\Server\rewrite.php(34): require_once('C:\\xampp\\htdocs...')
#6 {main}
CRITICAL - 2021-03-04 10:56:49 --> Undefined variable: pd
#0 C:\xampp\htdocs\jdih\app\Views\front\dashboard.php(169): CodeIgniter\Debug\Exceptions->errorHandler(8, 'Undefined varia...', 'C:\\xampp\\htdocs...', 169, Array)
#1 C:\xampp\htdocs\jdih\vendor\codeigniter4\framework\system\View\View.php(246): include('C:\\xampp\\htdocs...')
#2 C:\xampp\htdocs\jdih\vendor\codeigniter4\framework\system\Common.php(1119): CodeIgniter\View\View->render('front/dashboard', Array, true)
#3 C:\xampp\htdocs\jdih\app\Controllers\Dashboard.php(21): view('front/dashboard', Array)
#4 C:\xampp\htdocs\jdih\vendor\codeigniter4\framework\system\CodeIgniter.php(918): App\Controllers\Dashboard->index()
#5 C:\xampp\htdocs\jdih\vendor\codeigniter4\framework\system\CodeIgniter.php(404): CodeIgniter\CodeIgniter->runController(Object(App\Controllers\Dashboard))
#6 C:\xampp\htdocs\jdih\vendor\codeigniter4\framework\system\CodeIgniter.php(312): CodeIgniter\CodeIgniter->handleRequest(NULL, Object(Config\Cache), false)
#7 C:\xampp\htdocs\jdih\public\index.php(45): CodeIgniter\CodeIgniter->run()
#8 C:\xampp\htdocs\jdih\vendor\codeigniter4\framework\system\Commands\Server\rewrite.php(34): require_once('C:\\xampp\\htdocs...')
#9 {main}
CRITICAL - 2021-03-04 11:20:13 --> unlink(img/2_123_0000_bew.php): No such file or directory
#0 [internal function]: CodeIgniter\Debug\Exceptions->errorHandler(2, 'unlink(img/2_12...', 'C:\\xampp\\htdocs...', 111, Array)
#1 C:\xampp\htdocs\jdih\app\Controllers\Perdes.php(111): unlink('img/2_123_0000_...')
#2 C:\xampp\htdocs\jdih\vendor\codeigniter4\framework\system\CodeIgniter.php(936): App\Controllers\Perdes->delete('1386')
#3 C:\xampp\htdocs\jdih\vendor\codeigniter4\framework\system\CodeIgniter.php(432): CodeIgniter\CodeIgniter->runController(Object(App\Controllers\Perdes))
#4 C:\xampp\htdocs\jdih\vendor\codeigniter4\framework\system\CodeIgniter.php(333): CodeIgniter\CodeIgniter->handleRequest(NULL, Object(Config\Cache), false)
#5 C:\xampp\htdocs\jdih\public\index.php(45): CodeIgniter\CodeIgniter->run()
#6 C:\xampp\htdocs\jdih\vendor\codeigniter4\framework\system\Commands\Server\rewrite.php(45): require_once('C:\\xampp\\htdocs...')
#7 {main}
CRITICAL - 2021-03-04 11:20:52 --> Unknown column 'id' in 'order clause'
#0 C:\xampp\htdocs\jdih\vendor\codeigniter4\framework\system\Database\MySQLi\Connection.php(314): mysqli->query('SELECT *\nFROM `...')
#1 C:\xampp\htdocs\jdih\vendor\codeigniter4\framework\system\Database\BaseConnection.php(713): CodeIgniter\Database\MySQLi\Connection->execute('SELECT *\nFROM `...')
#2 C:\xampp\htdocs\jdih\vendor\codeigniter4\framework\system\Database\BaseConnection.php(641): CodeIgniter\Database\BaseConnection->simpleQuery('SELECT *\nFROM `...')
#3 C:\xampp\htdocs\jdih\vendor\codeigniter4\framework\system\Database\BaseBuilder.php(1866): CodeIgniter\Database\BaseConnection->query('SELECT *\nFROM `...', Array, false)
#4 C:\xampp\htdocs\jdih\vendor\codeigniter4\framework\system\Model.php(213): CodeIgniter\Database\BaseBuilder->get()
#5 C:\xampp\htdocs\jdih\vendor\codeigniter4\framework\system\BaseModel.php(583): CodeIgniter\Model->doFindAll(10, 0)
#6 C:\xampp\htdocs\jdih\vendor\codeigniter4\framework\system\BaseModel.php(1144): CodeIgniter\BaseModel->findAll(10, 0)
#7 C:\xampp\htdocs\jdih\app\Controllers\Perdes.php(13): CodeIgniter\BaseModel->paginate(10)
#8 C:\xampp\htdocs\jdih\vendor\codeigniter4\framework\system\CodeIgniter.php(936): App\Controllers\Perdes->index()
#9 C:\xampp\htdocs\jdih\vendor\codeigniter4\framework\system\CodeIgniter.php(432): CodeIgniter\CodeIgniter->runController(Object(App\Controllers\Perdes))
#10 C:\xampp\htdocs\jdih\vendor\codeigniter4\framework\system\CodeIgniter.php(333): CodeIgniter\CodeIgniter->handleRequest(NULL, Object(Config\Cache), false)
#11 C:\xampp\htdocs\jdih\public\index.php(45): CodeIgniter\CodeIgniter->run()
#12 C:\xampp\htdocs\jdih\vendor\codeigniter4\framework\system\Commands\Server\rewrite.php(45): require_once('C:\\xampp\\htdocs...')
#13 {main}
CRITICAL - 2021-03-04 11:21:05 --> Unknown column 'url' in 'where clause'
#0 C:\xampp\htdocs\jdih\vendor\codeigniter4\framework\system\Database\MySQLi\Connection.php(314): mysqli->query('SELECT *\nFROM `...')
#1 C:\xampp\htdocs\jdih\vendor\codeigniter4\framework\system\Database\BaseConnection.php(713): CodeIgniter\Database\MySQLi\Connection->execute('SELECT *\nFROM `...')
#2 C:\xampp\htdocs\jdih\vendor\codeigniter4\framework\system\Database\BaseConnection.php(641): CodeIgniter\Database\BaseConnection->simpleQuery('SELECT *\nFROM `...')
#3 C:\xampp\htdocs\jdih\vendor\codeigniter4\framework\system\Database\BaseBuilder.php(1866): CodeIgniter\Database\BaseConnection->query('SELECT *\nFROM `...', Array, false)
#4 C:\xampp\htdocs\jdih\vendor\codeigniter4\framework\system\Model.php(247): CodeIgniter\Database\BaseBuilder->get()
#5 C:\xampp\htdocs\jdih\vendor\codeigniter4\framework\system\BaseModel.php(624): CodeIgniter\Model->doFirst()
#6 C:\xampp\htdocs\jdih\app\Models\PerdesModel.php(19): CodeIgniter\BaseModel->first()
#7 C:\xampp\htdocs\jdih\app\Controllers\Perdes.php(99): App\Models\PerdesModel->edit('1386')
#8 C:\xampp\htdocs\jdih\vendor\codeigniter4\framework\system\CodeIgniter.php(936): App\Controllers\Perdes->edit('1386')
#9 C:\xampp\htdocs\jdih\vendor\codeigniter4\framework\system\CodeIgniter.php(432): CodeIgniter\CodeIgniter->runController(Object(App\Controllers\Perdes))
#10 C:\xampp\htdocs\jdih\vendor\codeigniter4\framework\system\CodeIgniter.php(333): CodeIgniter\CodeIgniter->handleRequest(NULL, Object(Config\Cache), false)
#11 C:\xampp\htdocs\jdih\public\index.php(45): CodeIgniter\CodeIgniter->run()
#12 C:\xampp\htdocs\jdih\vendor\codeigniter4\framework\system\Commands\Server\rewrite.php(45): require_once('C:\\xampp\\htdocs...')
#13 {main}
CRITICAL - 2021-03-04 11:27:43 --> Undefined variable: peraturan
#0 C:\xampp\htdocs\jdih\app\Views\perdes\edit.php(79): CodeIgniter\Debug\Exceptions->errorHandler(8, 'Undefined varia...', 'C:\\xampp\\htdocs...', 79, Array)
#1 C:\xampp\htdocs\jdih\vendor\codeigniter4\framework\system\View\View.php(220): include('C:\\xampp\\htdocs...')
#2 C:\xampp\htdocs\jdih\vendor\codeigniter4\framework\system\View\View.php(222): CodeIgniter\View\View->CodeIgniter\View\{closure}()
#3 C:\xampp\htdocs\jdih\vendor\codeigniter4\framework\system\Common.php(1217): CodeIgniter\View\View->render('perdes/edit', Array, true)
#4 C:\xampp\htdocs\jdih\app\Controllers\Perdes.php(102): view('perdes/edit', Array)
#5 C:\xampp\htdocs\jdih\vendor\codeigniter4\framework\system\CodeIgniter.php(936): App\Controllers\Perdes->edit('658')
#6 C:\xampp\htdocs\jdih\vendor\codeigniter4\framework\system\CodeIgniter.php(432): CodeIgniter\CodeIgniter->runController(Object(App\Controllers\Perdes))
#7 C:\xampp\htdocs\jdih\vendor\codeigniter4\framework\system\CodeIgniter.php(333): CodeIgniter\CodeIgniter->handleRequest(NULL, Object(Config\Cache), false)
#8 C:\xampp\htdocs\jdih\public\index.php(45): CodeIgniter\CodeIgniter->run()
#9 C:\xampp\htdocs\jdih\vendor\codeigniter4\framework\system\Commands\Server\rewrite.php(45): require_once('C:\\xampp\\htdocs...')
#10 {main}
CRITICAL - 2021-03-04 11:57:23 --> unlink(img/portof.pdf): No such file or directory
#0 [internal function]: CodeIgniter\Debug\Exceptions->errorHandler(2, 'unlink(img/port...', 'C:\\xampp\\htdocs...', 167, Array)
#1 C:\xampp\htdocs\jdih\app\Controllers\Perdes.php(167): unlink('img/portof.pdf')
#2 C:\xampp\htdocs\jdih\vendor\codeigniter4\framework\system\CodeIgniter.php(936): App\Controllers\Perdes->delete('1478')
#3 C:\xampp\htdocs\jdih\vendor\codeigniter4\framework\system\CodeIgniter.php(432): CodeIgniter\CodeIgniter->runController(Object(App\Controllers\Perdes))
#4 C:\xampp\htdocs\jdih\vendor\codeigniter4\framework\system\CodeIgniter.php(333): CodeIgniter\CodeIgniter->handleRequest(NULL, Object(Config\Cache), false)
#5 C:\xampp\htdocs\jdih\public\index.php(45): CodeIgniter\CodeIgniter->run()
#6 C:\xampp\htdocs\jdih\vendor\codeigniter4\framework\system\Commands\Server\rewrite.php(45): require_once('C:\\xampp\\htdocs...')
#7 {main}
CRITICAL - 2021-03-04 11:57:59 --> unlink(peraturan/perdesportof.pdf): No such file or directory
#0 [internal function]: CodeIgniter\Debug\Exceptions->errorHandler(2, 'unlink(peratura...', 'C:\\xampp\\htdocs...', 167, Array)
#1 C:\xampp\htdocs\jdih\app\Controllers\Perdes.php(167): unlink('peraturan/perde...')
#2 C:\xampp\htdocs\jdih\vendor\codeigniter4\framework\system\CodeIgniter.php(936): App\Controllers\Perdes->delete('1478')
#3 C:\xampp\htdocs\jdih\vendor\codeigniter4\framework\system\CodeIgniter.php(432): CodeIgniter\CodeIgniter->runController(Object(App\Controllers\Perdes))
#4 C:\xampp\htdocs\jdih\vendor\codeigniter4\framework\system\CodeIgniter.php(333): CodeIgniter\CodeIgniter->handleRequest(NULL, Object(Config\Cache), false)
#5 C:\xampp\htdocs\jdih\public\index.php(45): CodeIgniter\CodeIgniter->run()
#6 C:\xampp\htdocs\jdih\vendor\codeigniter4\framework\system\Commands\Server\rewrite.php(45): require_once('C:\\xampp\\htdocs...')
#7 {main}
CRITICAL - 2021-03-04 11:58:29 --> unlink(peraturan/perdes/portof.pdf): No such file or directory
#0 [internal function]: CodeIgniter\Debug\Exceptions->errorHandler(2, 'unlink(peratura...', 'C:\\xampp\\htdocs...', 167, Array)
#1 C:\xampp\htdocs\jdih\app\Controllers\Perdes.php(167): unlink('peraturan/perde...')
#2 C:\xampp\htdocs\jdih\vendor\codeigniter4\framework\system\CodeIgniter.php(936): App\Controllers\Perdes->delete('1477')
#3 C:\xampp\htdocs\jdih\vendor\codeigniter4\framework\system\CodeIgniter.php(432): CodeIgniter\CodeIgniter->runController(Object(App\Controllers\Perdes))
#4 C:\xampp\htdocs\jdih\vendor\codeigniter4\framework\system\CodeIgniter.php(333): CodeIgniter\CodeIgniter->handleRequest(NULL, Object(Config\Cache), false)
#5 C:\xampp\htdocs\jdih\public\index.php(45): CodeIgniter\CodeIgniter->run()
#6 C:\xampp\htdocs\jdih\vendor\codeigniter4\framework\system\Commands\Server\rewrite.php(45): require_once('C:\\xampp\\htdocs...')
#7 {main}
CRITICAL - 2021-03-04 13:15:53 --> Call to undefined function longdate_indo()
#0 C:\xampp\htdocs\jdih\vendor\codeigniter4\framework\system\View\View.php(220): include()
#1 C:\xampp\htdocs\jdih\vendor\codeigniter4\framework\system\View\View.php(222): CodeIgniter\View\View->CodeIgniter\View\{closure}()
#2 C:\xampp\htdocs\jdih\vendor\codeigniter4\framework\system\Common.php(1217): CodeIgniter\View\View->render('berita/berita', Array, true)
#3 C:\xampp\htdocs\jdih\app\Controllers\Berita.php(18): view('berita/berita', Array)
#4 C:\xampp\htdocs\jdih\vendor\codeigniter4\framework\system\CodeIgniter.php(936): App\Controllers\Berita->index()
#5 C:\xampp\htdocs\jdih\vendor\codeigniter4\framework\system\CodeIgniter.php(432): CodeIgniter\CodeIgniter->runController(Object(App\Controllers\Berita))
#6 C:\xampp\htdocs\jdih\vendor\codeigniter4\framework\system\CodeIgniter.php(333): CodeIgniter\CodeIgniter->handleRequest(NULL, Object(Config\Cache), false)
#7 C:\xampp\htdocs\jdih\public\index.php(45): CodeIgniter\CodeIgniter->run()
#8 C:\xampp\htdocs\jdih\vendor\codeigniter4\framework\system\Commands\Server\rewrite.php(45): require_once('C:\\xampp\\htdocs...')
#9 {main}
CRITICAL - 2021-03-04 13:30:16 --> Call to undefined function format_indo()
#0 C:\xampp\htdocs\jdih\vendor\codeigniter4\framework\system\View\View.php(220): include()
#1 C:\xampp\htdocs\jdih\vendor\codeigniter4\framework\system\View\View.php(222): CodeIgniter\View\View->CodeIgniter\View\{closure}()
#2 C:\xampp\htdocs\jdih\vendor\codeigniter4\framework\system\Common.php(1217): CodeIgniter\View\View->render('berita/berita', Array, true)
#3 C:\xampp\htdocs\jdih\app\Controllers\Berita.php(18): view('berita/berita', Array)
#4 C:\xampp\htdocs\jdih\vendor\codeigniter4\framework\system\CodeIgniter.php(936): App\Controllers\Berita->index()
#5 C:\xampp\htdocs\jdih\vendor\codeigniter4\framework\system\CodeIgniter.php(432): CodeIgniter\CodeIgniter->runController(Object(App\Controllers\Berita))
#6 C:\xampp\htdocs\jdih\vendor\codeigniter4\framework\system\CodeIgniter.php(333): CodeIgniter\CodeIgniter->handleRequest(NULL, Object(Config\Cache), false)
#7 C:\xampp\htdocs\jdih\public\index.php(45): CodeIgniter\CodeIgniter->run()
#8 C:\xampp\htdocs\jdih\vendor\codeigniter4\framework\system\Commands\Server\rewrite.php(45): require_once('C:\\xampp\\htdocs...')
#9 {main}
CRITICAL - 2021-03-04 13:49:08 --> Trying to access array offset on value of type null
#0 C:\xampp\htdocs\jdih\app\Views\berita\detail.php(16): CodeIgniter\Debug\Exceptions->errorHandler(8, 'Trying to acces...', 'C:\\xampp\\htdocs...', 16, Array)
#1 C:\xampp\htdocs\jdih\vendor\codeigniter4\framework\system\View\View.php(220): include('C:\\xampp\\htdocs...')
#2 C:\xampp\htdocs\jdih\vendor\codeigniter4\framework\system\View\View.php(222): CodeIgniter\View\View->CodeIgniter\View\{closure}()
#3 C:\xampp\htdocs\jdih\vendor\codeigniter4\framework\system\Common.php(1217): CodeIgniter\View\View->render('berita/detail', Array, true)
#4 C:\xampp\htdocs\jdih\app\Controllers\Berita.php(26): view('berita/detail', Array)
#5 C:\xampp\htdocs\jdih\vendor\codeigniter4\framework\system\CodeIgniter.php(936): App\Controllers\Berita->detail('assets', 'img', 'blog-1.jpg')
#6 C:\xampp\htdocs\jdih\vendor\codeigniter4\framework\system\CodeIgniter.php(432): CodeIgniter\CodeIgniter->runController(Object(App\Controllers\Berita))
#7 C:\xampp\htdocs\jdih\vendor\codeigniter4\framework\system\CodeIgniter.php(333): CodeIgniter\CodeIgniter->handleRequest(NULL, Object(Config\Cache), false)
#8 C:\xampp\htdocs\jdih\public\index.php(45): CodeIgniter\CodeIgniter->run()
#9 C:\xampp\htdocs\jdih\vendor\codeigniter4\framework\system\Commands\Server\rewrite.php(45): require_once('C:\\xampp\\htdocs...')
#10 {main}
CRITICAL - 2021-03-04 13:49:08 --> Trying to access array offset on value of type null
#0 C:\xampp\htdocs\jdih\app\Views\berita\detail.php(16): CodeIgniter\Debug\Exceptions->errorHandler(8, 'Trying to acces...', 'C:\\xampp\\htdocs...', 16, Array)
#1 C:\xampp\htdocs\jdih\vendor\codeigniter4\framework\system\View\View.php(220): include('C:\\xampp\\htdocs...')
#2 C:\xampp\htdocs\jdih\vendor\codeigniter4\framework\system\View\View.php(222): CodeIgniter\View\View->CodeIgniter\View\{closure}()
#3 C:\xampp\htdocs\jdih\vendor\codeigniter4\framework\system\Common.php(1217): CodeIgniter\View\View->render('berita/detail', Array, true)
#4 C:\xampp\htdocs\jdih\app\Controllers\Berita.php(26): view('berita/detail', Array)
#5 C:\xampp\htdocs\jdih\vendor\codeigniter4\framework\system\CodeIgniter.php(936): App\Controllers\Berita->detail('img', 'logofix.png')
#6 C:\xampp\htdocs\jdih\vendor\codeigniter4\framework\system\CodeIgniter.php(432): CodeIgniter\CodeIgniter->runController(Object(App\Controllers\Berita))
#7 C:\xampp\htdocs\jdih\vendor\codeigniter4\framework\system\CodeIgniter.php(333): CodeIgniter\CodeIgniter->handleRequest(NULL, Object(Config\Cache), false)
#8 C:\xampp\htdocs\jdih\public\index.php(45): CodeIgniter\CodeIgniter->run()
#9 C:\xampp\htdocs\jdih\vendor\codeigniter4\framework\system\Commands\Server\rewrite.php(45): require_once('C:\\xampp\\htdocs...')
#10 {main}
CRITICAL - 2021-03-04 13:49:09 --> Trying to access array offset on value of type null
#0 C:\xampp\htdocs\jdih\app\Views\berita\detail.php(16): CodeIgniter\Debug\Exceptions->errorHandler(8, 'Trying to acces...', 'C:\\xampp\\htdocs...', 16, Array)
#1 C:\xampp\htdocs\jdih\vendor\codeigniter4\framework\system\View\View.php(220): include('C:\\xampp\\htdocs...')
#2 C:\xampp\htdocs\jdih\vendor\codeigniter4\framework\system\View\View.php(222): CodeIgniter\View\View->CodeIgniter\View\{closure}()
#3 C:\xampp\htdocs\jdih\vendor\codeigniter4\framework\system\Common.php(1217): CodeIgniter\View\View->render('berita/detail', Array, true)
#4 C:\xampp\htdocs\jdih\app\Controllers\Berita.php(26): view('berita/detail', Array)
#5 C:\xampp\htdocs\jdih\vendor\codeigniter4\framework\system\CodeIgniter.php(936): App\Controllers\Berita->detail('img', 'logokp.png')
#6 C:\xampp\htdocs\jdih\vendor\codeigniter4\framework\system\CodeIgniter.php(432): CodeIgniter\CodeIgniter->runController(Object(App\Controllers\Berita))
#7 C:\xampp\htdocs\jdih\vendor\codeigniter4\framework\system\CodeIgniter.php(333): CodeIgniter\CodeIgniter->handleRequest(NULL, Object(Config\Cache), false)
#8 C:\xampp\htdocs\jdih\public\index.php(45): CodeIgniter\CodeIgniter->run()
#9 C:\xampp\htdocs\jdih\vendor\codeigniter4\framework\system\Commands\Server\rewrite.php(45): require_once('C:\\xampp\\htdocs...')
#10 {main}
CRITICAL - 2021-03-04 13:50:57 --> Trying to access array offset on value of type null
#0 C:\xampp\htdocs\jdih\app\Views\berita\detail.php(16): CodeIgniter\Debug\Exceptions->errorHandler(8, 'Trying to acces...', 'C:\\xampp\\htdocs...', 16, Array)
#1 C:\xampp\htdocs\jdih\vendor\codeigniter4\framework\system\View\View.php(220): include('C:\\xampp\\htdocs...')
#2 C:\xampp\htdocs\jdih\vendor\codeigniter4\framework\system\View\View.php(222): CodeIgniter\View\View->CodeIgniter\View\{closure}()
#3 C:\xampp\htdocs\jdih\vendor\codeigniter4\framework\system\Common.php(1217): CodeIgniter\View\View->render('berita/detail', Array, true)
#4 C:\xampp\htdocs\jdih\app\Controllers\Berita.php(26): view('berita/detail', Array)
#5 C:\xampp\htdocs\jdih\vendor\codeigniter4\framework\system\CodeIgniter.php(936): App\Controllers\Berita->detail('assets', 'img', 'blog-1.jpg')
#6 C:\xampp\htdocs\jdih\vendor\codeigniter4\framework\system\CodeIgniter.php(432): CodeIgniter\CodeIgniter->runController(Object(App\Controllers\Berita))
#7 C:\xampp\htdocs\jdih\vendor\codeigniter4\framework\system\CodeIgniter.php(333): CodeIgniter\CodeIgniter->handleRequest(NULL, Object(Config\Cache), false)
#8 C:\xampp\htdocs\jdih\public\index.php(45): CodeIgniter\CodeIgniter->run()
#9 C:\xampp\htdocs\jdih\vendor\codeigniter4\framework\system\Commands\Server\rewrite.php(45): require_once('C:\\xampp\\htdocs...')
#10 {main}
CRITICAL - 2021-03-04 13:50:57 --> Trying to access array offset on value of type null
#0 C:\xampp\htdocs\jdih\app\Views\berita\detail.php(16): CodeIgniter\Debug\Exceptions->errorHandler(8, 'Trying to acces...', 'C:\\xampp\\htdocs...', 16, Array)
#1 C:\xampp\htdocs\jdih\vendor\codeigniter4\framework\system\View\View.php(220): include('C:\\xampp\\htdocs...')
#2 C:\xampp\htdocs\jdih\vendor\codeigniter4\framework\system\View\View.php(222): CodeIgniter\View\View->CodeIgniter\View\{closure}()
#3 C:\xampp\htdocs\jdih\vendor\codeigniter4\framework\system\Common.php(1217): CodeIgniter\View\View->render('berita/detail', Array, true)
#4 C:\xampp\htdocs\jdih\app\Controllers\Berita.php(26): view('berita/detail', Array)
#5 C:\xampp\htdocs\jdih\vendor\codeigniter4\framework\system\CodeIgniter.php(936): App\Controllers\Berita->detail('img', 'logofix.png')
#6 C:\xampp\htdocs\jdih\vendor\codeigniter4\framework\system\CodeIgniter.php(432): CodeIgniter\CodeIgniter->runController(Object(App\Controllers\Berita))
#7 C:\xampp\htdocs\jdih\vendor\codeigniter4\framework\system\CodeIgniter.php(333): CodeIgniter\CodeIgniter->handleRequest(NULL, Object(Config\Cache), false)
#8 C:\xampp\htdocs\jdih\public\index.php(45): CodeIgniter\CodeIgniter->run()
#9 C:\xampp\htdocs\jdih\vendor\codeigniter4\framework\system\Commands\Server\rewrite.php(45): require_once('C:\\xampp\\htdocs...')
#10 {main}
CRITICAL - 2021-03-04 13:50:57 --> Trying to access array offset on value of type null
#0 C:\xampp\htdocs\jdih\app\Views\berita\detail.php(16): CodeIgniter\Debug\Exceptions->errorHandler(8, 'Trying to acces...', 'C:\\xampp\\htdocs...', 16, Array)
#1 C:\xampp\htdocs\jdih\vendor\codeigniter4\framework\system\View\View.php(220): include('C:\\xampp\\htdocs...')
#2 C:\xampp\htdocs\jdih\vendor\codeigniter4\framework\system\View\View.php(222): CodeIgniter\View\View->CodeIgniter\View\{closure}()
#3 C:\xampp\htdocs\jdih\vendor\codeigniter4\framework\system\Common.php(1217): CodeIgniter\View\View->render('berita/detail', Array, true)
#4 C:\xampp\htdocs\jdih\app\Controllers\Berita.php(26): view('berita/detail', Array)
#5 C:\xampp\htdocs\jdih\vendor\codeigniter4\framework\system\CodeIgniter.php(936): App\Controllers\Berita->detail('img', 'logokp.png')
#6 C:\xampp\htdocs\jdih\vendor\codeigniter4\framework\system\CodeIgniter.php(432): CodeIgniter\CodeIgniter->runController(Object(App\Controllers\Berita))
#7 C:\xampp\htdocs\jdih\vendor\codeigniter4\framework\system\CodeIgniter.php(333): CodeIgniter\CodeIgniter->handleRequest(NULL, Object(Config\Cache), false)
#8 C:\xampp\htdocs\jdih\public\index.php(45): CodeIgniter\CodeIgniter->run()
#9 C:\xampp\htdocs\jdih\vendor\codeigniter4\framework\system\Commands\Server\rewrite.php(45): require_once('C:\\xampp\\htdocs...')
#10 {main}
CRITICAL - 2021-03-04 13:52:13 --> Trying to access array offset on value of type null
#0 C:\xampp\htdocs\jdih\app\Views\berita\detail.php(16): CodeIgniter\Debug\Exceptions->errorHandler(8, 'Trying to acces...', 'C:\\xampp\\htdocs...', 16, Array)
#1 C:\xampp\htdocs\jdih\vendor\codeigniter4\framework\system\View\View.php(220): include('C:\\xampp\\htdocs...')
#2 C:\xampp\htdocs\jdih\vendor\codeigniter4\framework\system\View\View.php(222): CodeIgniter\View\View->CodeIgniter\View\{closure}()
#3 C:\xampp\htdocs\jdih\vendor\codeigniter4\framework\system\Common.php(1217): CodeIgniter\View\View->render('berita/detail', Array, true)
#4 C:\xampp\htdocs\jdih\app\Controllers\Berita.php(26): view('berita/detail', Array)
#5 C:\xampp\htdocs\jdih\vendor\codeigniter4\framework\system\CodeIgniter.php(936): App\Controllers\Berita->detail('assets', 'img', 'blog-1.jpg')
#6 C:\xampp\htdocs\jdih\vendor\codeigniter4\framework\system\CodeIgniter.php(432): CodeIgniter\CodeIgniter->runController(Object(App\Controllers\Berita))
#7 C:\xampp\htdocs\jdih\vendor\codeigniter4\framework\system\CodeIgniter.php(333): CodeIgniter\CodeIgniter->handleRequest(NULL, Object(Config\Cache), false)
#8 C:\xampp\htdocs\jdih\public\index.php(45): CodeIgniter\CodeIgniter->run()
#9 C:\xampp\htdocs\jdih\vendor\codeigniter4\framework\system\Commands\Server\rewrite.php(45): require_once('C:\\xampp\\htdocs...')
#10 {main}
CRITICAL - 2021-03-04 13:52:13 --> Trying to access array offset on value of type null
#0 C:\xampp\htdocs\jdih\app\Views\berita\detail.php(16): CodeIgniter\Debug\Exceptions->errorHandler(8, 'Trying to acces...', 'C:\\xampp\\htdocs...', 16, Array)
#1 C:\xampp\htdocs\jdih\vendor\codeigniter4\framework\system\View\View.php(220): include('C:\\xampp\\htdocs...')
#2 C:\xampp\htdocs\jdih\vendor\codeigniter4\framework\system\View\View.php(222): CodeIgniter\View\View->CodeIgniter\View\{closure}()
#3 C:\xampp\htdocs\jdih\vendor\codeigniter4\framework\system\Common.php(1217): CodeIgniter\View\View->render('berita/detail', Array, true)
#4 C:\xampp\htdocs\jdih\app\Controllers\Berita.php(26): view('berita/detail', Array)
#5 C:\xampp\htdocs\jdih\vendor\codeigniter4\framework\system\CodeIgniter.php(936): App\Controllers\Berita->detail('img', 'logofix.png')
#6 C:\xampp\htdocs\jdih\vendor\codeigniter4\framework\system\CodeIgniter.php(432): CodeIgniter\CodeIgniter->runController(Object(App\Controllers\Berita))
#7 C:\xampp\htdocs\jdih\vendor\codeigniter4\framework\system\CodeIgniter.php(333): CodeIgniter\CodeIgniter->handleRequest(NULL, Object(Config\Cache), false)
#8 C:\xampp\htdocs\jdih\public\index.php(45): CodeIgniter\CodeIgniter->run()
#9 C:\xampp\htdocs\jdih\vendor\codeigniter4\framework\system\Commands\Server\rewrite.php(45): require_once('C:\\xampp\\htdocs...')
#10 {main}
CRITICAL - 2021-03-04 13:52:14 --> Trying to access array offset on value of type null
#0 C:\xampp\htdocs\jdih\app\Views\berita\detail.php(16): CodeIgniter\Debug\Exceptions->errorHandler(8, 'Trying to acces...', 'C:\\xampp\\htdocs...', 16, Array)
#1 C:\xampp\htdocs\jdih\vendor\codeigniter4\framework\system\View\View.php(220): include('C:\\xampp\\htdocs...')
#2 C:\xampp\htdocs\jdih\vendor\codeigniter4\framework\system\View\View.php(222): CodeIgniter\View\View->CodeIgniter\View\{closure}()
#3 C:\xampp\htdocs\jdih\vendor\codeigniter4\framework\system\Common.php(1217): CodeIgniter\View\View->render('berita/detail', Array, true)
#4 C:\xampp\htdocs\jdih\app\Controllers\Berita.php(26): view('berita/detail', Array)
#5 C:\xampp\htdocs\jdih\vendor\codeigniter4\framework\system\CodeIgniter.php(936): App\Controllers\Berita->detail('img', 'logokp.png')
#6 C:\xampp\htdocs\jdih\vendor\codeigniter4\framework\system\CodeIgniter.php(432): CodeIgniter\CodeIgniter->runController(Object(App\Controllers\Berita))
#7 C:\xampp\htdocs\jdih\vendor\codeigniter4\framework\system\CodeIgniter.php(333): CodeIgniter\CodeIgniter->handleRequest(NULL, Object(Config\Cache), false)
#8 C:\xampp\htdocs\jdih\public\index.php(45): CodeIgniter\CodeIgniter->run()
#9 C:\xampp\htdocs\jdih\vendor\codeigniter4\framework\system\Commands\Server\rewrite.php(45): require_once('C:\\xampp\\htdocs...')
#10 {main}
CRITICAL - 2021-03-04 13:53:16 --> Trying to access array offset on value of type null
#0 C:\xampp\htdocs\jdih\app\Views\berita\detail.php(16): CodeIgniter\Debug\Exceptions->errorHandler(8, 'Trying to acces...', 'C:\\xampp\\htdocs...', 16, Array)
#1 C:\xampp\htdocs\jdih\vendor\codeigniter4\framework\system\View\View.php(220): include('C:\\xampp\\htdocs...')
#2 C:\xampp\htdocs\jdih\vendor\codeigniter4\framework\system\View\View.php(222): CodeIgniter\View\View->CodeIgniter\View\{closure}()
#3 C:\xampp\htdocs\jdih\vendor\codeigniter4\framework\system\Common.php(1217): CodeIgniter\View\View->render('berita/detail', Array, true)
#4 C:\xampp\htdocs\jdih\app\Controllers\Berita.php(26): view('berita/detail', Array)
#5 C:\xampp\htdocs\jdih\vendor\codeigniter4\framework\system\CodeIgniter.php(936): App\Controllers\Berita->detail('img', 'logofix.png')
#6 C:\xampp\htdocs\jdih\vendor\codeigniter4\framework\system\CodeIgniter.php(432): CodeIgniter\CodeIgniter->runController(Object(App\Controllers\Berita))
#7 C:\xampp\htdocs\jdih\vendor\codeigniter4\framework\system\CodeIgniter.php(333): CodeIgniter\CodeIgniter->handleRequest(NULL, Object(Config\Cache), false)
#8 C:\xampp\htdocs\jdih\public\index.php(45): CodeIgniter\CodeIgniter->run()
#9 C:\xampp\htdocs\jdih\vendor\codeigniter4\framework\system\Commands\Server\rewrite.php(45): require_once('C:\\xampp\\htdocs...')
#10 {main}
CRITICAL - 2021-03-04 13:53:16 --> Trying to access array offset on value of type null
#0 C:\xampp\htdocs\jdih\app\Views\berita\detail.php(16): CodeIgniter\Debug\Exceptions->errorHandler(8, 'Trying to acces...', 'C:\\xampp\\htdocs...', 16, Array)
#1 C:\xampp\htdocs\jdih\vendor\codeigniter4\framework\system\View\View.php(220): include('C:\\xampp\\htdocs...')
#2 C:\xampp\htdocs\jdih\vendor\codeigniter4\framework\system\View\View.php(222): CodeIgniter\View\View->CodeIgniter\View\{closure}()
#3 C:\xampp\htdocs\jdih\vendor\codeigniter4\framework\system\Common.php(1217): CodeIgniter\View\View->render('berita/detail', Array, true)
#4 C:\xampp\htdocs\jdih\app\Controllers\Berita.php(26): view('berita/detail', Array)
#5 C:\xampp\htdocs\jdih\vendor\codeigniter4\framework\system\CodeIgniter.php(936): App\Controllers\Berita->detail('assets', 'img', 'blog-1.jpg')
#6 C:\xampp\htdocs\jdih\vendor\codeigniter4\framework\system\CodeIgniter.php(432): CodeIgniter\CodeIgniter->runController(Object(App\Controllers\Berita))
#7 C:\xampp\htdocs\jdih\vendor\codeigniter4\framework\system\CodeIgniter.php(333): CodeIgniter\CodeIgniter->handleRequest(NULL, Object(Config\Cache), false)
#8 C:\xampp\htdocs\jdih\public\index.php(45): CodeIgniter\CodeIgniter->run()
#9 C:\xampp\htdocs\jdih\vendor\codeigniter4\framework\system\Commands\Server\rewrite.php(45): require_once('C:\\xampp\\htdocs...')
#10 {main}
CRITICAL - 2021-03-04 13:53:17 --> Trying to access array offset on value of type null
#0 C:\xampp\htdocs\jdih\app\Views\berita\detail.php(16): CodeIgniter\Debug\Exceptions->errorHandler(8, 'Trying to acces...', 'C:\\xampp\\htdocs...', 16, Array)
#1 C:\xampp\htdocs\jdih\vendor\codeigniter4\framework\system\View\View.php(220): include('C:\\xampp\\htdocs...')
#2 C:\xampp\htdocs\jdih\vendor\codeigniter4\framework\system\View\View.php(222): CodeIgniter\View\View->CodeIgniter\View\{closure}()
#3 C:\xampp\htdocs\jdih\vendor\codeigniter4\framework\system\Common.php(1217): CodeIgniter\View\View->render('berita/detail', Array, true)
#4 C:\xampp\htdocs\jdih\app\Controllers\Berita.php(26): view('berita/detail', Array)
#5 C:\xampp\htdocs\jdih\vendor\codeigniter4\framework\system\CodeIgniter.php(936): App\Controllers\Berita->detail('img', 'logokp.png')
#6 C:\xampp\htdocs\jdih\vendor\codeigniter4\framework\system\CodeIgniter.php(432): CodeIgniter\CodeIgniter->runController(Object(App\Controllers\Berita))
#7 C:\xampp\htdocs\jdih\vendor\codeigniter4\framework\system\CodeIgniter.php(333): CodeIgniter\CodeIgniter->handleRequest(NULL, Object(Config\Cache), false)
#8 C:\xampp\htdocs\jdih\public\index.php(45): CodeIgniter\CodeIgniter->run()
#9 C:\xampp\htdocs\jdih\vendor\codeigniter4\framework\system\Commands\Server\rewrite.php(45): require_once('C:\\xampp\\htdocs...')
#10 {main}
CRITICAL - 2021-03-04 14:14:14 --> Array to string conversion
#0 C:\xampp\htdocs\jdih\app\Views\front\dashboard.php(173): CodeIgniter\Debug\Exceptions->errorHandler(8, 'Array to string...', 'C:\\xampp\\htdocs...', 173, Array)
#1 C:\xampp\htdocs\jdih\vendor\codeigniter4\framework\system\View\View.php(220): include('C:\\xampp\\htdocs...')
#2 C:\xampp\htdocs\jdih\vendor\codeigniter4\framework\system\View\View.php(222): CodeIgniter\View\View->CodeIgniter\View\{closure}()
#3 C:\xampp\htdocs\jdih\vendor\codeigniter4\framework\system\Common.php(1217): CodeIgniter\View\View->render('front/dashboard', Array, true)
#4 C:\xampp\htdocs\jdih\app\Controllers\Dashboard.php(21): view('front/dashboard', Array)
#5 C:\xampp\htdocs\jdih\vendor\codeigniter4\framework\system\CodeIgniter.php(936): App\Controllers\Dashboard->index()
#6 C:\xampp\htdocs\jdih\vendor\codeigniter4\framework\system\CodeIgniter.php(432): CodeIgniter\CodeIgniter->runController(Object(App\Controllers\Dashboard))
#7 C:\xampp\htdocs\jdih\vendor\codeigniter4\framework\system\CodeIgniter.php(333): CodeIgniter\CodeIgniter->handleRequest(NULL, Object(Config\Cache), false)
#8 C:\xampp\htdocs\jdih\public\index.php(45): CodeIgniter\CodeIgniter->run()
#9 C:\xampp\htdocs\jdih\vendor\codeigniter4\framework\system\Commands\Server\rewrite.php(45): require_once('C:\\xampp\\htdocs...')
#10 {main}
CRITICAL - 2021-03-04 14:17:19 --> Array to string conversion
#0 C:\xampp\htdocs\jdih\app\Views\front\dashboard.php(173): CodeIgniter\Debug\Exceptions->errorHandler(8, 'Array to string...', 'C:\\xampp\\htdocs...', 173, Array)
#1 C:\xampp\htdocs\jdih\vendor\codeigniter4\framework\system\View\View.php(220): include('C:\\xampp\\htdocs...')
#2 C:\xampp\htdocs\jdih\vendor\codeigniter4\framework\system\View\View.php(222): CodeIgniter\View\View->CodeIgniter\View\{closure}()
#3 C:\xampp\htdocs\jdih\vendor\codeigniter4\framework\system\Common.php(1217): CodeIgniter\View\View->render('front/dashboard', Array, true)
#4 C:\xampp\htdocs\jdih\app\Controllers\Dashboard.php(21): view('front/dashboard', Array)
#5 C:\xampp\htdocs\jdih\vendor\codeigniter4\framework\system\CodeIgniter.php(936): App\Controllers\Dashboard->index()
#6 C:\xampp\htdocs\jdih\vendor\codeigniter4\framework\system\CodeIgniter.php(432): CodeIgniter\CodeIgniter->runController(Object(App\Controllers\Dashboard))
#7 C:\xampp\htdocs\jdih\vendor\codeigniter4\framework\system\CodeIgniter.php(333): CodeIgniter\CodeIgniter->handleRequest(NULL, Object(Config\Cache), false)
#8 C:\xampp\htdocs\jdih\public\index.php(45): CodeIgniter\CodeIgniter->run()
#9 C:\xampp\htdocs\jdih\vendor\codeigniter4\framework\system\Commands\Server\rewrite.php(45): require_once('C:\\xampp\\htdocs...')
#10 {main}
CRITICAL - 2021-03-04 14:19:53 --> syntax error, unexpected ')', expecting ']'
#0 C:\xampp\htdocs\jdih\vendor\codeigniter4\framework\system\Autoloader\Autoloader.php(265): CodeIgniter\Autoloader\Autoloader->includeFile('C:\\xampp\\htdocs...')
#1 C:\xampp\htdocs\jdih\vendor\codeigniter4\framework\system\Autoloader\Autoloader.php(228): CodeIgniter\Autoloader\Autoloader->loadInNamespace('App\\Models\\Pera...')
#2 [internal function]: CodeIgniter\Autoloader\Autoloader->loadClass('App\\Models\\Pera...')
#3 C:\xampp\htdocs\jdih\app\Controllers\BaseController.php(47): spl_autoload_call('App\\Models\\Pera...')
#4 C:\xampp\htdocs\jdih\vendor\codeigniter4\framework\system\CodeIgniter.php(909): App\Controllers\BaseController->initController(Object(CodeIgniter\HTTP\IncomingRequest), Object(CodeIgniter\HTTP\Response), Object(CodeIgniter\Log\Logger))
#5 C:\xampp\htdocs\jdih\vendor\codeigniter4\framework\system\CodeIgniter.php(422): CodeIgniter\CodeIgniter->createController()
#6 C:\xampp\htdocs\jdih\vendor\codeigniter4\framework\system\CodeIgniter.php(333): CodeIgniter\CodeIgniter->handleRequest(NULL, Object(Config\Cache), false)
#7 C:\xampp\htdocs\jdih\public\index.php(45): CodeIgniter\CodeIgniter->run()
#8 C:\xampp\htdocs\jdih\vendor\codeigniter4\framework\system\Commands\Server\rewrite.php(45): require_once('C:\\xampp\\htdocs...')
#9 {main}
CRITICAL - 2021-03-04 14:20:10 --> Array to string conversion
#0 C:\xampp\htdocs\jdih\app\Views\front\dashboard.php(173): CodeIgniter\Debug\Exceptions->errorHandler(8, 'Array to string...', 'C:\\xampp\\htdocs...', 173, Array)
#1 C:\xampp\htdocs\jdih\vendor\codeigniter4\framework\system\View\View.php(220): include('C:\\xampp\\htdocs...')
#2 C:\xampp\htdocs\jdih\vendor\codeigniter4\framework\system\View\View.php(222): CodeIgniter\View\View->CodeIgniter\View\{closure}()
#3 C:\xampp\htdocs\jdih\vendor\codeigniter4\framework\system\Common.php(1217): CodeIgniter\View\View->render('front/dashboard', Array, true)
#4 C:\xampp\htdocs\jdih\app\Controllers\Dashboard.php(21): view('front/dashboard', Array)
#5 C:\xampp\htdocs\jdih\vendor\codeigniter4\framework\system\CodeIgniter.php(936): App\Controllers\Dashboard->index()
#6 C:\xampp\htdocs\jdih\vendor\codeigniter4\framework\system\CodeIgniter.php(432): CodeIgniter\CodeIgniter->runController(Object(App\Controllers\Dashboard))
#7 C:\xampp\htdocs\jdih\vendor\codeigniter4\framework\system\CodeIgniter.php(333): CodeIgniter\CodeIgniter->handleRequest(NULL, Object(Config\Cache), false)
#8 C:\xampp\htdocs\jdih\public\index.php(45): CodeIgniter\CodeIgniter->run()
#9 C:\xampp\htdocs\jdih\vendor\codeigniter4\framework\system\Commands\Server\rewrite.php(45): require_once('C:\\xampp\\htdocs...')
#10 {main}
CRITICAL - 2021-03-04 14:22:14 --> Array to string conversion
#0 C:\xampp\htdocs\jdih\app\Views\front\dashboard.php(173): CodeIgniter\Debug\Exceptions->errorHandler(8, 'Array to string...', 'C:\\xampp\\htdocs...', 173, Array)
#1 C:\xampp\htdocs\jdih\vendor\codeigniter4\framework\system\View\View.php(220): include('C:\\xampp\\htdocs...')
#2 C:\xampp\htdocs\jdih\vendor\codeigniter4\framework\system\View\View.php(222): CodeIgniter\View\View->CodeIgniter\View\{closure}()
#3 C:\xampp\htdocs\jdih\vendor\codeigniter4\framework\system\Common.php(1217): CodeIgniter\View\View->render('front/dashboard', Array, true)
#4 C:\xampp\htdocs\jdih\app\Controllers\Dashboard.php(21): view('front/dashboard', Array)
#5 C:\xampp\htdocs\jdih\vendor\codeigniter4\framework\system\CodeIgniter.php(936): App\Controllers\Dashboard->index()
#6 C:\xampp\htdocs\jdih\vendor\codeigniter4\framework\system\CodeIgniter.php(432): CodeIgniter\CodeIgniter->runController(Object(App\Controllers\Dashboard))
#7 C:\xampp\htdocs\jdih\vendor\codeigniter4\framework\system\CodeIgniter.php(333): CodeIgniter\CodeIgniter->handleRequest(NULL, Object(Config\Cache), false)
#8 C:\xampp\htdocs\jdih\public\index.php(45): CodeIgniter\CodeIgniter->run()
#9 C:\xampp\htdocs\jdih\vendor\codeigniter4\framework\system\Commands\Server\rewrite.php(45): require_once('C:\\xampp\\htdocs...')
#10 {main}
CRITICAL - 2021-03-04 14:23:06 --> Object of class App\Models\PeraturanModel could not be converted to string
#0 C:\xampp\htdocs\jdih\vendor\codeigniter4\framework\system\View\View.php(220): include()
#1 C:\xampp\htdocs\jdih\vendor\codeigniter4\framework\system\View\View.php(222): CodeIgniter\View\View->CodeIgniter\View\{closure}()
#2 C:\xampp\htdocs\jdih\vendor\codeigniter4\framework\system\Common.php(1217): CodeIgniter\View\View->render('front/dashboard', Array, true)
#3 C:\xampp\htdocs\jdih\app\Controllers\Dashboard.php(21): view('front/dashboard', Array)
#4 C:\xampp\htdocs\jdih\vendor\codeigniter4\framework\system\CodeIgniter.php(936): App\Controllers\Dashboard->index()
#5 C:\xampp\htdocs\jdih\vendor\codeigniter4\framework\system\CodeIgniter.php(432): CodeIgniter\CodeIgniter->runController(Object(App\Controllers\Dashboard))
#6 C:\xampp\htdocs\jdih\vendor\codeigniter4\framework\system\CodeIgniter.php(333): CodeIgniter\CodeIgniter->handleRequest(NULL, Object(Config\Cache), false)
#7 C:\xampp\htdocs\jdih\public\index.php(45): CodeIgniter\CodeIgniter->run()
#8 C:\xampp\htdocs\jdih\vendor\codeigniter4\framework\system\Commands\Server\rewrite.php(45): require_once('C:\\xampp\\htdocs...')
#9 {main}
CRITICAL - 2021-03-04 14:23:35 --> Object of class App\Models\PeraturanModel could not be converted to string
#0 C:\xampp\htdocs\jdih\vendor\codeigniter4\framework\system\View\View.php(220): include()
#1 C:\xampp\htdocs\jdih\vendor\codeigniter4\framework\system\View\View.php(222): CodeIgniter\View\View->CodeIgniter\View\{closure}()
#2 C:\xampp\htdocs\jdih\vendor\codeigniter4\framework\system\Common.php(1217): CodeIgniter\View\View->render('front/dashboard', Array, true)
#3 C:\xampp\htdocs\jdih\app\Controllers\Dashboard.php(21): view('front/dashboard', Array)
#4 C:\xampp\htdocs\jdih\vendor\codeigniter4\framework\system\CodeIgniter.php(936): App\Controllers\Dashboard->index()
#5 C:\xampp\htdocs\jdih\vendor\codeigniter4\framework\system\CodeIgniter.php(432): CodeIgniter\CodeIgniter->runController(Object(App\Controllers\Dashboard))
#6 C:\xampp\htdocs\jdih\vendor\codeigniter4\framework\system\CodeIgniter.php(333): CodeIgniter\CodeIgniter->handleRequest(NULL, Object(Config\Cache), false)
#7 C:\xampp\htdocs\jdih\public\index.php(45): CodeIgniter\CodeIgniter->run()
#8 C:\xampp\htdocs\jdih\vendor\codeigniter4\framework\system\Commands\Server\rewrite.php(45): require_once('C:\\xampp\\htdocs...')
#9 {main}
CRITICAL - 2021-03-04 14:25:30 --> Call to undefined method App\Models\PeraturanModel::count
#0 C:\xampp\htdocs\jdih\app\Controllers\Dashboard.php(16): CodeIgniter\Model->__call('count', Array)
#1 C:\xampp\htdocs\jdih\vendor\codeigniter4\framework\system\CodeIgniter.php(936): App\Controllers\Dashboard->index()
#2 C:\xampp\htdocs\jdih\vendor\codeigniter4\framework\system\CodeIgniter.php(432): CodeIgniter\CodeIgniter->runController(Object(App\Controllers\Dashboard))
#3 C:\xampp\htdocs\jdih\vendor\codeigniter4\framework\system\CodeIgniter.php(333): CodeIgniter\CodeIgniter->handleRequest(NULL, Object(Config\Cache), false)
#4 C:\xampp\htdocs\jdih\public\index.php(45): CodeIgniter\CodeIgniter->run()
#5 C:\xampp\htdocs\jdih\vendor\codeigniter4\framework\system\Commands\Server\rewrite.php(45): require_once('C:\\xampp\\htdocs...')
#6 {main}
CRITICAL - 2021-03-04 14:25:49 --> Call to undefined method App\Models\PeraturanModel::countRow
#0 C:\xampp\htdocs\jdih\app\Controllers\Dashboard.php(16): CodeIgniter\Model->__call('countRow', Array)
#1 C:\xampp\htdocs\jdih\vendor\codeigniter4\framework\system\CodeIgniter.php(936): App\Controllers\Dashboard->index()
#2 C:\xampp\htdocs\jdih\vendor\codeigniter4\framework\system\CodeIgniter.php(432): CodeIgniter\CodeIgniter->runController(Object(App\Controllers\Dashboard))
#3 C:\xampp\htdocs\jdih\vendor\codeigniter4\framework\system\CodeIgniter.php(333): CodeIgniter\CodeIgniter->handleRequest(NULL, Object(Config\Cache), false)
#4 C:\xampp\htdocs\jdih\public\index.php(45): CodeIgniter\CodeIgniter->run()
#5 C:\xampp\htdocs\jdih\vendor\codeigniter4\framework\system\Commands\Server\rewrite.php(45): require_once('C:\\xampp\\htdocs...')
#6 {main}
CRITICAL - 2021-03-04 14:26:06 --> Call to undefined method App\Models\PeraturanModel::countRows
#0 C:\xampp\htdocs\jdih\app\Controllers\Dashboard.php(16): CodeIgniter\Model->__call('countRows', Array)
#1 C:\xampp\htdocs\jdih\vendor\codeigniter4\framework\system\CodeIgniter.php(936): App\Controllers\Dashboard->index()
#2 C:\xampp\htdocs\jdih\vendor\codeigniter4\framework\system\CodeIgniter.php(432): CodeIgniter\CodeIgniter->runController(Object(App\Controllers\Dashboard))
#3 C:\xampp\htdocs\jdih\vendor\codeigniter4\framework\system\CodeIgniter.php(333): CodeIgniter\CodeIgniter->handleRequest(NULL, Object(Config\Cache), false)
#4 C:\xampp\htdocs\jdih\public\index.php(45): CodeIgniter\CodeIgniter->run()
#5 C:\xampp\htdocs\jdih\vendor\codeigniter4\framework\system\Commands\Server\rewrite.php(45): require_once('C:\\xampp\\htdocs...')
#6 {main}
CRITICAL - 2021-03-04 14:54:11 --> Undefined index: hits
#0 C:\xampp\htdocs\jdih\app\Controllers\Produk_hukum.php(114): CodeIgniter\Debug\Exceptions->errorHandler(8, 'Undefined index...', 'C:\\xampp\\htdocs...', 114, Array)
#1 C:\xampp\htdocs\jdih\vendor\codeigniter4\framework\system\CodeIgniter.php(936): App\Controllers\Produk_hukum->preview('portof.pdf')
#2 C:\xampp\htdocs\jdih\vendor\codeigniter4\framework\system\CodeIgniter.php(432): CodeIgniter\CodeIgniter->runController(Object(App\Controllers\Produk_hukum))
#3 C:\xampp\htdocs\jdih\vendor\codeigniter4\framework\system\CodeIgniter.php(333): CodeIgniter\CodeIgniter->handleRequest(NULL, Object(Config\Cache), false)
#4 C:\xampp\htdocs\jdih\public\index.php(45): CodeIgniter\CodeIgniter->run()
#5 C:\xampp\htdocs\jdih\vendor\codeigniter4\framework\system\Commands\Server\rewrite.php(45): require_once('C:\\xampp\\htdocs...')
#6 {main}
CRITICAL - 2021-03-04 14:54:45 --> Undefined variable: url
#0 C:\xampp\htdocs\jdih\app\Controllers\Produk_hukum.php(114): CodeIgniter\Debug\Exceptions->errorHandler(8, 'Undefined varia...', 'C:\\xampp\\htdocs...', 114, Array)
#1 C:\xampp\htdocs\jdih\vendor\codeigniter4\framework\system\CodeIgniter.php(936): App\Controllers\Produk_hukum->preview('portof.pdf')
#2 C:\xampp\htdocs\jdih\vendor\codeigniter4\framework\system\CodeIgniter.php(432): CodeIgniter\CodeIgniter->runController(Object(App\Controllers\Produk_hukum))
#3 C:\xampp\htdocs\jdih\vendor\codeigniter4\framework\system\CodeIgniter.php(333): CodeIgniter\CodeIgniter->handleRequest(NULL, Object(Config\Cache), false)
#4 C:\xampp\htdocs\jdih\public\index.php(45): CodeIgniter\CodeIgniter->run()
#5 C:\xampp\htdocs\jdih\vendor\codeigniter4\framework\system\Commands\Server\rewrite.php(45): require_once('C:\\xampp\\htdocs...')
#6 {main}
CRITICAL - 2021-03-04 15:17:59 --> Undefined index: hits
#0 C:\xampp\htdocs\jdih\app\Views\produk_hukum\produk_hukum.php(86): CodeIgniter\Debug\Exceptions->errorHandler(8, 'Undefined index...', 'C:\\xampp\\htdocs...', 86, Array)
#1 C:\xampp\htdocs\jdih\vendor\codeigniter4\framework\system\View\View.php(220): include('C:\\xampp\\htdocs...')
#2 C:\xampp\htdocs\jdih\vendor\codeigniter4\framework\system\View\View.php(222): CodeIgniter\View\View->CodeIgniter\View\{closure}()
#3 C:\xampp\htdocs\jdih\vendor\codeigniter4\framework\system\Common.php(1217): CodeIgniter\View\View->render('produk_hukum/pr...', Array, true)
#4 C:\xampp\htdocs\jdih\app\Controllers\Produk_hukum.php(23): view('produk_hukum/pr...', Array)
#5 C:\xampp\htdocs\jdih\vendor\codeigniter4\framework\system\CodeIgniter.php(936): App\Controllers\Produk_hukum->index()
#6 C:\xampp\htdocs\jdih\vendor\codeigniter4\framework\system\CodeIgniter.php(432): CodeIgniter\CodeIgniter->runController(Object(App\Controllers\Produk_hukum))
#7 C:\xampp\htdocs\jdih\vendor\codeigniter4\framework\system\CodeIgniter.php(333): CodeIgniter\CodeIgniter->handleRequest(NULL, Object(Config\Cache), false)
#8 C:\xampp\htdocs\jdih\public\index.php(45): CodeIgniter\CodeIgniter->run()
#9 C:\xampp\htdocs\jdih\vendor\codeigniter4\framework\system\Commands\Server\rewrite.php(45): require_once('C:\\xampp\\htdocs...')
#10 {main}
CRITICAL - 2021-03-04 15:18:55 --> date() expects parameter 2 to be int, string given
#0 [internal function]: CodeIgniter\Debug\Exceptions->errorHandler(2, 'date() expects ...', 'C:\\xampp\\htdocs...', 82, Array)
#1 C:\xampp\htdocs\jdih\app\Views\produk_hukum\produk_hukum.php(82): date('d-m-Y', '')
#2 C:\xampp\htdocs\jdih\vendor\codeigniter4\framework\system\View\View.php(220): include('C:\\xampp\\htdocs...')
#3 C:\xampp\htdocs\jdih\vendor\codeigniter4\framework\system\View\View.php(222): CodeIgniter\View\View->CodeIgniter\View\{closure}()
#4 C:\xampp\htdocs\jdih\vendor\codeigniter4\framework\system\Common.php(1217): CodeIgniter\View\View->render('produk_hukum/pr...', Array, true)
#5 C:\xampp\htdocs\jdih\app\Controllers\Produk_hukum.php(23): view('produk_hukum/pr...', Array)
#6 C:\xampp\htdocs\jdih\vendor\codeigniter4\framework\system\CodeIgniter.php(936): App\Controllers\Produk_hukum->index()
#7 C:\xampp\htdocs\jdih\vendor\codeigniter4\framework\system\CodeIgniter.php(432): CodeIgniter\CodeIgniter->runController(Object(App\Controllers\Produk_hukum))
#8 C:\xampp\htdocs\jdih\vendor\codeigniter4\framework\system\CodeIgniter.php(333): CodeIgniter\CodeIgniter->handleRequest(NULL, Object(Config\Cache), false)
#9 C:\xampp\htdocs\jdih\public\index.php(45): CodeIgniter\CodeIgniter->run()
#10 C:\xampp\htdocs\jdih\vendor\codeigniter4\framework\system\Commands\Server\rewrite.php(45): require_once('C:\\xampp\\htdocs...')
#11 {main}
CRITICAL - 2021-03-04 15:19:10 --> date() expects parameter 2 to be int, string given
#0 [internal function]: CodeIgniter\Debug\Exceptions->errorHandler(2, 'date() expects ...', 'C:\\xampp\\htdocs...', 82, Array)
#1 C:\xampp\htdocs\jdih\app\Views\produk_hukum\produk_hukum.php(82): date('d-m-Y', '')
#2 C:\xampp\htdocs\jdih\vendor\codeigniter4\framework\system\View\View.php(220): include('C:\\xampp\\htdocs...')
#3 C:\xampp\htdocs\jdih\vendor\codeigniter4\framework\system\View\View.php(222): CodeIgniter\View\View->CodeIgniter\View\{closure}()
#4 C:\xampp\htdocs\jdih\vendor\codeigniter4\framework\system\Common.php(1217): CodeIgniter\View\View->render('produk_hukum/pr...', Array, true)
#5 C:\xampp\htdocs\jdih\app\Controllers\Produk_hukum.php(23): view('produk_hukum/pr...', Array)
#6 C:\xampp\htdocs\jdih\vendor\codeigniter4\framework\system\CodeIgniter.php(936): App\Controllers\Produk_hukum->index()
#7 C:\xampp\htdocs\jdih\vendor\codeigniter4\framework\system\CodeIgniter.php(432): CodeIgniter\CodeIgniter->runController(Object(App\Controllers\Produk_hukum))
#8 C:\xampp\htdocs\jdih\vendor\codeigniter4\framework\system\CodeIgniter.php(333): CodeIgniter\CodeIgniter->handleRequest(NULL, Object(Config\Cache), false)
#9 C:\xampp\htdocs\jdih\public\index.php(45): CodeIgniter\CodeIgniter->run()
#10 C:\xampp\htdocs\jdih\vendor\codeigniter4\framework\system\Commands\Server\rewrite.php(45): require_once('C:\\xampp\\htdocs...')
#11 {main}
CRITICAL - 2021-03-04 15:19:27 --> date() expects parameter 2 to be int, string given
#0 [internal function]: CodeIgniter\Debug\Exceptions->errorHandler(2, 'date() expects ...', 'C:\\xampp\\htdocs...', 82, Array)
#1 C:\xampp\htdocs\jdih\app\Views\produk_hukum\produk_hukum.php(82): date('d-m-Y', '')
#2 C:\xampp\htdocs\jdih\vendor\codeigniter4\framework\system\View\View.php(220): include('C:\\xampp\\htdocs...')
#3 C:\xampp\htdocs\jdih\vendor\codeigniter4\framework\system\View\View.php(222): CodeIgniter\View\View->CodeIgniter\View\{closure}()
#4 C:\xampp\htdocs\jdih\vendor\codeigniter4\framework\system\Common.php(1217): CodeIgniter\View\View->render('produk_hukum/pr...', Array, true)
#5 C:\xampp\htdocs\jdih\app\Controllers\Produk_hukum.php(23): view('produk_hukum/pr...', Array)
#6 C:\xampp\htdocs\jdih\vendor\codeigniter4\framework\system\CodeIgniter.php(936): App\Controllers\Produk_hukum->index()
#7 C:\xampp\htdocs\jdih\vendor\codeigniter4\framework\system\CodeIgniter.php(432): CodeIgniter\CodeIgniter->runController(Object(App\Controllers\Produk_hukum))
#8 C:\xampp\htdocs\jdih\vendor\codeigniter4\framework\system\CodeIgniter.php(333): CodeIgniter\CodeIgniter->handleRequest(NULL, Object(Config\Cache), false)
#9 C:\xampp\htdocs\jdih\public\index.php(45): CodeIgniter\CodeIgniter->run()
#10 C:\xampp\htdocs\jdih\vendor\codeigniter4\framework\system\Commands\Server\rewrite.php(45): require_once('C:\\xampp\\htdocs...')
#11 {main}
CRITICAL - 2021-03-04 15:20:12 --> date() expects parameter 2 to be int, string given
#0 [internal function]: CodeIgniter\Debug\Exceptions->errorHandler(2, 'date() expects ...', 'C:\\xampp\\htdocs...', 82, Array)
#1 C:\xampp\htdocs\jdih\app\Views\produk_hukum\produk_hukum.php(82): date('d-m-Y', '')
#2 C:\xampp\htdocs\jdih\vendor\codeigniter4\framework\system\View\View.php(220): include('C:\\xampp\\htdocs...')
#3 C:\xampp\htdocs\jdih\vendor\codeigniter4\framework\system\View\View.php(222): CodeIgniter\View\View->CodeIgniter\View\{closure}()
#4 C:\xampp\htdocs\jdih\vendor\codeigniter4\framework\system\Common.php(1217): CodeIgniter\View\View->render('produk_hukum/pr...', Array, true)
#5 C:\xampp\htdocs\jdih\app\Controllers\Produk_hukum.php(23): view('produk_hukum/pr...', Array)
#6 C:\xampp\htdocs\jdih\vendor\codeigniter4\framework\system\CodeIgniter.php(936): App\Controllers\Produk_hukum->index()
#7 C:\xampp\htdocs\jdih\vendor\codeigniter4\framework\system\CodeIgniter.php(432): CodeIgniter\CodeIgniter->runController(Object(App\Controllers\Produk_hukum))
#8 C:\xampp\htdocs\jdih\vendor\codeigniter4\framework\system\CodeIgniter.php(333): CodeIgniter\CodeIgniter->handleRequest(NULL, Object(Config\Cache), false)
#9 C:\xampp\htdocs\jdih\public\index.php(45): CodeIgniter\CodeIgniter->run()
#10 C:\xampp\htdocs\jdih\vendor\codeigniter4\framework\system\Commands\Server\rewrite.php(45): require_once('C:\\xampp\\htdocs...')
#11 {main}
CRITICAL - 2021-03-04 15:21:01 --> date() expects parameter 2 to be int, string given
#0 [internal function]: CodeIgniter\Debug\Exceptions->errorHandler(2, 'date() expects ...', 'C:\\xampp\\htdocs...', 82, Array)
#1 C:\xampp\htdocs\jdih\app\Views\produk_hukum\produk_hukum.php(82): date('d-m-Y', '')
#2 C:\xampp\htdocs\jdih\vendor\codeigniter4\framework\system\View\View.php(220): include('C:\\xampp\\htdocs...')
#3 C:\xampp\htdocs\jdih\vendor\codeigniter4\framework\system\View\View.php(222): CodeIgniter\View\View->CodeIgniter\View\{closure}()
#4 C:\xampp\htdocs\jdih\vendor\codeigniter4\framework\system\Common.php(1217): CodeIgniter\View\View->render('produk_hukum/pr...', Array, true)
#5 C:\xampp\htdocs\jdih\app\Controllers\Produk_hukum.php(23): view('produk_hukum/pr...', Array)
#6 C:\xampp\htdocs\jdih\vendor\codeigniter4\framework\system\CodeIgniter.php(936): App\Controllers\Produk_hukum->index()
#7 C:\xampp\htdocs\jdih\vendor\codeigniter4\framework\system\CodeIgniter.php(432): CodeIgniter\CodeIgniter->runController(Object(App\Controllers\Produk_hukum))
#8 C:\xampp\htdocs\jdih\vendor\codeigniter4\framework\system\CodeIgniter.php(333): CodeIgniter\CodeIgniter->handleRequest(NULL, Object(Config\Cache), false)
#9 C:\xampp\htdocs\jdih\public\index.php(45): CodeIgniter\CodeIgniter->run()
#10 C:\xampp\htdocs\jdih\vendor\codeigniter4\framework\system\Commands\Server\rewrite.php(45): require_once('C:\\xampp\\htdocs...')
#11 {main}
CRITICAL - 2021-03-04 15:21:16 --> date() expects parameter 2 to be int, string given
#0 [internal function]: CodeIgniter\Debug\Exceptions->errorHandler(2, 'date() expects ...', 'C:\\xampp\\htdocs...', 82, Array)
#1 C:\xampp\htdocs\jdih\app\Views\produk_hukum\produk_hukum.php(82): date('d-m-Y', '')
#2 C:\xampp\htdocs\jdih\vendor\codeigniter4\framework\system\View\View.php(220): include('C:\\xampp\\htdocs...')
#3 C:\xampp\htdocs\jdih\vendor\codeigniter4\framework\system\View\View.php(222): CodeIgniter\View\View->CodeIgniter\View\{closure}()
#4 C:\xampp\htdocs\jdih\vendor\codeigniter4\framework\system\Common.php(1217): CodeIgniter\View\View->render('produk_hukum/pr...', Array, true)
#5 C:\xampp\htdocs\jdih\app\Controllers\Produk_hukum.php(23): view('produk_hukum/pr...', Array)
#6 C:\xampp\htdocs\jdih\vendor\codeigniter4\framework\system\CodeIgniter.php(936): App\Controllers\Produk_hukum->index()
#7 C:\xampp\htdocs\jdih\vendor\codeigniter4\framework\system\CodeIgniter.php(432): CodeIgniter\CodeIgniter->runController(Object(App\Controllers\Produk_hukum))
#8 C:\xampp\htdocs\jdih\vendor\codeigniter4\framework\system\CodeIgniter.php(333): CodeIgniter\CodeIgniter->handleRequest(NULL, Object(Config\Cache), false)
#9 C:\xampp\htdocs\jdih\public\index.php(45): CodeIgniter\CodeIgniter->run()
#10 C:\xampp\htdocs\jdih\vendor\codeigniter4\framework\system\Commands\Server\rewrite.php(45): require_once('C:\\xampp\\htdocs...')
#11 {main}
CRITICAL - 2021-03-04 15:34:01 --> date() expects parameter 2 to be int, string given
#0 [internal function]: CodeIgniter\Debug\Exceptions->errorHandler(2, 'date() expects ...', 'C:\\xampp\\htdocs...', 82, Array)
#1 C:\xampp\htdocs\jdih\app\Views\produk_hukum\produk_hukum.php(82): date('d-m-Y', '')
#2 C:\xampp\htdocs\jdih\vendor\codeigniter4\framework\system\View\View.php(220): include('C:\\xampp\\htdocs...')
#3 C:\xampp\htdocs\jdih\vendor\codeigniter4\framework\system\View\View.php(222): CodeIgniter\View\View->CodeIgniter\View\{closure}()
#4 C:\xampp\htdocs\jdih\vendor\codeigniter4\framework\system\Common.php(1217): CodeIgniter\View\View->render('produk_hukum/pr...', Array, true)
#5 C:\xampp\htdocs\jdih\app\Controllers\Produk_hukum.php(23): view('produk_hukum/pr...', Array)
#6 C:\xampp\htdocs\jdih\vendor\codeigniter4\framework\system\CodeIgniter.php(936): App\Controllers\Produk_hukum->index()
#7 C:\xampp\htdocs\jdih\vendor\codeigniter4\framework\system\CodeIgniter.php(432): CodeIgniter\CodeIgniter->runController(Object(App\Controllers\Produk_hukum))
#8 C:\xampp\htdocs\jdih\vendor\codeigniter4\framework\system\CodeIgniter.php(333): CodeIgniter\CodeIgniter->handleRequest(NULL, Object(Config\Cache), false)
#9 C:\xampp\htdocs\jdih\public\index.php(45): CodeIgniter\CodeIgniter->run()
#10 C:\xampp\htdocs\jdih\vendor\codeigniter4\framework\system\Commands\Server\rewrite.php(45): require_once('C:\\xampp\\htdocs...')
#11 {main}
