CRITICAL - 2022-07-31 00:00:01 --> Undefined offset: -1
#0 /var/www/html/asesiku/app/Helpers/my_helper.php(161): CodeIgniter\Debug\Exceptions->errorHandler()
#1 /var/www/html/asesiku/app/Views/admin/asesmen.php(59): tgl_lengkap()
#2 /var/www/html/asesiku/system/View/View.php(214): include('/var/www/html/a...')
#3 /var/www/html/asesiku/system/View/View.php(217): CodeIgniter\View\View->CodeIgniter\View\{closure}()
#4 /var/www/html/asesiku/system/Common.php(1092): CodeIgniter\View\View->render()
#5 /var/www/html/asesiku/app/Controllers/Admin.php(122): view()
#6 /var/www/html/asesiku/system/CodeIgniter.php(802): App\Controllers\Admin->asesmen()
#7 /var/www/html/asesiku/system/CodeIgniter.php(399): CodeIgniter\CodeIgniter->runController()
#8 /var/www/html/asesiku/system/CodeIgniter.php(317): CodeIgniter\CodeIgniter->handleRequest()
#9 /var/www/html/asesiku/public/index.php(36): CodeIgniter\CodeIgniter->run()
#10 {main}
CRITICAL - 2022-07-31 00:00:02 --> Undefined offset: -1
#0 /var/www/html/asesiku/app/Helpers/my_helper.php(161): CodeIgniter\Debug\Exceptions->errorHandler()
#1 /var/www/html/asesiku/app/Views/admin/asesmen.php(59): tgl_lengkap()
#2 /var/www/html/asesiku/system/View/View.php(214): include('/var/www/html/a...')
#3 /var/www/html/asesiku/system/View/View.php(217): CodeIgniter\View\View->CodeIgniter\View\{closure}()
#4 /var/www/html/asesiku/system/Common.php(1092): CodeIgniter\View\View->render()
#5 /var/www/html/asesiku/app/Controllers/Admin.php(122): view()
#6 /var/www/html/asesiku/system/CodeIgniter.php(802): App\Controllers\Admin->asesmen()
#7 /var/www/html/asesiku/system/CodeIgniter.php(399): CodeIgniter\CodeIgniter->runController()
#8 /var/www/html/asesiku/system/CodeIgniter.php(317): CodeIgniter\CodeIgniter->handleRequest()
#9 /var/www/html/asesiku/public/index.php(36): CodeIgniter\CodeIgniter->run()
#10 {main}
CRITICAL - 2022-07-31 00:00:07 --> Undefined offset: -1
#0 /var/www/html/asesiku/app/Helpers/my_helper.php(161): CodeIgniter\Debug\Exceptions->errorHandler()
#1 /var/www/html/asesiku/app/Views/admin/asesmen.php(59): tgl_lengkap()
#2 /var/www/html/asesiku/system/View/View.php(214): include('/var/www/html/a...')
#3 /var/www/html/asesiku/system/View/View.php(217): CodeIgniter\View\View->CodeIgniter\View\{closure}()
#4 /var/www/html/asesiku/system/Common.php(1092): CodeIgniter\View\View->render()
#5 /var/www/html/asesiku/app/Controllers/Admin.php(122): view()
#6 /var/www/html/asesiku/system/CodeIgniter.php(802): App\Controllers\Admin->asesmen()
#7 /var/www/html/asesiku/system/CodeIgniter.php(399): CodeIgniter\CodeIgniter->runController()
#8 /var/www/html/asesiku/system/CodeIgniter.php(317): CodeIgniter\CodeIgniter->handleRequest()
#9 /var/www/html/asesiku/public/index.php(36): CodeIgniter\CodeIgniter->run()
#10 {main}
CRITICAL - 2022-07-31 00:00:12 --> Undefined offset: -1
#0 /var/www/html/asesiku/app/Helpers/my_helper.php(161): CodeIgniter\Debug\Exceptions->errorHandler()
#1 /var/www/html/asesiku/app/Views/admin/asesmen.php(59): tgl_lengkap()
#2 /var/www/html/asesiku/system/View/View.php(214): include('/var/www/html/a...')
#3 /var/www/html/asesiku/system/View/View.php(217): CodeIgniter\View\View->CodeIgniter\View\{closure}()
#4 /var/www/html/asesiku/system/Common.php(1092): CodeIgniter\View\View->render()
#5 /var/www/html/asesiku/app/Controllers/Admin.php(122): view()
#6 /var/www/html/asesiku/system/CodeIgniter.php(802): App\Controllers\Admin->asesmen()
#7 /var/www/html/asesiku/system/CodeIgniter.php(399): CodeIgniter\CodeIgniter->runController()
#8 /var/www/html/asesiku/system/CodeIgniter.php(317): CodeIgniter\CodeIgniter->handleRequest()
#9 /var/www/html/asesiku/public/index.php(36): CodeIgniter\CodeIgniter->run()
#10 {main}
CRITICAL - 2022-07-31 00:00:29 --> Undefined offset: -1
#0 /var/www/html/asesiku/app/Helpers/my_helper.php(161): CodeIgniter\Debug\Exceptions->errorHandler()
#1 /var/www/html/asesiku/app/Views/admin/asesmen.php(59): tgl_lengkap()
#2 /var/www/html/asesiku/system/View/View.php(214): include('/var/www/html/a...')
#3 /var/www/html/asesiku/system/View/View.php(217): CodeIgniter\View\View->CodeIgniter\View\{closure}()
#4 /var/www/html/asesiku/system/Common.php(1092): CodeIgniter\View\View->render()
#5 /var/www/html/asesiku/app/Controllers/Admin.php(122): view()
#6 /var/www/html/asesiku/system/CodeIgniter.php(802): App\Controllers\Admin->asesmen()
#7 /var/www/html/asesiku/system/CodeIgniter.php(399): CodeIgniter\CodeIgniter->runController()
#8 /var/www/html/asesiku/system/CodeIgniter.php(317): CodeIgniter\CodeIgniter->handleRequest()
#9 /var/www/html/asesiku/public/index.php(36): CodeIgniter\CodeIgniter->run()
#10 {main}
CRITICAL - 2022-07-31 00:25:03 --> Undefined offset: -1
#0 /var/www/html/asesiku/app/Helpers/my_helper.php(161): CodeIgniter\Debug\Exceptions->errorHandler()
#1 /var/www/html/asesiku/app/Views/admin/asesmen.php(59): tgl_lengkap()
#2 /var/www/html/asesiku/system/View/View.php(214): include('/var/www/html/a...')
#3 /var/www/html/asesiku/system/View/View.php(217): CodeIgniter\View\View->CodeIgniter\View\{closure}()
#4 /var/www/html/asesiku/system/Common.php(1092): CodeIgniter\View\View->render()
#5 /var/www/html/asesiku/app/Controllers/Admin.php(122): view()
#6 /var/www/html/asesiku/system/CodeIgniter.php(802): App\Controllers\Admin->asesmen()
#7 /var/www/html/asesiku/system/CodeIgniter.php(399): CodeIgniter\CodeIgniter->runController()
#8 /var/www/html/asesiku/system/CodeIgniter.php(317): CodeIgniter\CodeIgniter->handleRequest()
#9 /var/www/html/asesiku/public/index.php(36): CodeIgniter\CodeIgniter->run()
#10 {main}
CRITICAL - 2022-07-31 00:25:04 --> Undefined offset: -1
#0 /var/www/html/asesiku/app/Helpers/my_helper.php(161): CodeIgniter\Debug\Exceptions->errorHandler()
#1 /var/www/html/asesiku/app/Views/admin/asesmen.php(59): tgl_lengkap()
#2 /var/www/html/asesiku/system/View/View.php(214): include('/var/www/html/a...')
#3 /var/www/html/asesiku/system/View/View.php(217): CodeIgniter\View\View->CodeIgniter\View\{closure}()
#4 /var/www/html/asesiku/system/Common.php(1092): CodeIgniter\View\View->render()
#5 /var/www/html/asesiku/app/Controllers/Admin.php(122): view()
#6 /var/www/html/asesiku/system/CodeIgniter.php(802): App\Controllers\Admin->asesmen()
#7 /var/www/html/asesiku/system/CodeIgniter.php(399): CodeIgniter\CodeIgniter->runController()
#8 /var/www/html/asesiku/system/CodeIgniter.php(317): CodeIgniter\CodeIgniter->handleRequest()
#9 /var/www/html/asesiku/public/index.php(36): CodeIgniter\CodeIgniter->run()
#10 {main}
CRITICAL - 2022-07-31 00:25:08 --> Undefined offset: -1
#0 /var/www/html/asesiku/app/Helpers/my_helper.php(161): CodeIgniter\Debug\Exceptions->errorHandler()
#1 /var/www/html/asesiku/app/Views/admin/asesmen.php(59): tgl_lengkap()
#2 /var/www/html/asesiku/system/View/View.php(214): include('/var/www/html/a...')
#3 /var/www/html/asesiku/system/View/View.php(217): CodeIgniter\View\View->CodeIgniter\View\{closure}()
#4 /var/www/html/asesiku/system/Common.php(1092): CodeIgniter\View\View->render()
#5 /var/www/html/asesiku/app/Controllers/Admin.php(122): view()
#6 /var/www/html/asesiku/system/CodeIgniter.php(802): App\Controllers\Admin->asesmen()
#7 /var/www/html/asesiku/system/CodeIgniter.php(399): CodeIgniter\CodeIgniter->runController()
#8 /var/www/html/asesiku/system/CodeIgniter.php(317): CodeIgniter\CodeIgniter->handleRequest()
#9 /var/www/html/asesiku/public/index.php(36): CodeIgniter\CodeIgniter->run()
#10 {main}
CRITICAL - 2022-07-31 00:32:13 --> Undefined offset: -1
#0 /var/www/html/asesiku/app/Helpers/my_helper.php(161): CodeIgniter\Debug\Exceptions->errorHandler()
#1 /var/www/html/asesiku/app/Views/admin/asesmen.php(59): tgl_lengkap()
#2 /var/www/html/asesiku/system/View/View.php(214): include('/var/www/html/a...')
#3 /var/www/html/asesiku/system/View/View.php(217): CodeIgniter\View\View->CodeIgniter\View\{closure}()
#4 /var/www/html/asesiku/system/Common.php(1092): CodeIgniter\View\View->render()
#5 /var/www/html/asesiku/app/Controllers/Admin.php(122): view()
#6 /var/www/html/asesiku/system/CodeIgniter.php(802): App\Controllers\Admin->asesmen()
#7 /var/www/html/asesiku/system/CodeIgniter.php(399): CodeIgniter\CodeIgniter->runController()
#8 /var/www/html/asesiku/system/CodeIgniter.php(317): CodeIgniter\CodeIgniter->handleRequest()
#9 /var/www/html/asesiku/public/index.php(36): CodeIgniter\CodeIgniter->run()
#10 {main}
CRITICAL - 2022-07-31 01:08:05 --> Undefined offset: -1
#0 /var/www/html/asesiku/app/Helpers/my_helper.php(161): CodeIgniter\Debug\Exceptions->errorHandler()
#1 /var/www/html/asesiku/app/Views/admin/asesmen.php(59): tgl_lengkap()
#2 /var/www/html/asesiku/system/View/View.php(214): include('/var/www/html/a...')
#3 /var/www/html/asesiku/system/View/View.php(217): CodeIgniter\View\View->CodeIgniter\View\{closure}()
#4 /var/www/html/asesiku/system/Common.php(1092): CodeIgniter\View\View->render()
#5 /var/www/html/asesiku/app/Controllers/Admin.php(122): view()
#6 /var/www/html/asesiku/system/CodeIgniter.php(802): App\Controllers\Admin->asesmen()
#7 /var/www/html/asesiku/system/CodeIgniter.php(399): CodeIgniter\CodeIgniter->runController()
#8 /var/www/html/asesiku/system/CodeIgniter.php(317): CodeIgniter\CodeIgniter->handleRequest()
#9 /var/www/html/asesiku/public/index.php(36): CodeIgniter\CodeIgniter->run()
#10 {main}
CRITICAL - 2022-07-31 01:18:56 --> Undefined offset: -1
#0 /var/www/html/asesiku/app/Helpers/my_helper.php(161): CodeIgniter\Debug\Exceptions->errorHandler()
#1 /var/www/html/asesiku/app/Views/admin/asesmen.php(59): tgl_lengkap()
#2 /var/www/html/asesiku/system/View/View.php(214): include('/var/www/html/a...')
#3 /var/www/html/asesiku/system/View/View.php(217): CodeIgniter\View\View->CodeIgniter\View\{closure}()
#4 /var/www/html/asesiku/system/Common.php(1092): CodeIgniter\View\View->render()
#5 /var/www/html/asesiku/app/Controllers/Admin.php(122): view()
#6 /var/www/html/asesiku/system/CodeIgniter.php(802): App\Controllers\Admin->asesmen()
#7 /var/www/html/asesiku/system/CodeIgniter.php(399): CodeIgniter\CodeIgniter->runController()
#8 /var/www/html/asesiku/system/CodeIgniter.php(317): CodeIgniter\CodeIgniter->handleRequest()
#9 /var/www/html/asesiku/public/index.php(36): CodeIgniter\CodeIgniter->run()
#10 {main}
CRITICAL - 2022-07-31 02:16:42 --> Undefined offset: -1
#0 /var/www/html/asesiku/app/Helpers/my_helper.php(161): CodeIgniter\Debug\Exceptions->errorHandler()
#1 /var/www/html/asesiku/app/Views/admin/asesmen.php(59): tgl_lengkap()
#2 /var/www/html/asesiku/system/View/View.php(214): include('/var/www/html/a...')
#3 /var/www/html/asesiku/system/View/View.php(217): CodeIgniter\View\View->CodeIgniter\View\{closure}()
#4 /var/www/html/asesiku/system/Common.php(1092): CodeIgniter\View\View->render()
#5 /var/www/html/asesiku/app/Controllers/Admin.php(122): view()
#6 /var/www/html/asesiku/system/CodeIgniter.php(802): App\Controllers\Admin->asesmen()
#7 /var/www/html/asesiku/system/CodeIgniter.php(399): CodeIgniter\CodeIgniter->runController()
#8 /var/www/html/asesiku/system/CodeIgniter.php(317): CodeIgniter\CodeIgniter->handleRequest()
#9 /var/www/html/asesiku/public/index.php(36): CodeIgniter\CodeIgniter->run()
#10 {main}
CRITICAL - 2022-07-31 04:16:19 --> Undefined offset: -1
#0 /var/www/html/asesiku/app/Helpers/my_helper.php(161): CodeIgniter\Debug\Exceptions->errorHandler()
#1 /var/www/html/asesiku/app/Views/admin/asesmen.php(59): tgl_lengkap()
#2 /var/www/html/asesiku/system/View/View.php(214): include('/var/www/html/a...')
#3 /var/www/html/asesiku/system/View/View.php(217): CodeIgniter\View\View->CodeIgniter\View\{closure}()
#4 /var/www/html/asesiku/system/Common.php(1092): CodeIgniter\View\View->render()
#5 /var/www/html/asesiku/app/Controllers/Admin.php(122): view()
#6 /var/www/html/asesiku/system/CodeIgniter.php(802): App\Controllers\Admin->asesmen()
#7 /var/www/html/asesiku/system/CodeIgniter.php(399): CodeIgniter\CodeIgniter->runController()
#8 /var/www/html/asesiku/system/CodeIgniter.php(317): CodeIgniter\CodeIgniter->handleRequest()
#9 /var/www/html/asesiku/public/index.php(36): CodeIgniter\CodeIgniter->run()
#10 {main}
CRITICAL - 2022-07-31 04:18:31 --> Undefined offset: -1
#0 /var/www/html/asesiku/app/Helpers/my_helper.php(161): CodeIgniter\Debug\Exceptions->errorHandler()
#1 /var/www/html/asesiku/app/Views/admin/asesmen.php(59): tgl_lengkap()
#2 /var/www/html/asesiku/system/View/View.php(214): include('/var/www/html/a...')
#3 /var/www/html/asesiku/system/View/View.php(217): CodeIgniter\View\View->CodeIgniter\View\{closure}()
#4 /var/www/html/asesiku/system/Common.php(1092): CodeIgniter\View\View->render()
#5 /var/www/html/asesiku/app/Controllers/Admin.php(122): view()
#6 /var/www/html/asesiku/system/CodeIgniter.php(802): App\Controllers\Admin->asesmen()
#7 /var/www/html/asesiku/system/CodeIgniter.php(399): CodeIgniter\CodeIgniter->runController()
#8 /var/www/html/asesiku/system/CodeIgniter.php(317): CodeIgniter\CodeIgniter->handleRequest()
#9 /var/www/html/asesiku/public/index.php(36): CodeIgniter\CodeIgniter->run()
#10 {main}
CRITICAL - 2022-07-31 04:55:09 --> Undefined offset: -1
#0 /var/www/html/asesiku/app/Helpers/my_helper.php(161): CodeIgniter\Debug\Exceptions->errorHandler()
#1 /var/www/html/asesiku/app/Views/admin/asesmen.php(59): tgl_lengkap()
#2 /var/www/html/asesiku/system/View/View.php(214): include('/var/www/html/a...')
#3 /var/www/html/asesiku/system/View/View.php(217): CodeIgniter\View\View->CodeIgniter\View\{closure}()
#4 /var/www/html/asesiku/system/Common.php(1092): CodeIgniter\View\View->render()
#5 /var/www/html/asesiku/app/Controllers/Admin.php(122): view()
#6 /var/www/html/asesiku/system/CodeIgniter.php(802): App\Controllers\Admin->asesmen()
#7 /var/www/html/asesiku/system/CodeIgniter.php(399): CodeIgniter\CodeIgniter->runController()
#8 /var/www/html/asesiku/system/CodeIgniter.php(317): CodeIgniter\CodeIgniter->handleRequest()
#9 /var/www/html/asesiku/public/index.php(36): CodeIgniter\CodeIgniter->run()
#10 {main}
CRITICAL - 2022-07-31 06:00:45 --> Undefined offset: -1
#0 /var/www/html/asesiku/app/Helpers/my_helper.php(161): CodeIgniter\Debug\Exceptions->errorHandler()
#1 /var/www/html/asesiku/app/Views/admin/asesmen.php(59): tgl_lengkap()
#2 /var/www/html/asesiku/system/View/View.php(214): include('/var/www/html/a...')
#3 /var/www/html/asesiku/system/View/View.php(217): CodeIgniter\View\View->CodeIgniter\View\{closure}()
#4 /var/www/html/asesiku/system/Common.php(1092): CodeIgniter\View\View->render()
#5 /var/www/html/asesiku/app/Controllers/Admin.php(122): view()
#6 /var/www/html/asesiku/system/CodeIgniter.php(802): App\Controllers\Admin->asesmen()
#7 /var/www/html/asesiku/system/CodeIgniter.php(399): CodeIgniter\CodeIgniter->runController()
#8 /var/www/html/asesiku/system/CodeIgniter.php(317): CodeIgniter\CodeIgniter->handleRequest()
#9 /var/www/html/asesiku/public/index.php(36): CodeIgniter\CodeIgniter->run()
#10 {main}
CRITICAL - 2022-07-31 12:52:21 --> Trying to access array offset on value of type null
#0 /var/www/html/asesiku/app/Controllers/Admin.php(168): CodeIgniter\Debug\Exceptions->errorHandler()
#1 /var/www/html/asesiku/system/CodeIgniter.php(802): App\Controllers\Admin->edit_asesmen()
#2 /var/www/html/asesiku/system/CodeIgniter.php(399): CodeIgniter\CodeIgniter->runController()
#3 /var/www/html/asesiku/system/CodeIgniter.php(317): CodeIgniter\CodeIgniter->handleRequest()
#4 /var/www/html/asesiku/public/index.php(36): CodeIgniter\CodeIgniter->run()
#5 {main}
CRITICAL - 2022-07-31 19:52:09 --> Undefined offset: -1
#0 /var/www/html/asesiku/app/Helpers/my_helper.php(161): CodeIgniter\Debug\Exceptions->errorHandler()
#1 /var/www/html/asesiku/app/Views/admin/skk.php(67): tgl_lengkap()
#2 /var/www/html/asesiku/system/View/View.php(214): include('/var/www/html/a...')
#3 /var/www/html/asesiku/system/View/View.php(217): CodeIgniter\View\View->CodeIgniter\View\{closure}()
#4 /var/www/html/asesiku/system/Common.php(1092): CodeIgniter\View\View->render()
#5 /var/www/html/asesiku/app/Controllers/Admin.php(193): view()
#6 /var/www/html/asesiku/system/CodeIgniter.php(802): App\Controllers\Admin->skk()
#7 /var/www/html/asesiku/system/CodeIgniter.php(399): CodeIgniter\CodeIgniter->runController()
#8 /var/www/html/asesiku/system/CodeIgniter.php(317): CodeIgniter\CodeIgniter->handleRequest()
#9 /var/www/html/asesiku/public/index.php(36): CodeIgniter\CodeIgniter->run()
#10 {main}
CRITICAL - 2022-07-31 19:52:27 --> Undefined offset: -1
#0 /var/www/html/asesiku/app/Helpers/my_helper.php(161): CodeIgniter\Debug\Exceptions->errorHandler()
#1 /var/www/html/asesiku/app/Views/admin/skk.php(67): tgl_lengkap()
#2 /var/www/html/asesiku/system/View/View.php(214): include('/var/www/html/a...')
#3 /var/www/html/asesiku/system/View/View.php(217): CodeIgniter\View\View->CodeIgniter\View\{closure}()
#4 /var/www/html/asesiku/system/Common.php(1092): CodeIgniter\View\View->render()
#5 /var/www/html/asesiku/app/Controllers/Admin.php(193): view()
#6 /var/www/html/asesiku/system/CodeIgniter.php(802): App\Controllers\Admin->skk()
#7 /var/www/html/asesiku/system/CodeIgniter.php(399): CodeIgniter\CodeIgniter->runController()
#8 /var/www/html/asesiku/system/CodeIgniter.php(317): CodeIgniter\CodeIgniter->handleRequest()
#9 /var/www/html/asesiku/public/index.php(36): CodeIgniter\CodeIgniter->run()
#10 {main}
