ERROR - 2022-06-14 10:49:27 --> Table 'minyak.pengguna' doesn't exist
CRITICAL - 2022-06-14 10:49:27 --> Table 'minyak.pengguna' doesn't exist
#0 /var/www/html/spk/system/Database/MySQLi/Connection.php(280): mysqli->query()
#1 /var/www/html/spk/system/Database/BaseConnection.php(663): CodeIgniter\Database\MySQLi\Connection->execute()
#2 /var/www/html/spk/system/Database/BaseConnection.php(591): CodeIgniter\Database\BaseConnection->simpleQuery()
#3 /var/www/html/spk/system/Database/BaseBuilder.php(1428): CodeIgniter\Database\BaseConnection->query()
#4 /var/www/html/spk/app/Controllers/Admin.php(9): CodeIgniter\Database\BaseBuilder->get()
#5 /var/www/html/spk/system/CodeIgniter.php(802): App\Controllers\Admin->index()
#6 /var/www/html/spk/system/CodeIgniter.php(399): CodeIgniter\CodeIgniter->runController()
#7 /var/www/html/spk/system/CodeIgniter.php(317): CodeIgniter\CodeIgniter->handleRequest()
#8 /var/www/html/spk/public/index.php(36): CodeIgniter\CodeIgniter->run()
#9 {main}
CRITICAL - 2022-06-14 10:49:50 --> Undefined variable: customer
#0 /var/www/html/spk/app/Views/admin/body.php(106): CodeIgniter\Debug\Exceptions->errorHandler()
#1 /var/www/html/spk/system/View/View.php(214): include('/var/www/html/s...')
#2 /var/www/html/spk/system/View/View.php(217): CodeIgniter\View\View->CodeIgniter\View\{closure}()
#3 /var/www/html/spk/system/Common.php(1092): CodeIgniter\View\View->render()
#4 /var/www/html/spk/app/Controllers/Admin.php(18): view()
#5 /var/www/html/spk/system/CodeIgniter.php(802): App\Controllers\Admin->index()
#6 /var/www/html/spk/system/CodeIgniter.php(399): CodeIgniter\CodeIgniter->runController()
#7 /var/www/html/spk/system/CodeIgniter.php(317): CodeIgniter\CodeIgniter->handleRequest()
#8 /var/www/html/spk/public/index.php(36): CodeIgniter\CodeIgniter->run()
#9 {main}
CRITICAL - 2022-06-14 10:50:54 --> Undefined variable: customer
#0 /var/www/html/spk/app/Views/admin/body.php(106): CodeIgniter\Debug\Exceptions->errorHandler()
#1 /var/www/html/spk/system/View/View.php(214): include('/var/www/html/s...')
#2 /var/www/html/spk/system/View/View.php(217): CodeIgniter\View\View->CodeIgniter\View\{closure}()
#3 /var/www/html/spk/system/Common.php(1092): CodeIgniter\View\View->render()
#4 /var/www/html/spk/app/Controllers/Admin.php(18): view()
#5 /var/www/html/spk/system/CodeIgniter.php(802): App\Controllers\Admin->index()
#6 /var/www/html/spk/system/CodeIgniter.php(399): CodeIgniter\CodeIgniter->runController()
#7 /var/www/html/spk/system/CodeIgniter.php(317): CodeIgniter\CodeIgniter->handleRequest()
#8 /var/www/html/spk/public/index.php(36): CodeIgniter\CodeIgniter->run()
#9 {main}
ERROR - 2022-06-14 14:42:05 --> Table 'spk.kuota' doesn't exist
CRITICAL - 2022-06-14 14:42:05 --> Table 'spk.kuota' doesn't exist
#0 /var/www/html/spk/system/Database/MySQLi/Connection.php(280): mysqli->query()
#1 /var/www/html/spk/system/Database/BaseConnection.php(663): CodeIgniter\Database\MySQLi\Connection->execute()
#2 /var/www/html/spk/system/Database/BaseConnection.php(591): CodeIgniter\Database\BaseConnection->simpleQuery()
#3 /var/www/html/spk/system/Database/BaseBuilder.php(1428): CodeIgniter\Database\BaseConnection->query()
#4 /var/www/html/spk/app/Controllers/Admin.php(58): CodeIgniter\Database\BaseBuilder->get()
#5 /var/www/html/spk/system/CodeIgniter.php(802): App\Controllers\Admin->dosen()
#6 /var/www/html/spk/system/CodeIgniter.php(399): CodeIgniter\CodeIgniter->runController()
#7 /var/www/html/spk/system/CodeIgniter.php(317): CodeIgniter\CodeIgniter->handleRequest()
#8 /var/www/html/spk/public/index.php(36): CodeIgniter\CodeIgniter->run()
#9 {main}
ERROR - 2022-06-14 14:42:23 --> Table 'spk.dosen' doesn't exist
CRITICAL - 2022-06-14 14:42:23 --> Table 'spk.dosen' doesn't exist
#0 /var/www/html/spk/system/Database/MySQLi/Connection.php(280): mysqli->query()
#1 /var/www/html/spk/system/Database/BaseConnection.php(663): CodeIgniter\Database\MySQLi\Connection->execute()
#2 /var/www/html/spk/system/Database/BaseConnection.php(591): CodeIgniter\Database\BaseConnection->simpleQuery()
#3 /var/www/html/spk/system/Database/BaseBuilder.php(1428): CodeIgniter\Database\BaseConnection->query()
#4 /var/www/html/spk/app/Controllers/Admin.php(58): CodeIgniter\Database\BaseBuilder->get()
#5 /var/www/html/spk/system/CodeIgniter.php(802): App\Controllers\Admin->dosen()
#6 /var/www/html/spk/system/CodeIgniter.php(399): CodeIgniter\CodeIgniter->runController()
#7 /var/www/html/spk/system/CodeIgniter.php(317): CodeIgniter\CodeIgniter->handleRequest()
#8 /var/www/html/spk/public/index.php(36): CodeIgniter\CodeIgniter->run()
#9 {main}
CRITICAL - 2022-06-14 14:47:48 --> Undefined variable: kuota
#0 /var/www/html/spk/app/Views/admin/dosen.php(117): CodeIgniter\Debug\Exceptions->errorHandler()
#1 /var/www/html/spk/system/View/View.php(214): include('/var/www/html/s...')
#2 /var/www/html/spk/system/View/View.php(217): CodeIgniter\View\View->CodeIgniter\View\{closure}()
#3 /var/www/html/spk/system/Common.php(1092): CodeIgniter\View\View->render()
#4 /var/www/html/spk/app/Controllers/Admin.php(62): view()
#5 /var/www/html/spk/system/CodeIgniter.php(802): App\Controllers\Admin->dosen()
#6 /var/www/html/spk/system/CodeIgniter.php(399): CodeIgniter\CodeIgniter->runController()
#7 /var/www/html/spk/system/CodeIgniter.php(317): CodeIgniter\CodeIgniter->handleRequest()
#8 /var/www/html/spk/public/index.php(36): CodeIgniter\CodeIgniter->run()
#9 {main}
CRITICAL - 2022-06-14 14:56:23 --> Undefined variable: c
#0 /var/www/html/spk/app/Views/admin/dosen.php(158): CodeIgniter\Debug\Exceptions->errorHandler()
#1 /var/www/html/spk/system/View/View.php(214): include('/var/www/html/s...')
#2 /var/www/html/spk/system/View/View.php(217): CodeIgniter\View\View->CodeIgniter\View\{closure}()
#3 /var/www/html/spk/system/Common.php(1092): CodeIgniter\View\View->render()
#4 /var/www/html/spk/app/Controllers/Admin.php(62): view()
#5 /var/www/html/spk/system/CodeIgniter.php(802): App\Controllers\Admin->dosen()
#6 /var/www/html/spk/system/CodeIgniter.php(399): CodeIgniter\CodeIgniter->runController()
#7 /var/www/html/spk/system/CodeIgniter.php(317): CodeIgniter\CodeIgniter->handleRequest()
#8 /var/www/html/spk/public/index.php(36): CodeIgniter\CodeIgniter->run()
#9 {main}
CRITICAL - 2022-06-14 14:57:07 --> Undefined variable: c
#0 /var/www/html/spk/app/Views/admin/dosen.php(168): CodeIgniter\Debug\Exceptions->errorHandler()
#1 /var/www/html/spk/system/View/View.php(214): include('/var/www/html/s...')
#2 /var/www/html/spk/system/View/View.php(217): CodeIgniter\View\View->CodeIgniter\View\{closure}()
#3 /var/www/html/spk/system/Common.php(1092): CodeIgniter\View\View->render()
#4 /var/www/html/spk/app/Controllers/Admin.php(62): view()
#5 /var/www/html/spk/system/CodeIgniter.php(802): App\Controllers\Admin->dosen()
#6 /var/www/html/spk/system/CodeIgniter.php(399): CodeIgniter\CodeIgniter->runController()
#7 /var/www/html/spk/system/CodeIgniter.php(317): CodeIgniter\CodeIgniter->handleRequest()
#8 /var/www/html/spk/public/index.php(36): CodeIgniter\CodeIgniter->run()
#9 {main}
ERROR - 2022-06-14 15:38:53 --> Table 'spk.kuota' doesn't exist
CRITICAL - 2022-06-14 15:38:53 --> Table 'spk.kuota' doesn't exist
#0 /var/www/html/spk/system/Database/MySQLi/Connection.php(280): mysqli->query()
#1 /var/www/html/spk/system/Database/BaseConnection.php(663): CodeIgniter\Database\MySQLi\Connection->execute()
#2 /var/www/html/spk/system/Database/BaseConnection.php(591): CodeIgniter\Database\BaseConnection->simpleQuery()
#3 /var/www/html/spk/system/Database/BaseBuilder.php(1875): CodeIgniter\Database\BaseConnection->query()
#4 /var/www/html/spk/app/Controllers/Admin.php(88): CodeIgniter\Database\BaseBuilder->update()
#5 /var/www/html/spk/system/CodeIgniter.php(802): App\Controllers\Admin->edit_kuota()
#6 /var/www/html/spk/system/CodeIgniter.php(399): CodeIgniter\CodeIgniter->runController()
#7 /var/www/html/spk/system/CodeIgniter.php(317): CodeIgniter\CodeIgniter->handleRequest()
#8 /var/www/html/spk/public/index.php(36): CodeIgniter\CodeIgniter->run()
#9 {main}
