ERROR - 2022-06-20 11:06:55 --> Table 'bank.pengguna' doesn't exist
CRITICAL - 2022-06-20 11:06:55 --> Table 'bank.pengguna' doesn't exist
#0 /var/www/html/bank/system/Database/MySQLi/Connection.php(280): mysqli->query()
#1 /var/www/html/bank/system/Database/BaseConnection.php(663): CodeIgniter\Database\MySQLi\Connection->execute()
#2 /var/www/html/bank/system/Database/BaseConnection.php(591): CodeIgniter\Database\BaseConnection->simpleQuery()
#3 /var/www/html/bank/system/Database/BaseBuilder.php(1428): CodeIgniter\Database\BaseConnection->query()
#4 /var/www/html/bank/app/Controllers/Admin.php(9): CodeIgniter\Database\BaseBuilder->get()
#5 /var/www/html/bank/system/CodeIgniter.php(802): App\Controllers\Admin->index()
#6 /var/www/html/bank/system/CodeIgniter.php(399): CodeIgniter\CodeIgniter->runController()
#7 /var/www/html/bank/system/CodeIgniter.php(317): CodeIgniter\CodeIgniter->handleRequest()
#8 /var/www/html/bank/public/index.php(36): CodeIgniter\CodeIgniter->run()
#9 {main}
ERROR - 2022-06-20 14:32:10 --> Table 'bank.pengguna' doesn't exist
CRITICAL - 2022-06-20 14:32:10 --> Table 'bank.pengguna' doesn't exist
#0 /var/www/html/bank/system/Database/MySQLi/Connection.php(280): mysqli->query()
#1 /var/www/html/bank/system/Database/BaseConnection.php(663): CodeIgniter\Database\MySQLi\Connection->execute()
#2 /var/www/html/bank/system/Database/BaseConnection.php(591): CodeIgniter\Database\BaseConnection->simpleQuery()
#3 /var/www/html/bank/system/Database/BaseBuilder.php(1428): CodeIgniter\Database\BaseConnection->query()
#4 /var/www/html/bank/app/Controllers/Admin.php(9): CodeIgniter\Database\BaseBuilder->get()
#5 /var/www/html/bank/system/CodeIgniter.php(802): App\Controllers\Admin->index()
#6 /var/www/html/bank/system/CodeIgniter.php(399): CodeIgniter\CodeIgniter->runController()
#7 /var/www/html/bank/system/CodeIgniter.php(317): CodeIgniter\CodeIgniter->handleRequest()
#8 /var/www/html/bank/public/index.php(36): CodeIgniter\CodeIgniter->run()
#9 {main}
ERROR - 2022-06-20 15:03:23 --> Unknown column 'user_id' in 'field list'
CRITICAL - 2022-06-20 15:03:23 --> Unknown column 'user_id' in 'field list'
#0 /var/www/html/bank/system/Database/MySQLi/Connection.php(280): mysqli->query()
#1 /var/www/html/bank/system/Database/BaseConnection.php(663): CodeIgniter\Database\MySQLi\Connection->execute()
#2 /var/www/html/bank/system/Database/BaseConnection.php(591): CodeIgniter\Database\BaseConnection->simpleQuery()
#3 /var/www/html/bank/system/Database/BaseBuilder.php(1428): CodeIgniter\Database\BaseConnection->query()
#4 /var/www/html/bank/app/Controllers/Admin.php(9): CodeIgniter\Database\BaseBuilder->get()
#5 /var/www/html/bank/system/CodeIgniter.php(802): App\Controllers\Admin->index()
#6 /var/www/html/bank/system/CodeIgniter.php(399): CodeIgniter\CodeIgniter->runController()
#7 /var/www/html/bank/system/CodeIgniter.php(317): CodeIgniter\CodeIgniter->handleRequest()
#8 /var/www/html/bank/public/index.php(36): CodeIgniter\CodeIgniter->run()
#9 {main}
ERROR - 2022-06-20 15:40:24 --> Table 'bank.dosen' doesn't exist
CRITICAL - 2022-06-20 15:40:24 --> Table 'bank.dosen' doesn't exist
#0 /var/www/html/bank/system/Database/MySQLi/Connection.php(280): mysqli->query()
#1 /var/www/html/bank/system/Database/BaseConnection.php(663): CodeIgniter\Database\MySQLi\Connection->execute()
#2 /var/www/html/bank/system/Database/BaseConnection.php(591): CodeIgniter\Database\BaseConnection->simpleQuery()
#3 /var/www/html/bank/system/Database/BaseBuilder.php(1428): CodeIgniter\Database\BaseConnection->query()
#4 /var/www/html/bank/app/Controllers/Admin.php(59): CodeIgniter\Database\BaseBuilder->get()
#5 /var/www/html/bank/system/CodeIgniter.php(802): App\Controllers\Admin->dosen()
#6 /var/www/html/bank/system/CodeIgniter.php(399): CodeIgniter\CodeIgniter->runController()
#7 /var/www/html/bank/system/CodeIgniter.php(317): CodeIgniter\CodeIgniter->handleRequest()
#8 /var/www/html/bank/public/index.php(36): CodeIgniter\CodeIgniter->run()
#9 {main}
CRITICAL - 2022-06-20 21:29:06 --> Undefined index: no_kartu
#0 /var/www/html/bank/app/Views/admin/body.php(142): CodeIgniter\Debug\Exceptions->errorHandler()
#1 /var/www/html/bank/system/View/View.php(214): include('/var/www/html/b...')
#2 /var/www/html/bank/system/View/View.php(217): CodeIgniter\View\View->CodeIgniter\View\{closure}()
#3 /var/www/html/bank/system/Common.php(1092): CodeIgniter\View\View->render()
#4 /var/www/html/bank/app/Controllers/Admin.php(18): view()
#5 /var/www/html/bank/system/CodeIgniter.php(802): App\Controllers\Admin->index()
#6 /var/www/html/bank/system/CodeIgniter.php(399): CodeIgniter\CodeIgniter->runController()
#7 /var/www/html/bank/system/CodeIgniter.php(317): CodeIgniter\CodeIgniter->handleRequest()
#8 /var/www/html/bank/public/index.php(36): CodeIgniter\CodeIgniter->run()
#9 {main}
