CRITICAL - 2021-03-13 11:17:50 --> Unable to connect to the database.
#0 C:\xampp\htdocs\jdih\vendor\codeigniter4\framework\system\Database\BaseConnection.php(618): CodeIgniter\Database\BaseConnection->initialize()
#1 C:\xampp\htdocs\jdih\vendor\codeigniter4\framework\system\Database\BaseBuilder.php(1966): CodeIgniter\Database\BaseConnection->query('SELECT COUNT(*)...', Array, false)
#2 C:\xampp\htdocs\jdih\vendor\codeigniter4\framework\system\Model.php(570): CodeIgniter\Database\BaseBuilder->countAllResults(false)
#3 C:\xampp\htdocs\jdih\vendor\codeigniter4\framework\system\BaseModel.php(1140): CodeIgniter\Model->countAllResults(false)
#4 C:\xampp\htdocs\jdih\app\Controllers\Dashboard.php(14): CodeIgniter\BaseModel->paginate(3)
#5 C:\xampp\htdocs\jdih\vendor\codeigniter4\framework\system\CodeIgniter.php(936): App\Controllers\Dashboard->index()
#6 C:\xampp\htdocs\jdih\vendor\codeigniter4\framework\system\CodeIgniter.php(432): CodeIgniter\CodeIgniter->runController(Object(App\Controllers\Dashboard))
#7 C:\xampp\htdocs\jdih\vendor\codeigniter4\framework\system\CodeIgniter.php(333): CodeIgniter\CodeIgniter->handleRequest(NULL, Object(Config\Cache), false)
#8 C:\xampp\htdocs\jdih\public\index.php(45): CodeIgniter\CodeIgniter->run()
#9 C:\xampp\htdocs\jdih\vendor\codeigniter4\framework\system\Commands\Server\rewrite.php(45): require_once('C:\\xampp\\htdocs...')
#10 {main}
CRITICAL - 2021-03-13 11:19:22 --> Unable to connect to the database.
#0 C:\xampp\htdocs\jdih\vendor\codeigniter4\framework\system\Database\BaseConnection.php(618): CodeIgniter\Database\BaseConnection->initialize()
#1 C:\xampp\htdocs\jdih\vendor\codeigniter4\framework\system\Database\BaseBuilder.php(1966): CodeIgniter\Database\BaseConnection->query('SELECT COUNT(*)...', Array, false)
#2 C:\xampp\htdocs\jdih\vendor\codeigniter4\framework\system\Model.php(570): CodeIgniter\Database\BaseBuilder->countAllResults(false)
#3 C:\xampp\htdocs\jdih\vendor\codeigniter4\framework\system\BaseModel.php(1140): CodeIgniter\Model->countAllResults(false)
#4 C:\xampp\htdocs\jdih\app\Controllers\Dashboard.php(14): CodeIgniter\BaseModel->paginate(3)
#5 C:\xampp\htdocs\jdih\vendor\codeigniter4\framework\system\CodeIgniter.php(936): App\Controllers\Dashboard->index()
#6 C:\xampp\htdocs\jdih\vendor\codeigniter4\framework\system\CodeIgniter.php(432): CodeIgniter\CodeIgniter->runController(Object(App\Controllers\Dashboard))
#7 C:\xampp\htdocs\jdih\vendor\codeigniter4\framework\system\CodeIgniter.php(333): CodeIgniter\CodeIgniter->handleRequest(NULL, Object(Config\Cache), false)
#8 C:\xampp\htdocs\jdih\public\index.php(45): CodeIgniter\CodeIgniter->run()
#9 C:\xampp\htdocs\jdih\vendor\codeigniter4\framework\system\Commands\Server\rewrite.php(45): require_once('C:\\xampp\\htdocs...')
#10 {main}
CRITICAL - 2021-03-13 14:54:39 --> Column 'judul' cannot be null
#0 C:\xampp\htdocs\jdih\vendor\codeigniter4\framework\system\Database\MySQLi\Connection.php(314): mysqli->query('INSERT INTO `mo...')
#1 C:\xampp\htdocs\jdih\vendor\codeigniter4\framework\system\Database\BaseConnection.php(713): CodeIgniter\Database\MySQLi\Connection->execute('INSERT INTO `mo...')
#2 C:\xampp\htdocs\jdih\vendor\codeigniter4\framework\system\Database\BaseConnection.php(641): CodeIgniter\Database\BaseConnection->simpleQuery('INSERT INTO `mo...')
#3 C:\xampp\htdocs\jdih\vendor\codeigniter4\framework\system\Database\BaseBuilder.php(2263): CodeIgniter\Database\BaseConnection->query('INSERT INTO `mo...', Array, false)
#4 C:\xampp\htdocs\jdih\vendor\codeigniter4\framework\system\Model.php(278): CodeIgniter\Database\BaseBuilder->insert()
#5 C:\xampp\htdocs\jdih\vendor\codeigniter4\framework\system\BaseModel.php(758): CodeIgniter\Model->doInsert(Array)
#6 C:\xampp\htdocs\jdih\vendor\codeigniter4\framework\system\Model.php(705): CodeIgniter\BaseModel->insert(Array, false)
#7 C:\xampp\htdocs\jdih\vendor\codeigniter4\framework\system\BaseModel.php(667): CodeIgniter\Model->insert(Array, false)
#8 C:\xampp\htdocs\jdih\app\Controllers\Produk_hukum.php(125): CodeIgniter\BaseModel->save(Array)
#9 C:\xampp\htdocs\jdih\vendor\codeigniter4\framework\system\CodeIgniter.php(936): App\Controllers\Produk_hukum->preview('SALINAN PB-74-2...')
#10 C:\xampp\htdocs\jdih\vendor\codeigniter4\framework\system\CodeIgniter.php(432): CodeIgniter\CodeIgniter->runController(Object(App\Controllers\Produk_hukum))
#11 C:\xampp\htdocs\jdih\vendor\codeigniter4\framework\system\CodeIgniter.php(333): CodeIgniter\CodeIgniter->handleRequest(NULL, Object(Config\Cache), false)
#12 C:\xampp\htdocs\jdih\public\index.php(45): CodeIgniter\CodeIgniter->run()
#13 C:\xampp\htdocs\jdih\vendor\codeigniter4\framework\system\Commands\Server\rewrite.php(45): require_once('C:\\xampp\\htdocs...')
#14 {main}
CRITICAL - 2021-03-13 14:54:51 --> Column 'judul' cannot be null
#0 C:\xampp\htdocs\jdih\vendor\codeigniter4\framework\system\Database\MySQLi\Connection.php(314): mysqli->query('INSERT INTO `mo...')
#1 C:\xampp\htdocs\jdih\vendor\codeigniter4\framework\system\Database\BaseConnection.php(713): CodeIgniter\Database\MySQLi\Connection->execute('INSERT INTO `mo...')
#2 C:\xampp\htdocs\jdih\vendor\codeigniter4\framework\system\Database\BaseConnection.php(641): CodeIgniter\Database\BaseConnection->simpleQuery('INSERT INTO `mo...')
#3 C:\xampp\htdocs\jdih\vendor\codeigniter4\framework\system\Database\BaseBuilder.php(2263): CodeIgniter\Database\BaseConnection->query('INSERT INTO `mo...', Array, false)
#4 C:\xampp\htdocs\jdih\vendor\codeigniter4\framework\system\Model.php(278): CodeIgniter\Database\BaseBuilder->insert()
#5 C:\xampp\htdocs\jdih\vendor\codeigniter4\framework\system\BaseModel.php(758): CodeIgniter\Model->doInsert(Array)
#6 C:\xampp\htdocs\jdih\vendor\codeigniter4\framework\system\Model.php(705): CodeIgniter\BaseModel->insert(Array, false)
#7 C:\xampp\htdocs\jdih\vendor\codeigniter4\framework\system\BaseModel.php(667): CodeIgniter\Model->insert(Array, false)
#8 C:\xampp\htdocs\jdih\app\Controllers\Produk_hukum.php(125): CodeIgniter\BaseModel->save(Array)
#9 C:\xampp\htdocs\jdih\vendor\codeigniter4\framework\system\CodeIgniter.php(936): App\Controllers\Produk_hukum->preview('portof_1.pdf')
#10 C:\xampp\htdocs\jdih\vendor\codeigniter4\framework\system\CodeIgniter.php(432): CodeIgniter\CodeIgniter->runController(Object(App\Controllers\Produk_hukum))
#11 C:\xampp\htdocs\jdih\vendor\codeigniter4\framework\system\CodeIgniter.php(333): CodeIgniter\CodeIgniter->handleRequest(NULL, Object(Config\Cache), false)
#12 C:\xampp\htdocs\jdih\public\index.php(45): CodeIgniter\CodeIgniter->run()
#13 C:\xampp\htdocs\jdih\vendor\codeigniter4\framework\system\Commands\Server\rewrite.php(45): require_once('C:\\xampp\\htdocs...')
#14 {main}
CRITICAL - 2021-03-13 14:55:03 --> Column 'judul' cannot be null
#0 C:\xampp\htdocs\jdih\vendor\codeigniter4\framework\system\Database\MySQLi\Connection.php(314): mysqli->query('INSERT INTO `mo...')
#1 C:\xampp\htdocs\jdih\vendor\codeigniter4\framework\system\Database\BaseConnection.php(713): CodeIgniter\Database\MySQLi\Connection->execute('INSERT INTO `mo...')
#2 C:\xampp\htdocs\jdih\vendor\codeigniter4\framework\system\Database\BaseConnection.php(641): CodeIgniter\Database\BaseConnection->simpleQuery('INSERT INTO `mo...')
#3 C:\xampp\htdocs\jdih\vendor\codeigniter4\framework\system\Database\BaseBuilder.php(2263): CodeIgniter\Database\BaseConnection->query('INSERT INTO `mo...', Array, false)
#4 C:\xampp\htdocs\jdih\vendor\codeigniter4\framework\system\Model.php(278): CodeIgniter\Database\BaseBuilder->insert()
#5 C:\xampp\htdocs\jdih\vendor\codeigniter4\framework\system\BaseModel.php(758): CodeIgniter\Model->doInsert(Array)
#6 C:\xampp\htdocs\jdih\vendor\codeigniter4\framework\system\Model.php(705): CodeIgniter\BaseModel->insert(Array, false)
#7 C:\xampp\htdocs\jdih\vendor\codeigniter4\framework\system\BaseModel.php(667): CodeIgniter\Model->insert(Array, false)
#8 C:\xampp\htdocs\jdih\app\Controllers\Produk_hukum.php(125): CodeIgniter\BaseModel->save(Array)
#9 C:\xampp\htdocs\jdih\vendor\codeigniter4\framework\system\CodeIgniter.php(936): App\Controllers\Produk_hukum->preview('SALINAN PB-89-2...')
#10 C:\xampp\htdocs\jdih\vendor\codeigniter4\framework\system\CodeIgniter.php(432): CodeIgniter\CodeIgniter->runController(Object(App\Controllers\Produk_hukum))
#11 C:\xampp\htdocs\jdih\vendor\codeigniter4\framework\system\CodeIgniter.php(333): CodeIgniter\CodeIgniter->handleRequest(NULL, Object(Config\Cache), false)
#12 C:\xampp\htdocs\jdih\public\index.php(45): CodeIgniter\CodeIgniter->run()
#13 C:\xampp\htdocs\jdih\vendor\codeigniter4\framework\system\Commands\Server\rewrite.php(45): require_once('C:\\xampp\\htdocs...')
#14 {main}
CRITICAL - 2021-03-13 20:50:18 --> Undefined variable: validation
#0 C:\xampp\htdocs\jdih\app\Views\login.php(36): CodeIgniter\Debug\Exceptions->errorHandler(8, 'Undefined varia...', 'C:\\xampp\\htdocs...', 36, Array)
#1 C:\xampp\htdocs\jdih\vendor\codeigniter4\framework\system\View\View.php(220): include('C:\\xampp\\htdocs...')
#2 C:\xampp\htdocs\jdih\vendor\codeigniter4\framework\system\View\View.php(222): CodeIgniter\View\View->CodeIgniter\View\{closure}()
#3 C:\xampp\htdocs\jdih\vendor\codeigniter4\framework\system\Common.php(1217): CodeIgniter\View\View->render('login', Array, true)
#4 C:\xampp\htdocs\jdih\app\Controllers\Admin.php(51): view('login', Array)
#5 C:\xampp\htdocs\jdih\vendor\codeigniter4\framework\system\CodeIgniter.php(936): App\Controllers\Admin->login()
#6 C:\xampp\htdocs\jdih\vendor\codeigniter4\framework\system\CodeIgniter.php(432): CodeIgniter\CodeIgniter->runController(Object(App\Controllers\Admin))
#7 C:\xampp\htdocs\jdih\vendor\codeigniter4\framework\system\CodeIgniter.php(333): CodeIgniter\CodeIgniter->handleRequest(NULL, Object(Config\Cache), false)
#8 C:\xampp\htdocs\jdih\public\index.php(45): CodeIgniter\CodeIgniter->run()
#9 C:\xampp\htdocs\jdih\vendor\codeigniter4\framework\system\Commands\Server\rewrite.php(45): require_once('C:\\xampp\\htdocs...')
#10 {main}
CRITICAL - 2021-03-13 20:50:24 --> Undefined variable: validation
#0 C:\xampp\htdocs\jdih\app\Views\login.php(36): CodeIgniter\Debug\Exceptions->errorHandler(8, 'Undefined varia...', 'C:\\xampp\\htdocs...', 36, Array)
#1 C:\xampp\htdocs\jdih\vendor\codeigniter4\framework\system\View\View.php(220): include('C:\\xampp\\htdocs...')
#2 C:\xampp\htdocs\jdih\vendor\codeigniter4\framework\system\View\View.php(222): CodeIgniter\View\View->CodeIgniter\View\{closure}()
#3 C:\xampp\htdocs\jdih\vendor\codeigniter4\framework\system\Common.php(1217): CodeIgniter\View\View->render('login', Array, true)
#4 C:\xampp\htdocs\jdih\app\Controllers\Admin.php(51): view('login', Array)
#5 C:\xampp\htdocs\jdih\vendor\codeigniter4\framework\system\CodeIgniter.php(936): App\Controllers\Admin->login()
#6 C:\xampp\htdocs\jdih\vendor\codeigniter4\framework\system\CodeIgniter.php(432): CodeIgniter\CodeIgniter->runController(Object(App\Controllers\Admin))
#7 C:\xampp\htdocs\jdih\vendor\codeigniter4\framework\system\CodeIgniter.php(333): CodeIgniter\CodeIgniter->handleRequest(NULL, Object(Config\Cache), false)
#8 C:\xampp\htdocs\jdih\public\index.php(45): CodeIgniter\CodeIgniter->run()
#9 C:\xampp\htdocs\jdih\vendor\codeigniter4\framework\system\Commands\Server\rewrite.php(45): require_once('C:\\xampp\\htdocs...')
#10 {main}
CRITICAL - 2021-03-13 21:20:48 --> Unknown column 'nama' in 'where clause'
#0 C:\xampp\htdocs\jdih\vendor\codeigniter4\framework\system\Database\MySQLi\Connection.php(314): mysqli->query('SELECT 1\nFROM `...')
#1 C:\xampp\htdocs\jdih\vendor\codeigniter4\framework\system\Database\BaseConnection.php(713): CodeIgniter\Database\MySQLi\Connection->execute('SELECT 1\nFROM `...')
#2 C:\xampp\htdocs\jdih\vendor\codeigniter4\framework\system\Database\BaseConnection.php(641): CodeIgniter\Database\BaseConnection->simpleQuery('SELECT 1\nFROM `...')
#3 C:\xampp\htdocs\jdih\vendor\codeigniter4\framework\system\Database\BaseBuilder.php(1866): CodeIgniter\Database\BaseConnection->query('SELECT 1\nFROM `...', Array, false)
#4 C:\xampp\htdocs\jdih\vendor\codeigniter4\framework\system\Validation\Rules.php(212): CodeIgniter\Database\BaseBuilder->get()
#5 C:\xampp\htdocs\jdih\vendor\codeigniter4\framework\system\Validation\Validation.php(306): CodeIgniter\Validation\Rules->is_unique('arifin', 'nama', Array, NULL)
#6 C:\xampp\htdocs\jdih\vendor\codeigniter4\framework\system\Validation\Validation.php(164): CodeIgniter\Validation\Validation->processRules('nama', 'nama', 'arifin', Array, Array)
#7 C:\xampp\htdocs\jdih\vendor\codeigniter4\framework\system\Controller.php(181): CodeIgniter\Validation\Validation->run()
#8 C:\xampp\htdocs\jdih\app\Controllers\User.php(32): CodeIgniter\Controller->validate(Array)
#9 C:\xampp\htdocs\jdih\vendor\codeigniter4\framework\system\CodeIgniter.php(936): App\Controllers\User->save()
#10 C:\xampp\htdocs\jdih\vendor\codeigniter4\framework\system\CodeIgniter.php(432): CodeIgniter\CodeIgniter->runController(Object(App\Controllers\User))
#11 C:\xampp\htdocs\jdih\vendor\codeigniter4\framework\system\CodeIgniter.php(333): CodeIgniter\CodeIgniter->handleRequest(NULL, Object(Config\Cache), false)
#12 C:\xampp\htdocs\jdih\public\index.php(45): CodeIgniter\CodeIgniter->run()
#13 C:\xampp\htdocs\jdih\vendor\codeigniter4\framework\system\Commands\Server\rewrite.php(45): require_once('C:\\xampp\\htdocs...')
#14 {main}
