ERROR - 2022-08-04 13:38:17 --> Error connecting to the database: Unknown database 'programku'
CRITICAL - 2022-08-04 13:38:17 --> Unable to connect to the database.
Main connection [MySQLi]: Unknown database 'programku'
#0 /var/www/html/produksiku/system/Database/BaseConnection.php(570): CodeIgniter\Database\BaseConnection->initialize()
#1 /var/www/html/produksiku/system/Database/BaseBuilder.php(1428): CodeIgniter\Database\BaseConnection->query()
#2 /var/www/html/produksiku/app/Helpers/my_helper.php(198): CodeIgniter\Database\BaseBuilder->get()
#3 /var/www/html/produksiku/app/Views/admin/body.php(23): asesi()
#4 /var/www/html/produksiku/system/View/View.php(214): include('/var/www/html/p...')
#5 /var/www/html/produksiku/system/View/View.php(217): CodeIgniter\View\View->CodeIgniter\View\{closure}()
#6 /var/www/html/produksiku/system/Common.php(1092): CodeIgniter\View\View->render()
#7 /var/www/html/produksiku/app/Controllers/Admin.php(12): view()
#8 /var/www/html/produksiku/system/CodeIgniter.php(802): App\Controllers\Admin->index()
#9 /var/www/html/produksiku/system/CodeIgniter.php(399): CodeIgniter\CodeIgniter->runController()
#10 /var/www/html/produksiku/system/CodeIgniter.php(317): CodeIgniter\CodeIgniter->handleRequest()
#11 /var/www/html/produksiku/public/index.php(36): CodeIgniter\CodeIgniter->run()
#12 {main}
ERROR - 2022-08-04 14:13:25 --> Error connecting to the database: Unknown database 'programku'
CRITICAL - 2022-08-04 14:13:26 --> Unable to connect to the database.
Main connection [MySQLi]: Unknown database 'programku'
#0 /var/www/html/produksiku/system/Database/BaseConnection.php(570): CodeIgniter\Database\BaseConnection->initialize()
#1 /var/www/html/produksiku/system/Database/BaseBuilder.php(1428): CodeIgniter\Database\BaseConnection->query()
#2 /var/www/html/produksiku/app/Helpers/my_helper.php(198): CodeIgniter\Database\BaseBuilder->get()
#3 /var/www/html/produksiku/app/Views/admin/body.php(23): asesi()
#4 /var/www/html/produksiku/system/View/View.php(214): include('/var/www/html/p...')
#5 /var/www/html/produksiku/system/View/View.php(217): CodeIgniter\View\View->CodeIgniter\View\{closure}()
#6 /var/www/html/produksiku/system/Common.php(1092): CodeIgniter\View\View->render()
#7 /var/www/html/produksiku/app/Controllers/Admin.php(12): view()
#8 /var/www/html/produksiku/system/CodeIgniter.php(802): App\Controllers\Admin->index()
#9 /var/www/html/produksiku/system/CodeIgniter.php(399): CodeIgniter\CodeIgniter->runController()
#10 /var/www/html/produksiku/system/CodeIgniter.php(317): CodeIgniter\CodeIgniter->handleRequest()
#11 /var/www/html/produksiku/public/index.php(36): CodeIgniter\CodeIgniter->run()
#12 {main}
ERROR - 2022-08-04 14:13:56 --> Error connecting to the database: Unknown database 'programku'
CRITICAL - 2022-08-04 14:13:56 --> Unable to connect to the database.
Main connection [MySQLi]: Unknown database 'programku'
#0 /var/www/html/produksiku/system/Database/BaseConnection.php(570): CodeIgniter\Database\BaseConnection->initialize()
#1 /var/www/html/produksiku/system/Database/BaseBuilder.php(1428): CodeIgniter\Database\BaseConnection->query()
#2 /var/www/html/produksiku/app/Helpers/my_helper.php(198): CodeIgniter\Database\BaseBuilder->get()
#3 /var/www/html/produksiku/app/Views/admin/body.php(23): asesi()
#4 /var/www/html/produksiku/system/View/View.php(214): include('/var/www/html/p...')
#5 /var/www/html/produksiku/system/View/View.php(217): CodeIgniter\View\View->CodeIgniter\View\{closure}()
#6 /var/www/html/produksiku/system/Common.php(1092): CodeIgniter\View\View->render()
#7 /var/www/html/produksiku/app/Controllers/Admin.php(12): view()
#8 /var/www/html/produksiku/system/CodeIgniter.php(802): App\Controllers\Admin->index()
#9 /var/www/html/produksiku/system/CodeIgniter.php(399): CodeIgniter\CodeIgniter->runController()
#10 /var/www/html/produksiku/system/CodeIgniter.php(317): CodeIgniter\CodeIgniter->handleRequest()
#11 /var/www/html/produksiku/public/index.php(36): CodeIgniter\CodeIgniter->run()
#12 {main}
ERROR - 2022-08-04 14:14:33 --> Table 'produksiku.asesi' doesn't exist
CRITICAL - 2022-08-04 14:14:33 --> Table 'produksiku.asesi' doesn't exist
#0 /var/www/html/produksiku/system/Database/MySQLi/Connection.php(280): mysqli->query()
#1 /var/www/html/produksiku/system/Database/BaseConnection.php(663): CodeIgniter\Database\MySQLi\Connection->execute()
#2 /var/www/html/produksiku/system/Database/BaseConnection.php(591): CodeIgniter\Database\BaseConnection->simpleQuery()
#3 /var/www/html/produksiku/system/Database/BaseBuilder.php(1428): CodeIgniter\Database\BaseConnection->query()
#4 /var/www/html/produksiku/app/Helpers/my_helper.php(198): CodeIgniter\Database\BaseBuilder->get()
#5 /var/www/html/produksiku/app/Views/admin/body.php(23): asesi()
#6 /var/www/html/produksiku/system/View/View.php(214): include('/var/www/html/p...')
#7 /var/www/html/produksiku/system/View/View.php(217): CodeIgniter\View\View->CodeIgniter\View\{closure}()
#8 /var/www/html/produksiku/system/Common.php(1092): CodeIgniter\View\View->render()
#9 /var/www/html/produksiku/app/Controllers/Admin.php(12): view()
#10 /var/www/html/produksiku/system/CodeIgniter.php(802): App\Controllers\Admin->index()
#11 /var/www/html/produksiku/system/CodeIgniter.php(399): CodeIgniter\CodeIgniter->runController()
#12 /var/www/html/produksiku/system/CodeIgniter.php(317): CodeIgniter\CodeIgniter->handleRequest()
#13 /var/www/html/produksiku/public/index.php(36): CodeIgniter\CodeIgniter->run()
#14 {main}
ERROR - 2022-08-04 14:15:23 --> Table 'produksiku.asesi' doesn't exist
CRITICAL - 2022-08-04 14:15:23 --> Table 'produksiku.asesi' doesn't exist
#0 /var/www/html/produksiku/system/Database/MySQLi/Connection.php(280): mysqli->query()
#1 /var/www/html/produksiku/system/Database/BaseConnection.php(663): CodeIgniter\Database\MySQLi\Connection->execute()
#2 /var/www/html/produksiku/system/Database/BaseConnection.php(591): CodeIgniter\Database\BaseConnection->simpleQuery()
#3 /var/www/html/produksiku/system/Database/BaseBuilder.php(1428): CodeIgniter\Database\BaseConnection->query()
#4 /var/www/html/produksiku/app/Helpers/my_helper.php(198): CodeIgniter\Database\BaseBuilder->get()
#5 /var/www/html/produksiku/app/Views/admin/body.php(23): asesi()
#6 /var/www/html/produksiku/system/View/View.php(214): include('/var/www/html/p...')
#7 /var/www/html/produksiku/system/View/View.php(217): CodeIgniter\View\View->CodeIgniter\View\{closure}()
#8 /var/www/html/produksiku/system/Common.php(1092): CodeIgniter\View\View->render()
#9 /var/www/html/produksiku/app/Controllers/Admin.php(12): view()
#10 /var/www/html/produksiku/system/CodeIgniter.php(802): App\Controllers\Admin->index()
#11 /var/www/html/produksiku/system/CodeIgniter.php(399): CodeIgniter\CodeIgniter->runController()
#12 /var/www/html/produksiku/system/CodeIgniter.php(317): CodeIgniter\CodeIgniter->handleRequest()
#13 /var/www/html/produksiku/public/index.php(36): CodeIgniter\CodeIgniter->run()
#14 {main}
ERROR - 2022-08-04 14:15:29 --> Table 'produksiku.asesi' doesn't exist
CRITICAL - 2022-08-04 14:15:29 --> Table 'produksiku.asesi' doesn't exist
#0 /var/www/html/produksiku/system/Database/MySQLi/Connection.php(280): mysqli->query()
#1 /var/www/html/produksiku/system/Database/BaseConnection.php(663): CodeIgniter\Database\MySQLi\Connection->execute()
#2 /var/www/html/produksiku/system/Database/BaseConnection.php(591): CodeIgniter\Database\BaseConnection->simpleQuery()
#3 /var/www/html/produksiku/system/Database/BaseBuilder.php(1428): CodeIgniter\Database\BaseConnection->query()
#4 /var/www/html/produksiku/app/Helpers/my_helper.php(198): CodeIgniter\Database\BaseBuilder->get()
#5 /var/www/html/produksiku/app/Views/admin/body.php(23): asesi()
#6 /var/www/html/produksiku/system/View/View.php(214): include('/var/www/html/p...')
#7 /var/www/html/produksiku/system/View/View.php(217): CodeIgniter\View\View->CodeIgniter\View\{closure}()
#8 /var/www/html/produksiku/system/Common.php(1092): CodeIgniter\View\View->render()
#9 /var/www/html/produksiku/app/Controllers/Admin.php(12): view()
#10 /var/www/html/produksiku/system/CodeIgniter.php(802): App\Controllers\Admin->index()
#11 /var/www/html/produksiku/system/CodeIgniter.php(399): CodeIgniter\CodeIgniter->runController()
#12 /var/www/html/produksiku/system/CodeIgniter.php(317): CodeIgniter\CodeIgniter->handleRequest()
#13 /var/www/html/produksiku/public/index.php(36): CodeIgniter\CodeIgniter->run()
#14 {main}
ERROR - 2022-08-04 14:15:53 --> Table 'produksiku.asesi' doesn't exist
CRITICAL - 2022-08-04 14:15:53 --> Table 'produksiku.asesi' doesn't exist
#0 /var/www/html/produksiku/system/Database/MySQLi/Connection.php(280): mysqli->query()
#1 /var/www/html/produksiku/system/Database/BaseConnection.php(663): CodeIgniter\Database\MySQLi\Connection->execute()
#2 /var/www/html/produksiku/system/Database/BaseConnection.php(591): CodeIgniter\Database\BaseConnection->simpleQuery()
#3 /var/www/html/produksiku/system/Database/BaseBuilder.php(1428): CodeIgniter\Database\BaseConnection->query()
#4 /var/www/html/produksiku/app/Helpers/my_helper.php(198): CodeIgniter\Database\BaseBuilder->get()
#5 /var/www/html/produksiku/app/Views/admin/body.php(23): asesi()
#6 /var/www/html/produksiku/system/View/View.php(214): include('/var/www/html/p...')
#7 /var/www/html/produksiku/system/View/View.php(217): CodeIgniter\View\View->CodeIgniter\View\{closure}()
#8 /var/www/html/produksiku/system/Common.php(1092): CodeIgniter\View\View->render()
#9 /var/www/html/produksiku/app/Controllers/Admin.php(12): view()
#10 /var/www/html/produksiku/system/CodeIgniter.php(802): App\Controllers\Admin->index()
#11 /var/www/html/produksiku/system/CodeIgniter.php(399): CodeIgniter\CodeIgniter->runController()
#12 /var/www/html/produksiku/system/CodeIgniter.php(317): CodeIgniter\CodeIgniter->handleRequest()
#13 /var/www/html/produksiku/public/index.php(36): CodeIgniter\CodeIgniter->run()
#14 {main}
ERROR - 2022-08-04 14:44:50 --> Table 'produksiku.asesi' doesn't exist
CRITICAL - 2022-08-04 14:44:50 --> Table 'produksiku.asesi' doesn't exist
#0 /var/www/html/produksiku/system/Database/MySQLi/Connection.php(280): mysqli->query()
#1 /var/www/html/produksiku/system/Database/BaseConnection.php(663): CodeIgniter\Database\MySQLi\Connection->execute()
#2 /var/www/html/produksiku/system/Database/BaseConnection.php(591): CodeIgniter\Database\BaseConnection->simpleQuery()
#3 /var/www/html/produksiku/system/Database/BaseBuilder.php(1733): CodeIgniter\Database\BaseConnection->query()
#4 /var/www/html/produksiku/app/Controllers/Admin.php(38): CodeIgniter\Database\BaseBuilder->insert()
#5 /var/www/html/produksiku/system/CodeIgniter.php(802): App\Controllers\Admin->tambah_user()
#6 /var/www/html/produksiku/system/CodeIgniter.php(399): CodeIgniter\CodeIgniter->runController()
#7 /var/www/html/produksiku/system/CodeIgniter.php(317): CodeIgniter\CodeIgniter->handleRequest()
#8 /var/www/html/produksiku/public/index.php(36): CodeIgniter\CodeIgniter->run()
#9 {main}
ERROR - 2022-08-04 14:44:52 --> Table 'produksiku.asesi' doesn't exist
CRITICAL - 2022-08-04 14:44:52 --> Table 'produksiku.asesi' doesn't exist
#0 /var/www/html/produksiku/system/Database/MySQLi/Connection.php(280): mysqli->query()
#1 /var/www/html/produksiku/system/Database/BaseConnection.php(663): CodeIgniter\Database\MySQLi\Connection->execute()
#2 /var/www/html/produksiku/system/Database/BaseConnection.php(591): CodeIgniter\Database\BaseConnection->simpleQuery()
#3 /var/www/html/produksiku/system/Database/BaseBuilder.php(1733): CodeIgniter\Database\BaseConnection->query()
#4 /var/www/html/produksiku/app/Controllers/Admin.php(38): CodeIgniter\Database\BaseBuilder->insert()
#5 /var/www/html/produksiku/system/CodeIgniter.php(802): App\Controllers\Admin->tambah_user()
#6 /var/www/html/produksiku/system/CodeIgniter.php(399): CodeIgniter\CodeIgniter->runController()
#7 /var/www/html/produksiku/system/CodeIgniter.php(317): CodeIgniter\CodeIgniter->handleRequest()
#8 /var/www/html/produksiku/public/index.php(36): CodeIgniter\CodeIgniter->run()
#9 {main}
ERROR - 2022-08-04 14:45:18 --> Unknown column 'jenis_kel' in 'field list'
CRITICAL - 2022-08-04 14:45:18 --> Unknown column 'jenis_kel' in 'field list'
#0 /var/www/html/produksiku/system/Database/MySQLi/Connection.php(280): mysqli->query()
#1 /var/www/html/produksiku/system/Database/BaseConnection.php(663): CodeIgniter\Database\MySQLi\Connection->execute()
#2 /var/www/html/produksiku/system/Database/BaseConnection.php(591): CodeIgniter\Database\BaseConnection->simpleQuery()
#3 /var/www/html/produksiku/system/Database/BaseBuilder.php(1733): CodeIgniter\Database\BaseConnection->query()
#4 /var/www/html/produksiku/app/Controllers/Admin.php(38): CodeIgniter\Database\BaseBuilder->insert()
#5 /var/www/html/produksiku/system/CodeIgniter.php(802): App\Controllers\Admin->tambah_user()
#6 /var/www/html/produksiku/system/CodeIgniter.php(399): CodeIgniter\CodeIgniter->runController()
#7 /var/www/html/produksiku/system/CodeIgniter.php(317): CodeIgniter\CodeIgniter->handleRequest()
#8 /var/www/html/produksiku/public/index.php(36): CodeIgniter\CodeIgniter->run()
#9 {main}
ERROR - 2022-08-04 14:45:30 --> Unknown column 'jenis_kel' in 'field list'
CRITICAL - 2022-08-04 14:45:30 --> Unknown column 'jenis_kel' in 'field list'
#0 /var/www/html/produksiku/system/Database/MySQLi/Connection.php(280): mysqli->query()
#1 /var/www/html/produksiku/system/Database/BaseConnection.php(663): CodeIgniter\Database\MySQLi\Connection->execute()
#2 /var/www/html/produksiku/system/Database/BaseConnection.php(591): CodeIgniter\Database\BaseConnection->simpleQuery()
#3 /var/www/html/produksiku/system/Database/BaseBuilder.php(1733): CodeIgniter\Database\BaseConnection->query()
#4 /var/www/html/produksiku/app/Controllers/Admin.php(38): CodeIgniter\Database\BaseBuilder->insert()
#5 /var/www/html/produksiku/system/CodeIgniter.php(802): App\Controllers\Admin->tambah_user()
#6 /var/www/html/produksiku/system/CodeIgniter.php(399): CodeIgniter\CodeIgniter->runController()
#7 /var/www/html/produksiku/system/CodeIgniter.php(317): CodeIgniter\CodeIgniter->handleRequest()
#8 /var/www/html/produksiku/public/index.php(36): CodeIgniter\CodeIgniter->run()
#9 {main}
ERROR - 2022-08-04 15:02:29 --> Table 'produksiku.kualifikasi' doesn't exist
CRITICAL - 2022-08-04 15:02:29 --> Table 'produksiku.kualifikasi' doesn't exist
#0 /var/www/html/produksiku/system/Database/MySQLi/Connection.php(280): mysqli->query()
#1 /var/www/html/produksiku/system/Database/BaseConnection.php(663): CodeIgniter\Database\MySQLi\Connection->execute()
#2 /var/www/html/produksiku/system/Database/BaseConnection.php(591): CodeIgniter\Database\BaseConnection->simpleQuery()
#3 /var/www/html/produksiku/system/Database/BaseBuilder.php(1428): CodeIgniter\Database\BaseConnection->query()
#4 /var/www/html/produksiku/app/Controllers/Admin.php(312): CodeIgniter\Database\BaseBuilder->get()
#5 /var/www/html/produksiku/system/CodeIgniter.php(802): App\Controllers\Admin->kualifikasi()
#6 /var/www/html/produksiku/system/CodeIgniter.php(399): CodeIgniter\CodeIgniter->runController()
#7 /var/www/html/produksiku/system/CodeIgniter.php(317): CodeIgniter\CodeIgniter->handleRequest()
#8 /var/www/html/produksiku/public/index.php(36): CodeIgniter\CodeIgniter->run()
#9 {main}
ERROR - 2022-08-04 19:57:34 --> Table 'produksiku.asesi' doesn't exist
CRITICAL - 2022-08-04 19:57:34 --> Table 'produksiku.asesi' doesn't exist
#0 /var/www/html/produksiku/system/Database/MySQLi/Connection.php(280): mysqli->query()
#1 /var/www/html/produksiku/system/Database/BaseConnection.php(663): CodeIgniter\Database\MySQLi\Connection->execute()
#2 /var/www/html/produksiku/system/Database/BaseConnection.php(591): CodeIgniter\Database\BaseConnection->simpleQuery()
#3 /var/www/html/produksiku/system/Database/BaseBuilder.php(1428): CodeIgniter\Database\BaseConnection->query()
#4 /var/www/html/produksiku/app/Helpers/my_helper.php(198): CodeIgniter\Database\BaseBuilder->get()
#5 /var/www/html/produksiku/app/Views/admin/body.php(23): asesi()
#6 /var/www/html/produksiku/system/View/View.php(214): include('/var/www/html/p...')
#7 /var/www/html/produksiku/system/View/View.php(217): CodeIgniter\View\View->CodeIgniter\View\{closure}()
#8 /var/www/html/produksiku/system/Common.php(1092): CodeIgniter\View\View->render()
#9 /var/www/html/produksiku/app/Controllers/Admin.php(12): view()
#10 /var/www/html/produksiku/system/CodeIgniter.php(802): App\Controllers\Admin->index()
#11 /var/www/html/produksiku/system/CodeIgniter.php(399): CodeIgniter\CodeIgniter->runController()
#12 /var/www/html/produksiku/system/CodeIgniter.php(317): CodeIgniter\CodeIgniter->handleRequest()
#13 /var/www/html/produksiku/public/index.php(36): CodeIgniter\CodeIgniter->run()
#14 {main}
ERROR - 2022-08-04 20:14:59 --> Table 'produksiku.asesi' doesn't exist
CRITICAL - 2022-08-04 20:14:59 --> Table 'produksiku.asesi' doesn't exist
#0 /var/www/html/produksiku/system/Database/MySQLi/Connection.php(280): mysqli->query()
#1 /var/www/html/produksiku/system/Database/BaseConnection.php(663): CodeIgniter\Database\MySQLi\Connection->execute()
#2 /var/www/html/produksiku/system/Database/BaseConnection.php(591): CodeIgniter\Database\BaseConnection->simpleQuery()
#3 /var/www/html/produksiku/system/Database/BaseBuilder.php(1428): CodeIgniter\Database\BaseConnection->query()
#4 /var/www/html/produksiku/app/Helpers/my_helper.php(198): CodeIgniter\Database\BaseBuilder->get()
#5 /var/www/html/produksiku/app/Views/admin/body.php(23): asesi()
#6 /var/www/html/produksiku/system/View/View.php(214): include('/var/www/html/p...')
#7 /var/www/html/produksiku/system/View/View.php(217): CodeIgniter\View\View->CodeIgniter\View\{closure}()
#8 /var/www/html/produksiku/system/Common.php(1092): CodeIgniter\View\View->render()
#9 /var/www/html/produksiku/app/Controllers/Admin.php(12): view()
#10 /var/www/html/produksiku/system/CodeIgniter.php(802): App\Controllers\Admin->index()
#11 /var/www/html/produksiku/system/CodeIgniter.php(399): CodeIgniter\CodeIgniter->runController()
#12 /var/www/html/produksiku/system/CodeIgniter.php(317): CodeIgniter\CodeIgniter->handleRequest()
#13 /var/www/html/produksiku/public/index.php(36): CodeIgniter\CodeIgniter->run()
#14 {main}
CRITICAL - 2022-08-04 20:30:47 --> Undefined variable: user
#0 /var/www/html/produksiku/app/Views/admin/pmo.php(55): CodeIgniter\Debug\Exceptions->errorHandler()
#1 /var/www/html/produksiku/system/View/View.php(214): include('/var/www/html/p...')
#2 /var/www/html/produksiku/system/View/View.php(217): CodeIgniter\View\View->CodeIgniter\View\{closure}()
#3 /var/www/html/produksiku/system/Common.php(1092): CodeIgniter\View\View->render()
#4 /var/www/html/produksiku/app/Controllers/Admin.php(79): view()
#5 /var/www/html/produksiku/system/CodeIgniter.php(802): App\Controllers\Admin->pmo()
#6 /var/www/html/produksiku/system/CodeIgniter.php(399): CodeIgniter\CodeIgniter->runController()
#7 /var/www/html/produksiku/system/CodeIgniter.php(317): CodeIgniter\CodeIgniter->handleRequest()
#8 /var/www/html/produksiku/public/index.php(36): CodeIgniter\CodeIgniter->run()
#9 {main}
