CRITICAL - 2022-08-23 08:31:33 --> Undefined index: tgl_produksi
#0 /var/www/html/produksiku/app/Views/admin/body.php(65): CodeIgniter\Debug\Exceptions->errorHandler()
#1 /var/www/html/produksiku/system/View/View.php(214): include('/var/www/html/p...')
#2 /var/www/html/produksiku/system/View/View.php(217): CodeIgniter\View\View->CodeIgniter\View\{closure}()
#3 /var/www/html/produksiku/system/Common.php(1092): CodeIgniter\View\View->render()
#4 /var/www/html/produksiku/app/Controllers/Admin.php(41): view()
#5 /var/www/html/produksiku/system/CodeIgniter.php(802): App\Controllers\Admin->index()
#6 /var/www/html/produksiku/system/CodeIgniter.php(399): CodeIgniter\CodeIgniter->runController()
#7 /var/www/html/produksiku/system/CodeIgniter.php(317): CodeIgniter\CodeIgniter->handleRequest()
#8 /var/www/html/produksiku/public/index.php(36): CodeIgniter\CodeIgniter->run()
#9 {main}
CRITICAL - 2022-08-23 08:33:36 --> substr() expects parameter 1 to be string, array given
#0 [internal function]: CodeIgniter\Debug\Exceptions->errorHandler()
#1 /var/www/html/produksiku/app/Helpers/my_helper.php(171): substr()
#2 /var/www/html/produksiku/app/Views/admin/body.php(136): bulan()
#3 /var/www/html/produksiku/system/View/View.php(214): include('/var/www/html/p...')
#4 /var/www/html/produksiku/system/View/View.php(217): CodeIgniter\View\View->CodeIgniter\View\{closure}()
#5 /var/www/html/produksiku/system/Common.php(1092): CodeIgniter\View\View->render()
#6 /var/www/html/produksiku/app/Controllers/Admin.php(41): view()
#7 /var/www/html/produksiku/system/CodeIgniter.php(802): App\Controllers\Admin->index()
#8 /var/www/html/produksiku/system/CodeIgniter.php(399): CodeIgniter\CodeIgniter->runController()
#9 /var/www/html/produksiku/system/CodeIgniter.php(317): CodeIgniter\CodeIgniter->handleRequest()
#10 /var/www/html/produksiku/public/index.php(36): CodeIgniter\CodeIgniter->run()
#11 {main}
ERROR - 2022-08-23 08:34:48 --> Expression #1 of SELECT list is not in GROUP BY clause and contains nonaggregated column 'produksiku.lhp.tgl_produksi' which is not functionally dependent on columns in GROUP BY clause; this is incompatible with sql_mode=only_full_group_by
CRITICAL - 2022-08-23 08:34:48 --> Expression #1 of SELECT list is not in GROUP BY clause and contains nonaggregated column 'produksiku.lhp.tgl_produksi' which is not functionally dependent on columns in GROUP BY clause; this is incompatible with sql_mode=only_full_group_by
#0 /var/www/html/produksiku/system/Database/MySQLi/Connection.php(280): mysqli->query()
#1 /var/www/html/produksiku/system/Database/BaseConnection.php(663): CodeIgniter\Database\MySQLi\Connection->execute()
#2 /var/www/html/produksiku/system/Database/BaseConnection.php(591): CodeIgniter\Database\BaseConnection->simpleQuery()
#3 /var/www/html/produksiku/system/Database/BaseBuilder.php(1428): CodeIgniter\Database\BaseConnection->query()
#4 /var/www/html/produksiku/app/Controllers/Admin.php(25): CodeIgniter\Database\BaseBuilder->get()
#5 /var/www/html/produksiku/system/CodeIgniter.php(802): App\Controllers\Admin->index()
#6 /var/www/html/produksiku/system/CodeIgniter.php(399): CodeIgniter\CodeIgniter->runController()
#7 /var/www/html/produksiku/system/CodeIgniter.php(317): CodeIgniter\CodeIgniter->handleRequest()
#8 /var/www/html/produksiku/public/index.php(36): CodeIgniter\CodeIgniter->run()
#9 {main}
ERROR - 2022-08-23 08:34:52 --> Expression #1 of SELECT list is not in GROUP BY clause and contains nonaggregated column 'produksiku.lhp.tgl_produksi' which is not functionally dependent on columns in GROUP BY clause; this is incompatible with sql_mode=only_full_group_by
CRITICAL - 2022-08-23 08:34:52 --> Expression #1 of SELECT list is not in GROUP BY clause and contains nonaggregated column 'produksiku.lhp.tgl_produksi' which is not functionally dependent on columns in GROUP BY clause; this is incompatible with sql_mode=only_full_group_by
#0 /var/www/html/produksiku/system/Database/MySQLi/Connection.php(280): mysqli->query()
#1 /var/www/html/produksiku/system/Database/BaseConnection.php(663): CodeIgniter\Database\MySQLi\Connection->execute()
#2 /var/www/html/produksiku/system/Database/BaseConnection.php(591): CodeIgniter\Database\BaseConnection->simpleQuery()
#3 /var/www/html/produksiku/system/Database/BaseBuilder.php(1428): CodeIgniter\Database\BaseConnection->query()
#4 /var/www/html/produksiku/app/Controllers/Admin.php(25): CodeIgniter\Database\BaseBuilder->get()
#5 /var/www/html/produksiku/system/CodeIgniter.php(802): App\Controllers\Admin->index()
#6 /var/www/html/produksiku/system/CodeIgniter.php(399): CodeIgniter\CodeIgniter->runController()
#7 /var/www/html/produksiku/system/CodeIgniter.php(317): CodeIgniter\CodeIgniter->handleRequest()
#8 /var/www/html/produksiku/public/index.php(36): CodeIgniter\CodeIgniter->run()
#9 {main}
