CRITICAL - 2022-06-02 08:43:21 --> Request URI segment is out of range: 3
#0 /var/www/html/keuangan/system/HTTP/URI.php(529): CodeIgniter\HTTP\Exceptions\HTTPException::forURISegmentOutOfRange()
#1 /var/www/html/keuangan/app/Views/dashboard/header.php(143): CodeIgniter\HTTP\URI->getSegment()
#2 /var/www/html/keuangan/system/View/View.php(214): include('/var/www/html/k...')
#3 /var/www/html/keuangan/system/View/View.php(217): CodeIgniter\View\View->CodeIgniter\View\{closure}()
#4 /var/www/html/keuangan/system/Common.php(1092): CodeIgniter\View\View->render()
#5 /var/www/html/keuangan/app/Controllers/Dashboard.php(14): view()
#6 /var/www/html/keuangan/system/CodeIgniter.php(802): App\Controllers\Dashboard->index()
#7 /var/www/html/keuangan/system/CodeIgniter.php(399): CodeIgniter\CodeIgniter->runController()
#8 /var/www/html/keuangan/system/CodeIgniter.php(317): CodeIgniter\CodeIgniter->handleRequest()
#9 /var/www/html/keuangan/public/index.php(36): CodeIgniter\CodeIgniter->run()
#10 {main}
CRITICAL - 2022-06-02 08:43:30 --> Request URI segment is out of range: 3
#0 /var/www/html/keuangan/system/HTTP/URI.php(529): CodeIgniter\HTTP\Exceptions\HTTPException::forURISegmentOutOfRange()
#1 /var/www/html/keuangan/app/Views/dashboard/header.php(143): CodeIgniter\HTTP\URI->getSegment()
#2 /var/www/html/keuangan/system/View/View.php(214): include('/var/www/html/k...')
#3 /var/www/html/keuangan/system/View/View.php(217): CodeIgniter\View\View->CodeIgniter\View\{closure}()
#4 /var/www/html/keuangan/system/Common.php(1092): CodeIgniter\View\View->render()
#5 /var/www/html/keuangan/app/Controllers/Dashboard.php(14): view()
#6 /var/www/html/keuangan/system/CodeIgniter.php(802): App\Controllers\Dashboard->index()
#7 /var/www/html/keuangan/system/CodeIgniter.php(399): CodeIgniter\CodeIgniter->runController()
#8 /var/www/html/keuangan/system/CodeIgniter.php(317): CodeIgniter\CodeIgniter->handleRequest()
#9 /var/www/html/keuangan/public/index.php(36): CodeIgniter\CodeIgniter->run()
#10 {main}
CRITICAL - 2022-06-02 08:43:41 --> Request URI segment is out of range: 3
#0 /var/www/html/keuangan/system/HTTP/URI.php(529): CodeIgniter\HTTP\Exceptions\HTTPException::forURISegmentOutOfRange()
#1 /var/www/html/keuangan/app/Views/dashboard/header.php(143): CodeIgniter\HTTP\URI->getSegment()
#2 /var/www/html/keuangan/system/View/View.php(214): include('/var/www/html/k...')
#3 /var/www/html/keuangan/system/View/View.php(217): CodeIgniter\View\View->CodeIgniter\View\{closure}()
#4 /var/www/html/keuangan/system/Common.php(1092): CodeIgniter\View\View->render()
#5 /var/www/html/keuangan/app/Controllers/Dashboard.php(14): view()
#6 /var/www/html/keuangan/system/CodeIgniter.php(802): App\Controllers\Dashboard->index()
#7 /var/www/html/keuangan/system/CodeIgniter.php(399): CodeIgniter\CodeIgniter->runController()
#8 /var/www/html/keuangan/system/CodeIgniter.php(317): CodeIgniter\CodeIgniter->handleRequest()
#9 /var/www/html/keuangan/public/index.php(36): CodeIgniter\CodeIgniter->run()
#10 {main}
CRITICAL - 2022-06-02 08:44:42 --> Request URI segment is out of range: 3
#0 /var/www/html/keuangan/system/HTTP/URI.php(529): CodeIgniter\HTTP\Exceptions\HTTPException::forURISegmentOutOfRange()
#1 /var/www/html/keuangan/app/Views/dashboard/header.php(143): CodeIgniter\HTTP\URI->getSegment()
#2 /var/www/html/keuangan/system/View/View.php(214): include('/var/www/html/k...')
#3 /var/www/html/keuangan/system/View/View.php(217): CodeIgniter\View\View->CodeIgniter\View\{closure}()
#4 /var/www/html/keuangan/system/Common.php(1092): CodeIgniter\View\View->render()
#5 /var/www/html/keuangan/app/Controllers/Dashboard.php(14): view()
#6 /var/www/html/keuangan/system/CodeIgniter.php(802): App\Controllers\Dashboard->index()
#7 /var/www/html/keuangan/system/CodeIgniter.php(399): CodeIgniter\CodeIgniter->runController()
#8 /var/www/html/keuangan/system/CodeIgniter.php(317): CodeIgniter\CodeIgniter->handleRequest()
#9 /var/www/html/keuangan/public/index.php(36): CodeIgniter\CodeIgniter->run()
#10 {main}
CRITICAL - 2022-06-02 08:46:10 --> Request URI segment is out of range: 3
#0 /var/www/html/keuangan/system/HTTP/URI.php(529): CodeIgniter\HTTP\Exceptions\HTTPException::forURISegmentOutOfRange()
#1 /var/www/html/keuangan/app/Views/dashboard/header.php(139): CodeIgniter\HTTP\URI->getSegment()
#2 /var/www/html/keuangan/system/View/View.php(214): include('/var/www/html/k...')
#3 /var/www/html/keuangan/system/View/View.php(217): CodeIgniter\View\View->CodeIgniter\View\{closure}()
#4 /var/www/html/keuangan/system/Common.php(1092): CodeIgniter\View\View->render()
#5 /var/www/html/keuangan/app/Controllers/Dashboard.php(14): view()
#6 /var/www/html/keuangan/system/CodeIgniter.php(802): App\Controllers\Dashboard->index()
#7 /var/www/html/keuangan/system/CodeIgniter.php(399): CodeIgniter\CodeIgniter->runController()
#8 /var/www/html/keuangan/system/CodeIgniter.php(317): CodeIgniter\CodeIgniter->handleRequest()
#9 /var/www/html/keuangan/public/index.php(36): CodeIgniter\CodeIgniter->run()
#10 {main}
CRITICAL - 2022-06-02 08:46:10 --> Request URI segment is out of range: 3
#0 /var/www/html/keuangan/system/HTTP/URI.php(529): CodeIgniter\HTTP\Exceptions\HTTPException::forURISegmentOutOfRange()
#1 /var/www/html/keuangan/app/Views/dashboard/header.php(139): CodeIgniter\HTTP\URI->getSegment()
#2 /var/www/html/keuangan/system/View/View.php(214): include('/var/www/html/k...')
#3 /var/www/html/keuangan/system/View/View.php(217): CodeIgniter\View\View->CodeIgniter\View\{closure}()
#4 /var/www/html/keuangan/system/Common.php(1092): CodeIgniter\View\View->render()
#5 /var/www/html/keuangan/app/Controllers/Dashboard.php(14): view()
#6 /var/www/html/keuangan/system/CodeIgniter.php(802): App\Controllers\Dashboard->index()
#7 /var/www/html/keuangan/system/CodeIgniter.php(399): CodeIgniter\CodeIgniter->runController()
#8 /var/www/html/keuangan/system/CodeIgniter.php(317): CodeIgniter\CodeIgniter->handleRequest()
#9 /var/www/html/keuangan/public/index.php(36): CodeIgniter\CodeIgniter->run()
#10 {main}
CRITICAL - 2022-06-02 08:46:11 --> Request URI segment is out of range: 3
#0 /var/www/html/keuangan/system/HTTP/URI.php(529): CodeIgniter\HTTP\Exceptions\HTTPException::forURISegmentOutOfRange()
#1 /var/www/html/keuangan/app/Views/dashboard/header.php(139): CodeIgniter\HTTP\URI->getSegment()
#2 /var/www/html/keuangan/system/View/View.php(214): include('/var/www/html/k...')
#3 /var/www/html/keuangan/system/View/View.php(217): CodeIgniter\View\View->CodeIgniter\View\{closure}()
#4 /var/www/html/keuangan/system/Common.php(1092): CodeIgniter\View\View->render()
#5 /var/www/html/keuangan/app/Controllers/Dashboard.php(14): view()
#6 /var/www/html/keuangan/system/CodeIgniter.php(802): App\Controllers\Dashboard->index()
#7 /var/www/html/keuangan/system/CodeIgniter.php(399): CodeIgniter\CodeIgniter->runController()
#8 /var/www/html/keuangan/system/CodeIgniter.php(317): CodeIgniter\CodeIgniter->handleRequest()
#9 /var/www/html/keuangan/public/index.php(36): CodeIgniter\CodeIgniter->run()
#10 {main}
CRITICAL - 2022-06-02 08:46:11 --> Request URI segment is out of range: 3
#0 /var/www/html/keuangan/system/HTTP/URI.php(529): CodeIgniter\HTTP\Exceptions\HTTPException::forURISegmentOutOfRange()
#1 /var/www/html/keuangan/app/Views/dashboard/header.php(139): CodeIgniter\HTTP\URI->getSegment()
#2 /var/www/html/keuangan/system/View/View.php(214): include('/var/www/html/k...')
#3 /var/www/html/keuangan/system/View/View.php(217): CodeIgniter\View\View->CodeIgniter\View\{closure}()
#4 /var/www/html/keuangan/system/Common.php(1092): CodeIgniter\View\View->render()
#5 /var/www/html/keuangan/app/Controllers/Dashboard.php(14): view()
#6 /var/www/html/keuangan/system/CodeIgniter.php(802): App\Controllers\Dashboard->index()
#7 /var/www/html/keuangan/system/CodeIgniter.php(399): CodeIgniter\CodeIgniter->runController()
#8 /var/www/html/keuangan/system/CodeIgniter.php(317): CodeIgniter\CodeIgniter->handleRequest()
#9 /var/www/html/keuangan/public/index.php(36): CodeIgniter\CodeIgniter->run()
#10 {main}
CRITICAL - 2022-06-02 08:46:11 --> Request URI segment is out of range: 3
#0 /var/www/html/keuangan/system/HTTP/URI.php(529): CodeIgniter\HTTP\Exceptions\HTTPException::forURISegmentOutOfRange()
#1 /var/www/html/keuangan/app/Views/dashboard/header.php(139): CodeIgniter\HTTP\URI->getSegment()
#2 /var/www/html/keuangan/system/View/View.php(214): include('/var/www/html/k...')
#3 /var/www/html/keuangan/system/View/View.php(217): CodeIgniter\View\View->CodeIgniter\View\{closure}()
#4 /var/www/html/keuangan/system/Common.php(1092): CodeIgniter\View\View->render()
#5 /var/www/html/keuangan/app/Controllers/Dashboard.php(14): view()
#6 /var/www/html/keuangan/system/CodeIgniter.php(802): App\Controllers\Dashboard->index()
#7 /var/www/html/keuangan/system/CodeIgniter.php(399): CodeIgniter\CodeIgniter->runController()
#8 /var/www/html/keuangan/system/CodeIgniter.php(317): CodeIgniter\CodeIgniter->handleRequest()
#9 /var/www/html/keuangan/public/index.php(36): CodeIgniter\CodeIgniter->run()
#10 {main}
CRITICAL - 2022-06-02 08:50:15 --> Request URI segment is out of range: 3
#0 /var/www/html/keuangan/system/HTTP/URI.php(529): CodeIgniter\HTTP\Exceptions\HTTPException::forURISegmentOutOfRange()
#1 /var/www/html/keuangan/app/Views/dashboard/header.php(139): CodeIgniter\HTTP\URI->getSegment()
#2 /var/www/html/keuangan/system/View/View.php(214): include('/var/www/html/k...')
#3 /var/www/html/keuangan/system/View/View.php(217): CodeIgniter\View\View->CodeIgniter\View\{closure}()
#4 /var/www/html/keuangan/system/Common.php(1092): CodeIgniter\View\View->render()
#5 /var/www/html/keuangan/app/Controllers/Home.php(36): view()
#6 /var/www/html/keuangan/system/CodeIgniter.php(802): App\Controllers\Home->index()
#7 /var/www/html/keuangan/system/CodeIgniter.php(399): CodeIgniter\CodeIgniter->runController()
#8 /var/www/html/keuangan/system/CodeIgniter.php(317): CodeIgniter\CodeIgniter->handleRequest()
#9 /var/www/html/keuangan/public/index.php(36): CodeIgniter\CodeIgniter->run()
#10 {main}
CRITICAL - 2022-06-02 08:50:53 --> Undefined variable: uri
#0 /var/www/html/keuangan/app/Views/dashboard/header.php(139): CodeIgniter\Debug\Exceptions->errorHandler()
#1 /var/www/html/keuangan/system/View/View.php(214): include('/var/www/html/k...')
#2 /var/www/html/keuangan/system/View/View.php(217): CodeIgniter\View\View->CodeIgniter\View\{closure}()
#3 /var/www/html/keuangan/system/Common.php(1092): CodeIgniter\View\View->render()
#4 /var/www/html/keuangan/app/Controllers/Dashboard.php(14): view()
#5 /var/www/html/keuangan/system/CodeIgniter.php(802): App\Controllers\Dashboard->index()
#6 /var/www/html/keuangan/system/CodeIgniter.php(399): CodeIgniter\CodeIgniter->runController()
#7 /var/www/html/keuangan/system/CodeIgniter.php(317): CodeIgniter\CodeIgniter->handleRequest()
#8 /var/www/html/keuangan/public/index.php(36): CodeIgniter\CodeIgniter->run()
#9 {main}
CRITICAL - 2022-06-02 08:50:54 --> Undefined variable: uri
#0 /var/www/html/keuangan/app/Views/dashboard/header.php(139): CodeIgniter\Debug\Exceptions->errorHandler()
#1 /var/www/html/keuangan/system/View/View.php(214): include('/var/www/html/k...')
#2 /var/www/html/keuangan/system/View/View.php(217): CodeIgniter\View\View->CodeIgniter\View\{closure}()
#3 /var/www/html/keuangan/system/Common.php(1092): CodeIgniter\View\View->render()
#4 /var/www/html/keuangan/app/Controllers/Dashboard.php(14): view()
#5 /var/www/html/keuangan/system/CodeIgniter.php(802): App\Controllers\Dashboard->index()
#6 /var/www/html/keuangan/system/CodeIgniter.php(399): CodeIgniter\CodeIgniter->runController()
#7 /var/www/html/keuangan/system/CodeIgniter.php(317): CodeIgniter\CodeIgniter->handleRequest()
#8 /var/www/html/keuangan/public/index.php(36): CodeIgniter\CodeIgniter->run()
#9 {main}
CRITICAL - 2022-06-02 08:53:04 --> syntax error, unexpected '}', expecting ';'
#0 /var/www/html/keuangan/system/Autoloader/Autoloader.php(241): CodeIgniter\Autoloader\Autoloader->includeFile()
#1 /var/www/html/keuangan/system/Autoloader/Autoloader.php(219): CodeIgniter\Autoloader\Autoloader->loadInNamespace()
#2 [internal function]: CodeIgniter\Autoloader\Autoloader->loadClass()
#3 [internal function]: spl_autoload_call()
#4 /var/www/html/keuangan/system/CodeIgniter.php(767): class_exists()
#5 /var/www/html/keuangan/system/CodeIgniter.php(386): CodeIgniter\CodeIgniter->startController()
#6 /var/www/html/keuangan/system/CodeIgniter.php(317): CodeIgniter\CodeIgniter->handleRequest()
#7 /var/www/html/keuangan/public/index.php(36): CodeIgniter\CodeIgniter->run()
#8 {main}
CRITICAL - 2022-06-02 08:53:14 --> Undefined variable: validation
#0 /var/www/html/keuangan/app/Views/dashboard/login.php(41): CodeIgniter\Debug\Exceptions->errorHandler()
#1 /var/www/html/keuangan/system/View/View.php(214): include('/var/www/html/k...')
#2 /var/www/html/keuangan/system/View/View.php(217): CodeIgniter\View\View->CodeIgniter\View\{closure}()
#3 /var/www/html/keuangan/system/Common.php(1092): CodeIgniter\View\View->render()
#4 /var/www/html/keuangan/app/Controllers/Dashboard.php(18): view()
#5 /var/www/html/keuangan/system/CodeIgniter.php(802): App\Controllers\Dashboard->index()
#6 /var/www/html/keuangan/system/CodeIgniter.php(399): CodeIgniter\CodeIgniter->runController()
#7 /var/www/html/keuangan/system/CodeIgniter.php(317): CodeIgniter\CodeIgniter->handleRequest()
#8 /var/www/html/keuangan/public/index.php(36): CodeIgniter\CodeIgniter->run()
#9 {main}
CRITICAL - 2022-06-02 08:53:48 --> Undefined variable: validation
#0 /var/www/html/keuangan/app/Views/dashboard/login.php(41): CodeIgniter\Debug\Exceptions->errorHandler()
#1 /var/www/html/keuangan/system/View/View.php(214): include('/var/www/html/k...')
#2 /var/www/html/keuangan/system/View/View.php(217): CodeIgniter\View\View->CodeIgniter\View\{closure}()
#3 /var/www/html/keuangan/system/Common.php(1092): CodeIgniter\View\View->render()
#4 /var/www/html/keuangan/app/Controllers/Dashboard.php(22): view()
#5 /var/www/html/keuangan/system/CodeIgniter.php(802): App\Controllers\Dashboard->index()
#6 /var/www/html/keuangan/system/CodeIgniter.php(399): CodeIgniter\CodeIgniter->runController()
#7 /var/www/html/keuangan/system/CodeIgniter.php(317): CodeIgniter\CodeIgniter->handleRequest()
#8 /var/www/html/keuangan/public/index.php(36): CodeIgniter\CodeIgniter->run()
#9 {main}
CRITICAL - 2022-06-02 08:53:48 --> Undefined variable: validation
#0 /var/www/html/keuangan/app/Views/dashboard/login.php(41): CodeIgniter\Debug\Exceptions->errorHandler()
#1 /var/www/html/keuangan/system/View/View.php(214): include('/var/www/html/k...')
#2 /var/www/html/keuangan/system/View/View.php(217): CodeIgniter\View\View->CodeIgniter\View\{closure}()
#3 /var/www/html/keuangan/system/Common.php(1092): CodeIgniter\View\View->render()
#4 /var/www/html/keuangan/app/Controllers/Dashboard.php(22): view()
#5 /var/www/html/keuangan/system/CodeIgniter.php(802): App\Controllers\Dashboard->index()
#6 /var/www/html/keuangan/system/CodeIgniter.php(399): CodeIgniter\CodeIgniter->runController()
#7 /var/www/html/keuangan/system/CodeIgniter.php(317): CodeIgniter\CodeIgniter->handleRequest()
#8 /var/www/html/keuangan/public/index.php(36): CodeIgniter\CodeIgniter->run()
#9 {main}
CRITICAL - 2022-06-02 08:53:49 --> Undefined variable: validation
#0 /var/www/html/keuangan/app/Views/dashboard/login.php(41): CodeIgniter\Debug\Exceptions->errorHandler()
#1 /var/www/html/keuangan/system/View/View.php(214): include('/var/www/html/k...')
#2 /var/www/html/keuangan/system/View/View.php(217): CodeIgniter\View\View->CodeIgniter\View\{closure}()
#3 /var/www/html/keuangan/system/Common.php(1092): CodeIgniter\View\View->render()
#4 /var/www/html/keuangan/app/Controllers/Dashboard.php(22): view()
#5 /var/www/html/keuangan/system/CodeIgniter.php(802): App\Controllers\Dashboard->index()
#6 /var/www/html/keuangan/system/CodeIgniter.php(399): CodeIgniter\CodeIgniter->runController()
#7 /var/www/html/keuangan/system/CodeIgniter.php(317): CodeIgniter\CodeIgniter->handleRequest()
#8 /var/www/html/keuangan/public/index.php(36): CodeIgniter\CodeIgniter->run()
#9 {main}
CRITICAL - 2022-06-02 08:53:49 --> Undefined variable: validation
#0 /var/www/html/keuangan/app/Views/dashboard/login.php(41): CodeIgniter\Debug\Exceptions->errorHandler()
#1 /var/www/html/keuangan/system/View/View.php(214): include('/var/www/html/k...')
#2 /var/www/html/keuangan/system/View/View.php(217): CodeIgniter\View\View->CodeIgniter\View\{closure}()
#3 /var/www/html/keuangan/system/Common.php(1092): CodeIgniter\View\View->render()
#4 /var/www/html/keuangan/app/Controllers/Dashboard.php(22): view()
#5 /var/www/html/keuangan/system/CodeIgniter.php(802): App\Controllers\Dashboard->index()
#6 /var/www/html/keuangan/system/CodeIgniter.php(399): CodeIgniter\CodeIgniter->runController()
#7 /var/www/html/keuangan/system/CodeIgniter.php(317): CodeIgniter\CodeIgniter->handleRequest()
#8 /var/www/html/keuangan/public/index.php(36): CodeIgniter\CodeIgniter->run()
#9 {main}
CRITICAL - 2022-06-02 08:53:50 --> Undefined variable: validation
#0 /var/www/html/keuangan/app/Views/dashboard/login.php(41): CodeIgniter\Debug\Exceptions->errorHandler()
#1 /var/www/html/keuangan/system/View/View.php(214): include('/var/www/html/k...')
#2 /var/www/html/keuangan/system/View/View.php(217): CodeIgniter\View\View->CodeIgniter\View\{closure}()
#3 /var/www/html/keuangan/system/Common.php(1092): CodeIgniter\View\View->render()
#4 /var/www/html/keuangan/app/Controllers/Dashboard.php(22): view()
#5 /var/www/html/keuangan/system/CodeIgniter.php(802): App\Controllers\Dashboard->index()
#6 /var/www/html/keuangan/system/CodeIgniter.php(399): CodeIgniter\CodeIgniter->runController()
#7 /var/www/html/keuangan/system/CodeIgniter.php(317): CodeIgniter\CodeIgniter->handleRequest()
#8 /var/www/html/keuangan/public/index.php(36): CodeIgniter\CodeIgniter->run()
#9 {main}
CRITICAL - 2022-06-02 08:53:50 --> Undefined variable: validation
#0 /var/www/html/keuangan/app/Views/dashboard/login.php(41): CodeIgniter\Debug\Exceptions->errorHandler()
#1 /var/www/html/keuangan/system/View/View.php(214): include('/var/www/html/k...')
#2 /var/www/html/keuangan/system/View/View.php(217): CodeIgniter\View\View->CodeIgniter\View\{closure}()
#3 /var/www/html/keuangan/system/Common.php(1092): CodeIgniter\View\View->render()
#4 /var/www/html/keuangan/app/Controllers/Dashboard.php(22): view()
#5 /var/www/html/keuangan/system/CodeIgniter.php(802): App\Controllers\Dashboard->index()
#6 /var/www/html/keuangan/system/CodeIgniter.php(399): CodeIgniter\CodeIgniter->runController()
#7 /var/www/html/keuangan/system/CodeIgniter.php(317): CodeIgniter\CodeIgniter->handleRequest()
#8 /var/www/html/keuangan/public/index.php(36): CodeIgniter\CodeIgniter->run()
#9 {main}
CRITICAL - 2022-06-02 08:53:50 --> Undefined variable: validation
#0 /var/www/html/keuangan/app/Views/dashboard/login.php(41): CodeIgniter\Debug\Exceptions->errorHandler()
#1 /var/www/html/keuangan/system/View/View.php(214): include('/var/www/html/k...')
#2 /var/www/html/keuangan/system/View/View.php(217): CodeIgniter\View\View->CodeIgniter\View\{closure}()
#3 /var/www/html/keuangan/system/Common.php(1092): CodeIgniter\View\View->render()
#4 /var/www/html/keuangan/app/Controllers/Dashboard.php(22): view()
#5 /var/www/html/keuangan/system/CodeIgniter.php(802): App\Controllers\Dashboard->index()
#6 /var/www/html/keuangan/system/CodeIgniter.php(399): CodeIgniter\CodeIgniter->runController()
#7 /var/www/html/keuangan/system/CodeIgniter.php(317): CodeIgniter\CodeIgniter->handleRequest()
#8 /var/www/html/keuangan/public/index.php(36): CodeIgniter\CodeIgniter->run()
#9 {main}
ERROR - 2022-06-02 08:58:41 --> Error connecting to the database: Access denied for user '****'@'localhost' (using password: NO)
CRITICAL - 2022-06-02 08:58:41 --> Unable to connect to the database.
Main connection [MySQLi]: Access denied for user '****'@'localhost' (using password: NO)
#0 /var/www/html/keuangan/system/Database/BaseConnection.php(570): CodeIgniter\Database\BaseConnection->initialize()
#1 /var/www/html/keuangan/system/Database/BaseBuilder.php(1428): CodeIgniter\Database\BaseConnection->query()
#2 /var/www/html/keuangan/app/Models/KatalogModel.php(215): CodeIgniter\Database\BaseBuilder->get()
#3 /var/www/html/keuangan/app/Controllers/Login.php(19): App\Models\KatalogModel->tampilkategori()
#4 /var/www/html/keuangan/system/CodeIgniter.php(802): App\Controllers\Login->index()
#5 /var/www/html/keuangan/system/CodeIgniter.php(399): CodeIgniter\CodeIgniter->runController()
#6 /var/www/html/keuangan/system/CodeIgniter.php(317): CodeIgniter\CodeIgniter->handleRequest()
#7 /var/www/html/keuangan/public/index.php(36): CodeIgniter\CodeIgniter->run()
#8 {main}
CRITICAL - 2022-06-02 09:04:53 --> Argument 2 passed to view() must be of the type array, null given, called in /var/www/html/keuangan/app/Controllers/Dashboard.php on line 14
#0 /var/www/html/keuangan/app/Controllers/Dashboard.php(14): view()
#1 /var/www/html/keuangan/system/CodeIgniter.php(802): App\Controllers\Dashboard->index()
#2 /var/www/html/keuangan/system/CodeIgniter.php(399): CodeIgniter\CodeIgniter->runController()
#3 /var/www/html/keuangan/system/CodeIgniter.php(317): CodeIgniter\CodeIgniter->handleRequest()
#4 /var/www/html/keuangan/public/index.php(36): CodeIgniter\CodeIgniter->run()
#5 {main}
CRITICAL - 2022-06-02 09:05:19 --> Undefined variable: username
#0 /var/www/html/keuangan/app/Views/dashboard/header.php(84): CodeIgniter\Debug\Exceptions->errorHandler()
#1 /var/www/html/keuangan/system/View/View.php(214): include('/var/www/html/k...')
#2 /var/www/html/keuangan/system/View/View.php(217): CodeIgniter\View\View->CodeIgniter\View\{closure}()
#3 /var/www/html/keuangan/system/Common.php(1092): CodeIgniter\View\View->render()
#4 /var/www/html/keuangan/app/Controllers/Dashboard.php(14): view()
#5 /var/www/html/keuangan/system/CodeIgniter.php(802): App\Controllers\Dashboard->index()
#6 /var/www/html/keuangan/system/CodeIgniter.php(399): CodeIgniter\CodeIgniter->runController()
#7 /var/www/html/keuangan/system/CodeIgniter.php(317): CodeIgniter\CodeIgniter->handleRequest()
#8 /var/www/html/keuangan/public/index.php(36): CodeIgniter\CodeIgniter->run()
#9 {main}
CRITICAL - 2022-06-02 09:06:01 --> Undefined variable: level
#0 /var/www/html/keuangan/app/Views/dashboard/header.php(154): CodeIgniter\Debug\Exceptions->errorHandler()
#1 /var/www/html/keuangan/system/View/View.php(214): include('/var/www/html/k...')
#2 /var/www/html/keuangan/system/View/View.php(217): CodeIgniter\View\View->CodeIgniter\View\{closure}()
#3 /var/www/html/keuangan/system/Common.php(1092): CodeIgniter\View\View->render()
#4 /var/www/html/keuangan/app/Controllers/Dashboard.php(14): view()
#5 /var/www/html/keuangan/system/CodeIgniter.php(802): App\Controllers\Dashboard->index()
#6 /var/www/html/keuangan/system/CodeIgniter.php(399): CodeIgniter\CodeIgniter->runController()
#7 /var/www/html/keuangan/system/CodeIgniter.php(317): CodeIgniter\CodeIgniter->handleRequest()
#8 /var/www/html/keuangan/public/index.php(36): CodeIgniter\CodeIgniter->run()
#9 {main}
CRITICAL - 2022-06-02 09:16:39 --> Undefined variable: validation
#0 /var/www/html/keuangan/app/Views/input/input.php(36): CodeIgniter\Debug\Exceptions->errorHandler()
#1 /var/www/html/keuangan/system/View/View.php(214): include('/var/www/html/k...')
#2 /var/www/html/keuangan/system/View/View.php(217): CodeIgniter\View\View->CodeIgniter\View\{closure}()
#3 /var/www/html/keuangan/system/Common.php(1092): CodeIgniter\View\View->render()
#4 /var/www/html/keuangan/app/Controllers/Laporan.php(15): view()
#5 /var/www/html/keuangan/system/CodeIgniter.php(802): App\Controllers\Laporan->index()
#6 /var/www/html/keuangan/system/CodeIgniter.php(399): CodeIgniter\CodeIgniter->runController()
#7 /var/www/html/keuangan/system/CodeIgniter.php(317): CodeIgniter\CodeIgniter->handleRequest()
#8 /var/www/html/keuangan/public/index.php(36): CodeIgniter\CodeIgniter->run()
#9 {main}
CRITICAL - 2022-06-02 09:16:39 --> Undefined variable: validation
#0 /var/www/html/keuangan/app/Views/input/input.php(36): CodeIgniter\Debug\Exceptions->errorHandler()
#1 /var/www/html/keuangan/system/View/View.php(214): include('/var/www/html/k...')
#2 /var/www/html/keuangan/system/View/View.php(217): CodeIgniter\View\View->CodeIgniter\View\{closure}()
#3 /var/www/html/keuangan/system/Common.php(1092): CodeIgniter\View\View->render()
#4 /var/www/html/keuangan/app/Controllers/Laporan.php(15): view()
#5 /var/www/html/keuangan/system/CodeIgniter.php(802): App\Controllers\Laporan->index()
#6 /var/www/html/keuangan/system/CodeIgniter.php(399): CodeIgniter\CodeIgniter->runController()
#7 /var/www/html/keuangan/system/CodeIgniter.php(317): CodeIgniter\CodeIgniter->handleRequest()
#8 /var/www/html/keuangan/public/index.php(36): CodeIgniter\CodeIgniter->run()
#9 {main}
CRITICAL - 2022-06-02 09:17:30 --> Undefined variable: validation
#0 /var/www/html/keuangan/app/Views/input/input.php(36): CodeIgniter\Debug\Exceptions->errorHandler()
#1 /var/www/html/keuangan/system/View/View.php(214): include('/var/www/html/k...')
#2 /var/www/html/keuangan/system/View/View.php(217): CodeIgniter\View\View->CodeIgniter\View\{closure}()
#3 /var/www/html/keuangan/system/Common.php(1092): CodeIgniter\View\View->render()
#4 /var/www/html/keuangan/app/Controllers/Laporan.php(17): view()
#5 /var/www/html/keuangan/system/CodeIgniter.php(802): App\Controllers\Laporan->index()
#6 /var/www/html/keuangan/system/CodeIgniter.php(399): CodeIgniter\CodeIgniter->runController()
#7 /var/www/html/keuangan/system/CodeIgniter.php(317): CodeIgniter\CodeIgniter->handleRequest()
#8 /var/www/html/keuangan/public/index.php(36): CodeIgniter\CodeIgniter->run()
#9 {main}
CRITICAL - 2022-06-02 09:18:57 --> Undefined variable: validation
#0 /var/www/html/keuangan/app/Views/input/input.php(37): CodeIgniter\Debug\Exceptions->errorHandler()
#1 /var/www/html/keuangan/system/View/View.php(214): include('/var/www/html/k...')
#2 /var/www/html/keuangan/system/View/View.php(217): CodeIgniter\View\View->CodeIgniter\View\{closure}()
#3 /var/www/html/keuangan/system/Common.php(1092): CodeIgniter\View\View->render()
#4 /var/www/html/keuangan/app/Controllers/Laporan.php(17): view()
#5 /var/www/html/keuangan/system/CodeIgniter.php(802): App\Controllers\Laporan->index()
#6 /var/www/html/keuangan/system/CodeIgniter.php(399): CodeIgniter\CodeIgniter->runController()
#7 /var/www/html/keuangan/system/CodeIgniter.php(317): CodeIgniter\CodeIgniter->handleRequest()
#8 /var/www/html/keuangan/public/index.php(36): CodeIgniter\CodeIgniter->run()
#9 {main}
CRITICAL - 2022-06-02 09:19:08 --> Undefined variable: validation
#0 /var/www/html/keuangan/app/Views/input/input.php(39): CodeIgniter\Debug\Exceptions->errorHandler()
#1 /var/www/html/keuangan/system/View/View.php(214): include('/var/www/html/k...')
#2 /var/www/html/keuangan/system/View/View.php(217): CodeIgniter\View\View->CodeIgniter\View\{closure}()
#3 /var/www/html/keuangan/system/Common.php(1092): CodeIgniter\View\View->render()
#4 /var/www/html/keuangan/app/Controllers/Laporan.php(17): view()
#5 /var/www/html/keuangan/system/CodeIgniter.php(802): App\Controllers\Laporan->index()
#6 /var/www/html/keuangan/system/CodeIgniter.php(399): CodeIgniter\CodeIgniter->runController()
#7 /var/www/html/keuangan/system/CodeIgniter.php(317): CodeIgniter\CodeIgniter->handleRequest()
#8 /var/www/html/keuangan/public/index.php(36): CodeIgniter\CodeIgniter->run()
#9 {main}
ERROR - 2022-06-02 10:17:37 --> You have an error in your SQL syntax; check the manual that corresponds to your MySQL server version for the right syntax to use near '1, 2, 3, 4, 5, 6, 7, 8, 9, 10, 11, 12, 13, 14, 15, 16, 17, 18, 19, 20, 21, 22, 2' at line 1
CRITICAL - 2022-06-02 10:17:37 --> You have an error in your SQL syntax; check the manual that corresponds to your MySQL server version for the right syntax to use near '1, 2, 3, 4, 5, 6, 7, 8, 9, 10, 11, 12, 13, 14, 15, 16, 17, 18, 19, 20, 21, 22, 2' at line 1
#0 /var/www/html/keuangan/system/Database/MySQLi/Connection.php(280): mysqli->query()
#1 /var/www/html/keuangan/system/Database/BaseConnection.php(663): CodeIgniter\Database\MySQLi\Connection->execute()
#2 /var/www/html/keuangan/system/Database/BaseConnection.php(591): CodeIgniter\Database\BaseConnection->simpleQuery()
#3 /var/www/html/keuangan/system/Database/BaseBuilder.php(1733): CodeIgniter\Database\BaseConnection->query()
#4 /var/www/html/keuangan/app/Controllers/Laporan.php(54): CodeIgniter\Database\BaseBuilder->insert()
#5 /var/www/html/keuangan/system/CodeIgniter.php(802): App\Controllers\Laporan->importFile()
#6 /var/www/html/keuangan/system/CodeIgniter.php(399): CodeIgniter\CodeIgniter->runController()
#7 /var/www/html/keuangan/system/CodeIgniter.php(317): CodeIgniter\CodeIgniter->handleRequest()
#8 /var/www/html/keuangan/public/index.php(36): CodeIgniter\CodeIgniter->run()
#9 {main}
ERROR - 2022-06-02 10:18:58 --> You have an error in your SQL syntax; check the manual that corresponds to your MySQL server version for the right syntax to use near '1, 2, 3, 4, 5, 6, 7, 8, 9, 10, 11, 12, 13, 14, 15, 16, 17, 18, 19, 20, 21, 22, 2' at line 1
CRITICAL - 2022-06-02 10:18:58 --> You have an error in your SQL syntax; check the manual that corresponds to your MySQL server version for the right syntax to use near '1, 2, 3, 4, 5, 6, 7, 8, 9, 10, 11, 12, 13, 14, 15, 16, 17, 18, 19, 20, 21, 22, 2' at line 1
#0 /var/www/html/keuangan/system/Database/MySQLi/Connection.php(280): mysqli->query()
#1 /var/www/html/keuangan/system/Database/BaseConnection.php(663): CodeIgniter\Database\MySQLi\Connection->execute()
#2 /var/www/html/keuangan/system/Database/BaseConnection.php(591): CodeIgniter\Database\BaseConnection->simpleQuery()
#3 /var/www/html/keuangan/system/Database/BaseBuilder.php(1733): CodeIgniter\Database\BaseConnection->query()
#4 /var/www/html/keuangan/app/Controllers/Laporan.php(54): CodeIgniter\Database\BaseBuilder->insert()
#5 /var/www/html/keuangan/system/CodeIgniter.php(802): App\Controllers\Laporan->importFile()
#6 /var/www/html/keuangan/system/CodeIgniter.php(399): CodeIgniter\CodeIgniter->runController()
#7 /var/www/html/keuangan/system/CodeIgniter.php(317): CodeIgniter\CodeIgniter->handleRequest()
#8 /var/www/html/keuangan/public/index.php(36): CodeIgniter\CodeIgniter->run()
#9 {main}
ERROR - 2022-06-02 10:26:16 --> Table 'keuangan.keuangan' doesn't exist
CRITICAL - 2022-06-02 10:26:16 --> Table 'keuangan.keuangan' doesn't exist
#0 /var/www/html/keuangan/system/Database/MySQLi/Connection.php(280): mysqli->query()
#1 /var/www/html/keuangan/system/Database/BaseConnection.php(663): CodeIgniter\Database\MySQLi\Connection->execute()
#2 /var/www/html/keuangan/system/Database/BaseConnection.php(591): CodeIgniter\Database\BaseConnection->simpleQuery()
#3 /var/www/html/keuangan/system/Database/BaseBuilder.php(1612): CodeIgniter\Database\BaseConnection->query()
#4 /var/www/html/keuangan/app/Controllers/Laporan.php(54): CodeIgniter\Database\BaseBuilder->insertBatch()
#5 /var/www/html/keuangan/system/CodeIgniter.php(802): App\Controllers\Laporan->importFile()
#6 /var/www/html/keuangan/system/CodeIgniter.php(399): CodeIgniter\CodeIgniter->runController()
#7 /var/www/html/keuangan/system/CodeIgniter.php(317): CodeIgniter\CodeIgniter->handleRequest()
#8 /var/www/html/keuangan/public/index.php(36): CodeIgniter\CodeIgniter->run()
#9 {main}
CRITICAL - 2022-06-02 11:37:39 --> Undefined variable: permohonan
#0 /var/www/html/keuangan/app/Views/input/laporan.php(42): CodeIgniter\Debug\Exceptions->errorHandler()
#1 /var/www/html/keuangan/system/View/View.php(214): include('/var/www/html/k...')
#2 /var/www/html/keuangan/system/View/View.php(217): CodeIgniter\View\View->CodeIgniter\View\{closure}()
#3 /var/www/html/keuangan/system/Common.php(1092): CodeIgniter\View\View->render()
#4 /var/www/html/keuangan/app/Controllers/Laporan.php(81): view()
#5 /var/www/html/keuangan/system/CodeIgniter.php(802): App\Controllers\Laporan->laporan()
#6 /var/www/html/keuangan/system/CodeIgniter.php(399): CodeIgniter\CodeIgniter->runController()
#7 /var/www/html/keuangan/system/CodeIgniter.php(317): CodeIgniter\CodeIgniter->handleRequest()
#8 /var/www/html/keuangan/public/index.php(36): CodeIgniter\CodeIgniter->run()
#9 {main}
CRITICAL - 2022-06-02 13:26:49 --> Undefined variable: idx
#0 /var/www/html/keuangan/app/Controllers/Laporan.php(81): CodeIgniter\Debug\Exceptions->errorHandler()
#1 /var/www/html/keuangan/system/CodeIgniter.php(802): App\Controllers\Laporan->laporan()
#2 /var/www/html/keuangan/system/CodeIgniter.php(399): CodeIgniter\CodeIgniter->runController()
#3 /var/www/html/keuangan/system/CodeIgniter.php(317): CodeIgniter\CodeIgniter->handleRequest()
#4 /var/www/html/keuangan/public/index.php(36): CodeIgniter\CodeIgniter->run()
#5 {main}
CRITICAL - 2022-06-02 13:27:02 --> Undefined variable: divisi
#0 /var/www/html/keuangan/app/Controllers/Laporan.php(83): CodeIgniter\Debug\Exceptions->errorHandler()
#1 /var/www/html/keuangan/system/CodeIgniter.php(802): App\Controllers\Laporan->laporan()
#2 /var/www/html/keuangan/system/CodeIgniter.php(399): CodeIgniter\CodeIgniter->runController()
#3 /var/www/html/keuangan/system/CodeIgniter.php(317): CodeIgniter\CodeIgniter->handleRequest()
#4 /var/www/html/keuangan/public/index.php(36): CodeIgniter\CodeIgniter->run()
#5 {main}
CRITICAL - 2022-06-02 13:30:30 --> Call to undefined method CodeIgniter\Database\MySQLi\Connection::select()
#0 /var/www/html/keuangan/system/CodeIgniter.php(802): App\Controllers\Laporan->laporan()
#1 /var/www/html/keuangan/system/CodeIgniter.php(399): CodeIgniter\CodeIgniter->runController()
#2 /var/www/html/keuangan/system/CodeIgniter.php(317): CodeIgniter\CodeIgniter->handleRequest()
#3 /var/www/html/keuangan/public/index.php(36): CodeIgniter\CodeIgniter->run()
#4 {main}
CRITICAL - 2022-06-02 13:30:57 --> Call to undefined method CodeIgniter\Database\MySQLi\Connection::select()
#0 /var/www/html/keuangan/system/CodeIgniter.php(802): App\Controllers\Laporan->laporan()
#1 /var/www/html/keuangan/system/CodeIgniter.php(399): CodeIgniter\CodeIgniter->runController()
#2 /var/www/html/keuangan/system/CodeIgniter.php(317): CodeIgniter\CodeIgniter->handleRequest()
#3 /var/www/html/keuangan/public/index.php(36): CodeIgniter\CodeIgniter->run()
#4 {main}
CRITICAL - 2022-06-02 13:30:58 --> Call to undefined method CodeIgniter\Database\MySQLi\Connection::select()
#0 /var/www/html/keuangan/system/CodeIgniter.php(802): App\Controllers\Laporan->laporan()
#1 /var/www/html/keuangan/system/CodeIgniter.php(399): CodeIgniter\CodeIgniter->runController()
#2 /var/www/html/keuangan/system/CodeIgniter.php(317): CodeIgniter\CodeIgniter->handleRequest()
#3 /var/www/html/keuangan/public/index.php(36): CodeIgniter\CodeIgniter->run()
#4 {main}
CRITICAL - 2022-06-02 13:31:07 --> Call to undefined method CodeIgniter\Database\MySQLi\Connection::select()
#0 /var/www/html/keuangan/system/CodeIgniter.php(802): App\Controllers\Laporan->laporan()
#1 /var/www/html/keuangan/system/CodeIgniter.php(399): CodeIgniter\CodeIgniter->runController()
#2 /var/www/html/keuangan/system/CodeIgniter.php(317): CodeIgniter\CodeIgniter->handleRequest()
#3 /var/www/html/keuangan/public/index.php(36): CodeIgniter\CodeIgniter->run()
#4 {main}
CRITICAL - 2022-06-02 13:31:08 --> Call to undefined method CodeIgniter\Database\MySQLi\Connection::select()
#0 /var/www/html/keuangan/system/CodeIgniter.php(802): App\Controllers\Laporan->laporan()
#1 /var/www/html/keuangan/system/CodeIgniter.php(399): CodeIgniter\CodeIgniter->runController()
#2 /var/www/html/keuangan/system/CodeIgniter.php(317): CodeIgniter\CodeIgniter->handleRequest()
#3 /var/www/html/keuangan/public/index.php(36): CodeIgniter\CodeIgniter->run()
#4 {main}
ERROR - 2022-06-02 13:32:07 --> Unknown column 'nama' in 'field list'
CRITICAL - 2022-06-02 13:32:07 --> Unknown column 'nama' in 'field list'
#0 /var/www/html/keuangan/system/Database/MySQLi/Connection.php(280): mysqli->query()
#1 /var/www/html/keuangan/system/Database/BaseConnection.php(663): CodeIgniter\Database\MySQLi\Connection->execute()
#2 /var/www/html/keuangan/system/Database/BaseConnection.php(591): CodeIgniter\Database\BaseConnection->simpleQuery()
#3 /var/www/html/keuangan/system/Database/BaseBuilder.php(1428): CodeIgniter\Database\BaseConnection->query()
#4 /var/www/html/keuangan/app/Controllers/Laporan.php(84): CodeIgniter\Database\BaseBuilder->get()
#5 /var/www/html/keuangan/system/CodeIgniter.php(802): App\Controllers\Laporan->laporan()
#6 /var/www/html/keuangan/system/CodeIgniter.php(399): CodeIgniter\CodeIgniter->runController()
#7 /var/www/html/keuangan/system/CodeIgniter.php(317): CodeIgniter\CodeIgniter->handleRequest()
#8 /var/www/html/keuangan/public/index.php(36): CodeIgniter\CodeIgniter->run()
#9 {main}
ERROR - 2022-06-02 13:32:29 --> Unknown column 'total' in 'field list'
CRITICAL - 2022-06-02 13:32:29 --> Unknown column 'total' in 'field list'
#0 /var/www/html/keuangan/system/Database/MySQLi/Connection.php(280): mysqli->query()
#1 /var/www/html/keuangan/system/Database/BaseConnection.php(663): CodeIgniter\Database\MySQLi\Connection->execute()
#2 /var/www/html/keuangan/system/Database/BaseConnection.php(591): CodeIgniter\Database\BaseConnection->simpleQuery()
#3 /var/www/html/keuangan/system/Database/BaseBuilder.php(1428): CodeIgniter\Database\BaseConnection->query()
#4 /var/www/html/keuangan/app/Controllers/Laporan.php(84): CodeIgniter\Database\BaseBuilder->get()
#5 /var/www/html/keuangan/system/CodeIgniter.php(802): App\Controllers\Laporan->laporan()
#6 /var/www/html/keuangan/system/CodeIgniter.php(399): CodeIgniter\CodeIgniter->runController()
#7 /var/www/html/keuangan/system/CodeIgniter.php(317): CodeIgniter\CodeIgniter->handleRequest()
#8 /var/www/html/keuangan/public/index.php(36): CodeIgniter\CodeIgniter->run()
#9 {main}
ERROR - 2022-06-02 13:32:50 --> In aggregated query without GROUP BY, expression #1 of SELECT list contains nonaggregated column 'keuangan.laporan.karyawan'; this is incompatible with sql_mode=only_full_group_by
CRITICAL - 2022-06-02 13:32:50 --> In aggregated query without GROUP BY, expression #1 of SELECT list contains nonaggregated column 'keuangan.laporan.karyawan'; this is incompatible with sql_mode=only_full_group_by
#0 /var/www/html/keuangan/system/Database/MySQLi/Connection.php(280): mysqli->query()
#1 /var/www/html/keuangan/system/Database/BaseConnection.php(663): CodeIgniter\Database\MySQLi\Connection->execute()
#2 /var/www/html/keuangan/system/Database/BaseConnection.php(591): CodeIgniter\Database\BaseConnection->simpleQuery()
#3 /var/www/html/keuangan/system/Database/BaseBuilder.php(1428): CodeIgniter\Database\BaseConnection->query()
#4 /var/www/html/keuangan/app/Controllers/Laporan.php(83): CodeIgniter\Database\BaseBuilder->get()
#5 /var/www/html/keuangan/system/CodeIgniter.php(802): App\Controllers\Laporan->laporan()
#6 /var/www/html/keuangan/system/CodeIgniter.php(399): CodeIgniter\CodeIgniter->runController()
#7 /var/www/html/keuangan/system/CodeIgniter.php(317): CodeIgniter\CodeIgniter->handleRequest()
#8 /var/www/html/keuangan/public/index.php(36): CodeIgniter\CodeIgniter->run()
#9 {main}
ERROR - 2022-06-02 13:32:51 --> In aggregated query without GROUP BY, expression #1 of SELECT list contains nonaggregated column 'keuangan.laporan.karyawan'; this is incompatible with sql_mode=only_full_group_by
CRITICAL - 2022-06-02 13:32:51 --> In aggregated query without GROUP BY, expression #1 of SELECT list contains nonaggregated column 'keuangan.laporan.karyawan'; this is incompatible with sql_mode=only_full_group_by
#0 /var/www/html/keuangan/system/Database/MySQLi/Connection.php(280): mysqli->query()
#1 /var/www/html/keuangan/system/Database/BaseConnection.php(663): CodeIgniter\Database\MySQLi\Connection->execute()
#2 /var/www/html/keuangan/system/Database/BaseConnection.php(591): CodeIgniter\Database\BaseConnection->simpleQuery()
#3 /var/www/html/keuangan/system/Database/BaseBuilder.php(1428): CodeIgniter\Database\BaseConnection->query()
#4 /var/www/html/keuangan/app/Controllers/Laporan.php(83): CodeIgniter\Database\BaseBuilder->get()
#5 /var/www/html/keuangan/system/CodeIgniter.php(802): App\Controllers\Laporan->laporan()
#6 /var/www/html/keuangan/system/CodeIgniter.php(399): CodeIgniter\CodeIgniter->runController()
#7 /var/www/html/keuangan/system/CodeIgniter.php(317): CodeIgniter\CodeIgniter->handleRequest()
#8 /var/www/html/keuangan/public/index.php(36): CodeIgniter\CodeIgniter->run()
#9 {main}
CRITICAL - 2022-06-02 13:33:55 --> syntax error, unexpected '->' (T_OBJECT_OPERATOR)
#0 /var/www/html/keuangan/system/Router/Router.php(160): CodeIgniter\Router\Router->autoRoute()
#1 /var/www/html/keuangan/system/CodeIgniter.php(702): CodeIgniter\Router\Router->handle()
#2 /var/www/html/keuangan/system/CodeIgniter.php(358): CodeIgniter\CodeIgniter->tryToRouteIt()
#3 /var/www/html/keuangan/system/CodeIgniter.php(317): CodeIgniter\CodeIgniter->handleRequest()
#4 /var/www/html/keuangan/public/index.php(36): CodeIgniter\CodeIgniter->run()
#5 {main}
CRITICAL - 2022-06-02 13:34:04 --> Call to undefined method CodeIgniter\Database\MySQLi\Builder::order_by()
#0 /var/www/html/keuangan/system/CodeIgniter.php(802): App\Controllers\Laporan->laporan()
#1 /var/www/html/keuangan/system/CodeIgniter.php(399): CodeIgniter\CodeIgniter->runController()
#2 /var/www/html/keuangan/system/CodeIgniter.php(317): CodeIgniter\CodeIgniter->handleRequest()
#3 /var/www/html/keuangan/public/index.php(36): CodeIgniter\CodeIgniter->run()
#4 {main}
CRITICAL - 2022-06-02 13:34:17 --> Call to undefined method CodeIgniter\Database\MySQLi\Builder::order_by()
#0 /var/www/html/keuangan/system/CodeIgniter.php(802): App\Controllers\Laporan->laporan()
#1 /var/www/html/keuangan/system/CodeIgniter.php(399): CodeIgniter\CodeIgniter->runController()
#2 /var/www/html/keuangan/system/CodeIgniter.php(317): CodeIgniter\CodeIgniter->handleRequest()
#3 /var/www/html/keuangan/public/index.php(36): CodeIgniter\CodeIgniter->run()
#4 {main}
CRITICAL - 2022-06-02 13:34:18 --> Call to undefined method CodeIgniter\Database\MySQLi\Builder::order_by()
#0 /var/www/html/keuangan/system/CodeIgniter.php(802): App\Controllers\Laporan->laporan()
#1 /var/www/html/keuangan/system/CodeIgniter.php(399): CodeIgniter\CodeIgniter->runController()
#2 /var/www/html/keuangan/system/CodeIgniter.php(317): CodeIgniter\CodeIgniter->handleRequest()
#3 /var/www/html/keuangan/public/index.php(36): CodeIgniter\CodeIgniter->run()
#4 {main}
CRITICAL - 2022-06-02 13:34:29 --> Call to undefined method CodeIgniter\Database\MySQLi\Builder::order_by()
#0 /var/www/html/keuangan/system/CodeIgniter.php(802): App\Controllers\Laporan->laporan()
#1 /var/www/html/keuangan/system/CodeIgniter.php(399): CodeIgniter\CodeIgniter->runController()
#2 /var/www/html/keuangan/system/CodeIgniter.php(317): CodeIgniter\CodeIgniter->handleRequest()
#3 /var/www/html/keuangan/public/index.php(36): CodeIgniter\CodeIgniter->run()
#4 {main}
CRITICAL - 2022-06-02 13:34:30 --> Call to undefined method CodeIgniter\Database\MySQLi\Builder::order_by()
#0 /var/www/html/keuangan/system/CodeIgniter.php(802): App\Controllers\Laporan->laporan()
#1 /var/www/html/keuangan/system/CodeIgniter.php(399): CodeIgniter\CodeIgniter->runController()
#2 /var/www/html/keuangan/system/CodeIgniter.php(317): CodeIgniter\CodeIgniter->handleRequest()
#3 /var/www/html/keuangan/public/index.php(36): CodeIgniter\CodeIgniter->run()
#4 {main}
CRITICAL - 2022-06-02 13:34:30 --> Call to undefined method CodeIgniter\Database\MySQLi\Builder::order_by()
#0 /var/www/html/keuangan/system/CodeIgniter.php(802): App\Controllers\Laporan->laporan()
#1 /var/www/html/keuangan/system/CodeIgniter.php(399): CodeIgniter\CodeIgniter->runController()
#2 /var/www/html/keuangan/system/CodeIgniter.php(317): CodeIgniter\CodeIgniter->handleRequest()
#3 /var/www/html/keuangan/public/index.php(36): CodeIgniter\CodeIgniter->run()
#4 {main}
CRITICAL - 2022-06-02 13:34:30 --> Call to undefined method CodeIgniter\Database\MySQLi\Builder::order_by()
#0 /var/www/html/keuangan/system/CodeIgniter.php(802): App\Controllers\Laporan->laporan()
#1 /var/www/html/keuangan/system/CodeIgniter.php(399): CodeIgniter\CodeIgniter->runController()
#2 /var/www/html/keuangan/system/CodeIgniter.php(317): CodeIgniter\CodeIgniter->handleRequest()
#3 /var/www/html/keuangan/public/index.php(36): CodeIgniter\CodeIgniter->run()
#4 {main}
ERROR - 2022-06-02 13:35:30 --> In aggregated query without GROUP BY, expression #1 of SELECT list contains nonaggregated column 'keuangan.laporan.karyawan'; this is incompatible with sql_mode=only_full_group_by
CRITICAL - 2022-06-02 13:35:30 --> In aggregated query without GROUP BY, expression #1 of SELECT list contains nonaggregated column 'keuangan.laporan.karyawan'; this is incompatible with sql_mode=only_full_group_by
#0 /var/www/html/keuangan/system/Database/MySQLi/Connection.php(280): mysqli->query()
#1 /var/www/html/keuangan/system/Database/BaseConnection.php(663): CodeIgniter\Database\MySQLi\Connection->execute()
#2 /var/www/html/keuangan/system/Database/BaseConnection.php(591): CodeIgniter\Database\BaseConnection->simpleQuery()
#3 /var/www/html/keuangan/system/Database/BaseBuilder.php(1428): CodeIgniter\Database\BaseConnection->query()
#4 /var/www/html/keuangan/app/Controllers/Laporan.php(85): CodeIgniter\Database\BaseBuilder->get()
#5 /var/www/html/keuangan/system/CodeIgniter.php(802): App\Controllers\Laporan->laporan()
#6 /var/www/html/keuangan/system/CodeIgniter.php(399): CodeIgniter\CodeIgniter->runController()
#7 /var/www/html/keuangan/system/CodeIgniter.php(317): CodeIgniter\CodeIgniter->handleRequest()
#8 /var/www/html/keuangan/public/index.php(36): CodeIgniter\CodeIgniter->run()
#9 {main}
ERROR - 2022-06-02 13:35:32 --> In aggregated query without GROUP BY, expression #1 of SELECT list contains nonaggregated column 'keuangan.laporan.karyawan'; this is incompatible with sql_mode=only_full_group_by
CRITICAL - 2022-06-02 13:35:32 --> In aggregated query without GROUP BY, expression #1 of SELECT list contains nonaggregated column 'keuangan.laporan.karyawan'; this is incompatible with sql_mode=only_full_group_by
#0 /var/www/html/keuangan/system/Database/MySQLi/Connection.php(280): mysqli->query()
#1 /var/www/html/keuangan/system/Database/BaseConnection.php(663): CodeIgniter\Database\MySQLi\Connection->execute()
#2 /var/www/html/keuangan/system/Database/BaseConnection.php(591): CodeIgniter\Database\BaseConnection->simpleQuery()
#3 /var/www/html/keuangan/system/Database/BaseBuilder.php(1428): CodeIgniter\Database\BaseConnection->query()
#4 /var/www/html/keuangan/app/Controllers/Laporan.php(85): CodeIgniter\Database\BaseBuilder->get()
#5 /var/www/html/keuangan/system/CodeIgniter.php(802): App\Controllers\Laporan->laporan()
#6 /var/www/html/keuangan/system/CodeIgniter.php(399): CodeIgniter\CodeIgniter->runController()
#7 /var/www/html/keuangan/system/CodeIgniter.php(317): CodeIgniter\CodeIgniter->handleRequest()
#8 /var/www/html/keuangan/public/index.php(36): CodeIgniter\CodeIgniter->run()
#9 {main}
ERROR - 2022-06-02 13:36:05 --> In aggregated query without GROUP BY, expression #1 of SELECT list contains nonaggregated column 'keuangan.laporan.karyawan'; this is incompatible with sql_mode=only_full_group_by
CRITICAL - 2022-06-02 13:36:05 --> In aggregated query without GROUP BY, expression #1 of SELECT list contains nonaggregated column 'keuangan.laporan.karyawan'; this is incompatible with sql_mode=only_full_group_by
#0 /var/www/html/keuangan/system/Database/MySQLi/Connection.php(280): mysqli->query()
#1 /var/www/html/keuangan/system/Database/BaseConnection.php(663): CodeIgniter\Database\MySQLi\Connection->execute()
#2 /var/www/html/keuangan/system/Database/BaseConnection.php(591): CodeIgniter\Database\BaseConnection->simpleQuery()
#3 /var/www/html/keuangan/system/Database/BaseBuilder.php(1428): CodeIgniter\Database\BaseConnection->query()
#4 /var/www/html/keuangan/app/Controllers/Laporan.php(85): CodeIgniter\Database\BaseBuilder->get()
#5 /var/www/html/keuangan/system/CodeIgniter.php(802): App\Controllers\Laporan->laporan()
#6 /var/www/html/keuangan/system/CodeIgniter.php(399): CodeIgniter\CodeIgniter->runController()
#7 /var/www/html/keuangan/system/CodeIgniter.php(317): CodeIgniter\CodeIgniter->handleRequest()
#8 /var/www/html/keuangan/public/index.php(36): CodeIgniter\CodeIgniter->run()
#9 {main}
ERROR - 2022-06-02 13:36:46 --> Expression #1 of SELECT list is not in GROUP BY clause and contains nonaggregated column 'keuangan.laporan.karyawan' which is not functionally dependent on columns in GROUP BY clause; this is incompatible with sql_mode=only_full_group_by
CRITICAL - 2022-06-02 13:36:46 --> Expression #1 of SELECT list is not in GROUP BY clause and contains nonaggregated column 'keuangan.laporan.karyawan' which is not functionally dependent on columns in GROUP BY clause; this is incompatible with sql_mode=only_full_group_by
#0 /var/www/html/keuangan/system/Database/MySQLi/Connection.php(280): mysqli->query()
#1 /var/www/html/keuangan/system/Database/BaseConnection.php(663): CodeIgniter\Database\MySQLi\Connection->execute()
#2 /var/www/html/keuangan/system/Database/BaseConnection.php(591): CodeIgniter\Database\BaseConnection->simpleQuery()
#3 /var/www/html/keuangan/system/Database/BaseBuilder.php(1428): CodeIgniter\Database\BaseConnection->query()
#4 /var/www/html/keuangan/app/Controllers/Laporan.php(85): CodeIgniter\Database\BaseBuilder->get()
#5 /var/www/html/keuangan/system/CodeIgniter.php(802): App\Controllers\Laporan->laporan()
#6 /var/www/html/keuangan/system/CodeIgniter.php(399): CodeIgniter\CodeIgniter->runController()
#7 /var/www/html/keuangan/system/CodeIgniter.php(317): CodeIgniter\CodeIgniter->handleRequest()
#8 /var/www/html/keuangan/public/index.php(36): CodeIgniter\CodeIgniter->run()
#9 {main}
ERROR - 2022-06-02 13:36:46 --> Expression #1 of SELECT list is not in GROUP BY clause and contains nonaggregated column 'keuangan.laporan.karyawan' which is not functionally dependent on columns in GROUP BY clause; this is incompatible with sql_mode=only_full_group_by
CRITICAL - 2022-06-02 13:36:46 --> Expression #1 of SELECT list is not in GROUP BY clause and contains nonaggregated column 'keuangan.laporan.karyawan' which is not functionally dependent on columns in GROUP BY clause; this is incompatible with sql_mode=only_full_group_by
#0 /var/www/html/keuangan/system/Database/MySQLi/Connection.php(280): mysqli->query()
#1 /var/www/html/keuangan/system/Database/BaseConnection.php(663): CodeIgniter\Database\MySQLi\Connection->execute()
#2 /var/www/html/keuangan/system/Database/BaseConnection.php(591): CodeIgniter\Database\BaseConnection->simpleQuery()
#3 /var/www/html/keuangan/system/Database/BaseBuilder.php(1428): CodeIgniter\Database\BaseConnection->query()
#4 /var/www/html/keuangan/app/Controllers/Laporan.php(85): CodeIgniter\Database\BaseBuilder->get()
#5 /var/www/html/keuangan/system/CodeIgniter.php(802): App\Controllers\Laporan->laporan()
#6 /var/www/html/keuangan/system/CodeIgniter.php(399): CodeIgniter\CodeIgniter->runController()
#7 /var/www/html/keuangan/system/CodeIgniter.php(317): CodeIgniter\CodeIgniter->handleRequest()
#8 /var/www/html/keuangan/public/index.php(36): CodeIgniter\CodeIgniter->run()
#9 {main}
ERROR - 2022-06-02 13:36:47 --> Expression #1 of SELECT list is not in GROUP BY clause and contains nonaggregated column 'keuangan.laporan.karyawan' which is not functionally dependent on columns in GROUP BY clause; this is incompatible with sql_mode=only_full_group_by
CRITICAL - 2022-06-02 13:36:47 --> Expression #1 of SELECT list is not in GROUP BY clause and contains nonaggregated column 'keuangan.laporan.karyawan' which is not functionally dependent on columns in GROUP BY clause; this is incompatible with sql_mode=only_full_group_by
#0 /var/www/html/keuangan/system/Database/MySQLi/Connection.php(280): mysqli->query()
#1 /var/www/html/keuangan/system/Database/BaseConnection.php(663): CodeIgniter\Database\MySQLi\Connection->execute()
#2 /var/www/html/keuangan/system/Database/BaseConnection.php(591): CodeIgniter\Database\BaseConnection->simpleQuery()
#3 /var/www/html/keuangan/system/Database/BaseBuilder.php(1428): CodeIgniter\Database\BaseConnection->query()
#4 /var/www/html/keuangan/app/Controllers/Laporan.php(85): CodeIgniter\Database\BaseBuilder->get()
#5 /var/www/html/keuangan/system/CodeIgniter.php(802): App\Controllers\Laporan->laporan()
#6 /var/www/html/keuangan/system/CodeIgniter.php(399): CodeIgniter\CodeIgniter->runController()
#7 /var/www/html/keuangan/system/CodeIgniter.php(317): CodeIgniter\CodeIgniter->handleRequest()
#8 /var/www/html/keuangan/public/index.php(36): CodeIgniter\CodeIgniter->run()
#9 {main}
ERROR - 2022-06-02 13:36:47 --> Expression #1 of SELECT list is not in GROUP BY clause and contains nonaggregated column 'keuangan.laporan.karyawan' which is not functionally dependent on columns in GROUP BY clause; this is incompatible with sql_mode=only_full_group_by
CRITICAL - 2022-06-02 13:36:47 --> Expression #1 of SELECT list is not in GROUP BY clause and contains nonaggregated column 'keuangan.laporan.karyawan' which is not functionally dependent on columns in GROUP BY clause; this is incompatible with sql_mode=only_full_group_by
#0 /var/www/html/keuangan/system/Database/MySQLi/Connection.php(280): mysqli->query()
#1 /var/www/html/keuangan/system/Database/BaseConnection.php(663): CodeIgniter\Database\MySQLi\Connection->execute()
#2 /var/www/html/keuangan/system/Database/BaseConnection.php(591): CodeIgniter\Database\BaseConnection->simpleQuery()
#3 /var/www/html/keuangan/system/Database/BaseBuilder.php(1428): CodeIgniter\Database\BaseConnection->query()
#4 /var/www/html/keuangan/app/Controllers/Laporan.php(85): CodeIgniter\Database\BaseBuilder->get()
#5 /var/www/html/keuangan/system/CodeIgniter.php(802): App\Controllers\Laporan->laporan()
#6 /var/www/html/keuangan/system/CodeIgniter.php(399): CodeIgniter\CodeIgniter->runController()
#7 /var/www/html/keuangan/system/CodeIgniter.php(317): CodeIgniter\CodeIgniter->handleRequest()
#8 /var/www/html/keuangan/public/index.php(36): CodeIgniter\CodeIgniter->run()
#9 {main}
ERROR - 2022-06-02 13:36:47 --> Expression #1 of SELECT list is not in GROUP BY clause and contains nonaggregated column 'keuangan.laporan.karyawan' which is not functionally dependent on columns in GROUP BY clause; this is incompatible with sql_mode=only_full_group_by
CRITICAL - 2022-06-02 13:36:47 --> Expression #1 of SELECT list is not in GROUP BY clause and contains nonaggregated column 'keuangan.laporan.karyawan' which is not functionally dependent on columns in GROUP BY clause; this is incompatible with sql_mode=only_full_group_by
#0 /var/www/html/keuangan/system/Database/MySQLi/Connection.php(280): mysqli->query()
#1 /var/www/html/keuangan/system/Database/BaseConnection.php(663): CodeIgniter\Database\MySQLi\Connection->execute()
#2 /var/www/html/keuangan/system/Database/BaseConnection.php(591): CodeIgniter\Database\BaseConnection->simpleQuery()
#3 /var/www/html/keuangan/system/Database/BaseBuilder.php(1428): CodeIgniter\Database\BaseConnection->query()
#4 /var/www/html/keuangan/app/Controllers/Laporan.php(85): CodeIgniter\Database\BaseBuilder->get()
#5 /var/www/html/keuangan/system/CodeIgniter.php(802): App\Controllers\Laporan->laporan()
#6 /var/www/html/keuangan/system/CodeIgniter.php(399): CodeIgniter\CodeIgniter->runController()
#7 /var/www/html/keuangan/system/CodeIgniter.php(317): CodeIgniter\CodeIgniter->handleRequest()
#8 /var/www/html/keuangan/public/index.php(36): CodeIgniter\CodeIgniter->run()
#9 {main}
ERROR - 2022-06-02 13:36:48 --> Expression #1 of SELECT list is not in GROUP BY clause and contains nonaggregated column 'keuangan.laporan.karyawan' which is not functionally dependent on columns in GROUP BY clause; this is incompatible with sql_mode=only_full_group_by
CRITICAL - 2022-06-02 13:36:48 --> Expression #1 of SELECT list is not in GROUP BY clause and contains nonaggregated column 'keuangan.laporan.karyawan' which is not functionally dependent on columns in GROUP BY clause; this is incompatible with sql_mode=only_full_group_by
#0 /var/www/html/keuangan/system/Database/MySQLi/Connection.php(280): mysqli->query()
#1 /var/www/html/keuangan/system/Database/BaseConnection.php(663): CodeIgniter\Database\MySQLi\Connection->execute()
#2 /var/www/html/keuangan/system/Database/BaseConnection.php(591): CodeIgniter\Database\BaseConnection->simpleQuery()
#3 /var/www/html/keuangan/system/Database/BaseBuilder.php(1428): CodeIgniter\Database\BaseConnection->query()
#4 /var/www/html/keuangan/app/Controllers/Laporan.php(85): CodeIgniter\Database\BaseBuilder->get()
#5 /var/www/html/keuangan/system/CodeIgniter.php(802): App\Controllers\Laporan->laporan()
#6 /var/www/html/keuangan/system/CodeIgniter.php(399): CodeIgniter\CodeIgniter->runController()
#7 /var/www/html/keuangan/system/CodeIgniter.php(317): CodeIgniter\CodeIgniter->handleRequest()
#8 /var/www/html/keuangan/public/index.php(36): CodeIgniter\CodeIgniter->run()
#9 {main}
CRITICAL - 2022-06-02 13:48:28 --> Undefined variable: d
#0 /var/www/html/keuangan/app/Views/input/laporan.php(48): CodeIgniter\Debug\Exceptions->errorHandler()
#1 /var/www/html/keuangan/system/View/View.php(214): include('/var/www/html/k...')
#2 /var/www/html/keuangan/system/View/View.php(217): CodeIgniter\View\View->CodeIgniter\View\{closure}()
#3 /var/www/html/keuangan/system/Common.php(1092): CodeIgniter\View\View->render()
#4 /var/www/html/keuangan/app/Controllers/Laporan.php(99): view()
#5 /var/www/html/keuangan/system/CodeIgniter.php(802): App\Controllers\Laporan->laporan()
#6 /var/www/html/keuangan/system/CodeIgniter.php(399): CodeIgniter\CodeIgniter->runController()
#7 /var/www/html/keuangan/system/CodeIgniter.php(317): CodeIgniter\CodeIgniter->handleRequest()
#8 /var/www/html/keuangan/public/index.php(36): CodeIgniter\CodeIgniter->run()
#9 {main}
CRITICAL - 2022-06-02 14:05:46 --> Undefined variable: divisikantor
#0 /var/www/html/keuangan/app/Controllers/Laporan.php(97): CodeIgniter\Debug\Exceptions->errorHandler()
#1 /var/www/html/keuangan/system/CodeIgniter.php(802): App\Controllers\Laporan->laporan()
#2 /var/www/html/keuangan/system/CodeIgniter.php(399): CodeIgniter\CodeIgniter->runController()
#3 /var/www/html/keuangan/system/CodeIgniter.php(317): CodeIgniter\CodeIgniter->handleRequest()
#4 /var/www/html/keuangan/public/index.php(36): CodeIgniter\CodeIgniter->run()
#5 {main}
CRITICAL - 2022-06-02 14:21:00 --> syntax error, unexpected '*'
#0 /var/www/html/keuangan/system/Router/Router.php(160): CodeIgniter\Router\Router->autoRoute()
#1 /var/www/html/keuangan/system/CodeIgniter.php(702): CodeIgniter\Router\Router->handle()
#2 /var/www/html/keuangan/system/CodeIgniter.php(358): CodeIgniter\CodeIgniter->tryToRouteIt()
#3 /var/www/html/keuangan/system/CodeIgniter.php(317): CodeIgniter\CodeIgniter->handleRequest()
#4 /var/www/html/keuangan/public/index.php(36): CodeIgniter\CodeIgniter->run()
#5 {main}
CRITICAL - 2022-06-02 14:21:14 --> syntax error, unexpected ';'
#0 /var/www/html/keuangan/system/Router/Router.php(160): CodeIgniter\Router\Router->autoRoute()
#1 /var/www/html/keuangan/system/CodeIgniter.php(702): CodeIgniter\Router\Router->handle()
#2 /var/www/html/keuangan/system/CodeIgniter.php(358): CodeIgniter\CodeIgniter->tryToRouteIt()
#3 /var/www/html/keuangan/system/CodeIgniter.php(317): CodeIgniter\CodeIgniter->handleRequest()
#4 /var/www/html/keuangan/public/index.php(36): CodeIgniter\CodeIgniter->run()
#5 {main}
CRITICAL - 2022-06-02 14:21:17 --> syntax error, unexpected ';'
#0 /var/www/html/keuangan/system/Router/Router.php(160): CodeIgniter\Router\Router->autoRoute()
#1 /var/www/html/keuangan/system/CodeIgniter.php(702): CodeIgniter\Router\Router->handle()
#2 /var/www/html/keuangan/system/CodeIgniter.php(358): CodeIgniter\CodeIgniter->tryToRouteIt()
#3 /var/www/html/keuangan/system/CodeIgniter.php(317): CodeIgniter\CodeIgniter->handleRequest()
#4 /var/www/html/keuangan/public/index.php(36): CodeIgniter\CodeIgniter->run()
#5 {main}
CRITICAL - 2022-06-02 14:21:57 --> unlink(../public/csvfile/*): No such file or directory
#0 [internal function]: CodeIgniter\Debug\Exceptions->errorHandler()
#1 /var/www/html/keuangan/app/Controllers/Laporan.php(32): unlink()
#2 /var/www/html/keuangan/system/CodeIgniter.php(802): App\Controllers\Laporan->importFile()
#3 /var/www/html/keuangan/system/CodeIgniter.php(399): CodeIgniter\CodeIgniter->runController()
#4 /var/www/html/keuangan/system/CodeIgniter.php(317): CodeIgniter\CodeIgniter->handleRequest()
#5 /var/www/html/keuangan/public/index.php(36): CodeIgniter\CodeIgniter->run()
#6 {main}
CRITICAL - 2022-06-02 14:23:47 --> unlink(): http does not allow unlinking
#0 [internal function]: CodeIgniter\Debug\Exceptions->errorHandler()
#1 /var/www/html/keuangan/app/Controllers/Laporan.php(32): unlink()
#2 /var/www/html/keuangan/system/CodeIgniter.php(802): App\Controllers\Laporan->importFile()
#3 /var/www/html/keuangan/system/CodeIgniter.php(399): CodeIgniter\CodeIgniter->runController()
#4 /var/www/html/keuangan/system/CodeIgniter.php(317): CodeIgniter\CodeIgniter->handleRequest()
#5 /var/www/html/keuangan/public/index.php(36): CodeIgniter\CodeIgniter->run()
#6 {main}
CRITICAL - 2022-06-02 14:24:48 --> unlink(): http does not allow unlinking
#0 [internal function]: CodeIgniter\Debug\Exceptions->errorHandler()
#1 /var/www/html/keuangan/app/Controllers/Laporan.php(32): unlink()
#2 /var/www/html/keuangan/system/CodeIgniter.php(802): App\Controllers\Laporan->importFile()
#3 /var/www/html/keuangan/system/CodeIgniter.php(399): CodeIgniter\CodeIgniter->runController()
#4 /var/www/html/keuangan/system/CodeIgniter.php(317): CodeIgniter\CodeIgniter->handleRequest()
#5 /var/www/html/keuangan/public/index.php(36): CodeIgniter\CodeIgniter->run()
#6 {main}
CRITICAL - 2022-06-02 14:32:39 --> Invalid file: index.php
#0 /var/www/html/keuangan/system/View/View.php(198): CodeIgniter\Exceptions\FrameworkException::forInvalidFile()
#1 /var/www/html/keuangan/system/Common.php(1092): CodeIgniter\View\View->render()
#2 /var/www/html/keuangan/app/Controllers/Laporan.php(27): view()
#3 /var/www/html/keuangan/system/CodeIgniter.php(802): App\Controllers\Laporan->importFile()
#4 /var/www/html/keuangan/system/CodeIgniter.php(399): CodeIgniter\CodeIgniter->runController()
#5 /var/www/html/keuangan/system/CodeIgniter.php(317): CodeIgniter\CodeIgniter->handleRequest()
#6 /var/www/html/keuangan/public/index.php(36): CodeIgniter\CodeIgniter->run()
#7 {main}
CRITICAL - 2022-06-02 14:32:53 --> Deletes are not allowed unless they contain a "where" or "like" clause.
#0 /var/www/html/keuangan/app/Controllers/Laporan.php(32): CodeIgniter\Database\BaseBuilder->delete()
#1 /var/www/html/keuangan/system/CodeIgniter.php(802): App\Controllers\Laporan->importFile()
#2 /var/www/html/keuangan/system/CodeIgniter.php(399): CodeIgniter\CodeIgniter->runController()
#3 /var/www/html/keuangan/system/CodeIgniter.php(317): CodeIgniter\CodeIgniter->handleRequest()
#4 /var/www/html/keuangan/public/index.php(36): CodeIgniter\CodeIgniter->run()
#5 {main}
CRITICAL - 2022-06-02 14:33:40 --> Deletes are not allowed unless they contain a "where" or "like" clause.
#0 /var/www/html/keuangan/app/Controllers/Laporan.php(32): CodeIgniter\Database\BaseBuilder->delete()
#1 /var/www/html/keuangan/system/CodeIgniter.php(802): App\Controllers\Laporan->importFile()
#2 /var/www/html/keuangan/system/CodeIgniter.php(399): CodeIgniter\CodeIgniter->runController()
#3 /var/www/html/keuangan/system/CodeIgniter.php(317): CodeIgniter\CodeIgniter->handleRequest()
#4 /var/www/html/keuangan/public/index.php(36): CodeIgniter\CodeIgniter->run()
#5 {main}
CRITICAL - 2022-06-02 14:37:29 --> Call to undefined method CodeIgniter\Database\MySQLi\Connection::truncate()
#0 /var/www/html/keuangan/system/CodeIgniter.php(802): App\Controllers\Laporan->importFile()
#1 /var/www/html/keuangan/system/CodeIgniter.php(399): CodeIgniter\CodeIgniter->runController()
#2 /var/www/html/keuangan/system/CodeIgniter.php(317): CodeIgniter\CodeIgniter->handleRequest()
#3 /var/www/html/keuangan/public/index.php(36): CodeIgniter\CodeIgniter->run()
#4 {main}
CRITICAL - 2022-06-02 14:40:01 --> Call to undefined method CodeIgniter\Database\MySQLi\Connection::emptyTable()
#0 /var/www/html/keuangan/system/CodeIgniter.php(802): App\Controllers\Laporan->importFile()
#1 /var/www/html/keuangan/system/CodeIgniter.php(399): CodeIgniter\CodeIgniter->runController()
#2 /var/www/html/keuangan/system/CodeIgniter.php(317): CodeIgniter\CodeIgniter->handleRequest()
#3 /var/www/html/keuangan/public/index.php(36): CodeIgniter\CodeIgniter->run()
#4 {main}
