ERROR - 2022-08-06 01:03:36 --> Table 'produksiku.item_pmo' doesn't exist
CRITICAL - 2022-08-06 01:03:36 --> Table 'produksiku.item_pmo' doesn't exist
#0 /var/www/html/produksiku/system/Database/MySQLi/Connection.php(280): mysqli->query()
#1 /var/www/html/produksiku/system/Database/BaseConnection.php(663): CodeIgniter\Database\MySQLi\Connection->execute()
#2 /var/www/html/produksiku/system/Database/BaseConnection.php(591): CodeIgniter\Database\BaseConnection->simpleQuery()
#3 /var/www/html/produksiku/system/Database/BaseBuilder.php(1428): CodeIgniter\Database\BaseConnection->query()
#4 /var/www/html/produksiku/app/Controllers/Admin.php(123): CodeIgniter\Database\BaseBuilder->get()
#5 /var/www/html/produksiku/system/CodeIgniter.php(802): App\Controllers\Admin->detail_pmo()
#6 /var/www/html/produksiku/system/CodeIgniter.php(399): CodeIgniter\CodeIgniter->runController()
#7 /var/www/html/produksiku/system/CodeIgniter.php(317): CodeIgniter\CodeIgniter->handleRequest()
#8 /var/www/html/produksiku/public/index.php(36): CodeIgniter\CodeIgniter->run()
#9 {main}
ERROR - 2022-08-06 01:05:24 --> Table 'produksiku.item_pmo' doesn't exist
CRITICAL - 2022-08-06 01:05:24 --> Table 'produksiku.item_pmo' doesn't exist
#0 /var/www/html/produksiku/system/Database/MySQLi/Connection.php(280): mysqli->query()
#1 /var/www/html/produksiku/system/Database/BaseConnection.php(663): CodeIgniter\Database\MySQLi\Connection->execute()
#2 /var/www/html/produksiku/system/Database/BaseConnection.php(591): CodeIgniter\Database\BaseConnection->simpleQuery()
#3 /var/www/html/produksiku/system/Database/BaseBuilder.php(1428): CodeIgniter\Database\BaseConnection->query()
#4 /var/www/html/produksiku/app/Controllers/Admin.php(123): CodeIgniter\Database\BaseBuilder->get()
#5 /var/www/html/produksiku/system/CodeIgniter.php(802): App\Controllers\Admin->detail_pmo()
#6 /var/www/html/produksiku/system/CodeIgniter.php(399): CodeIgniter\CodeIgniter->runController()
#7 /var/www/html/produksiku/system/CodeIgniter.php(317): CodeIgniter\CodeIgniter->handleRequest()
#8 /var/www/html/produksiku/public/index.php(36): CodeIgniter\CodeIgniter->run()
#9 {main}
ERROR - 2022-08-06 01:07:52 --> Table 'produksiku.item_pmo' doesn't exist
CRITICAL - 2022-08-06 01:07:52 --> Table 'produksiku.item_pmo' doesn't exist
#0 /var/www/html/produksiku/system/Database/MySQLi/Connection.php(280): mysqli->query()
#1 /var/www/html/produksiku/system/Database/BaseConnection.php(663): CodeIgniter\Database\MySQLi\Connection->execute()
#2 /var/www/html/produksiku/system/Database/BaseConnection.php(591): CodeIgniter\Database\BaseConnection->simpleQuery()
#3 /var/www/html/produksiku/system/Database/BaseBuilder.php(1428): CodeIgniter\Database\BaseConnection->query()
#4 /var/www/html/produksiku/app/Controllers/Admin.php(123): CodeIgniter\Database\BaseBuilder->get()
#5 /var/www/html/produksiku/system/CodeIgniter.php(802): App\Controllers\Admin->detail_pmo()
#6 /var/www/html/produksiku/system/CodeIgniter.php(399): CodeIgniter\CodeIgniter->runController()
#7 /var/www/html/produksiku/system/CodeIgniter.php(317): CodeIgniter\CodeIgniter->handleRequest()
#8 /var/www/html/produksiku/public/index.php(36): CodeIgniter\CodeIgniter->run()
#9 {main}
CRITICAL - 2022-08-06 01:11:38 --> Invalid file: admin/detail_pmo.php
#0 /var/www/html/produksiku/system/View/View.php(198): CodeIgniter\Exceptions\FrameworkException::forInvalidFile()
#1 /var/www/html/produksiku/system/Common.php(1092): CodeIgniter\View\View->render()
#2 /var/www/html/produksiku/app/Controllers/Admin.php(126): view()
#3 /var/www/html/produksiku/system/CodeIgniter.php(802): App\Controllers\Admin->detail_pmo()
#4 /var/www/html/produksiku/system/CodeIgniter.php(399): CodeIgniter\CodeIgniter->runController()
#5 /var/www/html/produksiku/system/CodeIgniter.php(317): CodeIgniter\CodeIgniter->handleRequest()
#6 /var/www/html/produksiku/public/index.php(36): CodeIgniter\CodeIgniter->run()
#7 {main}
CRITICAL - 2022-08-06 01:12:47 --> Invalid file: admin/detail_pmo.php
#0 /var/www/html/produksiku/system/View/View.php(198): CodeIgniter\Exceptions\FrameworkException::forInvalidFile()
#1 /var/www/html/produksiku/system/Common.php(1092): CodeIgniter\View\View->render()
#2 /var/www/html/produksiku/app/Controllers/Admin.php(126): view()
#3 /var/www/html/produksiku/system/CodeIgniter.php(802): App\Controllers\Admin->detail_pmo()
#4 /var/www/html/produksiku/system/CodeIgniter.php(399): CodeIgniter\CodeIgniter->runController()
#5 /var/www/html/produksiku/system/CodeIgniter.php(317): CodeIgniter\CodeIgniter->handleRequest()
#6 /var/www/html/produksiku/public/index.php(36): CodeIgniter\CodeIgniter->run()
#7 {main}
CRITICAL - 2022-08-06 01:12:48 --> Invalid file: admin/detail_pmo.php
#0 /var/www/html/produksiku/system/View/View.php(198): CodeIgniter\Exceptions\FrameworkException::forInvalidFile()
#1 /var/www/html/produksiku/system/Common.php(1092): CodeIgniter\View\View->render()
#2 /var/www/html/produksiku/app/Controllers/Admin.php(126): view()
#3 /var/www/html/produksiku/system/CodeIgniter.php(802): App\Controllers\Admin->detail_pmo()
#4 /var/www/html/produksiku/system/CodeIgniter.php(399): CodeIgniter\CodeIgniter->runController()
#5 /var/www/html/produksiku/system/CodeIgniter.php(317): CodeIgniter\CodeIgniter->handleRequest()
#6 /var/www/html/produksiku/public/index.php(36): CodeIgniter\CodeIgniter->run()
#7 {main}
CRITICAL - 2022-08-06 02:12:52 --> Invalid argument supplied for foreach()
#0 /var/www/html/produksiku/app/Controllers/Admin.php(136): CodeIgniter\Debug\Exceptions->errorHandler()
#1 /var/www/html/produksiku/system/CodeIgniter.php(802): App\Controllers\Admin->cari_item()
#2 /var/www/html/produksiku/system/CodeIgniter.php(399): CodeIgniter\CodeIgniter->runController()
#3 /var/www/html/produksiku/system/CodeIgniter.php(317): CodeIgniter\CodeIgniter->handleRequest()
#4 /var/www/html/produksiku/public/index.php(36): CodeIgniter\CodeIgniter->run()
#5 {main}
CRITICAL - 2022-08-06 02:12:52 --> Invalid argument supplied for foreach()
#0 /var/www/html/produksiku/app/Controllers/Admin.php(136): CodeIgniter\Debug\Exceptions->errorHandler()
#1 /var/www/html/produksiku/system/CodeIgniter.php(802): App\Controllers\Admin->cari_item()
#2 /var/www/html/produksiku/system/CodeIgniter.php(399): CodeIgniter\CodeIgniter->runController()
#3 /var/www/html/produksiku/system/CodeIgniter.php(317): CodeIgniter\CodeIgniter->handleRequest()
#4 /var/www/html/produksiku/public/index.php(36): CodeIgniter\CodeIgniter->run()
#5 {main}
CRITICAL - 2022-08-06 02:12:53 --> Invalid argument supplied for foreach()
#0 /var/www/html/produksiku/app/Controllers/Admin.php(136): CodeIgniter\Debug\Exceptions->errorHandler()
#1 /var/www/html/produksiku/system/CodeIgniter.php(802): App\Controllers\Admin->cari_item()
#2 /var/www/html/produksiku/system/CodeIgniter.php(399): CodeIgniter\CodeIgniter->runController()
#3 /var/www/html/produksiku/system/CodeIgniter.php(317): CodeIgniter\CodeIgniter->handleRequest()
#4 /var/www/html/produksiku/public/index.php(36): CodeIgniter\CodeIgniter->run()
#5 {main}
CRITICAL - 2022-08-06 02:12:53 --> Invalid argument supplied for foreach()
#0 /var/www/html/produksiku/app/Controllers/Admin.php(136): CodeIgniter\Debug\Exceptions->errorHandler()
#1 /var/www/html/produksiku/system/CodeIgniter.php(802): App\Controllers\Admin->cari_item()
#2 /var/www/html/produksiku/system/CodeIgniter.php(399): CodeIgniter\CodeIgniter->runController()
#3 /var/www/html/produksiku/system/CodeIgniter.php(317): CodeIgniter\CodeIgniter->handleRequest()
#4 /var/www/html/produksiku/public/index.php(36): CodeIgniter\CodeIgniter->run()
#5 {main}
CRITICAL - 2022-08-06 02:12:53 --> Invalid argument supplied for foreach()
#0 /var/www/html/produksiku/app/Controllers/Admin.php(136): CodeIgniter\Debug\Exceptions->errorHandler()
#1 /var/www/html/produksiku/system/CodeIgniter.php(802): App\Controllers\Admin->cari_item()
#2 /var/www/html/produksiku/system/CodeIgniter.php(399): CodeIgniter\CodeIgniter->runController()
#3 /var/www/html/produksiku/system/CodeIgniter.php(317): CodeIgniter\CodeIgniter->handleRequest()
#4 /var/www/html/produksiku/public/index.php(36): CodeIgniter\CodeIgniter->run()
#5 {main}
CRITICAL - 2022-08-06 02:12:54 --> Invalid argument supplied for foreach()
#0 /var/www/html/produksiku/app/Controllers/Admin.php(136): CodeIgniter\Debug\Exceptions->errorHandler()
#1 /var/www/html/produksiku/system/CodeIgniter.php(802): App\Controllers\Admin->cari_item()
#2 /var/www/html/produksiku/system/CodeIgniter.php(399): CodeIgniter\CodeIgniter->runController()
#3 /var/www/html/produksiku/system/CodeIgniter.php(317): CodeIgniter\CodeIgniter->handleRequest()
#4 /var/www/html/produksiku/public/index.php(36): CodeIgniter\CodeIgniter->run()
#5 {main}
CRITICAL - 2022-08-06 02:12:54 --> Invalid argument supplied for foreach()
#0 /var/www/html/produksiku/app/Controllers/Admin.php(136): CodeIgniter\Debug\Exceptions->errorHandler()
#1 /var/www/html/produksiku/system/CodeIgniter.php(802): App\Controllers\Admin->cari_item()
#2 /var/www/html/produksiku/system/CodeIgniter.php(399): CodeIgniter\CodeIgniter->runController()
#3 /var/www/html/produksiku/system/CodeIgniter.php(317): CodeIgniter\CodeIgniter->handleRequest()
#4 /var/www/html/produksiku/public/index.php(36): CodeIgniter\CodeIgniter->run()
#5 {main}
CRITICAL - 2022-08-06 02:12:54 --> Invalid argument supplied for foreach()
#0 /var/www/html/produksiku/app/Controllers/Admin.php(136): CodeIgniter\Debug\Exceptions->errorHandler()
#1 /var/www/html/produksiku/system/CodeIgniter.php(802): App\Controllers\Admin->cari_item()
#2 /var/www/html/produksiku/system/CodeIgniter.php(399): CodeIgniter\CodeIgniter->runController()
#3 /var/www/html/produksiku/system/CodeIgniter.php(317): CodeIgniter\CodeIgniter->handleRequest()
#4 /var/www/html/produksiku/public/index.php(36): CodeIgniter\CodeIgniter->run()
#5 {main}
CRITICAL - 2022-08-06 02:12:54 --> Invalid argument supplied for foreach()
#0 /var/www/html/produksiku/app/Controllers/Admin.php(136): CodeIgniter\Debug\Exceptions->errorHandler()
#1 /var/www/html/produksiku/system/CodeIgniter.php(802): App\Controllers\Admin->cari_item()
#2 /var/www/html/produksiku/system/CodeIgniter.php(399): CodeIgniter\CodeIgniter->runController()
#3 /var/www/html/produksiku/system/CodeIgniter.php(317): CodeIgniter\CodeIgniter->handleRequest()
#4 /var/www/html/produksiku/public/index.php(36): CodeIgniter\CodeIgniter->run()
#5 {main}
CRITICAL - 2022-08-06 02:12:55 --> Invalid argument supplied for foreach()
#0 /var/www/html/produksiku/app/Controllers/Admin.php(136): CodeIgniter\Debug\Exceptions->errorHandler()
#1 /var/www/html/produksiku/system/CodeIgniter.php(802): App\Controllers\Admin->cari_item()
#2 /var/www/html/produksiku/system/CodeIgniter.php(399): CodeIgniter\CodeIgniter->runController()
#3 /var/www/html/produksiku/system/CodeIgniter.php(317): CodeIgniter\CodeIgniter->handleRequest()
#4 /var/www/html/produksiku/public/index.php(36): CodeIgniter\CodeIgniter->run()
#5 {main}
CRITICAL - 2022-08-06 02:12:55 --> Invalid argument supplied for foreach()
#0 /var/www/html/produksiku/app/Controllers/Admin.php(136): CodeIgniter\Debug\Exceptions->errorHandler()
#1 /var/www/html/produksiku/system/CodeIgniter.php(802): App\Controllers\Admin->cari_item()
#2 /var/www/html/produksiku/system/CodeIgniter.php(399): CodeIgniter\CodeIgniter->runController()
#3 /var/www/html/produksiku/system/CodeIgniter.php(317): CodeIgniter\CodeIgniter->handleRequest()
#4 /var/www/html/produksiku/public/index.php(36): CodeIgniter\CodeIgniter->run()
#5 {main}
CRITICAL - 2022-08-06 02:12:55 --> Invalid argument supplied for foreach()
#0 /var/www/html/produksiku/app/Controllers/Admin.php(136): CodeIgniter\Debug\Exceptions->errorHandler()
#1 /var/www/html/produksiku/system/CodeIgniter.php(802): App\Controllers\Admin->cari_item()
#2 /var/www/html/produksiku/system/CodeIgniter.php(399): CodeIgniter\CodeIgniter->runController()
#3 /var/www/html/produksiku/system/CodeIgniter.php(317): CodeIgniter\CodeIgniter->handleRequest()
#4 /var/www/html/produksiku/public/index.php(36): CodeIgniter\CodeIgniter->run()
#5 {main}
CRITICAL - 2022-08-06 02:12:55 --> Invalid argument supplied for foreach()
#0 /var/www/html/produksiku/app/Controllers/Admin.php(136): CodeIgniter\Debug\Exceptions->errorHandler()
#1 /var/www/html/produksiku/system/CodeIgniter.php(802): App\Controllers\Admin->cari_item()
#2 /var/www/html/produksiku/system/CodeIgniter.php(399): CodeIgniter\CodeIgniter->runController()
#3 /var/www/html/produksiku/system/CodeIgniter.php(317): CodeIgniter\CodeIgniter->handleRequest()
#4 /var/www/html/produksiku/public/index.php(36): CodeIgniter\CodeIgniter->run()
#5 {main}
CRITICAL - 2022-08-06 02:13:03 --> Illegal string offset 'jenis_produk'
#0 /var/www/html/produksiku/app/Controllers/Admin.php(138): CodeIgniter\Debug\Exceptions->errorHandler()
#1 /var/www/html/produksiku/system/CodeIgniter.php(802): App\Controllers\Admin->cari_item()
#2 /var/www/html/produksiku/system/CodeIgniter.php(399): CodeIgniter\CodeIgniter->runController()
#3 /var/www/html/produksiku/system/CodeIgniter.php(317): CodeIgniter\CodeIgniter->handleRequest()
#4 /var/www/html/produksiku/public/index.php(36): CodeIgniter\CodeIgniter->run()
#5 {main}
CRITICAL - 2022-08-06 02:13:03 --> Illegal string offset 'jenis_produk'
#0 /var/www/html/produksiku/app/Controllers/Admin.php(138): CodeIgniter\Debug\Exceptions->errorHandler()
#1 /var/www/html/produksiku/system/CodeIgniter.php(802): App\Controllers\Admin->cari_item()
#2 /var/www/html/produksiku/system/CodeIgniter.php(399): CodeIgniter\CodeIgniter->runController()
#3 /var/www/html/produksiku/system/CodeIgniter.php(317): CodeIgniter\CodeIgniter->handleRequest()
#4 /var/www/html/produksiku/public/index.php(36): CodeIgniter\CodeIgniter->run()
#5 {main}
CRITICAL - 2022-08-06 02:13:04 --> Invalid argument supplied for foreach()
#0 /var/www/html/produksiku/app/Controllers/Admin.php(136): CodeIgniter\Debug\Exceptions->errorHandler()
#1 /var/www/html/produksiku/system/CodeIgniter.php(802): App\Controllers\Admin->cari_item()
#2 /var/www/html/produksiku/system/CodeIgniter.php(399): CodeIgniter\CodeIgniter->runController()
#3 /var/www/html/produksiku/system/CodeIgniter.php(317): CodeIgniter\CodeIgniter->handleRequest()
#4 /var/www/html/produksiku/public/index.php(36): CodeIgniter\CodeIgniter->run()
#5 {main}
CRITICAL - 2022-08-06 02:13:06 --> Illegal string offset 'jenis_produk'
#0 /var/www/html/produksiku/app/Controllers/Admin.php(138): CodeIgniter\Debug\Exceptions->errorHandler()
#1 /var/www/html/produksiku/system/CodeIgniter.php(802): App\Controllers\Admin->cari_item()
#2 /var/www/html/produksiku/system/CodeIgniter.php(399): CodeIgniter\CodeIgniter->runController()
#3 /var/www/html/produksiku/system/CodeIgniter.php(317): CodeIgniter\CodeIgniter->handleRequest()
#4 /var/www/html/produksiku/public/index.php(36): CodeIgniter\CodeIgniter->run()
#5 {main}
CRITICAL - 2022-08-06 02:15:03 --> Invalid argument supplied for foreach()
#0 /var/www/html/produksiku/app/Controllers/Admin.php(136): CodeIgniter\Debug\Exceptions->errorHandler()
#1 /var/www/html/produksiku/system/CodeIgniter.php(802): App\Controllers\Admin->cari_item()
#2 /var/www/html/produksiku/system/CodeIgniter.php(399): CodeIgniter\CodeIgniter->runController()
#3 /var/www/html/produksiku/system/CodeIgniter.php(317): CodeIgniter\CodeIgniter->handleRequest()
#4 /var/www/html/produksiku/public/index.php(36): CodeIgniter\CodeIgniter->run()
#5 {main}
CRITICAL - 2022-08-06 02:15:04 --> Invalid argument supplied for foreach()
#0 /var/www/html/produksiku/app/Controllers/Admin.php(136): CodeIgniter\Debug\Exceptions->errorHandler()
#1 /var/www/html/produksiku/system/CodeIgniter.php(802): App\Controllers\Admin->cari_item()
#2 /var/www/html/produksiku/system/CodeIgniter.php(399): CodeIgniter\CodeIgniter->runController()
#3 /var/www/html/produksiku/system/CodeIgniter.php(317): CodeIgniter\CodeIgniter->handleRequest()
#4 /var/www/html/produksiku/public/index.php(36): CodeIgniter\CodeIgniter->run()
#5 {main}
CRITICAL - 2022-08-06 02:15:49 --> Invalid argument supplied for foreach()
#0 /var/www/html/produksiku/app/Controllers/Admin.php(136): CodeIgniter\Debug\Exceptions->errorHandler()
#1 /var/www/html/produksiku/system/CodeIgniter.php(802): App\Controllers\Admin->cari_item()
#2 /var/www/html/produksiku/system/CodeIgniter.php(399): CodeIgniter\CodeIgniter->runController()
#3 /var/www/html/produksiku/system/CodeIgniter.php(317): CodeIgniter\CodeIgniter->handleRequest()
#4 /var/www/html/produksiku/public/index.php(36): CodeIgniter\CodeIgniter->run()
#5 {main}
CRITICAL - 2022-08-06 02:15:50 --> Invalid argument supplied for foreach()
#0 /var/www/html/produksiku/app/Controllers/Admin.php(136): CodeIgniter\Debug\Exceptions->errorHandler()
#1 /var/www/html/produksiku/system/CodeIgniter.php(802): App\Controllers\Admin->cari_item()
#2 /var/www/html/produksiku/system/CodeIgniter.php(399): CodeIgniter\CodeIgniter->runController()
#3 /var/www/html/produksiku/system/CodeIgniter.php(317): CodeIgniter\CodeIgniter->handleRequest()
#4 /var/www/html/produksiku/public/index.php(36): CodeIgniter\CodeIgniter->run()
#5 {main}
CRITICAL - 2022-08-06 02:17:25 --> Invalid argument supplied for foreach()
#0 /var/www/html/produksiku/app/Controllers/Admin.php(136): CodeIgniter\Debug\Exceptions->errorHandler()
#1 /var/www/html/produksiku/system/CodeIgniter.php(802): App\Controllers\Admin->cari_item()
#2 /var/www/html/produksiku/system/CodeIgniter.php(399): CodeIgniter\CodeIgniter->runController()
#3 /var/www/html/produksiku/system/CodeIgniter.php(317): CodeIgniter\CodeIgniter->handleRequest()
#4 /var/www/html/produksiku/public/index.php(36): CodeIgniter\CodeIgniter->run()
#5 {main}
CRITICAL - 2022-08-06 02:17:26 --> Invalid argument supplied for foreach()
#0 /var/www/html/produksiku/app/Controllers/Admin.php(136): CodeIgniter\Debug\Exceptions->errorHandler()
#1 /var/www/html/produksiku/system/CodeIgniter.php(802): App\Controllers\Admin->cari_item()
#2 /var/www/html/produksiku/system/CodeIgniter.php(399): CodeIgniter\CodeIgniter->runController()
#3 /var/www/html/produksiku/system/CodeIgniter.php(317): CodeIgniter\CodeIgniter->handleRequest()
#4 /var/www/html/produksiku/public/index.php(36): CodeIgniter\CodeIgniter->run()
#5 {main}
CRITICAL - 2022-08-06 02:17:29 --> Invalid argument supplied for foreach()
#0 /var/www/html/produksiku/app/Controllers/Admin.php(136): CodeIgniter\Debug\Exceptions->errorHandler()
#1 /var/www/html/produksiku/system/CodeIgniter.php(802): App\Controllers\Admin->cari_item()
#2 /var/www/html/produksiku/system/CodeIgniter.php(399): CodeIgniter\CodeIgniter->runController()
#3 /var/www/html/produksiku/system/CodeIgniter.php(317): CodeIgniter\CodeIgniter->handleRequest()
#4 /var/www/html/produksiku/public/index.php(36): CodeIgniter\CodeIgniter->run()
#5 {main}
CRITICAL - 2022-08-06 02:26:29 --> Illegal string offset 'jenis_produk'
#0 /var/www/html/produksiku/app/Controllers/Admin.php(138): CodeIgniter\Debug\Exceptions->errorHandler()
#1 /var/www/html/produksiku/system/CodeIgniter.php(802): App\Controllers\Admin->cari_item()
#2 /var/www/html/produksiku/system/CodeIgniter.php(399): CodeIgniter\CodeIgniter->runController()
#3 /var/www/html/produksiku/system/CodeIgniter.php(317): CodeIgniter\CodeIgniter->handleRequest()
#4 /var/www/html/produksiku/public/index.php(36): CodeIgniter\CodeIgniter->run()
#5 {main}
CRITICAL - 2022-08-06 02:33:59 --> Invalid argument supplied for foreach()
#0 /var/www/html/produksiku/app/Controllers/Admin.php(136): CodeIgniter\Debug\Exceptions->errorHandler()
#1 /var/www/html/produksiku/system/CodeIgniter.php(802): App\Controllers\Admin->cari_item()
#2 /var/www/html/produksiku/system/CodeIgniter.php(399): CodeIgniter\CodeIgniter->runController()
#3 /var/www/html/produksiku/system/CodeIgniter.php(317): CodeIgniter\CodeIgniter->handleRequest()
#4 /var/www/html/produksiku/public/index.php(36): CodeIgniter\CodeIgniter->run()
#5 {main}
CRITICAL - 2022-08-06 02:34:00 --> Invalid argument supplied for foreach()
#0 /var/www/html/produksiku/app/Controllers/Admin.php(136): CodeIgniter\Debug\Exceptions->errorHandler()
#1 /var/www/html/produksiku/system/CodeIgniter.php(802): App\Controllers\Admin->cari_item()
#2 /var/www/html/produksiku/system/CodeIgniter.php(399): CodeIgniter\CodeIgniter->runController()
#3 /var/www/html/produksiku/system/CodeIgniter.php(317): CodeIgniter\CodeIgniter->handleRequest()
#4 /var/www/html/produksiku/public/index.php(36): CodeIgniter\CodeIgniter->run()
#5 {main}
CRITICAL - 2022-08-06 02:34:00 --> Invalid argument supplied for foreach()
#0 /var/www/html/produksiku/app/Controllers/Admin.php(136): CodeIgniter\Debug\Exceptions->errorHandler()
#1 /var/www/html/produksiku/system/CodeIgniter.php(802): App\Controllers\Admin->cari_item()
#2 /var/www/html/produksiku/system/CodeIgniter.php(399): CodeIgniter\CodeIgniter->runController()
#3 /var/www/html/produksiku/system/CodeIgniter.php(317): CodeIgniter\CodeIgniter->handleRequest()
#4 /var/www/html/produksiku/public/index.php(36): CodeIgniter\CodeIgniter->run()
#5 {main}
CRITICAL - 2022-08-06 02:34:01 --> Invalid argument supplied for foreach()
#0 /var/www/html/produksiku/app/Controllers/Admin.php(136): CodeIgniter\Debug\Exceptions->errorHandler()
#1 /var/www/html/produksiku/system/CodeIgniter.php(802): App\Controllers\Admin->cari_item()
#2 /var/www/html/produksiku/system/CodeIgniter.php(399): CodeIgniter\CodeIgniter->runController()
#3 /var/www/html/produksiku/system/CodeIgniter.php(317): CodeIgniter\CodeIgniter->handleRequest()
#4 /var/www/html/produksiku/public/index.php(36): CodeIgniter\CodeIgniter->run()
#5 {main}
CRITICAL - 2022-08-06 02:34:01 --> Invalid argument supplied for foreach()
#0 /var/www/html/produksiku/app/Controllers/Admin.php(136): CodeIgniter\Debug\Exceptions->errorHandler()
#1 /var/www/html/produksiku/system/CodeIgniter.php(802): App\Controllers\Admin->cari_item()
#2 /var/www/html/produksiku/system/CodeIgniter.php(399): CodeIgniter\CodeIgniter->runController()
#3 /var/www/html/produksiku/system/CodeIgniter.php(317): CodeIgniter\CodeIgniter->handleRequest()
#4 /var/www/html/produksiku/public/index.php(36): CodeIgniter\CodeIgniter->run()
#5 {main}
CRITICAL - 2022-08-06 02:34:55 --> Invalid argument supplied for foreach()
#0 /var/www/html/produksiku/app/Controllers/Admin.php(136): CodeIgniter\Debug\Exceptions->errorHandler()
#1 /var/www/html/produksiku/system/CodeIgniter.php(802): App\Controllers\Admin->cari_item()
#2 /var/www/html/produksiku/system/CodeIgniter.php(399): CodeIgniter\CodeIgniter->runController()
#3 /var/www/html/produksiku/system/CodeIgniter.php(317): CodeIgniter\CodeIgniter->handleRequest()
#4 /var/www/html/produksiku/public/index.php(36): CodeIgniter\CodeIgniter->run()
#5 {main}
CRITICAL - 2022-08-06 02:34:55 --> Invalid argument supplied for foreach()
#0 /var/www/html/produksiku/app/Controllers/Admin.php(136): CodeIgniter\Debug\Exceptions->errorHandler()
#1 /var/www/html/produksiku/system/CodeIgniter.php(802): App\Controllers\Admin->cari_item()
#2 /var/www/html/produksiku/system/CodeIgniter.php(399): CodeIgniter\CodeIgniter->runController()
#3 /var/www/html/produksiku/system/CodeIgniter.php(317): CodeIgniter\CodeIgniter->handleRequest()
#4 /var/www/html/produksiku/public/index.php(36): CodeIgniter\CodeIgniter->run()
#5 {main}
CRITICAL - 2022-08-06 02:34:56 --> Invalid argument supplied for foreach()
#0 /var/www/html/produksiku/app/Controllers/Admin.php(136): CodeIgniter\Debug\Exceptions->errorHandler()
#1 /var/www/html/produksiku/system/CodeIgniter.php(802): App\Controllers\Admin->cari_item()
#2 /var/www/html/produksiku/system/CodeIgniter.php(399): CodeIgniter\CodeIgniter->runController()
#3 /var/www/html/produksiku/system/CodeIgniter.php(317): CodeIgniter\CodeIgniter->handleRequest()
#4 /var/www/html/produksiku/public/index.php(36): CodeIgniter\CodeIgniter->run()
#5 {main}
CRITICAL - 2022-08-06 02:34:58 --> Invalid argument supplied for foreach()
#0 /var/www/html/produksiku/app/Controllers/Admin.php(136): CodeIgniter\Debug\Exceptions->errorHandler()
#1 /var/www/html/produksiku/system/CodeIgniter.php(802): App\Controllers\Admin->cari_item()
#2 /var/www/html/produksiku/system/CodeIgniter.php(399): CodeIgniter\CodeIgniter->runController()
#3 /var/www/html/produksiku/system/CodeIgniter.php(317): CodeIgniter\CodeIgniter->handleRequest()
#4 /var/www/html/produksiku/public/index.php(36): CodeIgniter\CodeIgniter->run()
#5 {main}
CRITICAL - 2022-08-06 02:35:02 --> Invalid argument supplied for foreach()
#0 /var/www/html/produksiku/app/Controllers/Admin.php(136): CodeIgniter\Debug\Exceptions->errorHandler()
#1 /var/www/html/produksiku/system/CodeIgniter.php(802): App\Controllers\Admin->cari_item()
#2 /var/www/html/produksiku/system/CodeIgniter.php(399): CodeIgniter\CodeIgniter->runController()
#3 /var/www/html/produksiku/system/CodeIgniter.php(317): CodeIgniter\CodeIgniter->handleRequest()
#4 /var/www/html/produksiku/public/index.php(36): CodeIgniter\CodeIgniter->run()
#5 {main}
CRITICAL - 2022-08-06 02:35:02 --> Invalid argument supplied for foreach()
#0 /var/www/html/produksiku/app/Controllers/Admin.php(136): CodeIgniter\Debug\Exceptions->errorHandler()
#1 /var/www/html/produksiku/system/CodeIgniter.php(802): App\Controllers\Admin->cari_item()
#2 /var/www/html/produksiku/system/CodeIgniter.php(399): CodeIgniter\CodeIgniter->runController()
#3 /var/www/html/produksiku/system/CodeIgniter.php(317): CodeIgniter\CodeIgniter->handleRequest()
#4 /var/www/html/produksiku/public/index.php(36): CodeIgniter\CodeIgniter->run()
#5 {main}
CRITICAL - 2022-08-06 02:35:04 --> Invalid argument supplied for foreach()
#0 /var/www/html/produksiku/app/Controllers/Admin.php(136): CodeIgniter\Debug\Exceptions->errorHandler()
#1 /var/www/html/produksiku/system/CodeIgniter.php(802): App\Controllers\Admin->cari_item()
#2 /var/www/html/produksiku/system/CodeIgniter.php(399): CodeIgniter\CodeIgniter->runController()
#3 /var/www/html/produksiku/system/CodeIgniter.php(317): CodeIgniter\CodeIgniter->handleRequest()
#4 /var/www/html/produksiku/public/index.php(36): CodeIgniter\CodeIgniter->run()
#5 {main}
CRITICAL - 2022-08-06 02:35:06 --> Illegal string offset 'jenis_produk'
#0 /var/www/html/produksiku/app/Controllers/Admin.php(138): CodeIgniter\Debug\Exceptions->errorHandler()
#1 /var/www/html/produksiku/system/CodeIgniter.php(802): App\Controllers\Admin->cari_item()
#2 /var/www/html/produksiku/system/CodeIgniter.php(399): CodeIgniter\CodeIgniter->runController()
#3 /var/www/html/produksiku/system/CodeIgniter.php(317): CodeIgniter\CodeIgniter->handleRequest()
#4 /var/www/html/produksiku/public/index.php(36): CodeIgniter\CodeIgniter->run()
#5 {main}
CRITICAL - 2022-08-06 02:36:14 --> Illegal string offset 'jenis_produk'
#0 /var/www/html/produksiku/app/Controllers/Admin.php(138): CodeIgniter\Debug\Exceptions->errorHandler()
#1 /var/www/html/produksiku/system/CodeIgniter.php(802): App\Controllers\Admin->cari_item()
#2 /var/www/html/produksiku/system/CodeIgniter.php(399): CodeIgniter\CodeIgniter->runController()
#3 /var/www/html/produksiku/system/CodeIgniter.php(317): CodeIgniter\CodeIgniter->handleRequest()
#4 /var/www/html/produksiku/public/index.php(36): CodeIgniter\CodeIgniter->run()
#5 {main}
CRITICAL - 2022-08-06 02:38:18 --> Illegal string offset 'jenis_produk'
#0 /var/www/html/produksiku/app/Controllers/Admin.php(138): CodeIgniter\Debug\Exceptions->errorHandler()
#1 /var/www/html/produksiku/system/CodeIgniter.php(802): App\Controllers\Admin->cari_item()
#2 /var/www/html/produksiku/system/CodeIgniter.php(399): CodeIgniter\CodeIgniter->runController()
#3 /var/www/html/produksiku/system/CodeIgniter.php(317): CodeIgniter\CodeIgniter->handleRequest()
#4 /var/www/html/produksiku/public/index.php(36): CodeIgniter\CodeIgniter->run()
#5 {main}
CRITICAL - 2022-08-06 02:39:33 --> Invalid argument supplied for foreach()
#0 /var/www/html/produksiku/app/Controllers/Admin.php(136): CodeIgniter\Debug\Exceptions->errorHandler()
#1 /var/www/html/produksiku/system/CodeIgniter.php(802): App\Controllers\Admin->cari_item()
#2 /var/www/html/produksiku/system/CodeIgniter.php(399): CodeIgniter\CodeIgniter->runController()
#3 /var/www/html/produksiku/system/CodeIgniter.php(317): CodeIgniter\CodeIgniter->handleRequest()
#4 /var/www/html/produksiku/public/index.php(36): CodeIgniter\CodeIgniter->run()
#5 {main}
CRITICAL - 2022-08-06 02:39:40 --> Invalid argument supplied for foreach()
#0 /var/www/html/produksiku/app/Controllers/Admin.php(136): CodeIgniter\Debug\Exceptions->errorHandler()
#1 /var/www/html/produksiku/system/CodeIgniter.php(802): App\Controllers\Admin->cari_item()
#2 /var/www/html/produksiku/system/CodeIgniter.php(399): CodeIgniter\CodeIgniter->runController()
#3 /var/www/html/produksiku/system/CodeIgniter.php(317): CodeIgniter\CodeIgniter->handleRequest()
#4 /var/www/html/produksiku/public/index.php(36): CodeIgniter\CodeIgniter->run()
#5 {main}
CRITICAL - 2022-08-06 03:00:25 --> Illegal string offset 'jenis_produk'
#0 /var/www/html/produksiku/app/Controllers/Admin.php(138): CodeIgniter\Debug\Exceptions->errorHandler()
#1 /var/www/html/produksiku/system/CodeIgniter.php(802): App\Controllers\Admin->cari_item()
#2 /var/www/html/produksiku/system/CodeIgniter.php(399): CodeIgniter\CodeIgniter->runController()
#3 /var/www/html/produksiku/system/CodeIgniter.php(317): CodeIgniter\CodeIgniter->handleRequest()
#4 /var/www/html/produksiku/public/index.php(36): CodeIgniter\CodeIgniter->run()
#5 {main}
CRITICAL - 2022-08-06 03:02:09 --> Illegal string offset 'jenis_produk'
#0 /var/www/html/produksiku/app/Controllers/Admin.php(138): CodeIgniter\Debug\Exceptions->errorHandler()
#1 /var/www/html/produksiku/system/CodeIgniter.php(802): App\Controllers\Admin->cari_item()
#2 /var/www/html/produksiku/system/CodeIgniter.php(399): CodeIgniter\CodeIgniter->runController()
#3 /var/www/html/produksiku/system/CodeIgniter.php(317): CodeIgniter\CodeIgniter->handleRequest()
#4 /var/www/html/produksiku/public/index.php(36): CodeIgniter\CodeIgniter->run()
#5 {main}
CRITICAL - 2022-08-06 03:02:38 --> Illegal string offset 'jenis_produk'
#0 /var/www/html/produksiku/app/Controllers/Admin.php(138): CodeIgniter\Debug\Exceptions->errorHandler()
#1 /var/www/html/produksiku/system/CodeIgniter.php(802): App\Controllers\Admin->cari_item()
#2 /var/www/html/produksiku/system/CodeIgniter.php(399): CodeIgniter\CodeIgniter->runController()
#3 /var/www/html/produksiku/system/CodeIgniter.php(317): CodeIgniter\CodeIgniter->handleRequest()
#4 /var/www/html/produksiku/public/index.php(36): CodeIgniter\CodeIgniter->run()
#5 {main}
CRITICAL - 2022-08-06 03:03:22 --> Invalid argument supplied for foreach()
#0 /var/www/html/produksiku/app/Controllers/Admin.php(136): CodeIgniter\Debug\Exceptions->errorHandler()
#1 /var/www/html/produksiku/system/CodeIgniter.php(802): App\Controllers\Admin->cari_item()
#2 /var/www/html/produksiku/system/CodeIgniter.php(399): CodeIgniter\CodeIgniter->runController()
#3 /var/www/html/produksiku/system/CodeIgniter.php(317): CodeIgniter\CodeIgniter->handleRequest()
#4 /var/www/html/produksiku/public/index.php(36): CodeIgniter\CodeIgniter->run()
#5 {main}
CRITICAL - 2022-08-06 03:03:23 --> Illegal string offset 'jenis_produk'
#0 /var/www/html/produksiku/app/Controllers/Admin.php(138): CodeIgniter\Debug\Exceptions->errorHandler()
#1 /var/www/html/produksiku/system/CodeIgniter.php(802): App\Controllers\Admin->cari_item()
#2 /var/www/html/produksiku/system/CodeIgniter.php(399): CodeIgniter\CodeIgniter->runController()
#3 /var/www/html/produksiku/system/CodeIgniter.php(317): CodeIgniter\CodeIgniter->handleRequest()
#4 /var/www/html/produksiku/public/index.php(36): CodeIgniter\CodeIgniter->run()
#5 {main}
CRITICAL - 2022-08-06 03:03:36 --> Illegal string offset 'jenis_produk'
#0 /var/www/html/produksiku/app/Controllers/Admin.php(138): CodeIgniter\Debug\Exceptions->errorHandler()
#1 /var/www/html/produksiku/system/CodeIgniter.php(802): App\Controllers\Admin->cari_item()
#2 /var/www/html/produksiku/system/CodeIgniter.php(399): CodeIgniter\CodeIgniter->runController()
#3 /var/www/html/produksiku/system/CodeIgniter.php(317): CodeIgniter\CodeIgniter->handleRequest()
#4 /var/www/html/produksiku/public/index.php(36): CodeIgniter\CodeIgniter->run()
#5 {main}
CRITICAL - 2022-08-06 03:06:02 --> Illegal string offset 'jenis_produk'
#0 /var/www/html/produksiku/app/Controllers/Admin.php(138): CodeIgniter\Debug\Exceptions->errorHandler()
#1 /var/www/html/produksiku/system/CodeIgniter.php(802): App\Controllers\Admin->cari_item()
#2 /var/www/html/produksiku/system/CodeIgniter.php(399): CodeIgniter\CodeIgniter->runController()
#3 /var/www/html/produksiku/system/CodeIgniter.php(317): CodeIgniter\CodeIgniter->handleRequest()
#4 /var/www/html/produksiku/public/index.php(36): CodeIgniter\CodeIgniter->run()
#5 {main}
CRITICAL - 2022-08-06 03:07:59 --> Illegal string offset 'jenis_produk'
#0 /var/www/html/produksiku/app/Controllers/Admin.php(138): CodeIgniter\Debug\Exceptions->errorHandler()
#1 /var/www/html/produksiku/system/CodeIgniter.php(802): App\Controllers\Admin->cari_item()
#2 /var/www/html/produksiku/system/CodeIgniter.php(399): CodeIgniter\CodeIgniter->runController()
#3 /var/www/html/produksiku/system/CodeIgniter.php(317): CodeIgniter\CodeIgniter->handleRequest()
#4 /var/www/html/produksiku/public/index.php(36): CodeIgniter\CodeIgniter->run()
#5 {main}
CRITICAL - 2022-08-06 03:10:15 --> Illegal string offset 'jenis_produk'
#0 /var/www/html/produksiku/app/Controllers/Admin.php(138): CodeIgniter\Debug\Exceptions->errorHandler()
#1 /var/www/html/produksiku/system/CodeIgniter.php(802): App\Controllers\Admin->cari_item()
#2 /var/www/html/produksiku/system/CodeIgniter.php(399): CodeIgniter\CodeIgniter->runController()
#3 /var/www/html/produksiku/system/CodeIgniter.php(317): CodeIgniter\CodeIgniter->handleRequest()
#4 /var/www/html/produksiku/public/index.php(36): CodeIgniter\CodeIgniter->run()
#5 {main}
CRITICAL - 2022-08-06 03:12:25 --> Illegal string offset 'jenis_produk'
#0 /var/www/html/produksiku/app/Controllers/Admin.php(138): CodeIgniter\Debug\Exceptions->errorHandler()
#1 /var/www/html/produksiku/system/CodeIgniter.php(802): App\Controllers\Admin->cari_item()
#2 /var/www/html/produksiku/system/CodeIgniter.php(399): CodeIgniter\CodeIgniter->runController()
#3 /var/www/html/produksiku/system/CodeIgniter.php(317): CodeIgniter\CodeIgniter->handleRequest()
#4 /var/www/html/produksiku/public/index.php(36): CodeIgniter\CodeIgniter->run()
#5 {main}
CRITICAL - 2022-08-06 03:13:26 --> Illegal string offset 'jenis_produk'
#0 /var/www/html/produksiku/app/Controllers/Admin.php(138): CodeIgniter\Debug\Exceptions->errorHandler()
#1 /var/www/html/produksiku/system/CodeIgniter.php(802): App\Controllers\Admin->cari_item()
#2 /var/www/html/produksiku/system/CodeIgniter.php(399): CodeIgniter\CodeIgniter->runController()
#3 /var/www/html/produksiku/system/CodeIgniter.php(317): CodeIgniter\CodeIgniter->handleRequest()
#4 /var/www/html/produksiku/public/index.php(36): CodeIgniter\CodeIgniter->run()
#5 {main}
CRITICAL - 2022-08-06 03:14:39 --> Illegal string offset 'jenis_produk'
#0 /var/www/html/produksiku/app/Controllers/Admin.php(138): CodeIgniter\Debug\Exceptions->errorHandler()
#1 /var/www/html/produksiku/system/CodeIgniter.php(802): App\Controllers\Admin->cari_item()
#2 /var/www/html/produksiku/system/CodeIgniter.php(399): CodeIgniter\CodeIgniter->runController()
#3 /var/www/html/produksiku/system/CodeIgniter.php(317): CodeIgniter\CodeIgniter->handleRequest()
#4 /var/www/html/produksiku/public/index.php(36): CodeIgniter\CodeIgniter->run()
#5 {main}
CRITICAL - 2022-08-06 03:18:13 --> Invalid argument supplied for foreach()
#0 /var/www/html/produksiku/app/Controllers/Admin.php(136): CodeIgniter\Debug\Exceptions->errorHandler()
#1 /var/www/html/produksiku/system/CodeIgniter.php(802): App\Controllers\Admin->cari_item()
#2 /var/www/html/produksiku/system/CodeIgniter.php(399): CodeIgniter\CodeIgniter->runController()
#3 /var/www/html/produksiku/system/CodeIgniter.php(317): CodeIgniter\CodeIgniter->handleRequest()
#4 /var/www/html/produksiku/public/index.php(36): CodeIgniter\CodeIgniter->run()
#5 {main}
CRITICAL - 2022-08-06 03:18:13 --> Invalid argument supplied for foreach()
#0 /var/www/html/produksiku/app/Controllers/Admin.php(136): CodeIgniter\Debug\Exceptions->errorHandler()
#1 /var/www/html/produksiku/system/CodeIgniter.php(802): App\Controllers\Admin->cari_item()
#2 /var/www/html/produksiku/system/CodeIgniter.php(399): CodeIgniter\CodeIgniter->runController()
#3 /var/www/html/produksiku/system/CodeIgniter.php(317): CodeIgniter\CodeIgniter->handleRequest()
#4 /var/www/html/produksiku/public/index.php(36): CodeIgniter\CodeIgniter->run()
#5 {main}
CRITICAL - 2022-08-06 03:18:14 --> Invalid argument supplied for foreach()
#0 /var/www/html/produksiku/app/Controllers/Admin.php(136): CodeIgniter\Debug\Exceptions->errorHandler()
#1 /var/www/html/produksiku/system/CodeIgniter.php(802): App\Controllers\Admin->cari_item()
#2 /var/www/html/produksiku/system/CodeIgniter.php(399): CodeIgniter\CodeIgniter->runController()
#3 /var/www/html/produksiku/system/CodeIgniter.php(317): CodeIgniter\CodeIgniter->handleRequest()
#4 /var/www/html/produksiku/public/index.php(36): CodeIgniter\CodeIgniter->run()
#5 {main}
CRITICAL - 2022-08-06 03:18:46 --> Invalid argument supplied for foreach()
#0 /var/www/html/produksiku/app/Controllers/Admin.php(136): CodeIgniter\Debug\Exceptions->errorHandler()
#1 /var/www/html/produksiku/system/CodeIgniter.php(802): App\Controllers\Admin->cari_item()
#2 /var/www/html/produksiku/system/CodeIgniter.php(399): CodeIgniter\CodeIgniter->runController()
#3 /var/www/html/produksiku/system/CodeIgniter.php(317): CodeIgniter\CodeIgniter->handleRequest()
#4 /var/www/html/produksiku/public/index.php(36): CodeIgniter\CodeIgniter->run()
#5 {main}
CRITICAL - 2022-08-06 03:18:47 --> Invalid argument supplied for foreach()
#0 /var/www/html/produksiku/app/Controllers/Admin.php(136): CodeIgniter\Debug\Exceptions->errorHandler()
#1 /var/www/html/produksiku/system/CodeIgniter.php(802): App\Controllers\Admin->cari_item()
#2 /var/www/html/produksiku/system/CodeIgniter.php(399): CodeIgniter\CodeIgniter->runController()
#3 /var/www/html/produksiku/system/CodeIgniter.php(317): CodeIgniter\CodeIgniter->handleRequest()
#4 /var/www/html/produksiku/public/index.php(36): CodeIgniter\CodeIgniter->run()
#5 {main}
CRITICAL - 2022-08-06 03:24:45 --> Invalid argument supplied for foreach()
#0 /var/www/html/produksiku/app/Controllers/Admin.php(136): CodeIgniter\Debug\Exceptions->errorHandler()
#1 /var/www/html/produksiku/system/CodeIgniter.php(802): App\Controllers\Admin->cari_item()
#2 /var/www/html/produksiku/system/CodeIgniter.php(399): CodeIgniter\CodeIgniter->runController()
#3 /var/www/html/produksiku/system/CodeIgniter.php(317): CodeIgniter\CodeIgniter->handleRequest()
#4 /var/www/html/produksiku/public/index.php(36): CodeIgniter\CodeIgniter->run()
#5 {main}
CRITICAL - 2022-08-06 03:24:45 --> Invalid argument supplied for foreach()
#0 /var/www/html/produksiku/app/Controllers/Admin.php(136): CodeIgniter\Debug\Exceptions->errorHandler()
#1 /var/www/html/produksiku/system/CodeIgniter.php(802): App\Controllers\Admin->cari_item()
#2 /var/www/html/produksiku/system/CodeIgniter.php(399): CodeIgniter\CodeIgniter->runController()
#3 /var/www/html/produksiku/system/CodeIgniter.php(317): CodeIgniter\CodeIgniter->handleRequest()
#4 /var/www/html/produksiku/public/index.php(36): CodeIgniter\CodeIgniter->run()
#5 {main}
CRITICAL - 2022-08-06 03:24:47 --> Invalid argument supplied for foreach()
#0 /var/www/html/produksiku/app/Controllers/Admin.php(136): CodeIgniter\Debug\Exceptions->errorHandler()
#1 /var/www/html/produksiku/system/CodeIgniter.php(802): App\Controllers\Admin->cari_item()
#2 /var/www/html/produksiku/system/CodeIgniter.php(399): CodeIgniter\CodeIgniter->runController()
#3 /var/www/html/produksiku/system/CodeIgniter.php(317): CodeIgniter\CodeIgniter->handleRequest()
#4 /var/www/html/produksiku/public/index.php(36): CodeIgniter\CodeIgniter->run()
#5 {main}
CRITICAL - 2022-08-06 03:24:47 --> Invalid argument supplied for foreach()
#0 /var/www/html/produksiku/app/Controllers/Admin.php(136): CodeIgniter\Debug\Exceptions->errorHandler()
#1 /var/www/html/produksiku/system/CodeIgniter.php(802): App\Controllers\Admin->cari_item()
#2 /var/www/html/produksiku/system/CodeIgniter.php(399): CodeIgniter\CodeIgniter->runController()
#3 /var/www/html/produksiku/system/CodeIgniter.php(317): CodeIgniter\CodeIgniter->handleRequest()
#4 /var/www/html/produksiku/public/index.php(36): CodeIgniter\CodeIgniter->run()
#5 {main}
CRITICAL - 2022-08-06 03:24:48 --> Invalid argument supplied for foreach()
#0 /var/www/html/produksiku/app/Controllers/Admin.php(136): CodeIgniter\Debug\Exceptions->errorHandler()
#1 /var/www/html/produksiku/system/CodeIgniter.php(802): App\Controllers\Admin->cari_item()
#2 /var/www/html/produksiku/system/CodeIgniter.php(399): CodeIgniter\CodeIgniter->runController()
#3 /var/www/html/produksiku/system/CodeIgniter.php(317): CodeIgniter\CodeIgniter->handleRequest()
#4 /var/www/html/produksiku/public/index.php(36): CodeIgniter\CodeIgniter->run()
#5 {main}
CRITICAL - 2022-08-06 03:24:48 --> Invalid argument supplied for foreach()
#0 /var/www/html/produksiku/app/Controllers/Admin.php(136): CodeIgniter\Debug\Exceptions->errorHandler()
#1 /var/www/html/produksiku/system/CodeIgniter.php(802): App\Controllers\Admin->cari_item()
#2 /var/www/html/produksiku/system/CodeIgniter.php(399): CodeIgniter\CodeIgniter->runController()
#3 /var/www/html/produksiku/system/CodeIgniter.php(317): CodeIgniter\CodeIgniter->handleRequest()
#4 /var/www/html/produksiku/public/index.php(36): CodeIgniter\CodeIgniter->run()
#5 {main}
CRITICAL - 2022-08-06 03:25:59 --> Invalid argument supplied for foreach()
#0 /var/www/html/produksiku/app/Controllers/Admin.php(136): CodeIgniter\Debug\Exceptions->errorHandler()
#1 /var/www/html/produksiku/system/CodeIgniter.php(802): App\Controllers\Admin->cari_item()
#2 /var/www/html/produksiku/system/CodeIgniter.php(399): CodeIgniter\CodeIgniter->runController()
#3 /var/www/html/produksiku/system/CodeIgniter.php(317): CodeIgniter\CodeIgniter->handleRequest()
#4 /var/www/html/produksiku/public/index.php(36): CodeIgniter\CodeIgniter->run()
#5 {main}
CRITICAL - 2022-08-06 03:25:59 --> Invalid argument supplied for foreach()
#0 /var/www/html/produksiku/app/Controllers/Admin.php(136): CodeIgniter\Debug\Exceptions->errorHandler()
#1 /var/www/html/produksiku/system/CodeIgniter.php(802): App\Controllers\Admin->cari_item()
#2 /var/www/html/produksiku/system/CodeIgniter.php(399): CodeIgniter\CodeIgniter->runController()
#3 /var/www/html/produksiku/system/CodeIgniter.php(317): CodeIgniter\CodeIgniter->handleRequest()
#4 /var/www/html/produksiku/public/index.php(36): CodeIgniter\CodeIgniter->run()
#5 {main}
CRITICAL - 2022-08-06 03:26:01 --> Invalid argument supplied for foreach()
#0 /var/www/html/produksiku/app/Controllers/Admin.php(136): CodeIgniter\Debug\Exceptions->errorHandler()
#1 /var/www/html/produksiku/system/CodeIgniter.php(802): App\Controllers\Admin->cari_item()
#2 /var/www/html/produksiku/system/CodeIgniter.php(399): CodeIgniter\CodeIgniter->runController()
#3 /var/www/html/produksiku/system/CodeIgniter.php(317): CodeIgniter\CodeIgniter->handleRequest()
#4 /var/www/html/produksiku/public/index.php(36): CodeIgniter\CodeIgniter->run()
#5 {main}
CRITICAL - 2022-08-06 03:26:24 --> Invalid argument supplied for foreach()
#0 /var/www/html/produksiku/app/Controllers/Admin.php(136): CodeIgniter\Debug\Exceptions->errorHandler()
#1 /var/www/html/produksiku/system/CodeIgniter.php(802): App\Controllers\Admin->cari_item()
#2 /var/www/html/produksiku/system/CodeIgniter.php(399): CodeIgniter\CodeIgniter->runController()
#3 /var/www/html/produksiku/system/CodeIgniter.php(317): CodeIgniter\CodeIgniter->handleRequest()
#4 /var/www/html/produksiku/public/index.php(36): CodeIgniter\CodeIgniter->run()
#5 {main}
CRITICAL - 2022-08-06 03:26:58 --> Invalid argument supplied for foreach()
#0 /var/www/html/produksiku/app/Controllers/Admin.php(136): CodeIgniter\Debug\Exceptions->errorHandler()
#1 /var/www/html/produksiku/system/CodeIgniter.php(802): App\Controllers\Admin->cari_item()
#2 /var/www/html/produksiku/system/CodeIgniter.php(399): CodeIgniter\CodeIgniter->runController()
#3 /var/www/html/produksiku/system/CodeIgniter.php(317): CodeIgniter\CodeIgniter->handleRequest()
#4 /var/www/html/produksiku/public/index.php(36): CodeIgniter\CodeIgniter->run()
#5 {main}
CRITICAL - 2022-08-06 03:26:59 --> Invalid argument supplied for foreach()
#0 /var/www/html/produksiku/app/Controllers/Admin.php(136): CodeIgniter\Debug\Exceptions->errorHandler()
#1 /var/www/html/produksiku/system/CodeIgniter.php(802): App\Controllers\Admin->cari_item()
#2 /var/www/html/produksiku/system/CodeIgniter.php(399): CodeIgniter\CodeIgniter->runController()
#3 /var/www/html/produksiku/system/CodeIgniter.php(317): CodeIgniter\CodeIgniter->handleRequest()
#4 /var/www/html/produksiku/public/index.php(36): CodeIgniter\CodeIgniter->run()
#5 {main}
CRITICAL - 2022-08-06 03:28:33 --> Invalid argument supplied for foreach()
#0 /var/www/html/produksiku/app/Controllers/Admin.php(136): CodeIgniter\Debug\Exceptions->errorHandler()
#1 /var/www/html/produksiku/system/CodeIgniter.php(802): App\Controllers\Admin->cari_item()
#2 /var/www/html/produksiku/system/CodeIgniter.php(399): CodeIgniter\CodeIgniter->runController()
#3 /var/www/html/produksiku/system/CodeIgniter.php(317): CodeIgniter\CodeIgniter->handleRequest()
#4 /var/www/html/produksiku/public/index.php(36): CodeIgniter\CodeIgniter->run()
#5 {main}
CRITICAL - 2022-08-06 03:28:33 --> Invalid argument supplied for foreach()
#0 /var/www/html/produksiku/app/Controllers/Admin.php(136): CodeIgniter\Debug\Exceptions->errorHandler()
#1 /var/www/html/produksiku/system/CodeIgniter.php(802): App\Controllers\Admin->cari_item()
#2 /var/www/html/produksiku/system/CodeIgniter.php(399): CodeIgniter\CodeIgniter->runController()
#3 /var/www/html/produksiku/system/CodeIgniter.php(317): CodeIgniter\CodeIgniter->handleRequest()
#4 /var/www/html/produksiku/public/index.php(36): CodeIgniter\CodeIgniter->run()
#5 {main}
CRITICAL - 2022-08-06 03:28:34 --> Invalid argument supplied for foreach()
#0 /var/www/html/produksiku/app/Controllers/Admin.php(136): CodeIgniter\Debug\Exceptions->errorHandler()
#1 /var/www/html/produksiku/system/CodeIgniter.php(802): App\Controllers\Admin->cari_item()
#2 /var/www/html/produksiku/system/CodeIgniter.php(399): CodeIgniter\CodeIgniter->runController()
#3 /var/www/html/produksiku/system/CodeIgniter.php(317): CodeIgniter\CodeIgniter->handleRequest()
#4 /var/www/html/produksiku/public/index.php(36): CodeIgniter\CodeIgniter->run()
#5 {main}
CRITICAL - 2022-08-06 03:34:12 --> Illegal string offset 'jenis_produk'
#0 /var/www/html/produksiku/app/Controllers/Admin.php(138): CodeIgniter\Debug\Exceptions->errorHandler()
#1 /var/www/html/produksiku/system/CodeIgniter.php(802): App\Controllers\Admin->cari_item()
#2 /var/www/html/produksiku/system/CodeIgniter.php(399): CodeIgniter\CodeIgniter->runController()
#3 /var/www/html/produksiku/system/CodeIgniter.php(317): CodeIgniter\CodeIgniter->handleRequest()
#4 /var/www/html/produksiku/public/index.php(36): CodeIgniter\CodeIgniter->run()
#5 {main}
CRITICAL - 2022-08-06 03:38:45 --> Invalid argument supplied for foreach()
#0 /var/www/html/produksiku/app/Controllers/Admin.php(136): CodeIgniter\Debug\Exceptions->errorHandler()
#1 /var/www/html/produksiku/system/CodeIgniter.php(802): App\Controllers\Admin->cari_item()
#2 /var/www/html/produksiku/system/CodeIgniter.php(399): CodeIgniter\CodeIgniter->runController()
#3 /var/www/html/produksiku/system/CodeIgniter.php(317): CodeIgniter\CodeIgniter->handleRequest()
#4 /var/www/html/produksiku/public/index.php(36): CodeIgniter\CodeIgniter->run()
#5 {main}
CRITICAL - 2022-08-06 03:38:46 --> Invalid argument supplied for foreach()
#0 /var/www/html/produksiku/app/Controllers/Admin.php(136): CodeIgniter\Debug\Exceptions->errorHandler()
#1 /var/www/html/produksiku/system/CodeIgniter.php(802): App\Controllers\Admin->cari_item()
#2 /var/www/html/produksiku/system/CodeIgniter.php(399): CodeIgniter\CodeIgniter->runController()
#3 /var/www/html/produksiku/system/CodeIgniter.php(317): CodeIgniter\CodeIgniter->handleRequest()
#4 /var/www/html/produksiku/public/index.php(36): CodeIgniter\CodeIgniter->run()
#5 {main}
CRITICAL - 2022-08-06 03:38:47 --> Invalid argument supplied for foreach()
#0 /var/www/html/produksiku/app/Controllers/Admin.php(136): CodeIgniter\Debug\Exceptions->errorHandler()
#1 /var/www/html/produksiku/system/CodeIgniter.php(802): App\Controllers\Admin->cari_item()
#2 /var/www/html/produksiku/system/CodeIgniter.php(399): CodeIgniter\CodeIgniter->runController()
#3 /var/www/html/produksiku/system/CodeIgniter.php(317): CodeIgniter\CodeIgniter->handleRequest()
#4 /var/www/html/produksiku/public/index.php(36): CodeIgniter\CodeIgniter->run()
#5 {main}
CRITICAL - 2022-08-06 03:38:48 --> Invalid argument supplied for foreach()
#0 /var/www/html/produksiku/app/Controllers/Admin.php(136): CodeIgniter\Debug\Exceptions->errorHandler()
#1 /var/www/html/produksiku/system/CodeIgniter.php(802): App\Controllers\Admin->cari_item()
#2 /var/www/html/produksiku/system/CodeIgniter.php(399): CodeIgniter\CodeIgniter->runController()
#3 /var/www/html/produksiku/system/CodeIgniter.php(317): CodeIgniter\CodeIgniter->handleRequest()
#4 /var/www/html/produksiku/public/index.php(36): CodeIgniter\CodeIgniter->run()
#5 {main}
CRITICAL - 2022-08-06 03:38:49 --> Invalid argument supplied for foreach()
#0 /var/www/html/produksiku/app/Controllers/Admin.php(136): CodeIgniter\Debug\Exceptions->errorHandler()
#1 /var/www/html/produksiku/system/CodeIgniter.php(802): App\Controllers\Admin->cari_item()
#2 /var/www/html/produksiku/system/CodeIgniter.php(399): CodeIgniter\CodeIgniter->runController()
#3 /var/www/html/produksiku/system/CodeIgniter.php(317): CodeIgniter\CodeIgniter->handleRequest()
#4 /var/www/html/produksiku/public/index.php(36): CodeIgniter\CodeIgniter->run()
#5 {main}
CRITICAL - 2022-08-06 03:41:59 --> Invalid argument supplied for foreach()
#0 /var/www/html/produksiku/app/Controllers/Admin.php(136): CodeIgniter\Debug\Exceptions->errorHandler()
#1 /var/www/html/produksiku/system/CodeIgniter.php(802): App\Controllers\Admin->cari_item()
#2 /var/www/html/produksiku/system/CodeIgniter.php(399): CodeIgniter\CodeIgniter->runController()
#3 /var/www/html/produksiku/system/CodeIgniter.php(317): CodeIgniter\CodeIgniter->handleRequest()
#4 /var/www/html/produksiku/public/index.php(36): CodeIgniter\CodeIgniter->run()
#5 {main}
CRITICAL - 2022-08-06 03:42:52 --> Invalid argument supplied for foreach()
#0 /var/www/html/produksiku/app/Controllers/Admin.php(136): CodeIgniter\Debug\Exceptions->errorHandler()
#1 /var/www/html/produksiku/system/CodeIgniter.php(802): App\Controllers\Admin->cari_item()
#2 /var/www/html/produksiku/system/CodeIgniter.php(399): CodeIgniter\CodeIgniter->runController()
#3 /var/www/html/produksiku/system/CodeIgniter.php(317): CodeIgniter\CodeIgniter->handleRequest()
#4 /var/www/html/produksiku/public/index.php(36): CodeIgniter\CodeIgniter->run()
#5 {main}
CRITICAL - 2022-08-06 03:42:55 --> Illegal string offset 'jenis_produk'
#0 /var/www/html/produksiku/app/Controllers/Admin.php(138): CodeIgniter\Debug\Exceptions->errorHandler()
#1 /var/www/html/produksiku/system/CodeIgniter.php(802): App\Controllers\Admin->cari_item()
#2 /var/www/html/produksiku/system/CodeIgniter.php(399): CodeIgniter\CodeIgniter->runController()
#3 /var/www/html/produksiku/system/CodeIgniter.php(317): CodeIgniter\CodeIgniter->handleRequest()
#4 /var/www/html/produksiku/public/index.php(36): CodeIgniter\CodeIgniter->run()
#5 {main}
CRITICAL - 2022-08-06 03:43:02 --> Invalid argument supplied for foreach()
#0 /var/www/html/produksiku/app/Controllers/Admin.php(136): CodeIgniter\Debug\Exceptions->errorHandler()
#1 /var/www/html/produksiku/system/CodeIgniter.php(802): App\Controllers\Admin->cari_item()
#2 /var/www/html/produksiku/system/CodeIgniter.php(399): CodeIgniter\CodeIgniter->runController()
#3 /var/www/html/produksiku/system/CodeIgniter.php(317): CodeIgniter\CodeIgniter->handleRequest()
#4 /var/www/html/produksiku/public/index.php(36): CodeIgniter\CodeIgniter->run()
#5 {main}
CRITICAL - 2022-08-06 03:43:06 --> Invalid argument supplied for foreach()
#0 /var/www/html/produksiku/app/Controllers/Admin.php(136): CodeIgniter\Debug\Exceptions->errorHandler()
#1 /var/www/html/produksiku/system/CodeIgniter.php(802): App\Controllers\Admin->cari_item()
#2 /var/www/html/produksiku/system/CodeIgniter.php(399): CodeIgniter\CodeIgniter->runController()
#3 /var/www/html/produksiku/system/CodeIgniter.php(317): CodeIgniter\CodeIgniter->handleRequest()
#4 /var/www/html/produksiku/public/index.php(36): CodeIgniter\CodeIgniter->run()
#5 {main}
CRITICAL - 2022-08-06 03:43:10 --> Invalid argument supplied for foreach()
#0 /var/www/html/produksiku/app/Controllers/Admin.php(136): CodeIgniter\Debug\Exceptions->errorHandler()
#1 /var/www/html/produksiku/system/CodeIgniter.php(802): App\Controllers\Admin->cari_item()
#2 /var/www/html/produksiku/system/CodeIgniter.php(399): CodeIgniter\CodeIgniter->runController()
#3 /var/www/html/produksiku/system/CodeIgniter.php(317): CodeIgniter\CodeIgniter->handleRequest()
#4 /var/www/html/produksiku/public/index.php(36): CodeIgniter\CodeIgniter->run()
#5 {main}
CRITICAL - 2022-08-06 03:45:46 --> Invalid argument supplied for foreach()
#0 /var/www/html/produksiku/app/Controllers/Admin.php(136): CodeIgniter\Debug\Exceptions->errorHandler()
#1 /var/www/html/produksiku/system/CodeIgniter.php(802): App\Controllers\Admin->cari_item()
#2 /var/www/html/produksiku/system/CodeIgniter.php(399): CodeIgniter\CodeIgniter->runController()
#3 /var/www/html/produksiku/system/CodeIgniter.php(317): CodeIgniter\CodeIgniter->handleRequest()
#4 /var/www/html/produksiku/public/index.php(36): CodeIgniter\CodeIgniter->run()
#5 {main}
CRITICAL - 2022-08-06 03:48:59 --> Undefined variable: w
#0 /var/www/html/produksiku/app/Controllers/Admin.php(145): CodeIgniter\Debug\Exceptions->errorHandler()
#1 /var/www/html/produksiku/system/CodeIgniter.php(802): App\Controllers\Admin->cari_item()
#2 /var/www/html/produksiku/system/CodeIgniter.php(399): CodeIgniter\CodeIgniter->runController()
#3 /var/www/html/produksiku/system/CodeIgniter.php(317): CodeIgniter\CodeIgniter->handleRequest()
#4 /var/www/html/produksiku/public/index.php(36): CodeIgniter\CodeIgniter->run()
#5 {main}
CRITICAL - 2022-08-06 03:48:59 --> Undefined variable: w
#0 /var/www/html/produksiku/app/Controllers/Admin.php(145): CodeIgniter\Debug\Exceptions->errorHandler()
#1 /var/www/html/produksiku/system/CodeIgniter.php(802): App\Controllers\Admin->cari_item()
#2 /var/www/html/produksiku/system/CodeIgniter.php(399): CodeIgniter\CodeIgniter->runController()
#3 /var/www/html/produksiku/system/CodeIgniter.php(317): CodeIgniter\CodeIgniter->handleRequest()
#4 /var/www/html/produksiku/public/index.php(36): CodeIgniter\CodeIgniter->run()
#5 {main}
CRITICAL - 2022-08-06 03:49:10 --> Undefined variable: w
#0 /var/www/html/produksiku/app/Controllers/Admin.php(145): CodeIgniter\Debug\Exceptions->errorHandler()
#1 /var/www/html/produksiku/system/CodeIgniter.php(802): App\Controllers\Admin->cari_item()
#2 /var/www/html/produksiku/system/CodeIgniter.php(399): CodeIgniter\CodeIgniter->runController()
#3 /var/www/html/produksiku/system/CodeIgniter.php(317): CodeIgniter\CodeIgniter->handleRequest()
#4 /var/www/html/produksiku/public/index.php(36): CodeIgniter\CodeIgniter->run()
#5 {main}
CRITICAL - 2022-08-06 03:49:20 --> Undefined variable: w
#0 /var/www/html/produksiku/app/Controllers/Admin.php(145): CodeIgniter\Debug\Exceptions->errorHandler()
#1 /var/www/html/produksiku/system/CodeIgniter.php(802): App\Controllers\Admin->cari_item()
#2 /var/www/html/produksiku/system/CodeIgniter.php(399): CodeIgniter\CodeIgniter->runController()
#3 /var/www/html/produksiku/system/CodeIgniter.php(317): CodeIgniter\CodeIgniter->handleRequest()
#4 /var/www/html/produksiku/public/index.php(36): CodeIgniter\CodeIgniter->run()
#5 {main}
CRITICAL - 2022-08-06 03:49:43 --> Undefined variable: w
#0 /var/www/html/produksiku/app/Controllers/Admin.php(145): CodeIgniter\Debug\Exceptions->errorHandler()
#1 /var/www/html/produksiku/system/CodeIgniter.php(802): App\Controllers\Admin->cari_item()
#2 /var/www/html/produksiku/system/CodeIgniter.php(399): CodeIgniter\CodeIgniter->runController()
#3 /var/www/html/produksiku/system/CodeIgniter.php(317): CodeIgniter\CodeIgniter->handleRequest()
#4 /var/www/html/produksiku/public/index.php(36): CodeIgniter\CodeIgniter->run()
#5 {main}
CRITICAL - 2022-08-06 03:49:44 --> Undefined variable: w
#0 /var/www/html/produksiku/app/Controllers/Admin.php(145): CodeIgniter\Debug\Exceptions->errorHandler()
#1 /var/www/html/produksiku/system/CodeIgniter.php(802): App\Controllers\Admin->cari_item()
#2 /var/www/html/produksiku/system/CodeIgniter.php(399): CodeIgniter\CodeIgniter->runController()
#3 /var/www/html/produksiku/system/CodeIgniter.php(317): CodeIgniter\CodeIgniter->handleRequest()
#4 /var/www/html/produksiku/public/index.php(36): CodeIgniter\CodeIgniter->run()
#5 {main}
CRITICAL - 2022-08-06 03:50:00 --> Undefined variable: w
#0 /var/www/html/produksiku/app/Controllers/Admin.php(145): CodeIgniter\Debug\Exceptions->errorHandler()
#1 /var/www/html/produksiku/system/CodeIgniter.php(802): App\Controllers\Admin->cari_item()
#2 /var/www/html/produksiku/system/CodeIgniter.php(399): CodeIgniter\CodeIgniter->runController()
#3 /var/www/html/produksiku/system/CodeIgniter.php(317): CodeIgniter\CodeIgniter->handleRequest()
#4 /var/www/html/produksiku/public/index.php(36): CodeIgniter\CodeIgniter->run()
#5 {main}
CRITICAL - 2022-08-06 03:50:00 --> Undefined variable: w
#0 /var/www/html/produksiku/app/Controllers/Admin.php(145): CodeIgniter\Debug\Exceptions->errorHandler()
#1 /var/www/html/produksiku/system/CodeIgniter.php(802): App\Controllers\Admin->cari_item()
#2 /var/www/html/produksiku/system/CodeIgniter.php(399): CodeIgniter\CodeIgniter->runController()
#3 /var/www/html/produksiku/system/CodeIgniter.php(317): CodeIgniter\CodeIgniter->handleRequest()
#4 /var/www/html/produksiku/public/index.php(36): CodeIgniter\CodeIgniter->run()
#5 {main}
CRITICAL - 2022-08-06 03:50:00 --> Undefined variable: w
#0 /var/www/html/produksiku/app/Controllers/Admin.php(145): CodeIgniter\Debug\Exceptions->errorHandler()
#1 /var/www/html/produksiku/system/CodeIgniter.php(802): App\Controllers\Admin->cari_item()
#2 /var/www/html/produksiku/system/CodeIgniter.php(399): CodeIgniter\CodeIgniter->runController()
#3 /var/www/html/produksiku/system/CodeIgniter.php(317): CodeIgniter\CodeIgniter->handleRequest()
#4 /var/www/html/produksiku/public/index.php(36): CodeIgniter\CodeIgniter->run()
#5 {main}
CRITICAL - 2022-08-06 03:50:00 --> Undefined variable: w
#0 /var/www/html/produksiku/app/Controllers/Admin.php(145): CodeIgniter\Debug\Exceptions->errorHandler()
#1 /var/www/html/produksiku/system/CodeIgniter.php(802): App\Controllers\Admin->cari_item()
#2 /var/www/html/produksiku/system/CodeIgniter.php(399): CodeIgniter\CodeIgniter->runController()
#3 /var/www/html/produksiku/system/CodeIgniter.php(317): CodeIgniter\CodeIgniter->handleRequest()
#4 /var/www/html/produksiku/public/index.php(36): CodeIgniter\CodeIgniter->run()
#5 {main}
CRITICAL - 2022-08-06 03:50:07 --> Undefined variable: w
#0 /var/www/html/produksiku/app/Controllers/Admin.php(145): CodeIgniter\Debug\Exceptions->errorHandler()
#1 /var/www/html/produksiku/system/CodeIgniter.php(802): App\Controllers\Admin->cari_item()
#2 /var/www/html/produksiku/system/CodeIgniter.php(399): CodeIgniter\CodeIgniter->runController()
#3 /var/www/html/produksiku/system/CodeIgniter.php(317): CodeIgniter\CodeIgniter->handleRequest()
#4 /var/www/html/produksiku/public/index.php(36): CodeIgniter\CodeIgniter->run()
#5 {main}
CRITICAL - 2022-08-06 03:50:07 --> Undefined variable: w
#0 /var/www/html/produksiku/app/Controllers/Admin.php(145): CodeIgniter\Debug\Exceptions->errorHandler()
#1 /var/www/html/produksiku/system/CodeIgniter.php(802): App\Controllers\Admin->cari_item()
#2 /var/www/html/produksiku/system/CodeIgniter.php(399): CodeIgniter\CodeIgniter->runController()
#3 /var/www/html/produksiku/system/CodeIgniter.php(317): CodeIgniter\CodeIgniter->handleRequest()
#4 /var/www/html/produksiku/public/index.php(36): CodeIgniter\CodeIgniter->run()
#5 {main}
CRITICAL - 2022-08-06 03:50:14 --> Undefined variable: w
#0 /var/www/html/produksiku/app/Controllers/Admin.php(145): CodeIgniter\Debug\Exceptions->errorHandler()
#1 /var/www/html/produksiku/system/CodeIgniter.php(802): App\Controllers\Admin->cari_item()
#2 /var/www/html/produksiku/system/CodeIgniter.php(399): CodeIgniter\CodeIgniter->runController()
#3 /var/www/html/produksiku/system/CodeIgniter.php(317): CodeIgniter\CodeIgniter->handleRequest()
#4 /var/www/html/produksiku/public/index.php(36): CodeIgniter\CodeIgniter->run()
#5 {main}
CRITICAL - 2022-08-06 03:50:16 --> Undefined variable: w
#0 /var/www/html/produksiku/app/Controllers/Admin.php(145): CodeIgniter\Debug\Exceptions->errorHandler()
#1 /var/www/html/produksiku/system/CodeIgniter.php(802): App\Controllers\Admin->cari_item()
#2 /var/www/html/produksiku/system/CodeIgniter.php(399): CodeIgniter\CodeIgniter->runController()
#3 /var/www/html/produksiku/system/CodeIgniter.php(317): CodeIgniter\CodeIgniter->handleRequest()
#4 /var/www/html/produksiku/public/index.php(36): CodeIgniter\CodeIgniter->run()
#5 {main}
CRITICAL - 2022-08-06 03:50:16 --> Undefined variable: w
#0 /var/www/html/produksiku/app/Controllers/Admin.php(145): CodeIgniter\Debug\Exceptions->errorHandler()
#1 /var/www/html/produksiku/system/CodeIgniter.php(802): App\Controllers\Admin->cari_item()
#2 /var/www/html/produksiku/system/CodeIgniter.php(399): CodeIgniter\CodeIgniter->runController()
#3 /var/www/html/produksiku/system/CodeIgniter.php(317): CodeIgniter\CodeIgniter->handleRequest()
#4 /var/www/html/produksiku/public/index.php(36): CodeIgniter\CodeIgniter->run()
#5 {main}
CRITICAL - 2022-08-06 03:50:16 --> Undefined variable: w
#0 /var/www/html/produksiku/app/Controllers/Admin.php(145): CodeIgniter\Debug\Exceptions->errorHandler()
#1 /var/www/html/produksiku/system/CodeIgniter.php(802): App\Controllers\Admin->cari_item()
#2 /var/www/html/produksiku/system/CodeIgniter.php(399): CodeIgniter\CodeIgniter->runController()
#3 /var/www/html/produksiku/system/CodeIgniter.php(317): CodeIgniter\CodeIgniter->handleRequest()
#4 /var/www/html/produksiku/public/index.php(36): CodeIgniter\CodeIgniter->run()
#5 {main}
CRITICAL - 2022-08-06 03:50:16 --> Undefined variable: w
#0 /var/www/html/produksiku/app/Controllers/Admin.php(145): CodeIgniter\Debug\Exceptions->errorHandler()
#1 /var/www/html/produksiku/system/CodeIgniter.php(802): App\Controllers\Admin->cari_item()
#2 /var/www/html/produksiku/system/CodeIgniter.php(399): CodeIgniter\CodeIgniter->runController()
#3 /var/www/html/produksiku/system/CodeIgniter.php(317): CodeIgniter\CodeIgniter->handleRequest()
#4 /var/www/html/produksiku/public/index.php(36): CodeIgniter\CodeIgniter->run()
#5 {main}
CRITICAL - 2022-08-06 03:50:16 --> Undefined variable: w
#0 /var/www/html/produksiku/app/Controllers/Admin.php(145): CodeIgniter\Debug\Exceptions->errorHandler()
#1 /var/www/html/produksiku/system/CodeIgniter.php(802): App\Controllers\Admin->cari_item()
#2 /var/www/html/produksiku/system/CodeIgniter.php(399): CodeIgniter\CodeIgniter->runController()
#3 /var/www/html/produksiku/system/CodeIgniter.php(317): CodeIgniter\CodeIgniter->handleRequest()
#4 /var/www/html/produksiku/public/index.php(36): CodeIgniter\CodeIgniter->run()
#5 {main}
CRITICAL - 2022-08-06 03:50:16 --> Undefined variable: w
#0 /var/www/html/produksiku/app/Controllers/Admin.php(145): CodeIgniter\Debug\Exceptions->errorHandler()
#1 /var/www/html/produksiku/system/CodeIgniter.php(802): App\Controllers\Admin->cari_item()
#2 /var/www/html/produksiku/system/CodeIgniter.php(399): CodeIgniter\CodeIgniter->runController()
#3 /var/www/html/produksiku/system/CodeIgniter.php(317): CodeIgniter\CodeIgniter->handleRequest()
#4 /var/www/html/produksiku/public/index.php(36): CodeIgniter\CodeIgniter->run()
#5 {main}
CRITICAL - 2022-08-06 03:50:17 --> Undefined variable: w
#0 /var/www/html/produksiku/app/Controllers/Admin.php(145): CodeIgniter\Debug\Exceptions->errorHandler()
#1 /var/www/html/produksiku/system/CodeIgniter.php(802): App\Controllers\Admin->cari_item()
#2 /var/www/html/produksiku/system/CodeIgniter.php(399): CodeIgniter\CodeIgniter->runController()
#3 /var/www/html/produksiku/system/CodeIgniter.php(317): CodeIgniter\CodeIgniter->handleRequest()
#4 /var/www/html/produksiku/public/index.php(36): CodeIgniter\CodeIgniter->run()
#5 {main}
CRITICAL - 2022-08-06 03:50:18 --> Undefined variable: w
#0 /var/www/html/produksiku/app/Controllers/Admin.php(145): CodeIgniter\Debug\Exceptions->errorHandler()
#1 /var/www/html/produksiku/system/CodeIgniter.php(802): App\Controllers\Admin->cari_item()
#2 /var/www/html/produksiku/system/CodeIgniter.php(399): CodeIgniter\CodeIgniter->runController()
#3 /var/www/html/produksiku/system/CodeIgniter.php(317): CodeIgniter\CodeIgniter->handleRequest()
#4 /var/www/html/produksiku/public/index.php(36): CodeIgniter\CodeIgniter->run()
#5 {main}
CRITICAL - 2022-08-06 03:50:18 --> Undefined variable: w
#0 /var/www/html/produksiku/app/Controllers/Admin.php(145): CodeIgniter\Debug\Exceptions->errorHandler()
#1 /var/www/html/produksiku/system/CodeIgniter.php(802): App\Controllers\Admin->cari_item()
#2 /var/www/html/produksiku/system/CodeIgniter.php(399): CodeIgniter\CodeIgniter->runController()
#3 /var/www/html/produksiku/system/CodeIgniter.php(317): CodeIgniter\CodeIgniter->handleRequest()
#4 /var/www/html/produksiku/public/index.php(36): CodeIgniter\CodeIgniter->run()
#5 {main}
CRITICAL - 2022-08-06 03:50:18 --> Undefined variable: w
#0 /var/www/html/produksiku/app/Controllers/Admin.php(145): CodeIgniter\Debug\Exceptions->errorHandler()
#1 /var/www/html/produksiku/system/CodeIgniter.php(802): App\Controllers\Admin->cari_item()
#2 /var/www/html/produksiku/system/CodeIgniter.php(399): CodeIgniter\CodeIgniter->runController()
#3 /var/www/html/produksiku/system/CodeIgniter.php(317): CodeIgniter\CodeIgniter->handleRequest()
#4 /var/www/html/produksiku/public/index.php(36): CodeIgniter\CodeIgniter->run()
#5 {main}
CRITICAL - 2022-08-06 03:50:27 --> Undefined variable: w
#0 /var/www/html/produksiku/app/Controllers/Admin.php(145): CodeIgniter\Debug\Exceptions->errorHandler()
#1 /var/www/html/produksiku/system/CodeIgniter.php(802): App\Controllers\Admin->cari_item()
#2 /var/www/html/produksiku/system/CodeIgniter.php(399): CodeIgniter\CodeIgniter->runController()
#3 /var/www/html/produksiku/system/CodeIgniter.php(317): CodeIgniter\CodeIgniter->handleRequest()
#4 /var/www/html/produksiku/public/index.php(36): CodeIgniter\CodeIgniter->run()
#5 {main}
CRITICAL - 2022-08-06 03:50:27 --> Undefined variable: w
#0 /var/www/html/produksiku/app/Controllers/Admin.php(145): CodeIgniter\Debug\Exceptions->errorHandler()
#1 /var/www/html/produksiku/system/CodeIgniter.php(802): App\Controllers\Admin->cari_item()
#2 /var/www/html/produksiku/system/CodeIgniter.php(399): CodeIgniter\CodeIgniter->runController()
#3 /var/www/html/produksiku/system/CodeIgniter.php(317): CodeIgniter\CodeIgniter->handleRequest()
#4 /var/www/html/produksiku/public/index.php(36): CodeIgniter\CodeIgniter->run()
#5 {main}
CRITICAL - 2022-08-06 03:50:27 --> Undefined variable: w
#0 /var/www/html/produksiku/app/Controllers/Admin.php(145): CodeIgniter\Debug\Exceptions->errorHandler()
#1 /var/www/html/produksiku/system/CodeIgniter.php(802): App\Controllers\Admin->cari_item()
#2 /var/www/html/produksiku/system/CodeIgniter.php(399): CodeIgniter\CodeIgniter->runController()
#3 /var/www/html/produksiku/system/CodeIgniter.php(317): CodeIgniter\CodeIgniter->handleRequest()
#4 /var/www/html/produksiku/public/index.php(36): CodeIgniter\CodeIgniter->run()
#5 {main}
CRITICAL - 2022-08-06 03:50:28 --> Undefined variable: w
#0 /var/www/html/produksiku/app/Controllers/Admin.php(145): CodeIgniter\Debug\Exceptions->errorHandler()
#1 /var/www/html/produksiku/system/CodeIgniter.php(802): App\Controllers\Admin->cari_item()
#2 /var/www/html/produksiku/system/CodeIgniter.php(399): CodeIgniter\CodeIgniter->runController()
#3 /var/www/html/produksiku/system/CodeIgniter.php(317): CodeIgniter\CodeIgniter->handleRequest()
#4 /var/www/html/produksiku/public/index.php(36): CodeIgniter\CodeIgniter->run()
#5 {main}
CRITICAL - 2022-08-06 03:50:32 --> Undefined variable: w
#0 /var/www/html/produksiku/app/Controllers/Admin.php(145): CodeIgniter\Debug\Exceptions->errorHandler()
#1 /var/www/html/produksiku/system/CodeIgniter.php(802): App\Controllers\Admin->cari_item()
#2 /var/www/html/produksiku/system/CodeIgniter.php(399): CodeIgniter\CodeIgniter->runController()
#3 /var/www/html/produksiku/system/CodeIgniter.php(317): CodeIgniter\CodeIgniter->handleRequest()
#4 /var/www/html/produksiku/public/index.php(36): CodeIgniter\CodeIgniter->run()
#5 {main}
CRITICAL - 2022-08-06 03:51:51 --> Undefined variable: w
#0 /var/www/html/produksiku/app/Controllers/Admin.php(145): CodeIgniter\Debug\Exceptions->errorHandler()
#1 /var/www/html/produksiku/system/CodeIgniter.php(802): App\Controllers\Admin->cari_item()
#2 /var/www/html/produksiku/system/CodeIgniter.php(399): CodeIgniter\CodeIgniter->runController()
#3 /var/www/html/produksiku/system/CodeIgniter.php(317): CodeIgniter\CodeIgniter->handleRequest()
#4 /var/www/html/produksiku/public/index.php(36): CodeIgniter\CodeIgniter->run()
#5 {main}
CRITICAL - 2022-08-06 03:51:51 --> Undefined variable: w
#0 /var/www/html/produksiku/app/Controllers/Admin.php(145): CodeIgniter\Debug\Exceptions->errorHandler()
#1 /var/www/html/produksiku/system/CodeIgniter.php(802): App\Controllers\Admin->cari_item()
#2 /var/www/html/produksiku/system/CodeIgniter.php(399): CodeIgniter\CodeIgniter->runController()
#3 /var/www/html/produksiku/system/CodeIgniter.php(317): CodeIgniter\CodeIgniter->handleRequest()
#4 /var/www/html/produksiku/public/index.php(36): CodeIgniter\CodeIgniter->run()
#5 {main}
CRITICAL - 2022-08-06 03:51:51 --> Undefined variable: w
#0 /var/www/html/produksiku/app/Controllers/Admin.php(145): CodeIgniter\Debug\Exceptions->errorHandler()
#1 /var/www/html/produksiku/system/CodeIgniter.php(802): App\Controllers\Admin->cari_item()
#2 /var/www/html/produksiku/system/CodeIgniter.php(399): CodeIgniter\CodeIgniter->runController()
#3 /var/www/html/produksiku/system/CodeIgniter.php(317): CodeIgniter\CodeIgniter->handleRequest()
#4 /var/www/html/produksiku/public/index.php(36): CodeIgniter\CodeIgniter->run()
#5 {main}
CRITICAL - 2022-08-06 03:51:52 --> Undefined variable: w
#0 /var/www/html/produksiku/app/Controllers/Admin.php(145): CodeIgniter\Debug\Exceptions->errorHandler()
#1 /var/www/html/produksiku/system/CodeIgniter.php(802): App\Controllers\Admin->cari_item()
#2 /var/www/html/produksiku/system/CodeIgniter.php(399): CodeIgniter\CodeIgniter->runController()
#3 /var/www/html/produksiku/system/CodeIgniter.php(317): CodeIgniter\CodeIgniter->handleRequest()
#4 /var/www/html/produksiku/public/index.php(36): CodeIgniter\CodeIgniter->run()
#5 {main}
CRITICAL - 2022-08-06 03:51:52 --> Undefined variable: w
#0 /var/www/html/produksiku/app/Controllers/Admin.php(145): CodeIgniter\Debug\Exceptions->errorHandler()
#1 /var/www/html/produksiku/system/CodeIgniter.php(802): App\Controllers\Admin->cari_item()
#2 /var/www/html/produksiku/system/CodeIgniter.php(399): CodeIgniter\CodeIgniter->runController()
#3 /var/www/html/produksiku/system/CodeIgniter.php(317): CodeIgniter\CodeIgniter->handleRequest()
#4 /var/www/html/produksiku/public/index.php(36): CodeIgniter\CodeIgniter->run()
#5 {main}
CRITICAL - 2022-08-06 03:51:52 --> Undefined variable: w
#0 /var/www/html/produksiku/app/Controllers/Admin.php(145): CodeIgniter\Debug\Exceptions->errorHandler()
#1 /var/www/html/produksiku/system/CodeIgniter.php(802): App\Controllers\Admin->cari_item()
#2 /var/www/html/produksiku/system/CodeIgniter.php(399): CodeIgniter\CodeIgniter->runController()
#3 /var/www/html/produksiku/system/CodeIgniter.php(317): CodeIgniter\CodeIgniter->handleRequest()
#4 /var/www/html/produksiku/public/index.php(36): CodeIgniter\CodeIgniter->run()
#5 {main}
CRITICAL - 2022-08-06 03:51:53 --> Undefined variable: w
#0 /var/www/html/produksiku/app/Controllers/Admin.php(145): CodeIgniter\Debug\Exceptions->errorHandler()
#1 /var/www/html/produksiku/system/CodeIgniter.php(802): App\Controllers\Admin->cari_item()
#2 /var/www/html/produksiku/system/CodeIgniter.php(399): CodeIgniter\CodeIgniter->runController()
#3 /var/www/html/produksiku/system/CodeIgniter.php(317): CodeIgniter\CodeIgniter->handleRequest()
#4 /var/www/html/produksiku/public/index.php(36): CodeIgniter\CodeIgniter->run()
#5 {main}
CRITICAL - 2022-08-06 03:51:57 --> Undefined variable: w
#0 /var/www/html/produksiku/app/Controllers/Admin.php(145): CodeIgniter\Debug\Exceptions->errorHandler()
#1 /var/www/html/produksiku/system/CodeIgniter.php(802): App\Controllers\Admin->cari_item()
#2 /var/www/html/produksiku/system/CodeIgniter.php(399): CodeIgniter\CodeIgniter->runController()
#3 /var/www/html/produksiku/system/CodeIgniter.php(317): CodeIgniter\CodeIgniter->handleRequest()
#4 /var/www/html/produksiku/public/index.php(36): CodeIgniter\CodeIgniter->run()
#5 {main}
CRITICAL - 2022-08-06 03:51:57 --> Undefined variable: w
#0 /var/www/html/produksiku/app/Controllers/Admin.php(145): CodeIgniter\Debug\Exceptions->errorHandler()
#1 /var/www/html/produksiku/system/CodeIgniter.php(802): App\Controllers\Admin->cari_item()
#2 /var/www/html/produksiku/system/CodeIgniter.php(399): CodeIgniter\CodeIgniter->runController()
#3 /var/www/html/produksiku/system/CodeIgniter.php(317): CodeIgniter\CodeIgniter->handleRequest()
#4 /var/www/html/produksiku/public/index.php(36): CodeIgniter\CodeIgniter->run()
#5 {main}
CRITICAL - 2022-08-06 03:51:57 --> Undefined variable: w
#0 /var/www/html/produksiku/app/Controllers/Admin.php(145): CodeIgniter\Debug\Exceptions->errorHandler()
#1 /var/www/html/produksiku/system/CodeIgniter.php(802): App\Controllers\Admin->cari_item()
#2 /var/www/html/produksiku/system/CodeIgniter.php(399): CodeIgniter\CodeIgniter->runController()
#3 /var/www/html/produksiku/system/CodeIgniter.php(317): CodeIgniter\CodeIgniter->handleRequest()
#4 /var/www/html/produksiku/public/index.php(36): CodeIgniter\CodeIgniter->run()
#5 {main}
CRITICAL - 2022-08-06 03:51:58 --> Undefined variable: w
#0 /var/www/html/produksiku/app/Controllers/Admin.php(145): CodeIgniter\Debug\Exceptions->errorHandler()
#1 /var/www/html/produksiku/system/CodeIgniter.php(802): App\Controllers\Admin->cari_item()
#2 /var/www/html/produksiku/system/CodeIgniter.php(399): CodeIgniter\CodeIgniter->runController()
#3 /var/www/html/produksiku/system/CodeIgniter.php(317): CodeIgniter\CodeIgniter->handleRequest()
#4 /var/www/html/produksiku/public/index.php(36): CodeIgniter\CodeIgniter->run()
#5 {main}
CRITICAL - 2022-08-06 03:51:59 --> Undefined variable: w
#0 /var/www/html/produksiku/app/Controllers/Admin.php(145): CodeIgniter\Debug\Exceptions->errorHandler()
#1 /var/www/html/produksiku/system/CodeIgniter.php(802): App\Controllers\Admin->cari_item()
#2 /var/www/html/produksiku/system/CodeIgniter.php(399): CodeIgniter\CodeIgniter->runController()
#3 /var/www/html/produksiku/system/CodeIgniter.php(317): CodeIgniter\CodeIgniter->handleRequest()
#4 /var/www/html/produksiku/public/index.php(36): CodeIgniter\CodeIgniter->run()
#5 {main}
CRITICAL - 2022-08-06 03:51:59 --> Undefined variable: w
#0 /var/www/html/produksiku/app/Controllers/Admin.php(145): CodeIgniter\Debug\Exceptions->errorHandler()
#1 /var/www/html/produksiku/system/CodeIgniter.php(802): App\Controllers\Admin->cari_item()
#2 /var/www/html/produksiku/system/CodeIgniter.php(399): CodeIgniter\CodeIgniter->runController()
#3 /var/www/html/produksiku/system/CodeIgniter.php(317): CodeIgniter\CodeIgniter->handleRequest()
#4 /var/www/html/produksiku/public/index.php(36): CodeIgniter\CodeIgniter->run()
#5 {main}
CRITICAL - 2022-08-06 03:52:01 --> Undefined variable: w
#0 /var/www/html/produksiku/app/Controllers/Admin.php(145): CodeIgniter\Debug\Exceptions->errorHandler()
#1 /var/www/html/produksiku/system/CodeIgniter.php(802): App\Controllers\Admin->cari_item()
#2 /var/www/html/produksiku/system/CodeIgniter.php(399): CodeIgniter\CodeIgniter->runController()
#3 /var/www/html/produksiku/system/CodeIgniter.php(317): CodeIgniter\CodeIgniter->handleRequest()
#4 /var/www/html/produksiku/public/index.php(36): CodeIgniter\CodeIgniter->run()
#5 {main}
CRITICAL - 2022-08-06 03:52:02 --> Undefined variable: w
#0 /var/www/html/produksiku/app/Controllers/Admin.php(145): CodeIgniter\Debug\Exceptions->errorHandler()
#1 /var/www/html/produksiku/system/CodeIgniter.php(802): App\Controllers\Admin->cari_item()
#2 /var/www/html/produksiku/system/CodeIgniter.php(399): CodeIgniter\CodeIgniter->runController()
#3 /var/www/html/produksiku/system/CodeIgniter.php(317): CodeIgniter\CodeIgniter->handleRequest()
#4 /var/www/html/produksiku/public/index.php(36): CodeIgniter\CodeIgniter->run()
#5 {main}
CRITICAL - 2022-08-06 03:52:02 --> Undefined variable: w
#0 /var/www/html/produksiku/app/Controllers/Admin.php(145): CodeIgniter\Debug\Exceptions->errorHandler()
#1 /var/www/html/produksiku/system/CodeIgniter.php(802): App\Controllers\Admin->cari_item()
#2 /var/www/html/produksiku/system/CodeIgniter.php(399): CodeIgniter\CodeIgniter->runController()
#3 /var/www/html/produksiku/system/CodeIgniter.php(317): CodeIgniter\CodeIgniter->handleRequest()
#4 /var/www/html/produksiku/public/index.php(36): CodeIgniter\CodeIgniter->run()
#5 {main}
CRITICAL - 2022-08-06 03:52:03 --> Undefined variable: w
#0 /var/www/html/produksiku/app/Controllers/Admin.php(145): CodeIgniter\Debug\Exceptions->errorHandler()
#1 /var/www/html/produksiku/system/CodeIgniter.php(802): App\Controllers\Admin->cari_item()
#2 /var/www/html/produksiku/system/CodeIgniter.php(399): CodeIgniter\CodeIgniter->runController()
#3 /var/www/html/produksiku/system/CodeIgniter.php(317): CodeIgniter\CodeIgniter->handleRequest()
#4 /var/www/html/produksiku/public/index.php(36): CodeIgniter\CodeIgniter->run()
#5 {main}
CRITICAL - 2022-08-06 03:52:03 --> Undefined variable: w
#0 /var/www/html/produksiku/app/Controllers/Admin.php(145): CodeIgniter\Debug\Exceptions->errorHandler()
#1 /var/www/html/produksiku/system/CodeIgniter.php(802): App\Controllers\Admin->cari_item()
#2 /var/www/html/produksiku/system/CodeIgniter.php(399): CodeIgniter\CodeIgniter->runController()
#3 /var/www/html/produksiku/system/CodeIgniter.php(317): CodeIgniter\CodeIgniter->handleRequest()
#4 /var/www/html/produksiku/public/index.php(36): CodeIgniter\CodeIgniter->run()
#5 {main}
CRITICAL - 2022-08-06 03:52:04 --> Undefined variable: w
#0 /var/www/html/produksiku/app/Controllers/Admin.php(145): CodeIgniter\Debug\Exceptions->errorHandler()
#1 /var/www/html/produksiku/system/CodeIgniter.php(802): App\Controllers\Admin->cari_item()
#2 /var/www/html/produksiku/system/CodeIgniter.php(399): CodeIgniter\CodeIgniter->runController()
#3 /var/www/html/produksiku/system/CodeIgniter.php(317): CodeIgniter\CodeIgniter->handleRequest()
#4 /var/www/html/produksiku/public/index.php(36): CodeIgniter\CodeIgniter->run()
#5 {main}
CRITICAL - 2022-08-06 03:52:47 --> Undefined variable: w
#0 /var/www/html/produksiku/app/Controllers/Admin.php(145): CodeIgniter\Debug\Exceptions->errorHandler()
#1 /var/www/html/produksiku/system/CodeIgniter.php(802): App\Controllers\Admin->cari_item()
#2 /var/www/html/produksiku/system/CodeIgniter.php(399): CodeIgniter\CodeIgniter->runController()
#3 /var/www/html/produksiku/system/CodeIgniter.php(317): CodeIgniter\CodeIgniter->handleRequest()
#4 /var/www/html/produksiku/public/index.php(36): CodeIgniter\CodeIgniter->run()
#5 {main}
CRITICAL - 2022-08-06 03:52:47 --> Undefined variable: w
#0 /var/www/html/produksiku/app/Controllers/Admin.php(145): CodeIgniter\Debug\Exceptions->errorHandler()
#1 /var/www/html/produksiku/system/CodeIgniter.php(802): App\Controllers\Admin->cari_item()
#2 /var/www/html/produksiku/system/CodeIgniter.php(399): CodeIgniter\CodeIgniter->runController()
#3 /var/www/html/produksiku/system/CodeIgniter.php(317): CodeIgniter\CodeIgniter->handleRequest()
#4 /var/www/html/produksiku/public/index.php(36): CodeIgniter\CodeIgniter->run()
#5 {main}
CRITICAL - 2022-08-06 03:52:49 --> Undefined variable: w
#0 /var/www/html/produksiku/app/Controllers/Admin.php(145): CodeIgniter\Debug\Exceptions->errorHandler()
#1 /var/www/html/produksiku/system/CodeIgniter.php(802): App\Controllers\Admin->cari_item()
#2 /var/www/html/produksiku/system/CodeIgniter.php(399): CodeIgniter\CodeIgniter->runController()
#3 /var/www/html/produksiku/system/CodeIgniter.php(317): CodeIgniter\CodeIgniter->handleRequest()
#4 /var/www/html/produksiku/public/index.php(36): CodeIgniter\CodeIgniter->run()
#5 {main}
CRITICAL - 2022-08-06 03:52:49 --> Undefined variable: w
#0 /var/www/html/produksiku/app/Controllers/Admin.php(145): CodeIgniter\Debug\Exceptions->errorHandler()
#1 /var/www/html/produksiku/system/CodeIgniter.php(802): App\Controllers\Admin->cari_item()
#2 /var/www/html/produksiku/system/CodeIgniter.php(399): CodeIgniter\CodeIgniter->runController()
#3 /var/www/html/produksiku/system/CodeIgniter.php(317): CodeIgniter\CodeIgniter->handleRequest()
#4 /var/www/html/produksiku/public/index.php(36): CodeIgniter\CodeIgniter->run()
#5 {main}
CRITICAL - 2022-08-06 03:52:50 --> Undefined variable: w
#0 /var/www/html/produksiku/app/Controllers/Admin.php(145): CodeIgniter\Debug\Exceptions->errorHandler()
#1 /var/www/html/produksiku/system/CodeIgniter.php(802): App\Controllers\Admin->cari_item()
#2 /var/www/html/produksiku/system/CodeIgniter.php(399): CodeIgniter\CodeIgniter->runController()
#3 /var/www/html/produksiku/system/CodeIgniter.php(317): CodeIgniter\CodeIgniter->handleRequest()
#4 /var/www/html/produksiku/public/index.php(36): CodeIgniter\CodeIgniter->run()
#5 {main}
CRITICAL - 2022-08-06 03:52:51 --> Undefined variable: w
#0 /var/www/html/produksiku/app/Controllers/Admin.php(145): CodeIgniter\Debug\Exceptions->errorHandler()
#1 /var/www/html/produksiku/system/CodeIgniter.php(802): App\Controllers\Admin->cari_item()
#2 /var/www/html/produksiku/system/CodeIgniter.php(399): CodeIgniter\CodeIgniter->runController()
#3 /var/www/html/produksiku/system/CodeIgniter.php(317): CodeIgniter\CodeIgniter->handleRequest()
#4 /var/www/html/produksiku/public/index.php(36): CodeIgniter\CodeIgniter->run()
#5 {main}
ERROR - 2022-08-06 09:14:12 --> Table 'produksiku.asesi' doesn't exist
CRITICAL - 2022-08-06 09:14:12 --> Table 'produksiku.asesi' doesn't exist
#0 /var/www/html/produksiku/system/Database/MySQLi/Connection.php(280): mysqli->query()
#1 /var/www/html/produksiku/system/Database/BaseConnection.php(663): CodeIgniter\Database\MySQLi\Connection->execute()
#2 /var/www/html/produksiku/system/Database/BaseConnection.php(591): CodeIgniter\Database\BaseConnection->simpleQuery()
#3 /var/www/html/produksiku/system/Database/BaseBuilder.php(1428): CodeIgniter\Database\BaseConnection->query()
#4 /var/www/html/produksiku/app/Controllers/Admin.php(44): CodeIgniter\Database\BaseBuilder->get()
#5 /var/www/html/produksiku/system/CodeIgniter.php(802): App\Controllers\Admin->edit_asesi()
#6 /var/www/html/produksiku/system/CodeIgniter.php(399): CodeIgniter\CodeIgniter->runController()
#7 /var/www/html/produksiku/system/CodeIgniter.php(317): CodeIgniter\CodeIgniter->handleRequest()
#8 /var/www/html/produksiku/public/index.php(36): CodeIgniter\CodeIgniter->run()
#9 {main}
ERROR - 2022-08-06 09:25:09 --> Table 'produksiku.asesi' doesn't exist
CRITICAL - 2022-08-06 09:25:09 --> Table 'produksiku.asesi' doesn't exist
#0 /var/www/html/produksiku/system/Database/MySQLi/Connection.php(280): mysqli->query()
#1 /var/www/html/produksiku/system/Database/BaseConnection.php(663): CodeIgniter\Database\MySQLi\Connection->execute()
#2 /var/www/html/produksiku/system/Database/BaseConnection.php(591): CodeIgniter\Database\BaseConnection->simpleQuery()
#3 /var/www/html/produksiku/system/Database/BaseBuilder.php(1428): CodeIgniter\Database\BaseConnection->query()
#4 /var/www/html/produksiku/app/Controllers/Admin.php(44): CodeIgniter\Database\BaseBuilder->get()
#5 /var/www/html/produksiku/system/CodeIgniter.php(802): App\Controllers\Admin->edit_asesi()
#6 /var/www/html/produksiku/system/CodeIgniter.php(399): CodeIgniter\CodeIgniter->runController()
#7 /var/www/html/produksiku/system/CodeIgniter.php(317): CodeIgniter\CodeIgniter->handleRequest()
#8 /var/www/html/produksiku/public/index.php(36): CodeIgniter\CodeIgniter->run()
#9 {main}
CRITICAL - 2022-08-06 09:26:00 --> Too few arguments to function App\Controllers\Admin::tambah_item_pmo(), 0 passed in /var/www/html/produksiku/system/CodeIgniter.php on line 802 and exactly 1 expected
#0 /var/www/html/produksiku/system/CodeIgniter.php(802): App\Controllers\Admin->tambah_item_pmo()
#1 /var/www/html/produksiku/system/CodeIgniter.php(399): CodeIgniter\CodeIgniter->runController()
#2 /var/www/html/produksiku/system/CodeIgniter.php(317): CodeIgniter\CodeIgniter->handleRequest()
#3 /var/www/html/produksiku/public/index.php(36): CodeIgniter\CodeIgniter->run()
#4 {main}
CRITICAL - 2022-08-06 09:26:30 --> Undefined variable: w
#0 /var/www/html/produksiku/app/Controllers/Admin.php(145): CodeIgniter\Debug\Exceptions->errorHandler()
#1 /var/www/html/produksiku/system/CodeIgniter.php(802): App\Controllers\Admin->cari_item()
#2 /var/www/html/produksiku/system/CodeIgniter.php(399): CodeIgniter\CodeIgniter->runController()
#3 /var/www/html/produksiku/system/CodeIgniter.php(317): CodeIgniter\CodeIgniter->handleRequest()
#4 /var/www/html/produksiku/public/index.php(36): CodeIgniter\CodeIgniter->run()
#5 {main}
CRITICAL - 2022-08-06 15:59:23 --> Undefined variable: w
#0 /var/www/html/produksiku/app/Controllers/Admin.php(145): CodeIgniter\Debug\Exceptions->errorHandler()
#1 /var/www/html/produksiku/system/CodeIgniter.php(802): App\Controllers\Admin->cari_item()
#2 /var/www/html/produksiku/system/CodeIgniter.php(399): CodeIgniter\CodeIgniter->runController()
#3 /var/www/html/produksiku/system/CodeIgniter.php(317): CodeIgniter\CodeIgniter->handleRequest()
#4 /var/www/html/produksiku/public/index.php(36): CodeIgniter\CodeIgniter->run()
#5 {main}
CRITICAL - 2022-08-06 15:59:23 --> Undefined variable: w
#0 /var/www/html/produksiku/app/Controllers/Admin.php(145): CodeIgniter\Debug\Exceptions->errorHandler()
#1 /var/www/html/produksiku/system/CodeIgniter.php(802): App\Controllers\Admin->cari_item()
#2 /var/www/html/produksiku/system/CodeIgniter.php(399): CodeIgniter\CodeIgniter->runController()
#3 /var/www/html/produksiku/system/CodeIgniter.php(317): CodeIgniter\CodeIgniter->handleRequest()
#4 /var/www/html/produksiku/public/index.php(36): CodeIgniter\CodeIgniter->run()
#5 {main}
CRITICAL - 2022-08-06 15:59:23 --> Undefined variable: w
#0 /var/www/html/produksiku/app/Controllers/Admin.php(145): CodeIgniter\Debug\Exceptions->errorHandler()
#1 /var/www/html/produksiku/system/CodeIgniter.php(802): App\Controllers\Admin->cari_item()
#2 /var/www/html/produksiku/system/CodeIgniter.php(399): CodeIgniter\CodeIgniter->runController()
#3 /var/www/html/produksiku/system/CodeIgniter.php(317): CodeIgniter\CodeIgniter->handleRequest()
#4 /var/www/html/produksiku/public/index.php(36): CodeIgniter\CodeIgniter->run()
#5 {main}
CRITICAL - 2022-08-06 15:59:24 --> Undefined variable: w
#0 /var/www/html/produksiku/app/Controllers/Admin.php(145): CodeIgniter\Debug\Exceptions->errorHandler()
#1 /var/www/html/produksiku/system/CodeIgniter.php(802): App\Controllers\Admin->cari_item()
#2 /var/www/html/produksiku/system/CodeIgniter.php(399): CodeIgniter\CodeIgniter->runController()
#3 /var/www/html/produksiku/system/CodeIgniter.php(317): CodeIgniter\CodeIgniter->handleRequest()
#4 /var/www/html/produksiku/public/index.php(36): CodeIgniter\CodeIgniter->run()
#5 {main}
CRITICAL - 2022-08-06 15:59:24 --> Undefined variable: w
#0 /var/www/html/produksiku/app/Controllers/Admin.php(145): CodeIgniter\Debug\Exceptions->errorHandler()
#1 /var/www/html/produksiku/system/CodeIgniter.php(802): App\Controllers\Admin->cari_item()
#2 /var/www/html/produksiku/system/CodeIgniter.php(399): CodeIgniter\CodeIgniter->runController()
#3 /var/www/html/produksiku/system/CodeIgniter.php(317): CodeIgniter\CodeIgniter->handleRequest()
#4 /var/www/html/produksiku/public/index.php(36): CodeIgniter\CodeIgniter->run()
#5 {main}
CRITICAL - 2022-08-06 15:59:25 --> Undefined variable: w
#0 /var/www/html/produksiku/app/Controllers/Admin.php(145): CodeIgniter\Debug\Exceptions->errorHandler()
#1 /var/www/html/produksiku/system/CodeIgniter.php(802): App\Controllers\Admin->cari_item()
#2 /var/www/html/produksiku/system/CodeIgniter.php(399): CodeIgniter\CodeIgniter->runController()
#3 /var/www/html/produksiku/system/CodeIgniter.php(317): CodeIgniter\CodeIgniter->handleRequest()
#4 /var/www/html/produksiku/public/index.php(36): CodeIgniter\CodeIgniter->run()
#5 {main}
CRITICAL - 2022-08-06 15:59:26 --> Undefined variable: w
#0 /var/www/html/produksiku/app/Controllers/Admin.php(145): CodeIgniter\Debug\Exceptions->errorHandler()
#1 /var/www/html/produksiku/system/CodeIgniter.php(802): App\Controllers\Admin->cari_item()
#2 /var/www/html/produksiku/system/CodeIgniter.php(399): CodeIgniter\CodeIgniter->runController()
#3 /var/www/html/produksiku/system/CodeIgniter.php(317): CodeIgniter\CodeIgniter->handleRequest()
#4 /var/www/html/produksiku/public/index.php(36): CodeIgniter\CodeIgniter->run()
#5 {main}
CRITICAL - 2022-08-06 18:36:19 --> Undefined variable: w
#0 /var/www/html/produksiku/app/Controllers/Admin.php(145): CodeIgniter\Debug\Exceptions->errorHandler()
#1 /var/www/html/produksiku/system/CodeIgniter.php(802): App\Controllers\Admin->cari_item()
#2 /var/www/html/produksiku/system/CodeIgniter.php(399): CodeIgniter\CodeIgniter->runController()
#3 /var/www/html/produksiku/system/CodeIgniter.php(317): CodeIgniter\CodeIgniter->handleRequest()
#4 /var/www/html/produksiku/public/index.php(36): CodeIgniter\CodeIgniter->run()
#5 {main}
CRITICAL - 2022-08-06 18:36:19 --> Undefined variable: w
#0 /var/www/html/produksiku/app/Controllers/Admin.php(145): CodeIgniter\Debug\Exceptions->errorHandler()
#1 /var/www/html/produksiku/system/CodeIgniter.php(802): App\Controllers\Admin->cari_item()
#2 /var/www/html/produksiku/system/CodeIgniter.php(399): CodeIgniter\CodeIgniter->runController()
#3 /var/www/html/produksiku/system/CodeIgniter.php(317): CodeIgniter\CodeIgniter->handleRequest()
#4 /var/www/html/produksiku/public/index.php(36): CodeIgniter\CodeIgniter->run()
#5 {main}
CRITICAL - 2022-08-06 18:36:50 --> Undefined variable: w
#0 /var/www/html/produksiku/app/Controllers/Admin.php(145): CodeIgniter\Debug\Exceptions->errorHandler()
#1 /var/www/html/produksiku/system/CodeIgniter.php(802): App\Controllers\Admin->cari_item()
#2 /var/www/html/produksiku/system/CodeIgniter.php(399): CodeIgniter\CodeIgniter->runController()
#3 /var/www/html/produksiku/system/CodeIgniter.php(317): CodeIgniter\CodeIgniter->handleRequest()
#4 /var/www/html/produksiku/public/index.php(36): CodeIgniter\CodeIgniter->run()
#5 {main}
CRITICAL - 2022-08-06 18:36:51 --> Undefined variable: w
#0 /var/www/html/produksiku/app/Controllers/Admin.php(145): CodeIgniter\Debug\Exceptions->errorHandler()
#1 /var/www/html/produksiku/system/CodeIgniter.php(802): App\Controllers\Admin->cari_item()
#2 /var/www/html/produksiku/system/CodeIgniter.php(399): CodeIgniter\CodeIgniter->runController()
#3 /var/www/html/produksiku/system/CodeIgniter.php(317): CodeIgniter\CodeIgniter->handleRequest()
#4 /var/www/html/produksiku/public/index.php(36): CodeIgniter\CodeIgniter->run()
#5 {main}
CRITICAL - 2022-08-06 18:36:51 --> Undefined variable: w
#0 /var/www/html/produksiku/app/Controllers/Admin.php(145): CodeIgniter\Debug\Exceptions->errorHandler()
#1 /var/www/html/produksiku/system/CodeIgniter.php(802): App\Controllers\Admin->cari_item()
#2 /var/www/html/produksiku/system/CodeIgniter.php(399): CodeIgniter\CodeIgniter->runController()
#3 /var/www/html/produksiku/system/CodeIgniter.php(317): CodeIgniter\CodeIgniter->handleRequest()
#4 /var/www/html/produksiku/public/index.php(36): CodeIgniter\CodeIgniter->run()
#5 {main}
CRITICAL - 2022-08-06 18:36:54 --> Undefined variable: w
#0 /var/www/html/produksiku/app/Controllers/Admin.php(145): CodeIgniter\Debug\Exceptions->errorHandler()
#1 /var/www/html/produksiku/system/CodeIgniter.php(802): App\Controllers\Admin->cari_item()
#2 /var/www/html/produksiku/system/CodeIgniter.php(399): CodeIgniter\CodeIgniter->runController()
#3 /var/www/html/produksiku/system/CodeIgniter.php(317): CodeIgniter\CodeIgniter->handleRequest()
#4 /var/www/html/produksiku/public/index.php(36): CodeIgniter\CodeIgniter->run()
#5 {main}
CRITICAL - 2022-08-06 18:38:49 --> Too few arguments to function App\Controllers\Admin::tambah_item_pmo(), 0 passed in /var/www/html/produksiku/system/CodeIgniter.php on line 802 and exactly 1 expected
#0 /var/www/html/produksiku/system/CodeIgniter.php(802): App\Controllers\Admin->tambah_item_pmo()
#1 /var/www/html/produksiku/system/CodeIgniter.php(399): CodeIgniter\CodeIgniter->runController()
#2 /var/www/html/produksiku/system/CodeIgniter.php(317): CodeIgniter\CodeIgniter->handleRequest()
#3 /var/www/html/produksiku/public/index.php(36): CodeIgniter\CodeIgniter->run()
#4 {main}
CRITICAL - 2022-08-06 20:00:09 --> Undefined variable: w
#0 /var/www/html/produksiku/app/Controllers/Admin.php(145): CodeIgniter\Debug\Exceptions->errorHandler()
#1 /var/www/html/produksiku/system/CodeIgniter.php(802): App\Controllers\Admin->cari_item()
#2 /var/www/html/produksiku/system/CodeIgniter.php(399): CodeIgniter\CodeIgniter->runController()
#3 /var/www/html/produksiku/system/CodeIgniter.php(317): CodeIgniter\CodeIgniter->handleRequest()
#4 /var/www/html/produksiku/public/index.php(36): CodeIgniter\CodeIgniter->run()
#5 {main}
CRITICAL - 2022-08-06 20:00:19 --> Undefined variable: w
#0 /var/www/html/produksiku/app/Controllers/Admin.php(145): CodeIgniter\Debug\Exceptions->errorHandler()
#1 /var/www/html/produksiku/system/CodeIgniter.php(802): App\Controllers\Admin->cari_item()
#2 /var/www/html/produksiku/system/CodeIgniter.php(399): CodeIgniter\CodeIgniter->runController()
#3 /var/www/html/produksiku/system/CodeIgniter.php(317): CodeIgniter\CodeIgniter->handleRequest()
#4 /var/www/html/produksiku/public/index.php(36): CodeIgniter\CodeIgniter->run()
#5 {main}
CRITICAL - 2022-08-06 20:00:31 --> Undefined variable: w
#0 /var/www/html/produksiku/app/Controllers/Admin.php(145): CodeIgniter\Debug\Exceptions->errorHandler()
#1 /var/www/html/produksiku/system/CodeIgniter.php(802): App\Controllers\Admin->cari_item()
#2 /var/www/html/produksiku/system/CodeIgniter.php(399): CodeIgniter\CodeIgniter->runController()
#3 /var/www/html/produksiku/system/CodeIgniter.php(317): CodeIgniter\CodeIgniter->handleRequest()
#4 /var/www/html/produksiku/public/index.php(36): CodeIgniter\CodeIgniter->run()
#5 {main}
CRITICAL - 2022-08-06 20:24:10 --> Too few arguments to function App\Controllers\Admin::tambah_item_pmo(), 0 passed in /var/www/html/produksiku/system/CodeIgniter.php on line 802 and exactly 1 expected
#0 /var/www/html/produksiku/system/CodeIgniter.php(802): App\Controllers\Admin->tambah_item_pmo()
#1 /var/www/html/produksiku/system/CodeIgniter.php(399): CodeIgniter\CodeIgniter->runController()
#2 /var/www/html/produksiku/system/CodeIgniter.php(317): CodeIgniter\CodeIgniter->handleRequest()
#3 /var/www/html/produksiku/public/index.php(36): CodeIgniter\CodeIgniter->run()
#4 {main}
CRITICAL - 2022-08-06 20:24:28 --> Too few arguments to function App\Controllers\Admin::tambah_item_pmo(), 0 passed in /var/www/html/produksiku/system/CodeIgniter.php on line 802 and exactly 1 expected
#0 /var/www/html/produksiku/system/CodeIgniter.php(802): App\Controllers\Admin->tambah_item_pmo()
#1 /var/www/html/produksiku/system/CodeIgniter.php(399): CodeIgniter\CodeIgniter->runController()
#2 /var/www/html/produksiku/system/CodeIgniter.php(317): CodeIgniter\CodeIgniter->handleRequest()
#3 /var/www/html/produksiku/public/index.php(36): CodeIgniter\CodeIgniter->run()
#4 {main}
