CRITICAL - 2022-06-03 08:08:57 --> Undefined variable: organisasi
#0 /var/www/html/keuangan/app/Views/input/detail.php(487): CodeIgniter\Debug\Exceptions->errorHandler()
#1 /var/www/html/keuangan/system/View/View.php(214): include('/var/www/html/k...')
#2 /var/www/html/keuangan/system/View/View.php(217): CodeIgniter\View\View->CodeIgniter\View\{closure}()
#3 /var/www/html/keuangan/system/Common.php(1092): CodeIgniter\View\View->render()
#4 /var/www/html/keuangan/app/Controllers/Laporan.php(170): view()
#5 /var/www/html/keuangan/system/CodeIgniter.php(802): App\Controllers\Laporan->detail()
#6 /var/www/html/keuangan/system/CodeIgniter.php(399): CodeIgniter\CodeIgniter->runController()
#7 /var/www/html/keuangan/system/CodeIgniter.php(317): CodeIgniter\CodeIgniter->handleRequest()
#8 /var/www/html/keuangan/public/index.php(36): CodeIgniter\CodeIgniter->run()
#9 {main}
CRITICAL - 2022-06-03 08:08:59 --> Undefined variable: organisasi
#0 /var/www/html/keuangan/app/Views/input/detail.php(487): CodeIgniter\Debug\Exceptions->errorHandler()
#1 /var/www/html/keuangan/system/View/View.php(214): include('/var/www/html/k...')
#2 /var/www/html/keuangan/system/View/View.php(217): CodeIgniter\View\View->CodeIgniter\View\{closure}()
#3 /var/www/html/keuangan/system/Common.php(1092): CodeIgniter\View\View->render()
#4 /var/www/html/keuangan/app/Controllers/Laporan.php(170): view()
#5 /var/www/html/keuangan/system/CodeIgniter.php(802): App\Controllers\Laporan->detail()
#6 /var/www/html/keuangan/system/CodeIgniter.php(399): CodeIgniter\CodeIgniter->runController()
#7 /var/www/html/keuangan/system/CodeIgniter.php(317): CodeIgniter\CodeIgniter->handleRequest()
#8 /var/www/html/keuangan/public/index.php(36): CodeIgniter\CodeIgniter->run()
#9 {main}
CRITICAL - 2022-06-03 13:34:25 --> Call to undefined function bas_url()
#0 /var/www/html/keuangan/system/View/View.php(214): include()
#1 /var/www/html/keuangan/system/View/View.php(217): CodeIgniter\View\View->CodeIgniter\View\{closure}()
#2 /var/www/html/keuangan/system/Common.php(1092): CodeIgniter\View\View->render()
#3 /var/www/html/keuangan/app/Controllers/Laporan.php(165): view()
#4 /var/www/html/keuangan/system/CodeIgniter.php(802): App\Controllers\Laporan->laporan()
#5 /var/www/html/keuangan/system/CodeIgniter.php(399): CodeIgniter\CodeIgniter->runController()
#6 /var/www/html/keuangan/system/CodeIgniter.php(317): CodeIgniter\CodeIgniter->handleRequest()
#7 /var/www/html/keuangan/public/index.php(36): CodeIgniter\CodeIgniter->run()
#8 {main}
CRITICAL - 2022-06-03 13:39:26 --> Undefined variable: dk
#0 /var/www/html/keuangan/app/Views/input/detail.php(39): CodeIgniter\Debug\Exceptions->errorHandler()
#1 /var/www/html/keuangan/system/View/View.php(214): include('/var/www/html/k...')
#2 /var/www/html/keuangan/system/View/View.php(217): CodeIgniter\View\View->CodeIgniter\View\{closure}()
#3 /var/www/html/keuangan/system/Common.php(1092): CodeIgniter\View\View->render()
#4 /var/www/html/keuangan/app/Controllers/Laporan.php(175): view()
#5 /var/www/html/keuangan/system/CodeIgniter.php(802): App\Controllers\Laporan->detail()
#6 /var/www/html/keuangan/system/CodeIgniter.php(399): CodeIgniter\CodeIgniter->runController()
#7 /var/www/html/keuangan/system/CodeIgniter.php(317): CodeIgniter\CodeIgniter->handleRequest()
#8 /var/www/html/keuangan/public/index.php(36): CodeIgniter\CodeIgniter->run()
#9 {main}
CRITICAL - 2022-06-03 14:38:21 --> Undefined index: karyawan
#0 /var/www/html/keuangan/app/Views/dashboard/body.php(22): CodeIgniter\Debug\Exceptions->errorHandler()
#1 /var/www/html/keuangan/system/View/View.php(214): include('/var/www/html/k...')
#2 /var/www/html/keuangan/system/View/View.php(217): CodeIgniter\View\View->CodeIgniter\View\{closure}()
#3 /var/www/html/keuangan/system/Common.php(1092): CodeIgniter\View\View->render()
#4 /var/www/html/keuangan/app/Controllers/Dashboard.php(23): view()
#5 /var/www/html/keuangan/system/CodeIgniter.php(802): App\Controllers\Dashboard->index()
#6 /var/www/html/keuangan/system/CodeIgniter.php(399): CodeIgniter\CodeIgniter->runController()
#7 /var/www/html/keuangan/system/CodeIgniter.php(317): CodeIgniter\CodeIgniter->handleRequest()
#8 /var/www/html/keuangan/public/index.php(36): CodeIgniter\CodeIgniter->run()
#9 {main}
CRITICAL - 2022-06-03 14:39:27 --> syntax error, unexpected '}'
#0 /var/www/html/keuangan/system/View/View.php(217): CodeIgniter\View\View->CodeIgniter\View\{closure}()
#1 /var/www/html/keuangan/system/Common.php(1092): CodeIgniter\View\View->render()
#2 /var/www/html/keuangan/app/Controllers/Dashboard.php(23): view()
#3 /var/www/html/keuangan/system/CodeIgniter.php(802): App\Controllers\Dashboard->index()
#4 /var/www/html/keuangan/system/CodeIgniter.php(399): CodeIgniter\CodeIgniter->runController()
#5 /var/www/html/keuangan/system/CodeIgniter.php(317): CodeIgniter\CodeIgniter->handleRequest()
#6 /var/www/html/keuangan/public/index.php(36): CodeIgniter\CodeIgniter->run()
#7 {main}
CRITICAL - 2022-06-03 14:39:42 --> Undefined index: karyawan
#0 /var/www/html/keuangan/app/Views/dashboard/body.php(22): CodeIgniter\Debug\Exceptions->errorHandler()
#1 /var/www/html/keuangan/system/View/View.php(214): include('/var/www/html/k...')
#2 /var/www/html/keuangan/system/View/View.php(217): CodeIgniter\View\View->CodeIgniter\View\{closure}()
#3 /var/www/html/keuangan/system/Common.php(1092): CodeIgniter\View\View->render()
#4 /var/www/html/keuangan/app/Controllers/Dashboard.php(23): view()
#5 /var/www/html/keuangan/system/CodeIgniter.php(802): App\Controllers\Dashboard->index()
#6 /var/www/html/keuangan/system/CodeIgniter.php(399): CodeIgniter\CodeIgniter->runController()
#7 /var/www/html/keuangan/system/CodeIgniter.php(317): CodeIgniter\CodeIgniter->handleRequest()
#8 /var/www/html/keuangan/public/index.php(36): CodeIgniter\CodeIgniter->run()
#9 {main}
CRITICAL - 2022-06-03 14:39:44 --> Undefined index: karyawan
#0 /var/www/html/keuangan/app/Views/dashboard/body.php(22): CodeIgniter\Debug\Exceptions->errorHandler()
#1 /var/www/html/keuangan/system/View/View.php(214): include('/var/www/html/k...')
#2 /var/www/html/keuangan/system/View/View.php(217): CodeIgniter\View\View->CodeIgniter\View\{closure}()
#3 /var/www/html/keuangan/system/Common.php(1092): CodeIgniter\View\View->render()
#4 /var/www/html/keuangan/app/Controllers/Dashboard.php(23): view()
#5 /var/www/html/keuangan/system/CodeIgniter.php(802): App\Controllers\Dashboard->index()
#6 /var/www/html/keuangan/system/CodeIgniter.php(399): CodeIgniter\CodeIgniter->runController()
#7 /var/www/html/keuangan/system/CodeIgniter.php(317): CodeIgniter\CodeIgniter->handleRequest()
#8 /var/www/html/keuangan/public/index.php(36): CodeIgniter\CodeIgniter->run()
#9 {main}
CRITICAL - 2022-06-03 14:40:33 --> Undefined index: karyawan
#0 /var/www/html/keuangan/app/Views/dashboard/body.php(22): CodeIgniter\Debug\Exceptions->errorHandler()
#1 /var/www/html/keuangan/system/View/View.php(214): include('/var/www/html/k...')
#2 /var/www/html/keuangan/system/View/View.php(217): CodeIgniter\View\View->CodeIgniter\View\{closure}()
#3 /var/www/html/keuangan/system/Common.php(1092): CodeIgniter\View\View->render()
#4 /var/www/html/keuangan/app/Controllers/Dashboard.php(23): view()
#5 /var/www/html/keuangan/system/CodeIgniter.php(802): App\Controllers\Dashboard->index()
#6 /var/www/html/keuangan/system/CodeIgniter.php(399): CodeIgniter\CodeIgniter->runController()
#7 /var/www/html/keuangan/system/CodeIgniter.php(317): CodeIgniter\CodeIgniter->handleRequest()
#8 /var/www/html/keuangan/public/index.php(36): CodeIgniter\CodeIgniter->run()
#9 {main}
CRITICAL - 2022-06-03 14:40:34 --> Undefined index: karyawan
#0 /var/www/html/keuangan/app/Views/dashboard/body.php(22): CodeIgniter\Debug\Exceptions->errorHandler()
#1 /var/www/html/keuangan/system/View/View.php(214): include('/var/www/html/k...')
#2 /var/www/html/keuangan/system/View/View.php(217): CodeIgniter\View\View->CodeIgniter\View\{closure}()
#3 /var/www/html/keuangan/system/Common.php(1092): CodeIgniter\View\View->render()
#4 /var/www/html/keuangan/app/Controllers/Dashboard.php(23): view()
#5 /var/www/html/keuangan/system/CodeIgniter.php(802): App\Controllers\Dashboard->index()
#6 /var/www/html/keuangan/system/CodeIgniter.php(399): CodeIgniter\CodeIgniter->runController()
#7 /var/www/html/keuangan/system/CodeIgniter.php(317): CodeIgniter\CodeIgniter->handleRequest()
#8 /var/www/html/keuangan/public/index.php(36): CodeIgniter\CodeIgniter->run()
#9 {main}
CRITICAL - 2022-06-03 14:41:07 --> Undefined index: karyawan
#0 /var/www/html/keuangan/app/Views/dashboard/body.php(24): CodeIgniter\Debug\Exceptions->errorHandler()
#1 /var/www/html/keuangan/system/View/View.php(214): include('/var/www/html/k...')
#2 /var/www/html/keuangan/system/View/View.php(217): CodeIgniter\View\View->CodeIgniter\View\{closure}()
#3 /var/www/html/keuangan/system/Common.php(1092): CodeIgniter\View\View->render()
#4 /var/www/html/keuangan/app/Controllers/Dashboard.php(23): view()
#5 /var/www/html/keuangan/system/CodeIgniter.php(802): App\Controllers\Dashboard->index()
#6 /var/www/html/keuangan/system/CodeIgniter.php(399): CodeIgniter\CodeIgniter->runController()
#7 /var/www/html/keuangan/system/CodeIgniter.php(317): CodeIgniter\CodeIgniter->handleRequest()
#8 /var/www/html/keuangan/public/index.php(36): CodeIgniter\CodeIgniter->run()
#9 {main}
CRITICAL - 2022-06-03 14:41:19 --> Undefined index: divisi
#0 /var/www/html/keuangan/app/Views/dashboard/body.php(24): CodeIgniter\Debug\Exceptions->errorHandler()
#1 /var/www/html/keuangan/system/View/View.php(214): include('/var/www/html/k...')
#2 /var/www/html/keuangan/system/View/View.php(217): CodeIgniter\View\View->CodeIgniter\View\{closure}()
#3 /var/www/html/keuangan/system/Common.php(1092): CodeIgniter\View\View->render()
#4 /var/www/html/keuangan/app/Controllers/Dashboard.php(23): view()
#5 /var/www/html/keuangan/system/CodeIgniter.php(802): App\Controllers\Dashboard->index()
#6 /var/www/html/keuangan/system/CodeIgniter.php(399): CodeIgniter\CodeIgniter->runController()
#7 /var/www/html/keuangan/system/CodeIgniter.php(317): CodeIgniter\CodeIgniter->handleRequest()
#8 /var/www/html/keuangan/public/index.php(36): CodeIgniter\CodeIgniter->run()
#9 {main}
CRITICAL - 2022-06-03 14:41:26 --> Undefined variable: label
#0 /var/www/html/keuangan/app/Views/dashboard/body.php(53): CodeIgniter\Debug\Exceptions->errorHandler()
#1 /var/www/html/keuangan/system/View/View.php(214): include('/var/www/html/k...')
#2 /var/www/html/keuangan/system/View/View.php(217): CodeIgniter\View\View->CodeIgniter\View\{closure}()
#3 /var/www/html/keuangan/system/Common.php(1092): CodeIgniter\View\View->render()
#4 /var/www/html/keuangan/app/Controllers/Dashboard.php(23): view()
#5 /var/www/html/keuangan/system/CodeIgniter.php(802): App\Controllers\Dashboard->index()
#6 /var/www/html/keuangan/system/CodeIgniter.php(399): CodeIgniter\CodeIgniter->runController()
#7 /var/www/html/keuangan/system/CodeIgniter.php(317): CodeIgniter\CodeIgniter->handleRequest()
#8 /var/www/html/keuangan/public/index.php(36): CodeIgniter\CodeIgniter->run()
#9 {main}
CRITICAL - 2022-06-03 14:41:52 --> Undefined index: premi
#0 /var/www/html/keuangan/app/Views/dashboard/body.php(25): CodeIgniter\Debug\Exceptions->errorHandler()
#1 /var/www/html/keuangan/system/View/View.php(214): include('/var/www/html/k...')
#2 /var/www/html/keuangan/system/View/View.php(217): CodeIgniter\View\View->CodeIgniter\View\{closure}()
#3 /var/www/html/keuangan/system/Common.php(1092): CodeIgniter\View\View->render()
#4 /var/www/html/keuangan/app/Controllers/Dashboard.php(23): view()
#5 /var/www/html/keuangan/system/CodeIgniter.php(802): App\Controllers\Dashboard->index()
#6 /var/www/html/keuangan/system/CodeIgniter.php(399): CodeIgniter\CodeIgniter->runController()
#7 /var/www/html/keuangan/system/CodeIgniter.php(317): CodeIgniter\CodeIgniter->handleRequest()
#8 /var/www/html/keuangan/public/index.php(36): CodeIgniter\CodeIgniter->run()
#9 {main}
CRITICAL - 2022-06-03 14:41:53 --> Undefined index: premi
#0 /var/www/html/keuangan/app/Views/dashboard/body.php(25): CodeIgniter\Debug\Exceptions->errorHandler()
#1 /var/www/html/keuangan/system/View/View.php(214): include('/var/www/html/k...')
#2 /var/www/html/keuangan/system/View/View.php(217): CodeIgniter\View\View->CodeIgniter\View\{closure}()
#3 /var/www/html/keuangan/system/Common.php(1092): CodeIgniter\View\View->render()
#4 /var/www/html/keuangan/app/Controllers/Dashboard.php(23): view()
#5 /var/www/html/keuangan/system/CodeIgniter.php(802): App\Controllers\Dashboard->index()
#6 /var/www/html/keuangan/system/CodeIgniter.php(399): CodeIgniter\CodeIgniter->runController()
#7 /var/www/html/keuangan/system/CodeIgniter.php(317): CodeIgniter\CodeIgniter->handleRequest()
#8 /var/www/html/keuangan/public/index.php(36): CodeIgniter\CodeIgniter->run()
#9 {main}
