CRITICAL - 2022-08-05 09:57:08 --> Undefined variable: user
#0 /var/www/html/produksiku/app/Views/admin/pmo.php(55): CodeIgniter\Debug\Exceptions->errorHandler()
#1 /var/www/html/produksiku/system/View/View.php(214): include('/var/www/html/p...')
#2 /var/www/html/produksiku/system/View/View.php(217): CodeIgniter\View\View->CodeIgniter\View\{closure}()
#3 /var/www/html/produksiku/system/Common.php(1092): CodeIgniter\View\View->render()
#4 /var/www/html/produksiku/app/Controllers/Admin.php(79): view()
#5 /var/www/html/produksiku/system/CodeIgniter.php(802): App\Controllers\Admin->pmo()
#6 /var/www/html/produksiku/system/CodeIgniter.php(399): CodeIgniter\CodeIgniter->runController()
#7 /var/www/html/produksiku/system/CodeIgniter.php(317): CodeIgniter\CodeIgniter->handleRequest()
#8 /var/www/html/produksiku/public/index.php(36): CodeIgniter\CodeIgniter->run()
#9 {main}
CRITICAL - 2022-08-05 10:01:53 --> Invalid file: admin/footer.php
#0 /var/www/html/produksiku/system/View/View.php(198): CodeIgniter\Exceptions\FrameworkException::forInvalidFile()
#1 /var/www/html/produksiku/system/View/View.php(432): CodeIgniter\View\View->render()
#2 /var/www/html/produksiku/app/Views/admin/pmo.php(82): CodeIgniter\View\View->include()
#3 /var/www/html/produksiku/system/View/View.php(214): include('/var/www/html/p...')
#4 /var/www/html/produksiku/system/View/View.php(217): CodeIgniter\View\View->CodeIgniter\View\{closure}()
#5 /var/www/html/produksiku/system/Common.php(1092): CodeIgniter\View\View->render()
#6 /var/www/html/produksiku/app/Controllers/Admin.php(79): view()
#7 /var/www/html/produksiku/system/CodeIgniter.php(802): App\Controllers\Admin->pmo()
#8 /var/www/html/produksiku/system/CodeIgniter.php(399): CodeIgniter\CodeIgniter->runController()
#9 /var/www/html/produksiku/system/CodeIgniter.php(317): CodeIgniter\CodeIgniter->handleRequest()
#10 /var/www/html/produksiku/public/index.php(36): CodeIgniter\CodeIgniter->run()
#11 {main}
CRITICAL - 2022-08-05 10:14:29 --> Undefined variable: user
#0 /var/www/html/produksiku/app/Views/admin/pmo.php(39): CodeIgniter\Debug\Exceptions->errorHandler()
#1 /var/www/html/produksiku/system/View/View.php(214): include('/var/www/html/p...')
#2 /var/www/html/produksiku/system/View/View.php(217): CodeIgniter\View\View->CodeIgniter\View\{closure}()
#3 /var/www/html/produksiku/system/Common.php(1092): CodeIgniter\View\View->render()
#4 /var/www/html/produksiku/app/Controllers/Admin.php(79): view()
#5 /var/www/html/produksiku/system/CodeIgniter.php(802): App\Controllers\Admin->pmo()
#6 /var/www/html/produksiku/system/CodeIgniter.php(399): CodeIgniter\CodeIgniter->runController()
#7 /var/www/html/produksiku/system/CodeIgniter.php(317): CodeIgniter\CodeIgniter->handleRequest()
#8 /var/www/html/produksiku/public/index.php(36): CodeIgniter\CodeIgniter->run()
#9 {main}
CRITICAL - 2022-08-05 10:28:04 --> Invalid file: admin/tambah_pmo.php
#0 /var/www/html/produksiku/system/View/View.php(198): CodeIgniter\Exceptions\FrameworkException::forInvalidFile()
#1 /var/www/html/produksiku/system/Common.php(1092): CodeIgniter\View\View->render()
#2 /var/www/html/produksiku/app/Controllers/Admin.php(98): view()
#3 /var/www/html/produksiku/system/CodeIgniter.php(802): App\Controllers\Admin->tambah_pmo()
#4 /var/www/html/produksiku/system/CodeIgniter.php(399): CodeIgniter\CodeIgniter->runController()
#5 /var/www/html/produksiku/system/CodeIgniter.php(317): CodeIgniter\CodeIgniter->handleRequest()
#6 /var/www/html/produksiku/public/index.php(36): CodeIgniter\CodeIgniter->run()
#7 {main}
CRITICAL - 2022-08-05 10:35:00 --> Invalid file: admin/tambah_pmo.php
#0 /var/www/html/produksiku/system/View/View.php(198): CodeIgniter\Exceptions\FrameworkException::forInvalidFile()
#1 /var/www/html/produksiku/system/Common.php(1092): CodeIgniter\View\View->render()
#2 /var/www/html/produksiku/app/Controllers/Admin.php(98): view()
#3 /var/www/html/produksiku/system/CodeIgniter.php(802): App\Controllers\Admin->tambah_pmo()
#4 /var/www/html/produksiku/system/CodeIgniter.php(399): CodeIgniter\CodeIgniter->runController()
#5 /var/www/html/produksiku/system/CodeIgniter.php(317): CodeIgniter\CodeIgniter->handleRequest()
#6 /var/www/html/produksiku/public/index.php(36): CodeIgniter\CodeIgniter->run()
#7 {main}
CRITICAL - 2022-08-05 10:54:52 --> Invalid file: admin/tambah_item_pmo.php
#0 /var/www/html/produksiku/system/View/View.php(198): CodeIgniter\Exceptions\FrameworkException::forInvalidFile()
#1 /var/www/html/produksiku/system/Common.php(1092): CodeIgniter\View\View->render()
#2 /var/www/html/produksiku/app/Controllers/Admin.php(114): view()
#3 /var/www/html/produksiku/system/CodeIgniter.php(802): App\Controllers\Admin->tambah_item_pmo()
#4 /var/www/html/produksiku/system/CodeIgniter.php(399): CodeIgniter\CodeIgniter->runController()
#5 /var/www/html/produksiku/system/CodeIgniter.php(317): CodeIgniter\CodeIgniter->handleRequest()
#6 /var/www/html/produksiku/public/index.php(36): CodeIgniter\CodeIgniter->run()
#7 {main}
CRITICAL - 2022-08-05 10:56:08 --> Invalid file: admin/tambah_item_pmo.php
#0 /var/www/html/produksiku/system/View/View.php(198): CodeIgniter\Exceptions\FrameworkException::forInvalidFile()
#1 /var/www/html/produksiku/system/Common.php(1092): CodeIgniter\View\View->render()
#2 /var/www/html/produksiku/app/Controllers/Admin.php(114): view()
#3 /var/www/html/produksiku/system/CodeIgniter.php(802): App\Controllers\Admin->tambah_item_pmo()
#4 /var/www/html/produksiku/system/CodeIgniter.php(399): CodeIgniter\CodeIgniter->runController()
#5 /var/www/html/produksiku/system/CodeIgniter.php(317): CodeIgniter\CodeIgniter->handleRequest()
#6 /var/www/html/produksiku/public/index.php(36): CodeIgniter\CodeIgniter->run()
#7 {main}
CRITICAL - 2022-08-05 11:04:16 --> Undefined variable: jenis
#0 /var/www/html/produksiku/app/Views/admin/tambah_item_pmo.php(53): CodeIgniter\Debug\Exceptions->errorHandler()
#1 /var/www/html/produksiku/system/View/View.php(214): include('/var/www/html/p...')
#2 /var/www/html/produksiku/system/View/View.php(217): CodeIgniter\View\View->CodeIgniter\View\{closure}()
#3 /var/www/html/produksiku/system/Common.php(1092): CodeIgniter\View\View->render()
#4 /var/www/html/produksiku/app/Controllers/Admin.php(115): view()
#5 /var/www/html/produksiku/system/CodeIgniter.php(802): App\Controllers\Admin->tambah_item_pmo()
#6 /var/www/html/produksiku/system/CodeIgniter.php(399): CodeIgniter\CodeIgniter->runController()
#7 /var/www/html/produksiku/system/CodeIgniter.php(317): CodeIgniter\CodeIgniter->handleRequest()
#8 /var/www/html/produksiku/public/index.php(36): CodeIgniter\CodeIgniter->run()
#9 {main}
ERROR - 2022-08-05 13:53:24 --> Table 'produksiku.lhp' doesn't exist
CRITICAL - 2022-08-05 13:53:24 --> Table 'produksiku.lhp' doesn't exist
#0 /var/www/html/produksiku/system/Database/MySQLi/Connection.php(280): mysqli->query()
#1 /var/www/html/produksiku/system/Database/BaseConnection.php(663): CodeIgniter\Database\MySQLi\Connection->execute()
#2 /var/www/html/produksiku/system/Database/BaseConnection.php(591): CodeIgniter\Database\BaseConnection->simpleQuery()
#3 /var/www/html/produksiku/system/Database/BaseBuilder.php(1428): CodeIgniter\Database\BaseConnection->query()
#4 /var/www/html/produksiku/app/Controllers/Admin.php(120): CodeIgniter\Database\BaseBuilder->get()
#5 /var/www/html/produksiku/system/CodeIgniter.php(802): App\Controllers\Admin->lhp()
#6 /var/www/html/produksiku/system/CodeIgniter.php(399): CodeIgniter\CodeIgniter->runController()
#7 /var/www/html/produksiku/system/CodeIgniter.php(317): CodeIgniter\CodeIgniter->handleRequest()
#8 /var/www/html/produksiku/public/index.php(36): CodeIgniter\CodeIgniter->run()
#9 {main}
CRITICAL - 2022-08-05 14:28:14 --> Invalid file: admin/lap_lhp.php
#0 /var/www/html/produksiku/system/View/View.php(198): CodeIgniter\Exceptions\FrameworkException::forInvalidFile()
#1 /var/www/html/produksiku/system/Common.php(1092): CodeIgniter\View\View->render()
#2 /var/www/html/produksiku/app/Controllers/Admin.php(155): view()
#3 /var/www/html/produksiku/system/CodeIgniter.php(802): App\Controllers\Admin->lap_lhp()
#4 /var/www/html/produksiku/system/CodeIgniter.php(399): CodeIgniter\CodeIgniter->runController()
#5 /var/www/html/produksiku/system/CodeIgniter.php(317): CodeIgniter\CodeIgniter->handleRequest()
#6 /var/www/html/produksiku/public/index.php(36): CodeIgniter\CodeIgniter->run()
#7 {main}
CRITICAL - 2022-08-05 14:28:23 --> Invalid file: admin/lap_lhp.php
#0 /var/www/html/produksiku/system/View/View.php(198): CodeIgniter\Exceptions\FrameworkException::forInvalidFile()
#1 /var/www/html/produksiku/system/Common.php(1092): CodeIgniter\View\View->render()
#2 /var/www/html/produksiku/app/Controllers/Admin.php(155): view()
#3 /var/www/html/produksiku/system/CodeIgniter.php(802): App\Controllers\Admin->lap_lhp()
#4 /var/www/html/produksiku/system/CodeIgniter.php(399): CodeIgniter\CodeIgniter->runController()
#5 /var/www/html/produksiku/system/CodeIgniter.php(317): CodeIgniter\CodeIgniter->handleRequest()
#6 /var/www/html/produksiku/public/index.php(36): CodeIgniter\CodeIgniter->run()
#7 {main}
