CRITICAL - 2022-08-01 01:09:53 --> Undefined offset: -1
#0 /var/www/html/asesiku/app/Helpers/my_helper.php(161): CodeIgniter\Debug\Exceptions->errorHandler()
#1 /var/www/html/asesiku/app/Views/admin/skk.php(67): tgl_lengkap()
#2 /var/www/html/asesiku/system/View/View.php(214): include('/var/www/html/a...')
#3 /var/www/html/asesiku/system/View/View.php(217): CodeIgniter\View\View->CodeIgniter\View\{closure}()
#4 /var/www/html/asesiku/system/Common.php(1092): CodeIgniter\View\View->render()
#5 /var/www/html/asesiku/app/Controllers/Admin.php(193): view()
#6 /var/www/html/asesiku/system/CodeIgniter.php(802): App\Controllers\Admin->skk()
#7 /var/www/html/asesiku/system/CodeIgniter.php(399): CodeIgniter\CodeIgniter->runController()
#8 /var/www/html/asesiku/system/CodeIgniter.php(317): CodeIgniter\CodeIgniter->handleRequest()
#9 /var/www/html/asesiku/public/index.php(36): CodeIgniter\CodeIgniter->run()
#10 {main}
CRITICAL - 2022-08-01 01:10:52 --> Undefined offset: -1
#0 /var/www/html/asesiku/app/Helpers/my_helper.php(161): CodeIgniter\Debug\Exceptions->errorHandler()
#1 /var/www/html/asesiku/app/Views/admin/skk.php(67): tgl_lengkap()
#2 /var/www/html/asesiku/system/View/View.php(214): include('/var/www/html/a...')
#3 /var/www/html/asesiku/system/View/View.php(217): CodeIgniter\View\View->CodeIgniter\View\{closure}()
#4 /var/www/html/asesiku/system/Common.php(1092): CodeIgniter\View\View->render()
#5 /var/www/html/asesiku/app/Controllers/Admin.php(193): view()
#6 /var/www/html/asesiku/system/CodeIgniter.php(802): App\Controllers\Admin->skk()
#7 /var/www/html/asesiku/system/CodeIgniter.php(399): CodeIgniter\CodeIgniter->runController()
#8 /var/www/html/asesiku/system/CodeIgniter.php(317): CodeIgniter\CodeIgniter->handleRequest()
#9 /var/www/html/asesiku/public/index.php(36): CodeIgniter\CodeIgniter->run()
#10 {main}
CRITICAL - 2022-08-01 01:11:47 --> Undefined offset: -1
#0 /var/www/html/asesiku/app/Helpers/my_helper.php(161): CodeIgniter\Debug\Exceptions->errorHandler()
#1 /var/www/html/asesiku/app/Views/admin/skk.php(67): tgl_lengkap()
#2 /var/www/html/asesiku/system/View/View.php(214): include('/var/www/html/a...')
#3 /var/www/html/asesiku/system/View/View.php(217): CodeIgniter\View\View->CodeIgniter\View\{closure}()
#4 /var/www/html/asesiku/system/Common.php(1092): CodeIgniter\View\View->render()
#5 /var/www/html/asesiku/app/Controllers/Admin.php(193): view()
#6 /var/www/html/asesiku/system/CodeIgniter.php(802): App\Controllers\Admin->skk()
#7 /var/www/html/asesiku/system/CodeIgniter.php(399): CodeIgniter\CodeIgniter->runController()
#8 /var/www/html/asesiku/system/CodeIgniter.php(317): CodeIgniter\CodeIgniter->handleRequest()
#9 /var/www/html/asesiku/public/index.php(36): CodeIgniter\CodeIgniter->run()
#10 {main}
CRITICAL - 2022-08-01 08:36:30 --> Undefined offset: -1
#0 /var/www/html/asesiku/app/Helpers/my_helper.php(161): CodeIgniter\Debug\Exceptions->errorHandler()
#1 /var/www/html/asesiku/app/Views/admin/skk.php(67): tgl_lengkap()
#2 /var/www/html/asesiku/system/View/View.php(214): include('/var/www/html/a...')
#3 /var/www/html/asesiku/system/View/View.php(217): CodeIgniter\View\View->CodeIgniter\View\{closure}()
#4 /var/www/html/asesiku/system/Common.php(1092): CodeIgniter\View\View->render()
#5 /var/www/html/asesiku/app/Controllers/Admin.php(193): view()
#6 /var/www/html/asesiku/system/CodeIgniter.php(802): App\Controllers\Admin->skk()
#7 /var/www/html/asesiku/system/CodeIgniter.php(399): CodeIgniter\CodeIgniter->runController()
#8 /var/www/html/asesiku/system/CodeIgniter.php(317): CodeIgniter\CodeIgniter->handleRequest()
#9 /var/www/html/asesiku/public/index.php(36): CodeIgniter\CodeIgniter->run()
#10 {main}
CRITICAL - 2022-08-01 08:37:15 --> Undefined offset: -1
#0 /var/www/html/asesiku/app/Helpers/my_helper.php(161): CodeIgniter\Debug\Exceptions->errorHandler()
#1 /var/www/html/asesiku/app/Views/admin/skk.php(67): tgl_lengkap()
#2 /var/www/html/asesiku/system/View/View.php(214): include('/var/www/html/a...')
#3 /var/www/html/asesiku/system/View/View.php(217): CodeIgniter\View\View->CodeIgniter\View\{closure}()
#4 /var/www/html/asesiku/system/Common.php(1092): CodeIgniter\View\View->render()
#5 /var/www/html/asesiku/app/Controllers/Admin.php(193): view()
#6 /var/www/html/asesiku/system/CodeIgniter.php(802): App\Controllers\Admin->skk()
#7 /var/www/html/asesiku/system/CodeIgniter.php(399): CodeIgniter\CodeIgniter->runController()
#8 /var/www/html/asesiku/system/CodeIgniter.php(317): CodeIgniter\CodeIgniter->handleRequest()
#9 /var/www/html/asesiku/public/index.php(36): CodeIgniter\CodeIgniter->run()
#10 {main}
CRITICAL - 2022-08-01 08:49:45 --> Undefined offset: -1
#0 /var/www/html/asesiku/app/Helpers/my_helper.php(161): CodeIgniter\Debug\Exceptions->errorHandler()
#1 /var/www/html/asesiku/app/Views/admin/skk.php(67): tgl_lengkap()
#2 /var/www/html/asesiku/system/View/View.php(214): include('/var/www/html/a...')
#3 /var/www/html/asesiku/system/View/View.php(217): CodeIgniter\View\View->CodeIgniter\View\{closure}()
#4 /var/www/html/asesiku/system/Common.php(1092): CodeIgniter\View\View->render()
#5 /var/www/html/asesiku/app/Controllers/Admin.php(193): view()
#6 /var/www/html/asesiku/system/CodeIgniter.php(802): App\Controllers\Admin->skk()
#7 /var/www/html/asesiku/system/CodeIgniter.php(399): CodeIgniter\CodeIgniter->runController()
#8 /var/www/html/asesiku/system/CodeIgniter.php(317): CodeIgniter\CodeIgniter->handleRequest()
#9 /var/www/html/asesiku/public/index.php(36): CodeIgniter\CodeIgniter->run()
#10 {main}
CRITICAL - 2022-08-01 08:50:15 --> Undefined offset: -1
#0 /var/www/html/asesiku/app/Helpers/my_helper.php(161): CodeIgniter\Debug\Exceptions->errorHandler()
#1 /var/www/html/asesiku/app/Views/admin/skk.php(67): tgl_lengkap()
#2 /var/www/html/asesiku/system/View/View.php(214): include('/var/www/html/a...')
#3 /var/www/html/asesiku/system/View/View.php(217): CodeIgniter\View\View->CodeIgniter\View\{closure}()
#4 /var/www/html/asesiku/system/Common.php(1092): CodeIgniter\View\View->render()
#5 /var/www/html/asesiku/app/Controllers/Admin.php(193): view()
#6 /var/www/html/asesiku/system/CodeIgniter.php(802): App\Controllers\Admin->skk()
#7 /var/www/html/asesiku/system/CodeIgniter.php(399): CodeIgniter\CodeIgniter->runController()
#8 /var/www/html/asesiku/system/CodeIgniter.php(317): CodeIgniter\CodeIgniter->handleRequest()
#9 /var/www/html/asesiku/public/index.php(36): CodeIgniter\CodeIgniter->run()
#10 {main}
CRITICAL - 2022-08-01 08:50:44 --> Undefined offset: -1
#0 /var/www/html/asesiku/app/Helpers/my_helper.php(161): CodeIgniter\Debug\Exceptions->errorHandler()
#1 /var/www/html/asesiku/app/Views/admin/skk.php(67): tgl_lengkap()
#2 /var/www/html/asesiku/system/View/View.php(214): include('/var/www/html/a...')
#3 /var/www/html/asesiku/system/View/View.php(217): CodeIgniter\View\View->CodeIgniter\View\{closure}()
#4 /var/www/html/asesiku/system/Common.php(1092): CodeIgniter\View\View->render()
#5 /var/www/html/asesiku/app/Controllers/Admin.php(193): view()
#6 /var/www/html/asesiku/system/CodeIgniter.php(802): App\Controllers\Admin->skk()
#7 /var/www/html/asesiku/system/CodeIgniter.php(399): CodeIgniter\CodeIgniter->runController()
#8 /var/www/html/asesiku/system/CodeIgniter.php(317): CodeIgniter\CodeIgniter->handleRequest()
#9 /var/www/html/asesiku/public/index.php(36): CodeIgniter\CodeIgniter->run()
#10 {main}
CRITICAL - 2022-08-01 08:51:36 --> Undefined offset: -1
#0 /var/www/html/asesiku/app/Helpers/my_helper.php(161): CodeIgniter\Debug\Exceptions->errorHandler()
#1 /var/www/html/asesiku/app/Views/admin/skk.php(67): tgl_lengkap()
#2 /var/www/html/asesiku/system/View/View.php(214): include('/var/www/html/a...')
#3 /var/www/html/asesiku/system/View/View.php(217): CodeIgniter\View\View->CodeIgniter\View\{closure}()
#4 /var/www/html/asesiku/system/Common.php(1092): CodeIgniter\View\View->render()
#5 /var/www/html/asesiku/app/Controllers/Admin.php(193): view()
#6 /var/www/html/asesiku/system/CodeIgniter.php(802): App\Controllers\Admin->skk()
#7 /var/www/html/asesiku/system/CodeIgniter.php(399): CodeIgniter\CodeIgniter->runController()
#8 /var/www/html/asesiku/system/CodeIgniter.php(317): CodeIgniter\CodeIgniter->handleRequest()
#9 /var/www/html/asesiku/public/index.php(36): CodeIgniter\CodeIgniter->run()
#10 {main}
CRITICAL - 2022-08-01 09:21:54 --> Undefined offset: -1
#0 /var/www/html/asesiku/app/Helpers/my_helper.php(161): CodeIgniter\Debug\Exceptions->errorHandler()
#1 /var/www/html/asesiku/app/Views/admin/skk.php(67): tgl_lengkap()
#2 /var/www/html/asesiku/system/View/View.php(214): include('/var/www/html/a...')
#3 /var/www/html/asesiku/system/View/View.php(217): CodeIgniter\View\View->CodeIgniter\View\{closure}()
#4 /var/www/html/asesiku/system/Common.php(1092): CodeIgniter\View\View->render()
#5 /var/www/html/asesiku/app/Controllers/Admin.php(193): view()
#6 /var/www/html/asesiku/system/CodeIgniter.php(802): App\Controllers\Admin->skk()
#7 /var/www/html/asesiku/system/CodeIgniter.php(399): CodeIgniter\CodeIgniter->runController()
#8 /var/www/html/asesiku/system/CodeIgniter.php(317): CodeIgniter\CodeIgniter->handleRequest()
#9 /var/www/html/asesiku/public/index.php(36): CodeIgniter\CodeIgniter->run()
#10 {main}
CRITICAL - 2022-08-01 09:23:09 --> Trying to access array offset on value of type null
#0 /var/www/html/asesiku/app/Views/admin/print_skk.php(76): CodeIgniter\Debug\Exceptions->errorHandler()
#1 /var/www/html/asesiku/system/View/View.php(214): include('/var/www/html/a...')
#2 /var/www/html/asesiku/system/View/View.php(217): CodeIgniter\View\View->CodeIgniter\View\{closure}()
#3 /var/www/html/asesiku/system/Common.php(1092): CodeIgniter\View\View->render()
#4 /var/www/html/asesiku/app/Controllers/Admin.php(295): view()
#5 /var/www/html/asesiku/system/CodeIgniter.php(802): App\Controllers\Admin->print_skk()
#6 /var/www/html/asesiku/system/CodeIgniter.php(399): CodeIgniter\CodeIgniter->runController()
#7 /var/www/html/asesiku/system/CodeIgniter.php(317): CodeIgniter\CodeIgniter->handleRequest()
#8 /var/www/html/asesiku/public/index.php(36): CodeIgniter\CodeIgniter->run()
#9 {main}
CRITICAL - 2022-08-01 17:29:10 --> Trying to access array offset on value of type null
#0 /var/www/html/asesiku/app/Views/admin/proses_skk.php(64): CodeIgniter\Debug\Exceptions->errorHandler()
#1 /var/www/html/asesiku/system/View/View.php(214): include('/var/www/html/a...')
#2 /var/www/html/asesiku/system/View/View.php(217): CodeIgniter\View\View->CodeIgniter\View\{closure}()
#3 /var/www/html/asesiku/system/Common.php(1092): CodeIgniter\View\View->render()
#4 /var/www/html/asesiku/app/Controllers/Admin.php(283): view()
#5 /var/www/html/asesiku/system/CodeIgniter.php(802): App\Controllers\Admin->proses_skk()
#6 /var/www/html/asesiku/system/CodeIgniter.php(399): CodeIgniter\CodeIgniter->runController()
#7 /var/www/html/asesiku/system/CodeIgniter.php(317): CodeIgniter\CodeIgniter->handleRequest()
#8 /var/www/html/asesiku/public/index.php(36): CodeIgniter\CodeIgniter->run()
#9 {main}
