CRITICAL - 2021-01-18 01:02:18 --> Undefined variable: judul
#0 C:\xampp\htdocs\latihan\app\Views\layout\header.php(12): CodeIgniter\Debug\Exceptions->errorHandler(8, 'Undefined varia...', 'C:\\xampp\\htdocs...', 12, Array)
#1 C:\xampp\htdocs\latihan\vendor\codeigniter4\framework\system\View\View.php(246): include('C:\\xampp\\htdocs...')
#2 C:\xampp\htdocs\latihan\vendor\codeigniter4\framework\system\Common.php(1119): CodeIgniter\View\View->render('layout/header', Array, true)
#3 C:\xampp\htdocs\latihan\app\Controllers\Pages.php(19): view('layout/header')
#4 C:\xampp\htdocs\latihan\vendor\codeigniter4\framework\system\CodeIgniter.php(918): App\Controllers\Pages->about()
#5 C:\xampp\htdocs\latihan\vendor\codeigniter4\framework\system\CodeIgniter.php(404): CodeIgniter\CodeIgniter->runController(Object(App\Controllers\Pages))
#6 C:\xampp\htdocs\latihan\vendor\codeigniter4\framework\system\CodeIgniter.php(312): CodeIgniter\CodeIgniter->handleRequest(NULL, Object(Config\Cache), false)
#7 C:\xampp\htdocs\latihan\public\index.php(45): CodeIgniter\CodeIgniter->run()
#8 C:\xampp\htdocs\latihan\vendor\codeigniter4\framework\system\Commands\Server\rewrite.php(34): require_once('C:\\xampp\\htdocs...')
#9 {main}
CRITICAL - 2021-01-18 01:24:27 --> Invalid file: pages/contact.php
#0 C:\xampp\htdocs\latihan\vendor\codeigniter4\framework\system\View\View.php(228): CodeIgniter\Exceptions\FrameworkException::forInvalidFile('pages/contact.p...')
#1 C:\xampp\htdocs\latihan\vendor\codeigniter4\framework\system\Common.php(1119): CodeIgniter\View\View->render('pages/contact', Array, true)
#2 C:\xampp\htdocs\latihan\app\Controllers\Pages.php(30): view('pages/contact', Array)
#3 C:\xampp\htdocs\latihan\vendor\codeigniter4\framework\system\CodeIgniter.php(918): App\Controllers\Pages->contact()
#4 C:\xampp\htdocs\latihan\vendor\codeigniter4\framework\system\CodeIgniter.php(404): CodeIgniter\CodeIgniter->runController(Object(App\Controllers\Pages))
#5 C:\xampp\htdocs\latihan\vendor\codeigniter4\framework\system\CodeIgniter.php(312): CodeIgniter\CodeIgniter->handleRequest(NULL, Object(Config\Cache), false)
#6 C:\xampp\htdocs\latihan\public\index.php(45): CodeIgniter\CodeIgniter->run()
#7 C:\xampp\htdocs\latihan\vendor\codeigniter4\framework\system\Commands\Server\rewrite.php(34): require_once('C:\\xampp\\htdocs...')
#8 {main}
CRITICAL - 2021-01-18 01:26:39 --> Call to undefined method CodeIgniter\View\View::xtend()
#0 C:\xampp\htdocs\latihan\vendor\codeigniter4\framework\system\View\View.php(246): include()
#1 C:\xampp\htdocs\latihan\vendor\codeigniter4\framework\system\Common.php(1119): CodeIgniter\View\View->render('pages/contact', Array, true)
#2 C:\xampp\htdocs\latihan\app\Controllers\Pages.php(30): view('pages/contact', Array)
#3 C:\xampp\htdocs\latihan\vendor\codeigniter4\framework\system\CodeIgniter.php(918): App\Controllers\Pages->contact()
#4 C:\xampp\htdocs\latihan\vendor\codeigniter4\framework\system\CodeIgniter.php(404): CodeIgniter\CodeIgniter->runController(Object(App\Controllers\Pages))
#5 C:\xampp\htdocs\latihan\vendor\codeigniter4\framework\system\CodeIgniter.php(312): CodeIgniter\CodeIgniter->handleRequest(NULL, Object(Config\Cache), false)
#6 C:\xampp\htdocs\latihan\public\index.php(45): CodeIgniter\CodeIgniter->run()
#7 C:\xampp\htdocs\latihan\vendor\codeigniter4\framework\system\Commands\Server\rewrite.php(34): require_once('C:\\xampp\\htdocs...')
#8 {main}
CRITICAL - 2021-01-18 01:33:45 --> syntax error, unexpected end of file
#0 C:\xampp\htdocs\latihan\vendor\codeigniter4\framework\system\Common.php(1119): CodeIgniter\View\View->render('pages/contact', Array, true)
#1 C:\xampp\htdocs\latihan\app\Controllers\Pages.php(42): view('pages/contact', Array)
#2 C:\xampp\htdocs\latihan\vendor\codeigniter4\framework\system\CodeIgniter.php(918): App\Controllers\Pages->contact()
#3 C:\xampp\htdocs\latihan\vendor\codeigniter4\framework\system\CodeIgniter.php(404): CodeIgniter\CodeIgniter->runController(Object(App\Controllers\Pages))
#4 C:\xampp\htdocs\latihan\vendor\codeigniter4\framework\system\CodeIgniter.php(312): CodeIgniter\CodeIgniter->handleRequest(NULL, Object(Config\Cache), false)
#5 C:\xampp\htdocs\latihan\public\index.php(45): CodeIgniter\CodeIgniter->run()
#6 C:\xampp\htdocs\latihan\vendor\codeigniter4\framework\system\Commands\Server\rewrite.php(34): require_once('C:\\xampp\\htdocs...')
#7 {main}
CRITICAL - 2021-01-18 01:34:23 --> Use of undefined constant kota - assumed 'kota' (this will throw an Error in a future version of PHP)
#0 C:\xampp\htdocs\latihan\app\Views\pages\contact.php(13): CodeIgniter\Debug\Exceptions->errorHandler(2, 'Use of undefine...', 'C:\\xampp\\htdocs...', 13, Array)
#1 C:\xampp\htdocs\latihan\vendor\codeigniter4\framework\system\View\View.php(246): include('C:\\xampp\\htdocs...')
#2 C:\xampp\htdocs\latihan\vendor\codeigniter4\framework\system\Common.php(1119): CodeIgniter\View\View->render('pages/contact', Array, true)
#3 C:\xampp\htdocs\latihan\app\Controllers\Pages.php(42): view('pages/contact', Array)
#4 C:\xampp\htdocs\latihan\vendor\codeigniter4\framework\system\CodeIgniter.php(918): App\Controllers\Pages->contact()
#5 C:\xampp\htdocs\latihan\vendor\codeigniter4\framework\system\CodeIgniter.php(404): CodeIgniter\CodeIgniter->runController(Object(App\Controllers\Pages))
#6 C:\xampp\htdocs\latihan\vendor\codeigniter4\framework\system\CodeIgniter.php(312): CodeIgniter\CodeIgniter->handleRequest(NULL, Object(Config\Cache), false)
#7 C:\xampp\htdocs\latihan\public\index.php(45): CodeIgniter\CodeIgniter->run()
#8 C:\xampp\htdocs\latihan\vendor\codeigniter4\framework\system\Commands\Server\rewrite.php(34): require_once('C:\\xampp\\htdocs...')
#9 {main}
