CRITICAL - 2021-02-28 20:12:57 --> Unable to connect to the database.
#0 C:\xampp\htdocs\jdih\vendor\codeigniter4\framework\system\Database\BaseConnection.php(646): CodeIgniter\Database\BaseConnection->initialize()
#1 C:\xampp\htdocs\jdih\vendor\codeigniter4\framework\system\Database\BaseBuilder.php(1952): CodeIgniter\Database\BaseConnection->query('SELECT COUNT(*)...', Array, false)
#2 C:\xampp\htdocs\jdih\vendor\codeigniter4\framework\system\Model.php(1673): CodeIgniter\Database\BaseBuilder->countAllResults(false)
#3 C:\xampp\htdocs\jdih\vendor\codeigniter4\framework\system\Model.php(1176): CodeIgniter\Model->countAllResults(false)
#4 C:\xampp\htdocs\jdih\app\Controllers\Dashboard.php(14): CodeIgniter\Model->paginate(3)
#5 C:\xampp\htdocs\jdih\vendor\codeigniter4\framework\system\CodeIgniter.php(918): App\Controllers\Dashboard->index()
#6 C:\xampp\htdocs\jdih\vendor\codeigniter4\framework\system\CodeIgniter.php(404): CodeIgniter\CodeIgniter->runController(Object(App\Controllers\Dashboard))
#7 C:\xampp\htdocs\jdih\vendor\codeigniter4\framework\system\CodeIgniter.php(312): CodeIgniter\CodeIgniter->handleRequest(NULL, Object(Config\Cache), false)
#8 C:\xampp\htdocs\jdih\public\index.php(45): CodeIgniter\CodeIgniter->run()
#9 C:\xampp\htdocs\jdih\vendor\codeigniter4\framework\system\Commands\Server\rewrite.php(34): require_once('C:\\xampp\\htdocs...')
#10 {main}
CRITICAL - 2021-02-28 20:13:16 --> Unable to connect to the database.
#0 C:\xampp\htdocs\jdih\vendor\codeigniter4\framework\system\Database\BaseConnection.php(646): CodeIgniter\Database\BaseConnection->initialize()
#1 C:\xampp\htdocs\jdih\vendor\codeigniter4\framework\system\Database\BaseBuilder.php(1952): CodeIgniter\Database\BaseConnection->query('SELECT COUNT(*)...', Array, false)
#2 C:\xampp\htdocs\jdih\vendor\codeigniter4\framework\system\Model.php(1673): CodeIgniter\Database\BaseBuilder->countAllResults(false)
#3 C:\xampp\htdocs\jdih\vendor\codeigniter4\framework\system\Model.php(1176): CodeIgniter\Model->countAllResults(false)
#4 C:\xampp\htdocs\jdih\app\Controllers\Dashboard.php(14): CodeIgniter\Model->paginate(3)
#5 C:\xampp\htdocs\jdih\vendor\codeigniter4\framework\system\CodeIgniter.php(918): App\Controllers\Dashboard->index()
#6 C:\xampp\htdocs\jdih\vendor\codeigniter4\framework\system\CodeIgniter.php(404): CodeIgniter\CodeIgniter->runController(Object(App\Controllers\Dashboard))
#7 C:\xampp\htdocs\jdih\vendor\codeigniter4\framework\system\CodeIgniter.php(312): CodeIgniter\CodeIgniter->handleRequest(NULL, Object(Config\Cache), false)
#8 C:\xampp\htdocs\jdih\public\index.php(45): CodeIgniter\CodeIgniter->run()
#9 C:\xampp\htdocs\jdih\vendor\codeigniter4\framework\system\Commands\Server\rewrite.php(34): require_once('C:\\xampp\\htdocs...')
#10 {main}
CRITICAL - 2021-02-28 23:40:32 --> Too few arguments to function App\Controllers\Produk_hukum::edit(), 0 passed in C:\xampp\htdocs\jdih\vendor\codeigniter4\framework\system\CodeIgniter.php on line 918 and exactly 1 expected
#0 C:\xampp\htdocs\jdih\vendor\codeigniter4\framework\system\CodeIgniter.php(918): App\Controllers\Produk_hukum->edit()
#1 C:\xampp\htdocs\jdih\vendor\codeigniter4\framework\system\CodeIgniter.php(404): CodeIgniter\CodeIgniter->runController(Object(App\Controllers\Produk_hukum))
#2 C:\xampp\htdocs\jdih\vendor\codeigniter4\framework\system\CodeIgniter.php(312): CodeIgniter\CodeIgniter->handleRequest(NULL, Object(Config\Cache), false)
#3 C:\xampp\htdocs\jdih\public\index.php(45): CodeIgniter\CodeIgniter->run()
#4 C:\xampp\htdocs\jdih\vendor\codeigniter4\framework\system\Commands\Server\rewrite.php(34): require_once('C:\\xampp\\htdocs...')
#5 {main}
