CRITICAL - 2022-07-29 10:16:56 --> Undefined variable: validation
#0 /var/www/html/asesiku/app/Views/login.php(41): CodeIgniter\Debug\Exceptions->errorHandler()
#1 /var/www/html/asesiku/system/View/View.php(214): include('/var/www/html/a...')
#2 /var/www/html/asesiku/system/View/View.php(217): CodeIgniter\View\View->CodeIgniter\View\{closure}()
#3 /var/www/html/asesiku/system/Common.php(1092): CodeIgniter\View\View->render()
#4 /var/www/html/asesiku/app/Controllers/Auth.php(11): view()
#5 /var/www/html/asesiku/system/CodeIgniter.php(802): App\Controllers\Auth->index()
#6 /var/www/html/asesiku/system/CodeIgniter.php(399): CodeIgniter\CodeIgniter->runController()
#7 /var/www/html/asesiku/system/CodeIgniter.php(317): CodeIgniter\CodeIgniter->handleRequest()
#8 /var/www/html/asesiku/public/index.php(36): CodeIgniter\CodeIgniter->run()
#9 {main}
CRITICAL - 2022-07-29 10:17:58 --> Undefined variable: validation
#0 /var/www/html/asesiku/app/Views/login.php(48): CodeIgniter\Debug\Exceptions->errorHandler()
#1 /var/www/html/asesiku/system/View/View.php(214): include('/var/www/html/a...')
#2 /var/www/html/asesiku/system/View/View.php(217): CodeIgniter\View\View->CodeIgniter\View\{closure}()
#3 /var/www/html/asesiku/system/Common.php(1092): CodeIgniter\View\View->render()
#4 /var/www/html/asesiku/app/Controllers/Auth.php(11): view()
#5 /var/www/html/asesiku/system/CodeIgniter.php(802): App\Controllers\Auth->index()
#6 /var/www/html/asesiku/system/CodeIgniter.php(399): CodeIgniter\CodeIgniter->runController()
#7 /var/www/html/asesiku/system/CodeIgniter.php(317): CodeIgniter\CodeIgniter->handleRequest()
#8 /var/www/html/asesiku/public/index.php(36): CodeIgniter\CodeIgniter->run()
#9 {main}
CRITICAL - 2022-07-29 10:37:57 --> Undefined property: App\Controllers\Auth::$session
#0 /var/www/html/asesiku/app/Controllers/Auth.php(28): CodeIgniter\Debug\Exceptions->errorHandler()
#1 /var/www/html/asesiku/system/CodeIgniter.php(802): App\Controllers\Auth->verif()
#2 /var/www/html/asesiku/system/CodeIgniter.php(399): CodeIgniter\CodeIgniter->runController()
#3 /var/www/html/asesiku/system/CodeIgniter.php(317): CodeIgniter\CodeIgniter->handleRequest()
#4 /var/www/html/asesiku/public/index.php(36): CodeIgniter\CodeIgniter->run()
#5 {main}
CRITICAL - 2022-07-29 10:52:12 --> Undefined variable: skk
#0 /var/www/html/asesiku/app/Views/admin/body.php(141): CodeIgniter\Debug\Exceptions->errorHandler()
#1 /var/www/html/asesiku/system/View/View.php(214): include('/var/www/html/a...')
#2 /var/www/html/asesiku/system/View/View.php(217): CodeIgniter\View\View->CodeIgniter\View\{closure}()
#3 /var/www/html/asesiku/system/Common.php(1092): CodeIgniter\View\View->render()
#4 /var/www/html/asesiku/app/Controllers/Admin.php(12): view()
#5 /var/www/html/asesiku/system/CodeIgniter.php(802): App\Controllers\Admin->index()
#6 /var/www/html/asesiku/system/CodeIgniter.php(399): CodeIgniter\CodeIgniter->runController()
#7 /var/www/html/asesiku/system/CodeIgniter.php(317): CodeIgniter\CodeIgniter->handleRequest()
#8 /var/www/html/asesiku/public/index.php(36): CodeIgniter\CodeIgniter->run()
#9 {main}
CRITICAL - 2022-07-29 11:01:04 --> syntax error, unexpected end of file
#0 /var/www/html/asesiku/system/View/View.php(217): CodeIgniter\View\View->CodeIgniter\View\{closure}()
#1 /var/www/html/asesiku/system/Common.php(1092): CodeIgniter\View\View->render()
#2 /var/www/html/asesiku/app/Controllers/Admin.php(12): view()
#3 /var/www/html/asesiku/system/CodeIgniter.php(802): App\Controllers\Admin->index()
#4 /var/www/html/asesiku/system/CodeIgniter.php(399): CodeIgniter\CodeIgniter->runController()
#5 /var/www/html/asesiku/system/CodeIgniter.php(317): CodeIgniter\CodeIgniter->handleRequest()
#6 /var/www/html/asesiku/public/index.php(36): CodeIgniter\CodeIgniter->run()
#7 {main}
CRITICAL - 2022-07-29 11:09:18 --> Call to a member function withInput() on string
#0 /var/www/html/asesiku/system/CodeIgniter.php(802): App\Controllers\Admin->search()
#1 /var/www/html/asesiku/system/CodeIgniter.php(399): CodeIgniter\CodeIgniter->runController()
#2 /var/www/html/asesiku/system/CodeIgniter.php(317): CodeIgniter\CodeIgniter->handleRequest()
#3 /var/www/html/asesiku/public/index.php(36): CodeIgniter\CodeIgniter->run()
#4 {main}
CRITICAL - 2022-07-29 21:18:21 --> Trying to access array offset on value of type null
#0 /var/www/html/asesiku/app/Helpers/my_helper.php(173): CodeIgniter\Debug\Exceptions->errorHandler()
#1 /var/www/html/asesiku/app/Views/admin/asesmen.php(62): skema()
#2 /var/www/html/asesiku/system/View/View.php(214): include('/var/www/html/a...')
#3 /var/www/html/asesiku/system/View/View.php(217): CodeIgniter\View\View->CodeIgniter\View\{closure}()
#4 /var/www/html/asesiku/system/Common.php(1092): CodeIgniter\View\View->render()
#5 /var/www/html/asesiku/app/Controllers/Admin.php(122): view()
#6 /var/www/html/asesiku/system/CodeIgniter.php(802): App\Controllers\Admin->asesmen()
#7 /var/www/html/asesiku/system/CodeIgniter.php(399): CodeIgniter\CodeIgniter->runController()
#8 /var/www/html/asesiku/system/CodeIgniter.php(317): CodeIgniter\CodeIgniter->handleRequest()
#9 /var/www/html/asesiku/public/index.php(36): CodeIgniter\CodeIgniter->run()
#10 {main}
CRITICAL - 2022-07-29 21:18:39 --> Trying to access array offset on value of type null
#0 /var/www/html/asesiku/app/Helpers/my_helper.php(173): CodeIgniter\Debug\Exceptions->errorHandler()
#1 /var/www/html/asesiku/app/Views/admin/asesmen.php(62): skema()
#2 /var/www/html/asesiku/system/View/View.php(214): include('/var/www/html/a...')
#3 /var/www/html/asesiku/system/View/View.php(217): CodeIgniter\View\View->CodeIgniter\View\{closure}()
#4 /var/www/html/asesiku/system/Common.php(1092): CodeIgniter\View\View->render()
#5 /var/www/html/asesiku/app/Controllers/Admin.php(122): view()
#6 /var/www/html/asesiku/system/CodeIgniter.php(802): App\Controllers\Admin->asesmen()
#7 /var/www/html/asesiku/system/CodeIgniter.php(399): CodeIgniter\CodeIgniter->runController()
#8 /var/www/html/asesiku/system/CodeIgniter.php(317): CodeIgniter\CodeIgniter->handleRequest()
#9 /var/www/html/asesiku/public/index.php(36): CodeIgniter\CodeIgniter->run()
#10 {main}
CRITICAL - 2022-07-29 21:19:18 --> Trying to access array offset on value of type null
#0 /var/www/html/asesiku/app/Helpers/my_helper.php(173): CodeIgniter\Debug\Exceptions->errorHandler()
#1 /var/www/html/asesiku/app/Views/admin/asesmen.php(62): skema()
#2 /var/www/html/asesiku/system/View/View.php(214): include('/var/www/html/a...')
#3 /var/www/html/asesiku/system/View/View.php(217): CodeIgniter\View\View->CodeIgniter\View\{closure}()
#4 /var/www/html/asesiku/system/Common.php(1092): CodeIgniter\View\View->render()
#5 /var/www/html/asesiku/app/Controllers/Admin.php(122): view()
#6 /var/www/html/asesiku/system/CodeIgniter.php(802): App\Controllers\Admin->asesmen()
#7 /var/www/html/asesiku/system/CodeIgniter.php(399): CodeIgniter\CodeIgniter->runController()
#8 /var/www/html/asesiku/system/CodeIgniter.php(317): CodeIgniter\CodeIgniter->handleRequest()
#9 /var/www/html/asesiku/public/index.php(36): CodeIgniter\CodeIgniter->run()
#10 {main}
CRITICAL - 2022-07-29 21:20:00 --> Trying to access array offset on value of type null
#0 /var/www/html/asesiku/app/Helpers/my_helper.php(173): CodeIgniter\Debug\Exceptions->errorHandler()
#1 /var/www/html/asesiku/app/Views/admin/asesmen.php(62): skema()
#2 /var/www/html/asesiku/system/View/View.php(214): include('/var/www/html/a...')
#3 /var/www/html/asesiku/system/View/View.php(217): CodeIgniter\View\View->CodeIgniter\View\{closure}()
#4 /var/www/html/asesiku/system/Common.php(1092): CodeIgniter\View\View->render()
#5 /var/www/html/asesiku/app/Controllers/Admin.php(122): view()
#6 /var/www/html/asesiku/system/CodeIgniter.php(802): App\Controllers\Admin->asesmen()
#7 /var/www/html/asesiku/system/CodeIgniter.php(399): CodeIgniter\CodeIgniter->runController()
#8 /var/www/html/asesiku/system/CodeIgniter.php(317): CodeIgniter\CodeIgniter->handleRequest()
#9 /var/www/html/asesiku/public/index.php(36): CodeIgniter\CodeIgniter->run()
#10 {main}
CRITICAL - 2022-07-29 21:22:39 --> Trying to access array offset on value of type null
#0 /var/www/html/asesiku/app/Helpers/my_helper.php(173): CodeIgniter\Debug\Exceptions->errorHandler()
#1 /var/www/html/asesiku/app/Views/admin/asesmen.php(62): skema()
#2 /var/www/html/asesiku/system/View/View.php(214): include('/var/www/html/a...')
#3 /var/www/html/asesiku/system/View/View.php(217): CodeIgniter\View\View->CodeIgniter\View\{closure}()
#4 /var/www/html/asesiku/system/Common.php(1092): CodeIgniter\View\View->render()
#5 /var/www/html/asesiku/app/Controllers/Admin.php(122): view()
#6 /var/www/html/asesiku/system/CodeIgniter.php(802): App\Controllers\Admin->asesmen()
#7 /var/www/html/asesiku/system/CodeIgniter.php(399): CodeIgniter\CodeIgniter->runController()
#8 /var/www/html/asesiku/system/CodeIgniter.php(317): CodeIgniter\CodeIgniter->handleRequest()
#9 /var/www/html/asesiku/public/index.php(36): CodeIgniter\CodeIgniter->run()
#10 {main}
CRITICAL - 2022-07-29 21:23:51 --> Trying to access array offset on value of type null
#0 /var/www/html/asesiku/app/Helpers/my_helper.php(173): CodeIgniter\Debug\Exceptions->errorHandler()
#1 /var/www/html/asesiku/app/Views/admin/asesmen.php(62): skema()
#2 /var/www/html/asesiku/system/View/View.php(214): include('/var/www/html/a...')
#3 /var/www/html/asesiku/system/View/View.php(217): CodeIgniter\View\View->CodeIgniter\View\{closure}()
#4 /var/www/html/asesiku/system/Common.php(1092): CodeIgniter\View\View->render()
#5 /var/www/html/asesiku/app/Controllers/Admin.php(122): view()
#6 /var/www/html/asesiku/system/CodeIgniter.php(802): App\Controllers\Admin->asesmen()
#7 /var/www/html/asesiku/system/CodeIgniter.php(399): CodeIgniter\CodeIgniter->runController()
#8 /var/www/html/asesiku/system/CodeIgniter.php(317): CodeIgniter\CodeIgniter->handleRequest()
#9 /var/www/html/asesiku/public/index.php(36): CodeIgniter\CodeIgniter->run()
#10 {main}
CRITICAL - 2022-07-29 21:23:59 --> Trying to access array offset on value of type null
#0 /var/www/html/asesiku/app/Helpers/my_helper.php(173): CodeIgniter\Debug\Exceptions->errorHandler()
#1 /var/www/html/asesiku/app/Views/admin/asesmen.php(62): skema()
#2 /var/www/html/asesiku/system/View/View.php(214): include('/var/www/html/a...')
#3 /var/www/html/asesiku/system/View/View.php(217): CodeIgniter\View\View->CodeIgniter\View\{closure}()
#4 /var/www/html/asesiku/system/Common.php(1092): CodeIgniter\View\View->render()
#5 /var/www/html/asesiku/app/Controllers/Admin.php(122): view()
#6 /var/www/html/asesiku/system/CodeIgniter.php(802): App\Controllers\Admin->asesmen()
#7 /var/www/html/asesiku/system/CodeIgniter.php(399): CodeIgniter\CodeIgniter->runController()
#8 /var/www/html/asesiku/system/CodeIgniter.php(317): CodeIgniter\CodeIgniter->handleRequest()
#9 /var/www/html/asesiku/public/index.php(36): CodeIgniter\CodeIgniter->run()
#10 {main}
CRITICAL - 2022-07-29 22:14:02 --> Trying to access array offset on value of type null
#0 /var/www/html/asesiku/app/Helpers/my_helper.php(173): CodeIgniter\Debug\Exceptions->errorHandler()
#1 /var/www/html/asesiku/app/Views/admin/asesmen.php(62): skema()
#2 /var/www/html/asesiku/system/View/View.php(214): include('/var/www/html/a...')
#3 /var/www/html/asesiku/system/View/View.php(217): CodeIgniter\View\View->CodeIgniter\View\{closure}()
#4 /var/www/html/asesiku/system/Common.php(1092): CodeIgniter\View\View->render()
#5 /var/www/html/asesiku/app/Controllers/Admin.php(122): view()
#6 /var/www/html/asesiku/system/CodeIgniter.php(802): App\Controllers\Admin->asesmen()
#7 /var/www/html/asesiku/system/CodeIgniter.php(399): CodeIgniter\CodeIgniter->runController()
#8 /var/www/html/asesiku/system/CodeIgniter.php(317): CodeIgniter\CodeIgniter->handleRequest()
#9 /var/www/html/asesiku/public/index.php(36): CodeIgniter\CodeIgniter->run()
#10 {main}
CRITICAL - 2022-07-29 22:15:03 --> Trying to access array offset on value of type null
#0 /var/www/html/asesiku/app/Helpers/my_helper.php(173): CodeIgniter\Debug\Exceptions->errorHandler()
#1 /var/www/html/asesiku/app/Views/admin/asesmen.php(62): skema()
#2 /var/www/html/asesiku/system/View/View.php(214): include('/var/www/html/a...')
#3 /var/www/html/asesiku/system/View/View.php(217): CodeIgniter\View\View->CodeIgniter\View\{closure}()
#4 /var/www/html/asesiku/system/Common.php(1092): CodeIgniter\View\View->render()
#5 /var/www/html/asesiku/app/Controllers/Admin.php(122): view()
#6 /var/www/html/asesiku/system/CodeIgniter.php(802): App\Controllers\Admin->asesmen()
#7 /var/www/html/asesiku/system/CodeIgniter.php(399): CodeIgniter\CodeIgniter->runController()
#8 /var/www/html/asesiku/system/CodeIgniter.php(317): CodeIgniter\CodeIgniter->handleRequest()
#9 /var/www/html/asesiku/public/index.php(36): CodeIgniter\CodeIgniter->run()
#10 {main}
CRITICAL - 2022-07-29 22:15:29 --> Trying to access array offset on value of type null
#0 /var/www/html/asesiku/app/Helpers/my_helper.php(173): CodeIgniter\Debug\Exceptions->errorHandler()
#1 /var/www/html/asesiku/app/Views/admin/asesmen.php(62): skema()
#2 /var/www/html/asesiku/system/View/View.php(214): include('/var/www/html/a...')
#3 /var/www/html/asesiku/system/View/View.php(217): CodeIgniter\View\View->CodeIgniter\View\{closure}()
#4 /var/www/html/asesiku/system/Common.php(1092): CodeIgniter\View\View->render()
#5 /var/www/html/asesiku/app/Controllers/Admin.php(122): view()
#6 /var/www/html/asesiku/system/CodeIgniter.php(802): App\Controllers\Admin->asesmen()
#7 /var/www/html/asesiku/system/CodeIgniter.php(399): CodeIgniter\CodeIgniter->runController()
#8 /var/www/html/asesiku/system/CodeIgniter.php(317): CodeIgniter\CodeIgniter->handleRequest()
#9 /var/www/html/asesiku/public/index.php(36): CodeIgniter\CodeIgniter->run()
#10 {main}
CRITICAL - 2022-07-29 22:17:00 --> Trying to access array offset on value of type null
#0 /var/www/html/asesiku/app/Helpers/my_helper.php(173): CodeIgniter\Debug\Exceptions->errorHandler()
#1 /var/www/html/asesiku/app/Views/admin/asesmen.php(62): skema()
#2 /var/www/html/asesiku/system/View/View.php(214): include('/var/www/html/a...')
#3 /var/www/html/asesiku/system/View/View.php(217): CodeIgniter\View\View->CodeIgniter\View\{closure}()
#4 /var/www/html/asesiku/system/Common.php(1092): CodeIgniter\View\View->render()
#5 /var/www/html/asesiku/app/Controllers/Admin.php(122): view()
#6 /var/www/html/asesiku/system/CodeIgniter.php(802): App\Controllers\Admin->asesmen()
#7 /var/www/html/asesiku/system/CodeIgniter.php(399): CodeIgniter\CodeIgniter->runController()
#8 /var/www/html/asesiku/system/CodeIgniter.php(317): CodeIgniter\CodeIgniter->handleRequest()
#9 /var/www/html/asesiku/public/index.php(36): CodeIgniter\CodeIgniter->run()
#10 {main}
CRITICAL - 2022-07-29 22:28:19 --> Trying to access array offset on value of type null
#0 /var/www/html/asesiku/app/Helpers/my_helper.php(173): CodeIgniter\Debug\Exceptions->errorHandler()
#1 /var/www/html/asesiku/app/Views/admin/asesmen.php(62): skema()
#2 /var/www/html/asesiku/system/View/View.php(214): include('/var/www/html/a...')
#3 /var/www/html/asesiku/system/View/View.php(217): CodeIgniter\View\View->CodeIgniter\View\{closure}()
#4 /var/www/html/asesiku/system/Common.php(1092): CodeIgniter\View\View->render()
#5 /var/www/html/asesiku/app/Controllers/Admin.php(122): view()
#6 /var/www/html/asesiku/system/CodeIgniter.php(802): App\Controllers\Admin->asesmen()
#7 /var/www/html/asesiku/system/CodeIgniter.php(399): CodeIgniter\CodeIgniter->runController()
#8 /var/www/html/asesiku/system/CodeIgniter.php(317): CodeIgniter\CodeIgniter->handleRequest()
#9 /var/www/html/asesiku/public/index.php(36): CodeIgniter\CodeIgniter->run()
#10 {main}
CRITICAL - 2022-07-29 22:28:55 --> Trying to access array offset on value of type null
#0 /var/www/html/asesiku/app/Helpers/my_helper.php(173): CodeIgniter\Debug\Exceptions->errorHandler()
#1 /var/www/html/asesiku/app/Views/admin/asesmen.php(62): skema()
#2 /var/www/html/asesiku/system/View/View.php(214): include('/var/www/html/a...')
#3 /var/www/html/asesiku/system/View/View.php(217): CodeIgniter\View\View->CodeIgniter\View\{closure}()
#4 /var/www/html/asesiku/system/Common.php(1092): CodeIgniter\View\View->render()
#5 /var/www/html/asesiku/app/Controllers/Admin.php(122): view()
#6 /var/www/html/asesiku/system/CodeIgniter.php(802): App\Controllers\Admin->asesmen()
#7 /var/www/html/asesiku/system/CodeIgniter.php(399): CodeIgniter\CodeIgniter->runController()
#8 /var/www/html/asesiku/system/CodeIgniter.php(317): CodeIgniter\CodeIgniter->handleRequest()
#9 /var/www/html/asesiku/public/index.php(36): CodeIgniter\CodeIgniter->run()
#10 {main}
CRITICAL - 2022-07-29 22:42:58 --> Trying to access array offset on value of type null
#0 /var/www/html/asesiku/app/Helpers/my_helper.php(173): CodeIgniter\Debug\Exceptions->errorHandler()
#1 /var/www/html/asesiku/app/Views/admin/asesmen.php(62): skema()
#2 /var/www/html/asesiku/system/View/View.php(214): include('/var/www/html/a...')
#3 /var/www/html/asesiku/system/View/View.php(217): CodeIgniter\View\View->CodeIgniter\View\{closure}()
#4 /var/www/html/asesiku/system/Common.php(1092): CodeIgniter\View\View->render()
#5 /var/www/html/asesiku/app/Controllers/Admin.php(122): view()
#6 /var/www/html/asesiku/system/CodeIgniter.php(802): App\Controllers\Admin->asesmen()
#7 /var/www/html/asesiku/system/CodeIgniter.php(399): CodeIgniter\CodeIgniter->runController()
#8 /var/www/html/asesiku/system/CodeIgniter.php(317): CodeIgniter\CodeIgniter->handleRequest()
#9 /var/www/html/asesiku/public/index.php(36): CodeIgniter\CodeIgniter->run()
#10 {main}
CRITICAL - 2022-07-29 22:59:52 --> Trying to access array offset on value of type null
#0 /var/www/html/asesiku/app/Helpers/my_helper.php(173): CodeIgniter\Debug\Exceptions->errorHandler()
#1 /var/www/html/asesiku/app/Views/admin/asesmen.php(62): skema()
#2 /var/www/html/asesiku/system/View/View.php(214): include('/var/www/html/a...')
#3 /var/www/html/asesiku/system/View/View.php(217): CodeIgniter\View\View->CodeIgniter\View\{closure}()
#4 /var/www/html/asesiku/system/Common.php(1092): CodeIgniter\View\View->render()
#5 /var/www/html/asesiku/app/Controllers/Admin.php(122): view()
#6 /var/www/html/asesiku/system/CodeIgniter.php(802): App\Controllers\Admin->asesmen()
#7 /var/www/html/asesiku/system/CodeIgniter.php(399): CodeIgniter\CodeIgniter->runController()
#8 /var/www/html/asesiku/system/CodeIgniter.php(317): CodeIgniter\CodeIgniter->handleRequest()
#9 /var/www/html/asesiku/public/index.php(36): CodeIgniter\CodeIgniter->run()
#10 {main}
CRITICAL - 2022-07-29 22:59:54 --> Trying to access array offset on value of type null
#0 /var/www/html/asesiku/app/Helpers/my_helper.php(173): CodeIgniter\Debug\Exceptions->errorHandler()
#1 /var/www/html/asesiku/app/Views/admin/asesmen.php(62): skema()
#2 /var/www/html/asesiku/system/View/View.php(214): include('/var/www/html/a...')
#3 /var/www/html/asesiku/system/View/View.php(217): CodeIgniter\View\View->CodeIgniter\View\{closure}()
#4 /var/www/html/asesiku/system/Common.php(1092): CodeIgniter\View\View->render()
#5 /var/www/html/asesiku/app/Controllers/Admin.php(122): view()
#6 /var/www/html/asesiku/system/CodeIgniter.php(802): App\Controllers\Admin->asesmen()
#7 /var/www/html/asesiku/system/CodeIgniter.php(399): CodeIgniter\CodeIgniter->runController()
#8 /var/www/html/asesiku/system/CodeIgniter.php(317): CodeIgniter\CodeIgniter->handleRequest()
#9 /var/www/html/asesiku/public/index.php(36): CodeIgniter\CodeIgniter->run()
#10 {main}
CRITICAL - 2022-07-29 23:31:24 --> Trying to access array offset on value of type null
#0 /var/www/html/asesiku/app/Helpers/my_helper.php(173): CodeIgniter\Debug\Exceptions->errorHandler()
#1 /var/www/html/asesiku/app/Views/admin/asesmen.php(62): skema()
#2 /var/www/html/asesiku/system/View/View.php(214): include('/var/www/html/a...')
#3 /var/www/html/asesiku/system/View/View.php(217): CodeIgniter\View\View->CodeIgniter\View\{closure}()
#4 /var/www/html/asesiku/system/Common.php(1092): CodeIgniter\View\View->render()
#5 /var/www/html/asesiku/app/Controllers/Admin.php(122): view()
#6 /var/www/html/asesiku/system/CodeIgniter.php(802): App\Controllers\Admin->asesmen()
#7 /var/www/html/asesiku/system/CodeIgniter.php(399): CodeIgniter\CodeIgniter->runController()
#8 /var/www/html/asesiku/system/CodeIgniter.php(317): CodeIgniter\CodeIgniter->handleRequest()
#9 /var/www/html/asesiku/public/index.php(36): CodeIgniter\CodeIgniter->run()
#10 {main}
CRITICAL - 2022-07-29 23:35:19 --> Trying to access array offset on value of type null
#0 /var/www/html/asesiku/app/Helpers/my_helper.php(173): CodeIgniter\Debug\Exceptions->errorHandler()
#1 /var/www/html/asesiku/app/Views/admin/asesmen.php(62): skema()
#2 /var/www/html/asesiku/system/View/View.php(214): include('/var/www/html/a...')
#3 /var/www/html/asesiku/system/View/View.php(217): CodeIgniter\View\View->CodeIgniter\View\{closure}()
#4 /var/www/html/asesiku/system/Common.php(1092): CodeIgniter\View\View->render()
#5 /var/www/html/asesiku/app/Controllers/Admin.php(122): view()
#6 /var/www/html/asesiku/system/CodeIgniter.php(802): App\Controllers\Admin->asesmen()
#7 /var/www/html/asesiku/system/CodeIgniter.php(399): CodeIgniter\CodeIgniter->runController()
#8 /var/www/html/asesiku/system/CodeIgniter.php(317): CodeIgniter\CodeIgniter->handleRequest()
#9 /var/www/html/asesiku/public/index.php(36): CodeIgniter\CodeIgniter->run()
#10 {main}
