CRITICAL - 2022-06-04 01:15:57 --> Undefined index: kegiatan
#0 /var/www/html/keuangan/app/Views/dashboard/body.php(49): CodeIgniter\Debug\Exceptions->errorHandler()
#1 /var/www/html/keuangan/system/View/View.php(214): include('/var/www/html/k...')
#2 /var/www/html/keuangan/system/View/View.php(217): CodeIgniter\View\View->CodeIgniter\View\{closure}()
#3 /var/www/html/keuangan/system/Common.php(1092): CodeIgniter\View\View->render()
#4 /var/www/html/keuangan/app/Controllers/Dashboard.php(94): view()
#5 /var/www/html/keuangan/system/CodeIgniter.php(802): App\Controllers\Dashboard->index()
#6 /var/www/html/keuangan/system/CodeIgniter.php(399): CodeIgniter\CodeIgniter->runController()
#7 /var/www/html/keuangan/system/CodeIgniter.php(317): CodeIgniter\CodeIgniter->handleRequest()
#8 /var/www/html/keuangan/public/index.php(36): CodeIgniter\CodeIgniter->run()
#9 {main}
CRITICAL - 2022-06-04 01:16:44 --> Undefined index: karyawan
#0 /var/www/html/keuangan/app/Views/dashboard/body.php(49): CodeIgniter\Debug\Exceptions->errorHandler()
#1 /var/www/html/keuangan/system/View/View.php(214): include('/var/www/html/k...')
#2 /var/www/html/keuangan/system/View/View.php(217): CodeIgniter\View\View->CodeIgniter\View\{closure}()
#3 /var/www/html/keuangan/system/Common.php(1092): CodeIgniter\View\View->render()
#4 /var/www/html/keuangan/app/Controllers/Dashboard.php(94): view()
#5 /var/www/html/keuangan/system/CodeIgniter.php(802): App\Controllers\Dashboard->index()
#6 /var/www/html/keuangan/system/CodeIgniter.php(399): CodeIgniter\CodeIgniter->runController()
#7 /var/www/html/keuangan/system/CodeIgniter.php(317): CodeIgniter\CodeIgniter->handleRequest()
#8 /var/www/html/keuangan/public/index.php(36): CodeIgniter\CodeIgniter->run()
#9 {main}
CRITICAL - 2022-06-04 01:36:22 --> Undefined variable: labelkantro
#0 /var/www/html/keuangan/app/Views/dashboard/body.php(208): CodeIgniter\Debug\Exceptions->errorHandler()
#1 /var/www/html/keuangan/system/View/View.php(214): include('/var/www/html/k...')
#2 /var/www/html/keuangan/system/View/View.php(217): CodeIgniter\View\View->CodeIgniter\View\{closure}()
#3 /var/www/html/keuangan/system/Common.php(1092): CodeIgniter\View\View->render()
#4 /var/www/html/keuangan/app/Controllers/Dashboard.php(94): view()
#5 /var/www/html/keuangan/system/CodeIgniter.php(802): App\Controllers\Dashboard->index()
#6 /var/www/html/keuangan/system/CodeIgniter.php(399): CodeIgniter\CodeIgniter->runController()
#7 /var/www/html/keuangan/system/CodeIgniter.php(317): CodeIgniter\CodeIgniter->handleRequest()
#8 /var/www/html/keuangan/public/index.php(36): CodeIgniter\CodeIgniter->run()
#9 {main}
CRITICAL - 2022-06-04 01:51:04 --> Undefined variable: label3
#0 /var/www/html/keuangan/app/Views/dashboard/body.php(466): CodeIgniter\Debug\Exceptions->errorHandler()
#1 /var/www/html/keuangan/system/View/View.php(214): include('/var/www/html/k...')
#2 /var/www/html/keuangan/system/View/View.php(217): CodeIgniter\View\View->CodeIgniter\View\{closure}()
#3 /var/www/html/keuangan/system/Common.php(1092): CodeIgniter\View\View->render()
#4 /var/www/html/keuangan/app/Controllers/Dashboard.php(94): view()
#5 /var/www/html/keuangan/system/CodeIgniter.php(802): App\Controllers\Dashboard->index()
#6 /var/www/html/keuangan/system/CodeIgniter.php(399): CodeIgniter\CodeIgniter->runController()
#7 /var/www/html/keuangan/system/CodeIgniter.php(317): CodeIgniter\CodeIgniter->handleRequest()
#8 /var/www/html/keuangan/public/index.php(36): CodeIgniter\CodeIgniter->run()
#9 {main}
CRITICAL - 2022-06-04 01:52:06 --> Undefined variable: labeldivisi4
#0 /var/www/html/keuangan/app/Views/dashboard/body.php(466): CodeIgniter\Debug\Exceptions->errorHandler()
#1 /var/www/html/keuangan/system/View/View.php(214): include('/var/www/html/k...')
#2 /var/www/html/keuangan/system/View/View.php(217): CodeIgniter\View\View->CodeIgniter\View\{closure}()
#3 /var/www/html/keuangan/system/Common.php(1092): CodeIgniter\View\View->render()
#4 /var/www/html/keuangan/app/Controllers/Dashboard.php(94): view()
#5 /var/www/html/keuangan/system/CodeIgniter.php(802): App\Controllers\Dashboard->index()
#6 /var/www/html/keuangan/system/CodeIgniter.php(399): CodeIgniter\CodeIgniter->runController()
#7 /var/www/html/keuangan/system/CodeIgniter.php(317): CodeIgniter\CodeIgniter->handleRequest()
#8 /var/www/html/keuangan/public/index.php(36): CodeIgniter\CodeIgniter->run()
#9 {main}
CRITICAL - 2022-06-04 01:52:07 --> Undefined variable: labeldivisi4
#0 /var/www/html/keuangan/app/Views/dashboard/body.php(466): CodeIgniter\Debug\Exceptions->errorHandler()
#1 /var/www/html/keuangan/system/View/View.php(214): include('/var/www/html/k...')
#2 /var/www/html/keuangan/system/View/View.php(217): CodeIgniter\View\View->CodeIgniter\View\{closure}()
#3 /var/www/html/keuangan/system/Common.php(1092): CodeIgniter\View\View->render()
#4 /var/www/html/keuangan/app/Controllers/Dashboard.php(94): view()
#5 /var/www/html/keuangan/system/CodeIgniter.php(802): App\Controllers\Dashboard->index()
#6 /var/www/html/keuangan/system/CodeIgniter.php(399): CodeIgniter\CodeIgniter->runController()
#7 /var/www/html/keuangan/system/CodeIgniter.php(317): CodeIgniter\CodeIgniter->handleRequest()
#8 /var/www/html/keuangan/public/index.php(36): CodeIgniter\CodeIgniter->run()
#9 {main}
CRITICAL - 2022-06-04 01:55:29 --> Undefined variable: labeldivisi6
#0 /var/www/html/keuangan/app/Views/dashboard/body.php(572): CodeIgniter\Debug\Exceptions->errorHandler()
#1 /var/www/html/keuangan/system/View/View.php(214): include('/var/www/html/k...')
#2 /var/www/html/keuangan/system/View/View.php(217): CodeIgniter\View\View->CodeIgniter\View\{closure}()
#3 /var/www/html/keuangan/system/Common.php(1092): CodeIgniter\View\View->render()
#4 /var/www/html/keuangan/app/Controllers/Dashboard.php(94): view()
#5 /var/www/html/keuangan/system/CodeIgniter.php(802): App\Controllers\Dashboard->index()
#6 /var/www/html/keuangan/system/CodeIgniter.php(399): CodeIgniter\CodeIgniter->runController()
#7 /var/www/html/keuangan/system/CodeIgniter.php(317): CodeIgniter\CodeIgniter->handleRequest()
#8 /var/www/html/keuangan/public/index.php(36): CodeIgniter\CodeIgniter->run()
#9 {main}
CRITICAL - 2022-06-04 01:55:31 --> Undefined variable: labeldivisi6
#0 /var/www/html/keuangan/app/Views/dashboard/body.php(572): CodeIgniter\Debug\Exceptions->errorHandler()
#1 /var/www/html/keuangan/system/View/View.php(214): include('/var/www/html/k...')
#2 /var/www/html/keuangan/system/View/View.php(217): CodeIgniter\View\View->CodeIgniter\View\{closure}()
#3 /var/www/html/keuangan/system/Common.php(1092): CodeIgniter\View\View->render()
#4 /var/www/html/keuangan/app/Controllers/Dashboard.php(94): view()
#5 /var/www/html/keuangan/system/CodeIgniter.php(802): App\Controllers\Dashboard->index()
#6 /var/www/html/keuangan/system/CodeIgniter.php(399): CodeIgniter\CodeIgniter->runController()
#7 /var/www/html/keuangan/system/CodeIgniter.php(317): CodeIgniter\CodeIgniter->handleRequest()
#8 /var/www/html/keuangan/public/index.php(36): CodeIgniter\CodeIgniter->run()
#9 {main}
CRITICAL - 2022-06-04 16:08:09 --> Invalid file: index.php
#0 /var/www/html/keuangan/system/View/View.php(198): CodeIgniter\Exceptions\FrameworkException::forInvalidFile()
#1 /var/www/html/keuangan/system/Common.php(1092): CodeIgniter\View\View->render()
#2 /var/www/html/keuangan/app/Controllers/Laporan.php(28): view()
#3 /var/www/html/keuangan/system/CodeIgniter.php(802): App\Controllers\Laporan->importFile()
#4 /var/www/html/keuangan/system/CodeIgniter.php(399): CodeIgniter\CodeIgniter->runController()
#5 /var/www/html/keuangan/system/CodeIgniter.php(317): CodeIgniter\CodeIgniter->handleRequest()
#6 /var/www/html/keuangan/public/index.php(36): CodeIgniter\CodeIgniter->run()
#7 {main}
CRITICAL - 2022-06-04 16:13:24 --> Undefined variable: labeldivisi5
#0 /var/www/html/keuangan/app/Views/dashboard/body.php(534): CodeIgniter\Debug\Exceptions->errorHandler()
#1 /var/www/html/keuangan/system/View/View.php(214): include('/var/www/html/k...')
#2 /var/www/html/keuangan/system/View/View.php(217): CodeIgniter\View\View->CodeIgniter\View\{closure}()
#3 /var/www/html/keuangan/system/Common.php(1092): CodeIgniter\View\View->render()
#4 /var/www/html/keuangan/app/Controllers/Dashboard.php(94): view()
#5 /var/www/html/keuangan/system/CodeIgniter.php(802): App\Controllers\Dashboard->index()
#6 /var/www/html/keuangan/system/CodeIgniter.php(399): CodeIgniter\CodeIgniter->runController()
#7 /var/www/html/keuangan/system/CodeIgniter.php(317): CodeIgniter\CodeIgniter->handleRequest()
#8 /var/www/html/keuangan/public/index.php(36): CodeIgniter\CodeIgniter->run()
#9 {main}
CRITICAL - 2022-06-04 16:13:36 --> Undefined variable: labeldivisi5
#0 /var/www/html/keuangan/app/Views/dashboard/body.php(534): CodeIgniter\Debug\Exceptions->errorHandler()
#1 /var/www/html/keuangan/system/View/View.php(214): include('/var/www/html/k...')
#2 /var/www/html/keuangan/system/View/View.php(217): CodeIgniter\View\View->CodeIgniter\View\{closure}()
#3 /var/www/html/keuangan/system/Common.php(1092): CodeIgniter\View\View->render()
#4 /var/www/html/keuangan/app/Controllers/Dashboard.php(94): view()
#5 /var/www/html/keuangan/system/CodeIgniter.php(802): App\Controllers\Dashboard->index()
#6 /var/www/html/keuangan/system/CodeIgniter.php(399): CodeIgniter\CodeIgniter->runController()
#7 /var/www/html/keuangan/system/CodeIgniter.php(317): CodeIgniter\CodeIgniter->handleRequest()
#8 /var/www/html/keuangan/public/index.php(36): CodeIgniter\CodeIgniter->run()
#9 {main}
CRITICAL - 2022-06-04 16:16:35 --> Undefined variable: labeldivisi5
#0 /var/www/html/keuangan/app/Views/dashboard/body.php(534): CodeIgniter\Debug\Exceptions->errorHandler()
#1 /var/www/html/keuangan/system/View/View.php(214): include('/var/www/html/k...')
#2 /var/www/html/keuangan/system/View/View.php(217): CodeIgniter\View\View->CodeIgniter\View\{closure}()
#3 /var/www/html/keuangan/system/Common.php(1092): CodeIgniter\View\View->render()
#4 /var/www/html/keuangan/app/Controllers/Dashboard.php(94): view()
#5 /var/www/html/keuangan/system/CodeIgniter.php(802): App\Controllers\Dashboard->index()
#6 /var/www/html/keuangan/system/CodeIgniter.php(399): CodeIgniter\CodeIgniter->runController()
#7 /var/www/html/keuangan/system/CodeIgniter.php(317): CodeIgniter\CodeIgniter->handleRequest()
#8 /var/www/html/keuangan/public/index.php(36): CodeIgniter\CodeIgniter->run()
#9 {main}
CRITICAL - 2022-06-04 16:21:31 --> Undefined variable: labeldivisi5
#0 /var/www/html/keuangan/app/Views/dashboard/body.php(534): CodeIgniter\Debug\Exceptions->errorHandler()
#1 /var/www/html/keuangan/system/View/View.php(214): include('/var/www/html/k...')
#2 /var/www/html/keuangan/system/View/View.php(217): CodeIgniter\View\View->CodeIgniter\View\{closure}()
#3 /var/www/html/keuangan/system/Common.php(1092): CodeIgniter\View\View->render()
#4 /var/www/html/keuangan/app/Controllers/Dashboard.php(94): view()
#5 /var/www/html/keuangan/system/CodeIgniter.php(802): App\Controllers\Dashboard->index()
#6 /var/www/html/keuangan/system/CodeIgniter.php(399): CodeIgniter\CodeIgniter->runController()
#7 /var/www/html/keuangan/system/CodeIgniter.php(317): CodeIgniter\CodeIgniter->handleRequest()
#8 /var/www/html/keuangan/public/index.php(36): CodeIgniter\CodeIgniter->run()
#9 {main}
CRITICAL - 2022-06-04 16:43:43 --> Undefined variable: labeldivisi5
#0 /var/www/html/keuangan/app/Views/dashboard/body.php(534): CodeIgniter\Debug\Exceptions->errorHandler()
#1 /var/www/html/keuangan/system/View/View.php(214): include('/var/www/html/k...')
#2 /var/www/html/keuangan/system/View/View.php(217): CodeIgniter\View\View->CodeIgniter\View\{closure}()
#3 /var/www/html/keuangan/system/Common.php(1092): CodeIgniter\View\View->render()
#4 /var/www/html/keuangan/app/Controllers/Dashboard.php(94): view()
#5 /var/www/html/keuangan/system/CodeIgniter.php(802): App\Controllers\Dashboard->index()
#6 /var/www/html/keuangan/system/CodeIgniter.php(399): CodeIgniter\CodeIgniter->runController()
#7 /var/www/html/keuangan/system/CodeIgniter.php(317): CodeIgniter\CodeIgniter->handleRequest()
#8 /var/www/html/keuangan/public/index.php(36): CodeIgniter\CodeIgniter->run()
#9 {main}
CRITICAL - 2022-06-04 16:46:15 --> insertBatch() called with no data
#0 /var/www/html/keuangan/app/Controllers/Laporan.php(58): CodeIgniter\Database\BaseBuilder->insertBatch()
#1 /var/www/html/keuangan/system/CodeIgniter.php(802): App\Controllers\Laporan->importFile()
#2 /var/www/html/keuangan/system/CodeIgniter.php(399): CodeIgniter\CodeIgniter->runController()
#3 /var/www/html/keuangan/system/CodeIgniter.php(317): CodeIgniter\CodeIgniter->handleRequest()
#4 /var/www/html/keuangan/public/index.php(36): CodeIgniter\CodeIgniter->run()
#5 {main}
CRITICAL - 2022-06-04 16:50:42 --> Undefined variable: labeldivisi5
#0 /var/www/html/keuangan/app/Views/dashboard/body.php(534): CodeIgniter\Debug\Exceptions->errorHandler()
#1 /var/www/html/keuangan/system/View/View.php(214): include('/var/www/html/k...')
#2 /var/www/html/keuangan/system/View/View.php(217): CodeIgniter\View\View->CodeIgniter\View\{closure}()
#3 /var/www/html/keuangan/system/Common.php(1092): CodeIgniter\View\View->render()
#4 /var/www/html/keuangan/app/Controllers/Dashboard.php(94): view()
#5 /var/www/html/keuangan/system/CodeIgniter.php(802): App\Controllers\Dashboard->index()
#6 /var/www/html/keuangan/system/CodeIgniter.php(399): CodeIgniter\CodeIgniter->runController()
#7 /var/www/html/keuangan/system/CodeIgniter.php(317): CodeIgniter\CodeIgniter->handleRequest()
#8 /var/www/html/keuangan/public/index.php(36): CodeIgniter\CodeIgniter->run()
#9 {main}
CRITICAL - 2022-06-04 16:59:19 --> Undefined variable: labeldivisi5
#0 /var/www/html/keuangan/app/Views/dashboard/body.php(534): CodeIgniter\Debug\Exceptions->errorHandler()
#1 /var/www/html/keuangan/system/View/View.php(214): include('/var/www/html/k...')
#2 /var/www/html/keuangan/system/View/View.php(217): CodeIgniter\View\View->CodeIgniter\View\{closure}()
#3 /var/www/html/keuangan/system/Common.php(1092): CodeIgniter\View\View->render()
#4 /var/www/html/keuangan/app/Controllers/Dashboard.php(94): view()
#5 /var/www/html/keuangan/system/CodeIgniter.php(802): App\Controllers\Dashboard->index()
#6 /var/www/html/keuangan/system/CodeIgniter.php(399): CodeIgniter\CodeIgniter->runController()
#7 /var/www/html/keuangan/system/CodeIgniter.php(317): CodeIgniter\CodeIgniter->handleRequest()
#8 /var/www/html/keuangan/public/index.php(36): CodeIgniter\CodeIgniter->run()
#9 {main}
CRITICAL - 2022-06-04 17:03:19 --> Undefined variable: label6
#0 /var/www/html/keuangan/app/Views/dashboard/body.php(575): CodeIgniter\Debug\Exceptions->errorHandler()
#1 /var/www/html/keuangan/system/View/View.php(214): include('/var/www/html/k...')
#2 /var/www/html/keuangan/system/View/View.php(217): CodeIgniter\View\View->CodeIgniter\View\{closure}()
#3 /var/www/html/keuangan/system/Common.php(1092): CodeIgniter\View\View->render()
#4 /var/www/html/keuangan/app/Controllers/Dashboard.php(94): view()
#5 /var/www/html/keuangan/system/CodeIgniter.php(802): App\Controllers\Dashboard->index()
#6 /var/www/html/keuangan/system/CodeIgniter.php(399): CodeIgniter\CodeIgniter->runController()
#7 /var/www/html/keuangan/system/CodeIgniter.php(317): CodeIgniter\CodeIgniter->handleRequest()
#8 /var/www/html/keuangan/public/index.php(36): CodeIgniter\CodeIgniter->run()
#9 {main}
CRITICAL - 2022-06-04 17:15:24 --> Invalid file: index.php
#0 /var/www/html/keuangan/system/View/View.php(198): CodeIgniter\Exceptions\FrameworkException::forInvalidFile()
#1 /var/www/html/keuangan/system/Common.php(1092): CodeIgniter\View\View->render()
#2 /var/www/html/keuangan/app/Controllers/Laporan.php(28): view()
#3 /var/www/html/keuangan/system/CodeIgniter.php(802): App\Controllers\Laporan->importFile()
#4 /var/www/html/keuangan/system/CodeIgniter.php(399): CodeIgniter\CodeIgniter->runController()
#5 /var/www/html/keuangan/system/CodeIgniter.php(317): CodeIgniter\CodeIgniter->handleRequest()
#6 /var/www/html/keuangan/public/index.php(36): CodeIgniter\CodeIgniter->run()
#7 {main}
